[ 2017-08-17T16:35:21+08:00 ] 127.0.0.1 www.jetbrains.com:443
INFO: [ app_init ] --START--
INFO: Run Behavior\BuildLiteBehavior [ RunTime:0.000039s ]
INFO: [ app_init ] --END-- [ RunTime:0.000880s ]
INFO: [ app_begin ] --START--
INFO: Run Behavior\ReadHtmlCacheBehavior [ RunTime:0.001272s ]
INFO: [ app_begin ] --END-- [ RunTime:0.001459s ]
INFO: [ view_parse ] --START--
INFO: [ template_filter ] --START--
INFO: Run Behavior\ContentReplaceBehavior [ RunTime:0.000142s ]
INFO: [ template_filter ] --END-- [ RunTime:0.000316s ]
NOTIC: [8] Undefined variable: error D:\PHP\hy\Application\Runtime\Cache\Home\2a94b8bda04ff446dcedd42276fc99ee.php 第 63 行.
INFO: Run Behavior\ParseTemplateBehavior [ RunTime:0.011070s ]
INFO: [ view_parse ] --END-- [ RunTime:0.011234s ]
INFO: [ view_filter ] --START--
INFO: Run Behavior\WriteHtmlCacheBehavior [ RunTime:0.000917s ]
INFO: Run Behavior\TokenBuildBehavior [ RunTime:0.001116s ]
INFO: [ view_filter ] --END-- [ RunTime:0.002297s ]
INFO: [ app_end ] --START--
INFO: Run Behavior\ShowPageTraceBehavior [ RunTime:0.001174s ]
INFO: [ app_end ] --END-- [ RunTime:0.001342s ]

[ 2017-08-17T16:35:40+08:00 ] 127.0.0.1 plugins.jetbrains.com:443
INFO: [ app_init ] --START--
INFO: Run Behavior\BuildLiteBehavior [ RunTime:0.000037s ]
INFO: [ app_init ] --END-- [ RunTime:0.000821s ]
INFO: [ app_begin ] --START--
INFO: Run Behavior\ReadHtmlCacheBehavior [ RunTime:0.001017s ]
INFO: [ app_begin ] --END-- [ RunTime:0.001250s ]
INFO: [ view_parse ] --START--
INFO: [ template_filter ] --START--
INFO: Run Behavior\ContentReplaceBehavior [ RunTime:0.000135s ]
INFO: [ template_filter ] --END-- [ RunTime:0.000301s ]
NOTIC: [8] Undefined variable: error D:\PHP\hy\Application\Runtime\Cache\Home\2a94b8bda04ff446dcedd42276fc99ee.php 第 63 行.
INFO: Run Behavior\ParseTemplateBehavior [ RunTime:0.010500s ]
INFO: [ view_parse ] --END-- [ RunTime:0.010674s ]
INFO: [ view_filter ] --START--
INFO: Run Behavior\WriteHtmlCacheBehavior [ RunTime:0.002258s ]
INFO: Run Behavior\TokenBuildBehavior [ RunTime:0.013425s ]
INFO: [ view_filter ] --END-- [ RunTime:0.015956s ]
INFO: [ app_end ] --START--
INFO: Run Behavior\ShowPageTraceBehavior [ RunTime:0.004767s ]
INFO: [ app_end ] --END-- [ RunTime:0.004943s ]

[ 2017-08-17T16:35:58+08:00 ] 192.168.1.102 /
INFO: [ app_init ] --START--
INFO: Run Behavior\BuildLiteBehavior [ RunTime:0.000022s ]
INFO: [ app_init ] --END-- [ RunTime:0.000505s ]
INFO: [ app_begin ] --START--
INFO: Run Behavior\ReadHtmlCacheBehavior [ RunTime:0.000768s ]
INFO: [ app_begin ] --END-- [ RunTime:0.000897s ]
INFO: [ view_parse ] --START--
INFO: [ template_filter ] --START--
INFO: Run Behavior\ContentReplaceBehavior [ RunTime:0.000084s ]
INFO: [ template_filter ] --END-- [ RunTime:0.000191s ]
NOTIC: [8] Undefined variable: error D:\PHP\hy\Application\Runtime\Cache\Home\2a94b8bda04ff446dcedd42276fc99ee.php 第 63 行.
INFO: Run Behavior\ParseTemplateBehavior [ RunTime:0.008334s ]
INFO: [ view_parse ] --END-- [ RunTime:0.008435s ]
INFO: [ view_filter ] --START--
INFO: Run Behavior\WriteHtmlCacheBehavior [ RunTime:0.000711s ]
INFO: Run Behavior\TokenBuildBehavior [ RunTime:0.000702s ]
INFO: [ view_filter ] --END-- [ RunTime:0.001608s ]
INFO: [ app_end ] --START--
INFO: Run Behavior\ShowPageTraceBehavior [ RunTime:0.000629s ]
INFO: [ app_end ] --END-- [ RunTime:0.000722s ]

[ 2017-08-17T16:36:24+08:00 ] 192.168.1.102 /
INFO: [ app_init ] --START--
INFO: Run Behavior\BuildLiteBehavior [ RunTime:0.000022s ]
INFO: [ app_init ] --END-- [ RunTime:0.000481s ]
INFO: [ app_begin ] --START--
INFO: Run Behavior\ReadHtmlCacheBehavior [ RunTime:0.000704s ]
INFO: [ app_begin ] --END-- [ RunTime:0.000850s ]
INFO: [ view_parse ] --START--
INFO: [ template_filter ] --START--
INFO: Run Behavior\ContentReplaceBehavior [ RunTime:0.000140s ]
INFO: [ template_filter ] --END-- [ RunTime:0.000328s ]
NOTIC: [8] Undefined variable: error D:\PHP\hy\Application\Runtime\Cache\Home\2a94b8bda04ff446dcedd42276fc99ee.php 第 63 行.
INFO: Run Behavior\ParseTemplateBehavior [ RunTime:0.009577s ]
INFO: [ view_parse ] --END-- [ RunTime:0.009750s ]
INFO: [ view_filter ] --START--
INFO: Run Behavior\WriteHtmlCacheBehavior [ RunTime:0.000508s ]
INFO: Run Behavior\TokenBuildBehavior [ RunTime:0.000675s ]
INFO: [ view_filter ] --END-- [ RunTime:0.001452s ]
INFO: [ app_end ] --START--
INFO: Run Behavior\ShowPageTraceBehavior [ RunTime:0.000577s ]
INFO: [ app_end ] --END-- [ RunTime:0.000675s ]

[ 2017-08-17T16:36:29+08:00 ] 192.168.1.102 /
INFO: [ app_init ] --START--
INFO: Run Behavior\BuildLiteBehavior [ RunTime:0.000037s ]
INFO: [ app_init ] --END-- [ RunTime:0.000771s ]
INFO: [ app_begin ] --START--
INFO: Run Behavior\ReadHtmlCacheBehavior [ RunTime:0.000891s ]
INFO: [ app_begin ] --END-- [ RunTime:0.001063s ]
INFO: [ view_parse ] --START--
INFO: [ template_filter ] --START--
INFO: Run Behavior\ContentReplaceBehavior [ RunTime:0.000137s ]
INFO: [ template_filter ] --END-- [ RunTime:0.000310s ]
NOTIC: [8] Undefined variable: error D:\PHP\hy\Application\Runtime\Cache\Home\2a94b8bda04ff446dcedd42276fc99ee.php 第 63 行.
INFO: Run Behavior\ParseTemplateBehavior [ RunTime:0.008722s ]
INFO: [ view_parse ] --END-- [ RunTime:0.008870s ]
INFO: [ view_filter ] --START--
INFO: Run Behavior\WriteHtmlCacheBehavior [ RunTime:0.001361s ]
INFO: Run Behavior\TokenBuildBehavior [ RunTime:0.000797s ]
INFO: [ view_filter ] --END-- [ RunTime:0.002548s ]
INFO: [ app_end ] --START--
INFO: Run Behavior\ShowPageTraceBehavior [ RunTime:0.000818s ]
INFO: [ app_end ] --END-- [ RunTime:0.001014s ]

[ 2017-08-17T16:36:36+08:00 ] 192.168.1.102 /
INFO: [ app_init ] --START--
INFO: Run Behavior\BuildLiteBehavior [ RunTime:0.000024s ]
INFO: [ app_init ] --END-- [ RunTime:0.000464s ]
INFO: [ app_begin ] --START--
INFO: Run Behavior\ReadHtmlCacheBehavior [ RunTime:0.000458s ]
INFO: [ app_begin ] --END-- [ RunTime:0.000559s ]
INFO: [ view_parse ] --START--
INFO: [ template_filter ] --START--
INFO: Run Behavior\ContentReplaceBehavior [ RunTime:0.000087s ]
INFO: [ template_filter ] --END-- [ RunTime:0.000192s ]
NOTIC: [8] Undefined variable: error D:\PHP\hy\Application\Runtime\Cache\Home\2a94b8bda04ff446dcedd42276fc99ee.php 第 63 行.
INFO: Run Behavior\ParseTemplateBehavior [ RunTime:0.005904s ]
INFO: [ view_parse ] --END-- [ RunTime:0.006183s ]
INFO: [ view_filter ] --START--
INFO: Run Behavior\WriteHtmlCacheBehavior [ RunTime:0.000866s ]
INFO: Run Behavior\TokenBuildBehavior [ RunTime:0.000804s ]
INFO: [ view_filter ] --END-- [ RunTime:0.002025s ]
INFO: [ app_end ] --START--
INFO: Run Behavior\ShowPageTraceBehavior [ RunTime:0.000796s ]
INFO: [ app_end ] --END-- [ RunTime:0.000941s ]

[ 2017-08-17T16:36:37+08:00 ] 192.168.1.102 /
INFO: [ app_init ] --START--
INFO: Run Behavior\BuildLiteBehavior [ RunTime:0.000023s ]
INFO: [ app_init ] --END-- [ RunTime:0.000513s ]
INFO: [ app_begin ] --START--
INFO: Run Behavior\ReadHtmlCacheBehavior [ RunTime:0.000675s ]
INFO: [ app_begin ] --END-- [ RunTime:0.000851s ]
INFO: [ view_parse ] --START--
INFO: [ template_filter ] --START--
INFO: Run Behavior\ContentReplaceBehavior [ RunTime:0.000084s ]
INFO: [ template_filter ] --END-- [ RunTime:0.000184s ]
NOTIC: [8] Undefined variable: error D:\PHP\hy\Application\Runtime\Cache\Home\2a94b8bda04ff446dcedd42276fc99ee.php 第 63 行.
INFO: Run Behavior\ParseTemplateBehavior [ RunTime:0.006847s ]
INFO: [ view_parse ] --END-- [ RunTime:0.007017s ]
INFO: [ view_filter ] --START--
INFO: Run Behavior\WriteHtmlCacheBehavior [ RunTime:0.000417s ]
INFO: Run Behavior\TokenBuildBehavior [ RunTime:0.000493s ]
INFO: [ view_filter ] --END-- [ RunTime:0.001169s ]
INFO: [ app_end ] --START--
INFO: Run Behavior\ShowPageTraceBehavior [ RunTime:0.000945s ]
INFO: [ app_end ] --END-- [ RunTime:0.001126s ]

[ 2017-08-17T16:36:57+08:00 ] 192.168.1.102 /
INFO: [ app_init ] --START--
INFO: Run Behavior\BuildLiteBehavior [ RunTime:0.000026s ]
INFO: [ app_init ] --END-- [ RunTime:0.000922s ]
INFO: [ app_begin ] --START--
INFO: Run Behavior\ReadHtmlCacheBehavior [ RunTime:0.000615s ]
INFO: [ app_begin ] --END-- [ RunTime:0.000720s ]
INFO: [ view_parse ] --START--
INFO: [ template_filter ] --START--
INFO: Run Behavior\ContentReplaceBehavior [ RunTime:0.000085s ]
INFO: [ template_filter ] --END-- [ RunTime:0.000182s ]
NOTIC: [8] Undefined variable: error D:\PHP\hy\Application\Runtime\Cache\Home\2a94b8bda04ff446dcedd42276fc99ee.php 第 63 行.
INFO: Run Behavior\ParseTemplateBehavior [ RunTime:0.005878s ]
INFO: [ view_parse ] --END-- [ RunTime:0.005978s ]
INFO: [ view_filter ] --START--
INFO: Run Behavior\WriteHtmlCacheBehavior [ RunTime:0.000443s ]
INFO: Run Behavior\TokenBuildBehavior [ RunTime:0.000527s ]
INFO: [ view_filter ] --END-- [ RunTime:0.001133s ]
INFO: [ app_end ] --START--
INFO: Run Behavior\ShowPageTraceBehavior [ RunTime:0.000577s ]
INFO: [ app_end ] --END-- [ RunTime:0.000705s ]

[ 2017-08-17T16:37:24+08:00 ] 192.168.1.102 /
INFO: [ app_init ] --START--
INFO: Run Behavior\BuildLiteBehavior [ RunTime:0.000037s ]
INFO: [ app_init ] --END-- [ RunTime:0.000673s ]
INFO: [ app_begin ] --START--
INFO: Run Behavior\ReadHtmlCacheBehavior [ RunTime:0.000798s ]
INFO: [ app_begin ] --END-- [ RunTime:0.000939s ]
INFO: [ view_parse ] --START--
INFO: [ template_filter ] --START--
INFO: Run Behavior\ContentReplaceBehavior [ RunTime:0.000125s ]
INFO: [ template_filter ] --END-- [ RunTime:0.000263s ]
NOTIC: [8] Undefined variable: error D:\PHP\hy\Application\Runtime\Cache\Home\2a94b8bda04ff446dcedd42276fc99ee.php 第 63 行.
INFO: Run Behavior\ParseTemplateBehavior [ RunTime:0.009911s ]
INFO: [ view_parse ] --END-- [ RunTime:0.010089s ]
INFO: [ view_filter ] --START--
INFO: Run Behavior\WriteHtmlCacheBehavior [ RunTime:0.000496s ]
INFO: Run Behavior\TokenBuildBehavior [ RunTime:0.000560s ]
INFO: [ view_filter ] --END-- [ RunTime:0.001301s ]
INFO: [ app_end ] --START--
INFO: Run Behavior\ShowPageTraceBehavior [ RunTime:0.000719s ]
INFO: [ app_end ] --END-- [ RunTime:0.000880s ]

[ 2017-08-17T16:37:25+08:00 ] 192.168.1.102 /
INFO: [ app_init ] --START--
INFO: Run Behavior\BuildLiteBehavior [ RunTime:0.000024s ]
INFO: [ app_init ] --END-- [ RunTime:0.000509s ]
INFO: [ app_begin ] --START--
INFO: Run Behavior\ReadHtmlCacheBehavior [ RunTime:0.000688s ]
INFO: [ app_begin ] --END-- [ RunTime:0.000838s ]
INFO: [ view_parse ] --START--
INFO: [ template_filter ] --START--
INFO: Run Behavior\ContentReplaceBehavior [ RunTime:0.000085s ]
INFO: [ template_filter ] --END-- [ RunTime:0.000205s ]
NOTIC: [8] Undefined variable: error D:\PHP\hy\Application\Runtime\Cache\Home\2a94b8bda04ff446dcedd42276fc99ee.php 第 63 行.
INFO: Run Behavior\ParseTemplateBehavior [ RunTime:0.007370s ]
INFO: [ view_parse ] --END-- [ RunTime:0.007540s ]
INFO: [ view_filter ] --START--
INFO: Run Behavior\WriteHtmlCacheBehavior [ RunTime:0.000467s ]
INFO: Run Behavior\TokenBuildBehavior [ RunTime:0.000487s ]
INFO: [ view_filter ] --END-- [ RunTime:0.001200s ]
INFO: [ app_end ] --START--
INFO: Run Behavior\ShowPageTraceBehavior [ RunTime:0.000657s ]
INFO: [ app_end ] --END-- [ RunTime:0.000814s ]

[ 2017-08-17T16:37:28+08:00 ] 192.168.1.102 /
INFO: [ app_init ] --START--
INFO: Run Behavior\BuildLiteBehavior [ RunTime:0.000033s ]
INFO: [ app_init ] --END-- [ RunTime:0.000531s ]
INFO: [ app_begin ] --START--
INFO: Run Behavior\ReadHtmlCacheBehavior [ RunTime:0.000459s ]
INFO: [ app_begin ] --END-- [ RunTime:0.000653s ]
INFO: [ view_parse ] --START--
INFO: [ template_filter ] --START--
INFO: Run Behavior\ContentReplaceBehavior [ RunTime:0.000122s ]
INFO: [ template_filter ] --END-- [ RunTime:0.000284s ]
NOTIC: [8] Undefined variable: error D:\PHP\hy\Application\Runtime\Cache\Home\2a94b8bda04ff446dcedd42276fc99ee.php 第 63 行.
INFO: Run Behavior\ParseTemplateBehavior [ RunTime:0.007957s ]
INFO: [ view_parse ] --END-- [ RunTime:0.008055s ]
INFO: [ view_filter ] --START--
INFO: Run Behavior\WriteHtmlCacheBehavior [ RunTime:0.000342s ]
INFO: Run Behavior\TokenBuildBehavior [ RunTime:0.000370s ]
INFO: [ view_filter ] --END-- [ RunTime:0.000879s ]
INFO: [ app_end ] --START--
INFO: Run Behavior\ShowPageTraceBehavior [ RunTime:0.000672s ]
INFO: [ app_end ] --END-- [ RunTime:0.000813s ]

[ 2017-08-17T16:37:29+08:00 ] 192.168.1.102 /
INFO: [ app_init ] --START--
INFO: Run Behavior\BuildLiteBehavior [ RunTime:0.000037s ]
INFO: [ app_init ] --END-- [ RunTime:0.000632s ]
INFO: [ app_begin ] --START--
INFO: Run Behavior\ReadHtmlCacheBehavior [ RunTime:0.000459s ]
INFO: [ app_begin ] --END-- [ RunTime:0.000563s ]
INFO: [ view_parse ] --START--
INFO: [ template_filter ] --START--
INFO: Run Behavior\ContentReplaceBehavior [ RunTime:0.000090s ]
INFO: [ template_filter ] --END-- [ RunTime:0.000197s ]
NOTIC: [8] Undefined variable: error D:\PHP\hy\Application\Runtime\Cache\Home\2a94b8bda04ff446dcedd42276fc99ee.php 第 63 行.
INFO: Run Behavior\ParseTemplateBehavior [ RunTime:0.005919s ]
INFO: [ view_parse ] --END-- [ RunTime:0.006027s ]
INFO: [ view_filter ] --START--
INFO: Run Behavior\WriteHtmlCacheBehavior [ RunTime:0.000344s ]
INFO: Run Behavior\TokenBuildBehavior [ RunTime:0.000462s ]
INFO: [ view_filter ] --END-- [ RunTime:0.000966s ]
INFO: [ app_end ] --START--
INFO: Run Behavior\ShowPageTraceBehavior [ RunTime:0.000521s ]
INFO: [ app_end ] --END-- [ RunTime:0.000639s ]

[ 2017-08-17T16:37:29+08:00 ] 192.168.1.102 /
INFO: [ app_init ] --START--
INFO: Run Behavior\BuildLiteBehavior [ RunTime:0.000062s ]
INFO: [ app_init ] --END-- [ RunTime:0.000617s ]
INFO: [ app_begin ] --START--
INFO: Run Behavior\ReadHtmlCacheBehavior [ RunTime:0.000481s ]
INFO: [ app_begin ] --END-- [ RunTime:0.000668s ]
INFO: [ view_parse ] --START--
INFO: [ template_filter ] --START--
INFO: Run Behavior\ContentReplaceBehavior [ RunTime:0.000084s ]
INFO: [ template_filter ] --END-- [ RunTime:0.000186s ]
NOTIC: [8] Undefined variable: error D:\PHP\hy\Application\Runtime\Cache\Home\2a94b8bda04ff446dcedd42276fc99ee.php 第 63 行.
INFO: Run Behavior\ParseTemplateBehavior [ RunTime:0.005870s ]
INFO: [ view_parse ] --END-- [ RunTime:0.006018s ]
INFO: [ view_filter ] --START--
INFO: Run Behavior\WriteHtmlCacheBehavior [ RunTime:0.000727s ]
INFO: Run Behavior\TokenBuildBehavior [ RunTime:0.000634s ]
INFO: [ view_filter ] --END-- [ RunTime:0.001689s ]
INFO: [ app_end ] --START--
INFO: Run Behavior\ShowPageTraceBehavior [ RunTime:0.000515s ]
INFO: [ app_end ] --END-- [ RunTime:0.000608s ]

[ 2017-08-17T16:37:29+08:00 ] 192.168.1.102 /
INFO: [ app_init ] --START--
INFO: Run Behavior\BuildLiteBehavior [ RunTime:0.000020s ]
INFO: [ app_init ] --END-- [ RunTime:0.000432s ]
INFO: [ app_begin ] --START--
INFO: Run Behavior\ReadHtmlCacheBehavior [ RunTime:0.001554s ]
INFO: [ app_begin ] --END-- [ RunTime:0.002014s ]
INFO: [ view_parse ] --START--
INFO: [ template_filter ] --START--
INFO: Run Behavior\ContentReplaceBehavior [ RunTime:0.000088s ]
INFO: [ template_filter ] --END-- [ RunTime:0.000205s ]
NOTIC: [8] Undefined variable: error D:\PHP\hy\Application\Runtime\Cache\Home\2a94b8bda04ff446dcedd42276fc99ee.php 第 63 行.
INFO: Run Behavior\ParseTemplateBehavior [ RunTime:0.005384s ]
INFO: [ view_parse ] --END-- [ RunTime:0.005483s ]
INFO: [ view_filter ] --START--
INFO: Run Behavior\WriteHtmlCacheBehavior [ RunTime:0.000287s ]
INFO: Run Behavior\TokenBuildBehavior [ RunTime:0.000349s ]
INFO: [ view_filter ] --END-- [ RunTime:0.000778s ]
INFO: [ app_end ] --START--
INFO: Run Behavior\ShowPageTraceBehavior [ RunTime:0.000450s ]
INFO: [ app_end ] --END-- [ RunTime:0.000543s ]

[ 2017-08-17T16:37:29+08:00 ] 192.168.1.102 /
INFO: [ app_init ] --START--
INFO: Run Behavior\BuildLiteBehavior [ RunTime:0.000036s ]
INFO: [ app_init ] --END-- [ RunTime:0.000832s ]
INFO: [ app_begin ] --START--
INFO: Run Behavior\ReadHtmlCacheBehavior [ RunTime:0.000706s ]
INFO: [ app_begin ] --END-- [ RunTime:0.001006s ]
INFO: [ view_parse ] --START--
INFO: [ template_filter ] --START--
INFO: Run Behavior\ContentReplaceBehavior [ RunTime:0.000084s ]
INFO: [ template_filter ] --END-- [ RunTime:0.000183s ]
NOTIC: [8] Undefined variable: error D:\PHP\hy\Application\Runtime\Cache\Home\2a94b8bda04ff446dcedd42276fc99ee.php 第 63 行.
INFO: Run Behavior\ParseTemplateBehavior [ RunTime:0.005353s ]
INFO: [ view_parse ] --END-- [ RunTime:0.005451s ]
INFO: [ view_filter ] --START--
INFO: Run Behavior\WriteHtmlCacheBehavior [ RunTime:0.000291s ]
INFO: Run Behavior\TokenBuildBehavior [ RunTime:0.000327s ]
INFO: [ view_filter ] --END-- [ RunTime:0.000761s ]
INFO: [ app_end ] --START--
INFO: Run Behavior\ShowPageTraceBehavior [ RunTime:0.000439s ]
INFO: [ app_end ] --END-- [ RunTime:0.000530s ]

[ 2017-08-17T16:37:34+08:00 ] 192.168.1.102 /
INFO: [ app_init ] --START--
INFO: Run Behavior\BuildLiteBehavior [ RunTime:0.000041s ]
INFO: [ app_init ] --END-- [ RunTime:0.000826s ]
INFO: [ app_begin ] --START--
INFO: Run Behavior\ReadHtmlCacheBehavior [ RunTime:0.000896s ]
INFO: [ app_begin ] --END-- [ RunTime:0.001081s ]
INFO: [ view_parse ] --START--
INFO: [ template_filter ] --START--
INFO: Run Behavior\ContentReplaceBehavior [ RunTime:0.000103s ]
INFO: [ template_filter ] --END-- [ RunTime:0.000213s ]
NOTIC: [8] Undefined variable: error D:\PHP\hy\Application\Runtime\Cache\Home\2a94b8bda04ff446dcedd42276fc99ee.php 第 63 行.
INFO: Run Behavior\ParseTemplateBehavior [ RunTime:0.006055s ]
INFO: [ view_parse ] --END-- [ RunTime:0.006157s ]
INFO: [ view_filter ] --START--
INFO: Run Behavior\WriteHtmlCacheBehavior [ RunTime:0.000302s ]
INFO: Run Behavior\TokenBuildBehavior [ RunTime:0.000358s ]
INFO: [ view_filter ] --END-- [ RunTime:0.000802s ]
INFO: [ app_end ] --START--
INFO: Run Behavior\ShowPageTraceBehavior [ RunTime:0.000456s ]
INFO: [ app_end ] --END-- [ RunTime:0.000556s ]

[ 2017-08-17T16:37:39+08:00 ] 192.168.1.102 /
INFO: [ app_init ] --START--
INFO: Run Behavior\BuildLiteBehavior [ RunTime:0.000033s ]
INFO: [ app_init ] --END-- [ RunTime:0.000599s ]
INFO: [ app_begin ] --START--
INFO: Run Behavior\ReadHtmlCacheBehavior [ RunTime:0.000474s ]
INFO: [ app_begin ] --END-- [ RunTime:0.000661s ]
INFO: [ view_parse ] --START--
INFO: [ template_filter ] --START--
INFO: Run Behavior\ContentReplaceBehavior [ RunTime:0.000100s ]
INFO: [ template_filter ] --END-- [ RunTime:0.000199s ]
NOTIC: [8] Undefined variable: error D:\PHP\hy\Application\Runtime\Cache\Home\2a94b8bda04ff446dcedd42276fc99ee.php 第 63 行.
INFO: Run Behavior\ParseTemplateBehavior [ RunTime:0.005650s ]
INFO: [ view_parse ] --END-- [ RunTime:0.005749s ]
INFO: [ view_filter ] --START--
INFO: Run Behavior\WriteHtmlCacheBehavior [ RunTime:0.000318s ]
INFO: Run Behavior\TokenBuildBehavior [ RunTime:0.000334s ]
INFO: [ view_filter ] --END-- [ RunTime:0.000800s ]
INFO: [ app_end ] --START--
INFO: Run Behavior\ShowPageTraceBehavior [ RunTime:0.000546s ]
INFO: [ app_end ] --END-- [ RunTime:0.000680s ]

[ 2017-08-17T16:37:53+08:00 ] 192.168.1.102 /
INFO: [ app_init ] --START--
INFO: Run Behavior\BuildLiteBehavior [ RunTime:0.000023s ]
INFO: [ app_init ] --END-- [ RunTime:0.000505s ]
INFO: [ app_begin ] --START--
INFO: Run Behavior\ReadHtmlCacheBehavior [ RunTime:0.000639s ]
INFO: [ app_begin ] --END-- [ RunTime:0.000748s ]
INFO: [ view_parse ] --START--
INFO: [ template_filter ] --START--
INFO: Run Behavior\ContentReplaceBehavior [ RunTime:0.000326s ]
INFO: [ template_filter ] --END-- [ RunTime:0.000509s ]
NOTIC: [8] Undefined variable: error D:\PHP\hy\Application\Runtime\Cache\Home\2a94b8bda04ff446dcedd42276fc99ee.php 第 63 行.
INFO: Run Behavior\ParseTemplateBehavior [ RunTime:0.009620s ]
INFO: [ view_parse ] --END-- [ RunTime:0.009803s ]
INFO: [ view_filter ] --START--
INFO: Run Behavior\WriteHtmlCacheBehavior [ RunTime:0.000758s ]
INFO: Run Behavior\TokenBuildBehavior [ RunTime:0.000765s ]
INFO: [ view_filter ] --END-- [ RunTime:0.001771s ]
INFO: [ app_end ] --START--
INFO: Run Behavior\ShowPageTraceBehavior [ RunTime:0.000902s ]
INFO: [ app_end ] --END-- [ RunTime:0.001064s ]

[ 2017-08-17T16:37:54+08:00 ] 192.168.1.102 /
INFO: [ app_init ] --START--
INFO: Run Behavior\BuildLiteBehavior [ RunTime:0.000023s ]
INFO: [ app_init ] --END-- [ RunTime:0.000507s ]
INFO: [ app_begin ] --START--
INFO: Run Behavior\ReadHtmlCacheBehavior [ RunTime:0.000666s ]
INFO: [ app_begin ] --END-- [ RunTime:0.000769s ]
INFO: [ view_parse ] --START--
INFO: [ template_filter ] --START--
INFO: Run Behavior\ContentReplaceBehavior [ RunTime:0.000087s ]
INFO: [ template_filter ] --END-- [ RunTime:0.000194s ]
NOTIC: [8] Undefined variable: error D:\PHP\hy\Application\Runtime\Cache\Home\2a94b8bda04ff446dcedd42276fc99ee.php 第 63 行.
INFO: Run Behavior\ParseTemplateBehavior [ RunTime:0.009216s ]
INFO: [ view_parse ] --END-- [ RunTime:0.009358s ]
INFO: [ view_filter ] --START--
INFO: Run Behavior\WriteHtmlCacheBehavior [ RunTime:0.000791s ]
INFO: Run Behavior\TokenBuildBehavior [ RunTime:0.000891s ]
INFO: [ view_filter ] --END-- [ RunTime:0.001955s ]
INFO: [ app_end ] --START--
INFO: Run Behavior\ShowPageTraceBehavior [ RunTime:0.001015s ]
INFO: [ app_end ] --END-- [ RunTime:0.001186s ]

[ 2017-08-17T16:37:55+08:00 ] 192.168.1.102 /
INFO: [ app_init ] --START--
INFO: Run Behavior\BuildLiteBehavior [ RunTime:0.000036s ]
INFO: [ app_init ] --END-- [ RunTime:0.000707s ]
INFO: [ app_begin ] --START--
INFO: Run Behavior\ReadHtmlCacheBehavior [ RunTime:0.000930s ]
INFO: [ app_begin ] --END-- [ RunTime:0.001110s ]
INFO: [ view_parse ] --START--
INFO: [ template_filter ] --START--
INFO: Run Behavior\ContentReplaceBehavior [ RunTime:0.000160s ]
INFO: [ template_filter ] --END-- [ RunTime:0.000337s ]
NOTIC: [8] Undefined variable: error D:\PHP\hy\Application\Runtime\Cache\Home\2a94b8bda04ff446dcedd42276fc99ee.php 第 63 行.
INFO: Run Behavior\ParseTemplateBehavior [ RunTime:0.009990s ]
INFO: [ view_parse ] --END-- [ RunTime:0.010164s ]
INFO: [ view_filter ] --START--
INFO: Run Behavior\WriteHtmlCacheBehavior [ RunTime:0.000812s ]
INFO: Run Behavior\TokenBuildBehavior [ RunTime:0.000767s ]
INFO: [ view_filter ] --END-- [ RunTime:0.001817s ]
INFO: [ app_end ] --START--
INFO: Run Behavior\ShowPageTraceBehavior [ RunTime:0.000719s ]
INFO: [ app_end ] --END-- [ RunTime:0.000836s ]

[ 2017-08-17T16:37:55+08:00 ] 192.168.1.102 /
INFO: [ app_init ] --START--
INFO: Run Behavior\BuildLiteBehavior [ RunTime:0.000022s ]
INFO: [ app_init ] --END-- [ RunTime:0.000465s ]
INFO: [ app_begin ] --START--
INFO: Run Behavior\ReadHtmlCacheBehavior [ RunTime:0.000605s ]
INFO: [ app_begin ] --END-- [ RunTime:0.000723s ]
INFO: [ view_parse ] --START--
INFO: [ template_filter ] --START--
INFO: Run Behavior\ContentReplaceBehavior [ RunTime:0.000135s ]
INFO: [ template_filter ] --END-- [ RunTime:0.000299s ]
NOTIC: [8] Undefined variable: error D:\PHP\hy\Application\Runtime\Cache\Home\2a94b8bda04ff446dcedd42276fc99ee.php 第 63 行.
INFO: Run Behavior\ParseTemplateBehavior [ RunTime:0.007673s ]
INFO: [ view_parse ] --END-- [ RunTime:0.007769s ]
INFO: [ view_filter ] --START--
INFO: Run Behavior\WriteHtmlCacheBehavior [ RunTime:0.000515s ]
INFO: Run Behavior\TokenBuildBehavior [ RunTime:0.000509s ]
INFO: [ view_filter ] --END-- [ RunTime:0.001165s ]
INFO: [ app_end ] --START--
INFO: Run Behavior\ShowPageTraceBehavior [ RunTime:0.000632s ]
INFO: [ app_end ] --END-- [ RunTime:0.000728s ]

[ 2017-08-17T16:37:55+08:00 ] 192.168.1.102 /
INFO: [ app_init ] --START--
INFO: Run Behavior\BuildLiteBehavior [ RunTime:0.000047s ]
INFO: [ app_init ] --END-- [ RunTime:0.000534s ]
INFO: [ app_begin ] --START--
INFO: Run Behavior\ReadHtmlCacheBehavior [ RunTime:0.001119s ]
INFO: [ app_begin ] --END-- [ RunTime:0.001310s ]
INFO: [ view_parse ] --START--
INFO: [ template_filter ] --START--
INFO: Run Behavior\ContentReplaceBehavior [ RunTime:0.000137s ]
INFO: [ template_filter ] --END-- [ RunTime:0.000305s ]
NOTIC: [8] Undefined variable: error D:\PHP\hy\Application\Runtime\Cache\Home\2a94b8bda04ff446dcedd42276fc99ee.php 第 63 行.
INFO: Run Behavior\ParseTemplateBehavior [ RunTime:0.008088s ]
INFO: [ view_parse ] --END-- [ RunTime:0.008187s ]
INFO: [ view_filter ] --START--
INFO: Run Behavior\WriteHtmlCacheBehavior [ RunTime:0.000502s ]
INFO: Run Behavior\TokenBuildBehavior [ RunTime:0.000519s ]
INFO: [ view_filter ] --END-- [ RunTime:0.001165s ]
INFO: [ app_end ] --START--
INFO: Run Behavior\ShowPageTraceBehavior [ RunTime:0.000712s ]
INFO: [ app_end ] --END-- [ RunTime:0.000811s ]

[ 2017-08-17T16:38:02+08:00 ] 192.168.1.102 /
INFO: [ app_init ] --START--
INFO: Run Behavior\BuildLiteBehavior [ RunTime:0.000024s ]
INFO: [ app_init ] --END-- [ RunTime:0.000696s ]
INFO: [ app_begin ] --START--
INFO: Run Behavior\ReadHtmlCacheBehavior [ RunTime:0.000640s ]
INFO: [ app_begin ] --END-- [ RunTime:0.000741s ]
INFO: [ view_parse ] --START--
INFO: [ template_filter ] --START--
INFO: Run Behavior\ContentReplaceBehavior [ RunTime:0.000086s ]
INFO: [ template_filter ] --END-- [ RunTime:0.000186s ]
NOTIC: [8] Undefined variable: error D:\PHP\hy\Application\Runtime\Cache\Home\2a94b8bda04ff446dcedd42276fc99ee.php 第 63 行.
INFO: Run Behavior\ParseTemplateBehavior [ RunTime:0.007759s ]
INFO: [ view_parse ] --END-- [ RunTime:0.007865s ]
INFO: [ view_filter ] --START--
INFO: Run Behavior\WriteHtmlCacheBehavior [ RunTime:0.000507s ]
INFO: Run Behavior\TokenBuildBehavior [ RunTime:0.000497s ]
INFO: [ view_filter ] --END-- [ RunTime:0.001146s ]
INFO: [ app_end ] --START--
INFO: Run Behavior\ShowPageTraceBehavior [ RunTime:0.000617s ]
INFO: [ app_end ] --END-- [ RunTime:0.000708s ]

[ 2017-08-17T16:38:52+08:00 ] 192.168.1.102 /
INFO: [ app_init ] --START--
INFO: Run Behavior\BuildLiteBehavior [ RunTime:0.000021s ]
INFO: [ app_init ] --END-- [ RunTime:0.000412s ]
INFO: [ app_begin ] --START--
INFO: Run Behavior\ReadHtmlCacheBehavior [ RunTime:0.000435s ]
INFO: [ app_begin ] --END-- [ RunTime:0.000532s ]
INFO: [ view_parse ] --START--
INFO: [ template_filter ] --START--
INFO: Run Behavior\ContentReplaceBehavior [ RunTime:0.000088s ]
INFO: [ template_filter ] --END-- [ RunTime:0.000192s ]
NOTIC: [8] Undefined variable: error D:\PHP\hy\Application\Runtime\Cache\Home\2a94b8bda04ff446dcedd42276fc99ee.php 第 63 行.
INFO: Run Behavior\ParseTemplateBehavior [ RunTime:0.006716s ]
INFO: [ view_parse ] --END-- [ RunTime:0.006816s ]
INFO: [ view_filter ] --START--
INFO: Run Behavior\WriteHtmlCacheBehavior [ RunTime:0.000351s ]
INFO: Run Behavior\TokenBuildBehavior [ RunTime:0.000363s ]
INFO: [ view_filter ] --END-- [ RunTime:0.000871s ]
INFO: [ app_end ] --START--
INFO: Run Behavior\ShowPageTraceBehavior [ RunTime:0.000583s ]
INFO: [ app_end ] --END-- [ RunTime:0.000695s ]

[ 2017-08-17T16:38:53+08:00 ] 192.168.1.102 /
INFO: [ app_init ] --START--
INFO: Run Behavior\BuildLiteBehavior [ RunTime:0.000021s ]
INFO: [ app_init ] --END-- [ RunTime:0.000434s ]
INFO: [ app_begin ] --START--
INFO: Run Behavior\ReadHtmlCacheBehavior [ RunTime:0.000439s ]
INFO: [ app_begin ] --END-- [ RunTime:0.000541s ]
INFO: [ view_parse ] --START--
INFO: [ template_filter ] --START--
INFO: Run Behavior\ContentReplaceBehavior [ RunTime:0.000101s ]
INFO: [ template_filter ] --END-- [ RunTime:0.000316s ]
NOTIC: [8] Undefined variable: error D:\PHP\hy\Application\Runtime\Cache\Home\2a94b8bda04ff446dcedd42276fc99ee.php 第 63 行.
INFO: Run Behavior\ParseTemplateBehavior [ RunTime:0.007257s ]
INFO: [ view_parse ] --END-- [ RunTime:0.007392s ]
INFO: [ view_filter ] --START--
INFO: Run Behavior\WriteHtmlCacheBehavior [ RunTime:0.000492s ]
INFO: Run Behavior\TokenBuildBehavior [ RunTime:0.000504s ]
INFO: [ view_filter ] --END-- [ RunTime:0.001261s ]
INFO: [ app_end ] --START--
INFO: Run Behavior\ShowPageTraceBehavior [ RunTime:0.000602s ]
INFO: [ app_end ] --END-- [ RunTime:0.000745s ]

[ 2017-08-17T16:38:53+08:00 ] 192.168.1.102 /
INFO: [ app_init ] --START--
INFO: Run Behavior\BuildLiteBehavior [ RunTime:0.000022s ]
INFO: [ app_init ] --END-- [ RunTime:0.000419s ]
INFO: [ app_begin ] --START--
INFO: Run Behavior\ReadHtmlCacheBehavior [ RunTime:0.000451s ]
INFO: [ app_begin ] --END-- [ RunTime:0.000548s ]
INFO: [ view_parse ] --START--
INFO: [ template_filter ] --START--
INFO: Run Behavior\ContentReplaceBehavior [ RunTime:0.000114s ]
INFO: [ template_filter ] --END-- [ RunTime:0.000475s ]
NOTIC: [8] Undefined variable: error D:\PHP\hy\Application\Runtime\Cache\Home\2a94b8bda04ff446dcedd42276fc99ee.php 第 63 行.
INFO: Run Behavior\ParseTemplateBehavior [ RunTime:0.007156s ]
INFO: [ view_parse ] --END-- [ RunTime:0.007407s ]
INFO: [ view_filter ] --START--
INFO: Run Behavior\WriteHtmlCacheBehavior [ RunTime:0.000583s ]
INFO: Run Behavior\TokenBuildBehavior [ RunTime:0.000493s ]
INFO: [ view_filter ] --END-- [ RunTime:0.001372s ]
INFO: [ app_end ] --START--
INFO: Run Behavior\ShowPageTraceBehavior [ RunTime:0.000470s ]
INFO: [ app_end ] --END-- [ RunTime:0.000601s ]

[ 2017-08-17T16:38:53+08:00 ] 192.168.1.102 /
INFO: [ app_init ] --START--
INFO: Run Behavior\BuildLiteBehavior [ RunTime:0.000024s ]
INFO: [ app_init ] --END-- [ RunTime:0.000627s ]
INFO: [ app_begin ] --START--
INFO: Run Behavior\ReadHtmlCacheBehavior [ RunTime:0.000838s ]
INFO: [ app_begin ] --END-- [ RunTime:0.000985s ]
INFO: [ view_parse ] --START--
INFO: [ template_filter ] --START--
INFO: Run Behavior\ContentReplaceBehavior [ RunTime:0.000103s ]
INFO: [ template_filter ] --END-- [ RunTime:0.000298s ]
NOTIC: [8] Undefined variable: error D:\PHP\hy\Application\Runtime\Cache\Home\2a94b8bda04ff446dcedd42276fc99ee.php 第 63 行.
INFO: Run Behavior\ParseTemplateBehavior [ RunTime:0.006713s ]
INFO: [ view_parse ] --END-- [ RunTime:0.006939s ]
INFO: [ view_filter ] --START--
INFO: Run Behavior\WriteHtmlCacheBehavior [ RunTime:0.000393s ]
INFO: Run Behavior\TokenBuildBehavior [ RunTime:0.000402s ]
INFO: [ view_filter ] --END-- [ RunTime:0.001022s ]
INFO: [ app_end ] --START--
INFO: Run Behavior\ShowPageTraceBehavior [ RunTime:0.001293s ]
INFO: [ app_end ] --END-- [ RunTime:0.001920s ]

[ 2017-08-17T16:39:05+08:00 ] 192.168.1.102 /
INFO: [ app_init ] --START--
INFO: Run Behavior\BuildLiteBehavior [ RunTime:0.000025s ]
INFO: [ app_init ] --END-- [ RunTime:0.000649s ]
INFO: [ app_begin ] --START--
INFO: Run Behavior\ReadHtmlCacheBehavior [ RunTime:0.000546s ]
INFO: [ app_begin ] --END-- [ RunTime:0.000655s ]
INFO: [ view_parse ] --START--
INFO: [ template_filter ] --START--
INFO: Run Behavior\ContentReplaceBehavior [ RunTime:0.000099s ]
INFO: [ template_filter ] --END-- [ RunTime:0.000204s ]
NOTIC: [8] Undefined variable: error D:\PHP\hy\Application\Runtime\Cache\Home\2a94b8bda04ff446dcedd42276fc99ee.php 第 63 行.
INFO: Run Behavior\ParseTemplateBehavior [ RunTime:0.005918s ]
INFO: [ view_parse ] --END-- [ RunTime:0.006016s ]
INFO: [ view_filter ] --START--
INFO: Run Behavior\WriteHtmlCacheBehavior [ RunTime:0.000401s ]
INFO: Run Behavior\TokenBuildBehavior [ RunTime:0.000423s ]
INFO: [ view_filter ] --END-- [ RunTime:0.000967s ]
INFO: [ app_end ] --START--
INFO: Run Behavior\ShowPageTraceBehavior [ RunTime:0.000679s ]
INFO: [ app_end ] --END-- [ RunTime:0.000983s ]

[ 2017-08-17T16:39:18+08:00 ] 192.168.1.102 /index.php/Home/admin/shop
INFO: [ app_init ] --START--
INFO: Run Behavior\BuildLiteBehavior [ RunTime:0.000023s ]
INFO: [ app_init ] --END-- [ RunTime:0.000507s ]
INFO: [ app_begin ] --START--
INFO: Run Behavior\ReadHtmlCacheBehavior [ RunTime:0.000535s ]
INFO: [ app_begin ] --END-- [ RunTime:0.000663s ]
NOTIC: [2048] Declaration of Home\Controller\AdminController::show() should be compatible with Think\Controller::show($content, $charset = '', $contentType = '', $prefix = '') D:\PHP\hy\Application\Home\Controller\AdminController.class.php 第 554 行.
INFO: [ view_parse ] --START--
INFO: [ template_filter ] --START--
INFO: Run Behavior\ContentReplaceBehavior [ RunTime:0.000088s ]
INFO: [ template_filter ] --END-- [ RunTime:0.000195s ]
NOTIC: [8] Undefined variable: error D:\PHP\hy\Application\Runtime\Cache\Home\02797d5de6aa6233935f85aeacb49ee9.php 第 64 行.
INFO: Run Behavior\ParseTemplateBehavior [ RunTime:0.006787s ]
INFO: [ view_parse ] --END-- [ RunTime:0.006882s ]
INFO: [ view_filter ] --START--
INFO: Run Behavior\WriteHtmlCacheBehavior [ RunTime:0.000316s ]
INFO: Run Behavior\TokenBuildBehavior [ RunTime:0.000330s ]
INFO: [ view_filter ] --END-- [ RunTime:0.000784s ]
INFO: [ app_end ] --START--
INFO: Run Behavior\ShowPageTraceBehavior [ RunTime:0.000460s ]
INFO: [ app_end ] --END-- [ RunTime:0.000551s ]

[ 2017-08-17T16:39:18+08:00 ] 192.168.1.102 /index.php/Home/admin/favicon.ico
INFO: [ app_init ] --START--
INFO: Run Behavior\BuildLiteBehavior [ RunTime:0.000039s ]
INFO: [ app_init ] --END-- [ RunTime:0.000721s ]

[ 2017-08-17T16:39:23+08:00 ] 192.168.1.102 /
INFO: [ app_init ] --START--
INFO: Run Behavior\BuildLiteBehavior [ RunTime:0.000039s ]
INFO: [ app_init ] --END-- [ RunTime:0.000798s ]
INFO: [ app_begin ] --START--
INFO: Run Behavior\ReadHtmlCacheBehavior [ RunTime:0.000760s ]
INFO: [ app_begin ] --END-- [ RunTime:0.000909s ]
INFO: [ view_parse ] --START--
INFO: [ template_filter ] --START--
INFO: Run Behavior\ContentReplaceBehavior [ RunTime:0.000087s ]
INFO: [ template_filter ] --END-- [ RunTime:0.000195s ]
NOTIC: [8] Undefined variable: error D:\PHP\hy\Application\Runtime\Cache\Home\2a94b8bda04ff446dcedd42276fc99ee.php 第 63 行.
INFO: Run Behavior\ParseTemplateBehavior [ RunTime:0.006661s ]
INFO: [ view_parse ] --END-- [ RunTime:0.006767s ]
INFO: [ view_filter ] --START--
INFO: Run Behavior\WriteHtmlCacheBehavior [ RunTime:0.000312s ]
INFO: Run Behavior\TokenBuildBehavior [ RunTime:0.000521s ]
INFO: [ view_filter ] --END-- [ RunTime:0.001016s ]
INFO: [ app_end ] --START--
INFO: Run Behavior\ShowPageTraceBehavior [ RunTime:0.000680s ]
INFO: [ app_end ] --END-- [ RunTime:0.000786s ]

[ 2017-08-17T16:39:46+08:00 ] 192.168.1.102 /
INFO: [ app_init ] --START--
INFO: Run Behavior\BuildLiteBehavior [ RunTime:0.000033s ]
INFO: [ app_init ] --END-- [ RunTime:0.000583s ]
INFO: [ app_begin ] --START--
INFO: Run Behavior\ReadHtmlCacheBehavior [ RunTime:0.000683s ]
INFO: [ app_begin ] --END-- [ RunTime:0.000875s ]
INFO: [ view_parse ] --START--
INFO: [ template_filter ] --START--
INFO: Run Behavior\ContentReplaceBehavior [ RunTime:0.000084s ]
INFO: [ template_filter ] --END-- [ RunTime:0.000187s ]
NOTIC: [8] Undefined variable: error D:\PHP\hy\Application\Runtime\Cache\Home\2a94b8bda04ff446dcedd42276fc99ee.php 第 63 行.
INFO: Run Behavior\ParseTemplateBehavior [ RunTime:0.007854s ]
INFO: [ view_parse ] --END-- [ RunTime:0.007996s ]
INFO: [ view_filter ] --START--
INFO: Run Behavior\WriteHtmlCacheBehavior [ RunTime:0.000574s ]
INFO: Run Behavior\TokenBuildBehavior [ RunTime:0.000816s ]
INFO: [ view_filter ] --END-- [ RunTime:0.001618s ]
INFO: [ app_end ] --START--
INFO: Run Behavior\ShowPageTraceBehavior [ RunTime:0.001004s ]
INFO: [ app_end ] --END-- [ RunTime:0.001168s ]

[ 2017-08-17T16:39:56+08:00 ] 192.168.1.102 /
INFO: [ app_init ] --START--
INFO: Run Behavior\BuildLiteBehavior [ RunTime:0.000032s ]
INFO: [ app_init ] --END-- [ RunTime:0.000551s ]
INFO: [ app_begin ] --START--
INFO: Run Behavior\ReadHtmlCacheBehavior [ RunTime:0.000553s ]
INFO: [ app_begin ] --END-- [ RunTime:0.000739s ]
INFO: [ view_parse ] --START--
INFO: [ template_filter ] --START--
INFO: Run Behavior\ContentReplaceBehavior [ RunTime:0.000109s ]
INFO: [ template_filter ] --END-- [ RunTime:0.000225s ]
NOTIC: [8] Undefined variable: error D:\PHP\hy\Application\Runtime\Cache\Home\2a94b8bda04ff446dcedd42276fc99ee.php 第 63 行.
INFO: Run Behavior\ParseTemplateBehavior [ RunTime:0.007451s ]
INFO: [ view_parse ] --END-- [ RunTime:0.007562s ]
INFO: [ view_filter ] --START--
INFO: Run Behavior\WriteHtmlCacheBehavior [ RunTime:0.000409s ]
INFO: Run Behavior\TokenBuildBehavior [ RunTime:0.000413s ]
INFO: [ view_filter ] --END-- [ RunTime:0.000987s ]
INFO: [ app_end ] --START--
INFO: Run Behavior\ShowPageTraceBehavior [ RunTime:0.000524s ]
INFO: [ app_end ] --END-- [ RunTime:0.000616s ]

[ 2017-08-17T16:40:52+08:00 ] 192.168.1.102 /
INFO: [ app_init ] --START--
INFO: Run Behavior\BuildLiteBehavior [ RunTime:0.000022s ]
INFO: [ app_init ] --END-- [ RunTime:0.000528s ]
INFO: [ app_begin ] --START--
INFO: Run Behavior\ReadHtmlCacheBehavior [ RunTime:0.001184s ]
INFO: [ app_begin ] --END-- [ RunTime:0.001393s ]
INFO: [ view_parse ] --START--
INFO: [ template_filter ] --START--
INFO: Run Behavior\ContentReplaceBehavior [ RunTime:0.000108s ]
INFO: [ template_filter ] --END-- [ RunTime:0.000245s ]
NOTIC: [8] Undefined variable: error D:\PHP\hy\Application\Runtime\Cache\Home\2a94b8bda04ff446dcedd42276fc99ee.php 第 63 行.
INFO: Run Behavior\ParseTemplateBehavior [ RunTime:0.012928s ]
INFO: [ view_parse ] --END-- [ RunTime:0.013110s ]
INFO: [ view_filter ] --START--
INFO: Run Behavior\WriteHtmlCacheBehavior [ RunTime:0.000891s ]
INFO: Run Behavior\TokenBuildBehavior [ RunTime:0.003440s ]
INFO: [ view_filter ] --END-- [ RunTime:0.004600s ]
INFO: [ app_end ] --START--
INFO: Run Behavior\ShowPageTraceBehavior [ RunTime:0.000979s ]
INFO: [ app_end ] --END-- [ RunTime:0.001155s ]

[ 2017-08-17T16:40:55+08:00 ] 192.168.1.102 /
INFO: [ app_init ] --START--
INFO: Run Behavior\BuildLiteBehavior [ RunTime:0.000022s ]
INFO: [ app_init ] --END-- [ RunTime:0.000464s ]
INFO: [ app_begin ] --START--
INFO: Run Behavior\ReadHtmlCacheBehavior [ RunTime:0.000614s ]
INFO: [ app_begin ] --END-- [ RunTime:0.000713s ]
INFO: [ view_parse ] --START--
INFO: [ template_filter ] --START--
INFO: Run Behavior\ContentReplaceBehavior [ RunTime:0.000141s ]
INFO: [ template_filter ] --END-- [ RunTime:0.000310s ]
NOTIC: [8] Undefined variable: error D:\PHP\hy\Application\Runtime\Cache\Home\2a94b8bda04ff446dcedd42276fc99ee.php 第 63 行.
INFO: Run Behavior\ParseTemplateBehavior [ RunTime:0.008429s ]
INFO: [ view_parse ] --END-- [ RunTime:0.008567s ]
INFO: [ view_filter ] --START--
INFO: Run Behavior\WriteHtmlCacheBehavior [ RunTime:0.000572s ]
INFO: Run Behavior\TokenBuildBehavior [ RunTime:0.000552s ]
INFO: [ view_filter ] --END-- [ RunTime:0.001279s ]
INFO: [ app_end ] --START--
INFO: Run Behavior\ShowPageTraceBehavior [ RunTime:0.000634s ]
INFO: [ app_end ] --END-- [ RunTime:0.000728s ]

[ 2017-08-17T16:40:56+08:00 ] 192.168.1.102 /
INFO: [ app_init ] --START--
INFO: Run Behavior\BuildLiteBehavior [ RunTime:0.000032s ]
INFO: [ app_init ] --END-- [ RunTime:0.000748s ]
INFO: [ app_begin ] --START--
INFO: Run Behavior\ReadHtmlCacheBehavior [ RunTime:0.000885s ]
INFO: [ app_begin ] --END-- [ RunTime:0.001023s ]
INFO: [ view_parse ] --START--
INFO: [ template_filter ] --START--
INFO: Run Behavior\ContentReplaceBehavior [ RunTime:0.000094s ]
INFO: [ template_filter ] --END-- [ RunTime:0.000199s ]
NOTIC: [8] Undefined variable: error D:\PHP\hy\Application\Runtime\Cache\Home\2a94b8bda04ff446dcedd42276fc99ee.php 第 63 行.
INFO: Run Behavior\ParseTemplateBehavior [ RunTime:0.006709s ]
INFO: [ view_parse ] --END-- [ RunTime:0.006807s ]
INFO: [ view_filter ] --START--
INFO: Run Behavior\WriteHtmlCacheBehavior [ RunTime:0.000486s ]
INFO: Run Behavior\TokenBuildBehavior [ RunTime:0.000496s ]
INFO: [ view_filter ] --END-- [ RunTime:0.001122s ]
INFO: [ app_end ] --START--
INFO: Run Behavior\ShowPageTraceBehavior [ RunTime:0.000670s ]
INFO: [ app_end ] --END-- [ RunTime:0.000772s ]

[ 2017-08-17T16:40:59+08:00 ] 192.168.1.102 /index.php/Home/admin/shop
INFO: [ app_init ] --START--
INFO: Run Behavior\BuildLiteBehavior [ RunTime:0.000021s ]
INFO: [ app_init ] --END-- [ RunTime:0.000476s ]
INFO: [ app_begin ] --START--
INFO: Run Behavior\ReadHtmlCacheBehavior [ RunTime:0.000614s ]
INFO: [ app_begin ] --END-- [ RunTime:0.000717s ]
NOTIC: [2048] Declaration of Home\Controller\AdminController::show() should be compatible with Think\Controller::show($content, $charset = '', $contentType = '', $prefix = '') D:\PHP\hy\Application\Home\Controller\AdminController.class.php 第 554 行.
INFO: [ view_parse ] --START--
INFO: [ template_filter ] --START--
INFO: Run Behavior\ContentReplaceBehavior [ RunTime:0.000095s ]
INFO: [ template_filter ] --END-- [ RunTime:0.000199s ]
NOTIC: [8] Undefined variable: error D:\PHP\hy\Application\Runtime\Cache\Home\02797d5de6aa6233935f85aeacb49ee9.php 第 64 行.
INFO: Run Behavior\ParseTemplateBehavior [ RunTime:0.010888s ]
INFO: [ view_parse ] --END-- [ RunTime:0.010985s ]
INFO: [ view_filter ] --START--
INFO: Run Behavior\WriteHtmlCacheBehavior [ RunTime:0.000483s ]
INFO: Run Behavior\TokenBuildBehavior [ RunTime:0.000518s ]
INFO: [ view_filter ] --END-- [ RunTime:0.001151s ]
INFO: [ app_end ] --START--
INFO: Run Behavior\ShowPageTraceBehavior [ RunTime:0.000663s ]
INFO: [ app_end ] --END-- [ RunTime:0.000761s ]

[ 2017-08-17T16:41:08+08:00 ] 192.168.1.102 /
INFO: [ app_init ] --START--
INFO: Run Behavior\BuildLiteBehavior [ RunTime:0.000023s ]
INFO: [ app_init ] --END-- [ RunTime:0.000666s ]
INFO: [ app_begin ] --START--
INFO: Run Behavior\ReadHtmlCacheBehavior [ RunTime:0.000636s ]
INFO: [ app_begin ] --END-- [ RunTime:0.000740s ]
INFO: [ view_parse ] --START--
INFO: [ template_filter ] --START--
INFO: Run Behavior\ContentReplaceBehavior [ RunTime:0.000088s ]
INFO: [ template_filter ] --END-- [ RunTime:0.000206s ]
NOTIC: [8] Undefined variable: error D:\PHP\hy\Application\Runtime\Cache\Home\2a94b8bda04ff446dcedd42276fc99ee.php 第 63 行.
INFO: Run Behavior\ParseTemplateBehavior [ RunTime:0.005869s ]
INFO: [ view_parse ] --END-- [ RunTime:0.005972s ]
INFO: [ view_filter ] --START--
INFO: Run Behavior\WriteHtmlCacheBehavior [ RunTime:0.000367s ]
INFO: Run Behavior\TokenBuildBehavior [ RunTime:0.000386s ]
INFO: [ view_filter ] --END-- [ RunTime:0.000925s ]
INFO: [ app_end ] --START--
INFO: Run Behavior\ShowPageTraceBehavior [ RunTime:0.000593s ]
INFO: [ app_end ] --END-- [ RunTime:0.000689s ]

[ 2017-08-17T16:41:09+08:00 ] 192.168.1.102 /index.php/Home/admin/shop
INFO: [ app_init ] --START--
INFO: Run Behavior\BuildLiteBehavior [ RunTime:0.000022s ]
INFO: [ app_init ] --END-- [ RunTime:0.000496s ]
INFO: [ app_begin ] --START--
INFO: Run Behavior\ReadHtmlCacheBehavior [ RunTime:0.000542s ]
INFO: [ app_begin ] --END-- [ RunTime:0.000655s ]
NOTIC: [2048] Declaration of Home\Controller\AdminController::show() should be compatible with Think\Controller::show($content, $charset = '', $contentType = '', $prefix = '') D:\PHP\hy\Application\Home\Controller\AdminController.class.php 第 554 行.
INFO: [ view_parse ] --START--
INFO: [ template_filter ] --START--
INFO: Run Behavior\ContentReplaceBehavior [ RunTime:0.000116s ]
INFO: [ template_filter ] --END-- [ RunTime:0.000276s ]
NOTIC: [8] Undefined variable: error D:\PHP\hy\Application\Runtime\Cache\Home\02797d5de6aa6233935f85aeacb49ee9.php 第 64 行.
INFO: Run Behavior\ParseTemplateBehavior [ RunTime:0.008507s ]
INFO: [ view_parse ] --END-- [ RunTime:0.009004s ]
INFO: [ view_filter ] --START--
INFO: Run Behavior\WriteHtmlCacheBehavior [ RunTime:0.001121s ]
INFO: Run Behavior\TokenBuildBehavior [ RunTime:0.000443s ]
INFO: [ view_filter ] --END-- [ RunTime:0.001781s ]
INFO: [ app_end ] --START--
INFO: Run Behavior\ShowPageTraceBehavior [ RunTime:0.000505s ]
INFO: [ app_end ] --END-- [ RunTime:0.000597s ]

[ 2017-08-17T16:41:55+08:00 ] 192.168.1.102 /index.php/Home/admin/shop
INFO: [ app_init ] --START--
INFO: Run Behavior\BuildLiteBehavior [ RunTime:0.000042s ]
INFO: [ app_init ] --END-- [ RunTime:0.000868s ]
INFO: [ app_begin ] --START--
INFO: Run Behavior\ReadHtmlCacheBehavior [ RunTime:0.000572s ]
INFO: [ app_begin ] --END-- [ RunTime:0.000682s ]
NOTIC: [2048] Declaration of Home\Controller\AdminController::show() should be compatible with Think\Controller::show($content, $charset = '', $contentType = '', $prefix = '') D:\PHP\hy\Application\Home\Controller\AdminController.class.php 第 554 行.
INFO: [ view_parse ] --START--
INFO: [ template_filter ] --START--
INFO: Run Behavior\ContentReplaceBehavior [ RunTime:0.000119s ]
INFO: [ template_filter ] --END-- [ RunTime:0.000287s ]
NOTIC: [8] Undefined variable: error D:\PHP\hy\Application\Runtime\Cache\Home\02797d5de6aa6233935f85aeacb49ee9.php 第 64 行.
INFO: Run Behavior\ParseTemplateBehavior [ RunTime:0.008436s ]
INFO: [ view_parse ] --END-- [ RunTime:0.008614s ]
INFO: [ view_filter ] --START--
INFO: Run Behavior\WriteHtmlCacheBehavior [ RunTime:0.000693s ]
INFO: Run Behavior\TokenBuildBehavior [ RunTime:0.000724s ]
INFO: [ view_filter ] --END-- [ RunTime:0.001718s ]
INFO: [ app_end ] --START--
INFO: Run Behavior\ShowPageTraceBehavior [ RunTime:0.000582s ]
INFO: [ app_end ] --END-- [ RunTime:0.000683s ]

[ 2017-08-17T16:45:24+08:00 ] 192.168.1.102 /index.php/Home/admin/shop
INFO: [ app_init ] --START--
INFO: Run Behavior\BuildLiteBehavior [ RunTime:0.000030s ]
INFO: [ app_init ] --END-- [ RunTime:0.000685s ]
INFO: [ app_begin ] --START--
INFO: Run Behavior\ReadHtmlCacheBehavior [ RunTime:0.000605s ]
INFO: [ app_begin ] --END-- [ RunTime:0.000704s ]
NOTIC: [2048] Declaration of Home\Controller\AdminController::show() should be compatible with Think\Controller::show($content, $charset = '', $contentType = '', $prefix = '') D:\PHP\hy\Application\Home\Controller\AdminController.class.php 第 554 行.
INFO: [ view_parse ] --START--
INFO: [ template_filter ] --START--
INFO: Run Behavior\ContentReplaceBehavior [ RunTime:0.000079s ]
INFO: [ template_filter ] --END-- [ RunTime:0.000180s ]
NOTIC: [8] Undefined variable: error D:\PHP\hy\Application\Runtime\Cache\Home\02797d5de6aa6233935f85aeacb49ee9.php 第 64 行.
INFO: Run Behavior\ParseTemplateBehavior [ RunTime:0.007189s ]
INFO: [ view_parse ] --END-- [ RunTime:0.007306s ]
INFO: [ view_filter ] --START--
INFO: Run Behavior\WriteHtmlCacheBehavior [ RunTime:0.000575s ]
INFO: Run Behavior\TokenBuildBehavior [ RunTime:0.000651s ]
INFO: [ view_filter ] --END-- [ RunTime:0.001396s ]
INFO: [ app_end ] --START--
INFO: Run Behavior\ShowPageTraceBehavior [ RunTime:0.000665s ]
INFO: [ app_end ] --END-- [ RunTime:0.000758s ]

[ 2017-08-17T16:45:26+08:00 ] 192.168.1.102 /index.php/Home/admin/shop
INFO: [ app_init ] --START--
INFO: Run Behavior\BuildLiteBehavior [ RunTime:0.000025s ]
INFO: [ app_init ] --END-- [ RunTime:0.000594s ]
INFO: [ app_begin ] --START--
INFO: Run Behavior\ReadHtmlCacheBehavior [ RunTime:0.000853s ]
INFO: [ app_begin ] --END-- [ RunTime:0.000990s ]
NOTIC: [2048] Declaration of Home\Controller\AdminController::show() should be compatible with Think\Controller::show($content, $charset = '', $contentType = '', $prefix = '') D:\PHP\hy\Application\Home\Controller\AdminController.class.php 第 554 行.
INFO: [ view_parse ] --START--
INFO: [ template_filter ] --START--
INFO: Run Behavior\ContentReplaceBehavior [ RunTime:0.000096s ]
INFO: [ template_filter ] --END-- [ RunTime:0.000212s ]
NOTIC: [8] Undefined variable: error D:\PHP\hy\Application\Runtime\Cache\Home\02797d5de6aa6233935f85aeacb49ee9.php 第 64 行.
INFO: Run Behavior\ParseTemplateBehavior [ RunTime:0.006602s ]
INFO: [ view_parse ] --END-- [ RunTime:0.006718s ]
INFO: [ view_filter ] --START--
INFO: Run Behavior\WriteHtmlCacheBehavior [ RunTime:0.000427s ]
INFO: Run Behavior\TokenBuildBehavior [ RunTime:0.000487s ]
INFO: [ view_filter ] --END-- [ RunTime:0.001085s ]
INFO: [ app_end ] --START--
INFO: Run Behavior\ShowPageTraceBehavior [ RunTime:0.000633s ]
INFO: [ app_end ] --END-- [ RunTime:0.000748s ]

[ 2017-08-17T16:48:25+08:00 ] 192.168.1.102 /
INFO: [ app_init ] --START--
INFO: Run Behavior\BuildLiteBehavior [ RunTime:0.000022s ]
INFO: [ app_init ] --END-- [ RunTime:0.000569s ]
INFO: [ app_begin ] --START--
INFO: Run Behavior\ReadHtmlCacheBehavior [ RunTime:0.000609s ]
INFO: [ app_begin ] --END-- [ RunTime:0.000710s ]
INFO: [ view_parse ] --START--
INFO: [ template_filter ] --START--
INFO: Run Behavior\ContentReplaceBehavior [ RunTime:0.000101s ]
INFO: [ template_filter ] --END-- [ RunTime:0.000203s ]
NOTIC: [8] Undefined variable: error D:\PHP\hy\Application\Runtime\Cache\Home\2a94b8bda04ff446dcedd42276fc99ee.php 第 63 行.
INFO: Run Behavior\ParseTemplateBehavior [ RunTime:0.006020s ]
INFO: [ view_parse ] --END-- [ RunTime:0.006119s ]
INFO: [ view_filter ] --START--
INFO: Run Behavior\WriteHtmlCacheBehavior [ RunTime:0.000442s ]
INFO: Run Behavior\TokenBuildBehavior [ RunTime:0.000496s ]
INFO: [ view_filter ] --END-- [ RunTime:0.001088s ]
INFO: [ app_end ] --START--
INFO: Run Behavior\ShowPageTraceBehavior [ RunTime:0.000677s ]
INFO: [ app_end ] --END-- [ RunTime:0.000810s ]

[ 2017-08-17T16:52:11+08:00 ] 192.168.1.102 /
INFO: [ app_init ] --START--
INFO: Run Behavior\BuildLiteBehavior [ RunTime:0.000087s ]
INFO: [ app_init ] --END-- [ RunTime:0.000728s ]
INFO: [ app_begin ] --START--
INFO: Run Behavior\ReadHtmlCacheBehavior [ RunTime:0.000723s ]
INFO: [ app_begin ] --END-- [ RunTime:0.000855s ]
INFO: [ view_parse ] --START--
INFO: [ template_filter ] --START--
INFO: Run Behavior\ContentReplaceBehavior [ RunTime:0.000087s ]
INFO: [ template_filter ] --END-- [ RunTime:0.000189s ]
NOTIC: [8] Undefined variable: error D:\PHP\hy\Application\Runtime\Cache\Home\2a94b8bda04ff446dcedd42276fc99ee.php 第 63 行.
INFO: Run Behavior\ParseTemplateBehavior [ RunTime:0.006681s ]
INFO: [ view_parse ] --END-- [ RunTime:0.006778s ]
INFO: [ view_filter ] --START--
INFO: Run Behavior\WriteHtmlCacheBehavior [ RunTime:0.000510s ]
INFO: Run Behavior\TokenBuildBehavior [ RunTime:0.000626s ]
INFO: [ view_filter ] --END-- [ RunTime:0.001279s ]
INFO: [ app_end ] --START--
INFO: Run Behavior\ShowPageTraceBehavior [ RunTime:0.000706s ]
INFO: [ app_end ] --END-- [ RunTime:0.000813s ]

[ 2017-08-17T16:52:13+08:00 ] 192.168.1.102 /index.php/Home/admin/shop
INFO: [ app_init ] --START--
INFO: Run Behavior\BuildLiteBehavior [ RunTime:0.000025s ]
INFO: [ app_init ] --END-- [ RunTime:0.000613s ]
INFO: [ app_begin ] --START--
INFO: Run Behavior\ReadHtmlCacheBehavior [ RunTime:0.000849s ]
INFO: [ app_begin ] --END-- [ RunTime:0.000980s ]
NOTIC: [2048] Declaration of Home\Controller\AdminController::show() should be compatible with Think\Controller::show($content, $charset = '', $contentType = '', $prefix = '') D:\PHP\hy\Application\Home\Controller\AdminController.class.php 第 554 行.
INFO: [ view_parse ] --START--
INFO: [ template_filter ] --START--
INFO: Run Behavior\ContentReplaceBehavior [ RunTime:0.000093s ]
INFO: [ template_filter ] --END-- [ RunTime:0.000209s ]
NOTIC: [8] Undefined variable: error D:\PHP\hy\Application\Runtime\Cache\Home\02797d5de6aa6233935f85aeacb49ee9.php 第 64 行.
INFO: Run Behavior\ParseTemplateBehavior [ RunTime:0.007457s ]
INFO: [ view_parse ] --END-- [ RunTime:0.007574s ]
INFO: [ view_filter ] --START--
INFO: Run Behavior\WriteHtmlCacheBehavior [ RunTime:0.000664s ]
INFO: Run Behavior\TokenBuildBehavior [ RunTime:0.000703s ]
INFO: [ view_filter ] --END-- [ RunTime:0.001540s ]
INFO: [ app_end ] --START--
INFO: Run Behavior\ShowPageTraceBehavior [ RunTime:0.001163s ]
INFO: [ app_end ] --END-- [ RunTime:0.001628s ]

[ 2017-08-17T16:52:20+08:00 ] 192.168.1.102 /index.php/Home/shop/index
INFO: [ app_init ] --START--
INFO: Run Behavior\BuildLiteBehavior [ RunTime:0.000025s ]
INFO: [ app_init ] --END-- [ RunTime:0.000655s ]
INFO: [ app_begin ] --START--
INFO: Run Behavior\ReadHtmlCacheBehavior [ RunTime:0.000671s ]
INFO: [ app_begin ] --END-- [ RunTime:0.000790s ]
NOTIC: [2048] Declaration of Home\Controller\ShopController::show() should be compatible with Think\Controller::show($content, $charset = '', $contentType = '', $prefix = '') D:\PHP\hy\Application\Home\Controller\ShopController.class.php 第 449 行.
SQL: SHOW COLUMNS FROM `t_shop` [ RunTime:0.0013s ]
SQL: SELECT * FROM `t_shop` WHERE `s_username` = 'shop'  [ RunTime:0.0004s ]
INFO: [ view_parse ] --START--
INFO: [ template_filter ] --START--
INFO: Run Behavior\ContentReplaceBehavior [ RunTime:0.000081s ]
INFO: [ template_filter ] --END-- [ RunTime:0.000178s ]
INFO: Run Behavior\ParseTemplateBehavior [ RunTime:0.005766s ]
INFO: [ view_parse ] --END-- [ RunTime:0.005868s ]
INFO: [ view_filter ] --START--
INFO: Run Behavior\WriteHtmlCacheBehavior [ RunTime:0.000445s ]
INFO: Run Behavior\TokenBuildBehavior [ RunTime:0.000482s ]
INFO: [ view_filter ] --END-- [ RunTime:0.001076s ]
INFO: [ app_end ] --START--
INFO: Run Behavior\ShowPageTraceBehavior [ RunTime:0.000588s ]
INFO: [ app_end ] --END-- [ RunTime:0.000679s ]

[ 2017-08-17T16:52:20+08:00 ] 192.168.1.102 /index.php/Home/shop/favicon.ico
INFO: [ app_init ] --START--
INFO: Run Behavior\BuildLiteBehavior [ RunTime:0.000022s ]
INFO: [ app_init ] --END-- [ RunTime:0.000535s ]

[ 2017-08-17T16:52:25+08:00 ] 192.168.1.102 /index.php/Home/shop/index
INFO: [ app_init ] --START--
INFO: Run Behavior\BuildLiteBehavior [ RunTime:0.000025s ]
INFO: [ app_init ] --END-- [ RunTime:0.000609s ]
INFO: [ app_begin ] --START--
INFO: Run Behavior\ReadHtmlCacheBehavior [ RunTime:0.000609s ]
INFO: [ app_begin ] --END-- [ RunTime:0.000737s ]
NOTIC: [2048] Declaration of Home\Controller\ShopController::show() should be compatible with Think\Controller::show($content, $charset = '', $contentType = '', $prefix = '') D:\PHP\hy\Application\Home\Controller\ShopController.class.php 第 449 行.
SQL: SHOW COLUMNS FROM `t_shop` [ RunTime:0.0014s ]
SQL: SELECT * FROM `t_shop` WHERE `s_username` = 'shop'  [ RunTime:0.0006s ]
SQL: SHOW COLUMNS FROM `t_record` [ RunTime:0.0011s ]
SQL: SELECT SUM(grade) AS tp_sum FROM `t_record` WHERE `s_id` = 1 AND `gradetype` = 'N' LIMIT 1   [ RunTime:0.0011s ]
SQL: SELECT SUM(grade) AS tp_sum FROM `t_record` WHERE `s_id` = 1 AND `gradetype` = 'N' AND `gradetime` LIKE '2017-08-17%' LIMIT 1   [ RunTime:0.0003s ]
SQL: SELECT SUM(grade) AS tp_sum FROM `t_record` WHERE `s_id` = 1 AND `gradetype` = 'Y' LIMIT 1   [ RunTime:0.0003s ]
SQL: SELECT SUM(grade) AS tp_sum FROM `t_record` WHERE `s_id` = 1 AND `gradetype` = 'Y' AND `gradetime` LIKE '2017-08-17%' LIMIT 1   [ RunTime:0.0003s ]
SQL: SELECT COUNT(*) AS tp_count FROM `t_shop` INNER JOIN t_shop_member ON t_shop.id = t_shop_member.s_id INNER JOIN t_member ON t_shop_member.m_id = t_member.id  WHERE t_shop.id = '1' LIMIT 1   [ RunTime:0.0012s ]
SQL: SELECT COUNT(*) AS tp_count FROM `t_shop` INNER JOIN t_shop_member ON t_shop.id = t_shop_member.s_id INNER JOIN t_member ON t_shop_member.m_id = t_member.id  WHERE t_shop.id = '1' AND t_member.create_at LIKE '2017-08-17%' LIMIT 1   [ RunTime:0.0005s ]
SQL: SELECT `m_id`,sum(grade) as grade FROM `t_record` WHERE `s_id` = 1 AND `gradetype` = 'Y' GROUP BY m_id  [ RunTime:0.0003s ]
SQL: SHOW COLUMNS FROM `t_member` [ RunTime:0.0008s ]
SQL: SELECT `m_nickname` FROM `t_member` LIMIT 1   [ RunTime:0.0003s ]
SQL: SELECT `m_nickname` FROM `t_member` LIMIT 1   [ RunTime:0.0003s ]
SQL: SELECT `m_id`,sum(grade) as grade FROM `t_record` WHERE `s_id` = 1 AND `gradetype` = 'N' GROUP BY m_id  [ RunTime:0.0003s ]
SQL: SELECT `m_nickname` FROM `t_member` LIMIT 1   [ RunTime:0.0003s ]
SQL: SELECT `m_nickname` FROM `t_member` LIMIT 1   [ RunTime:0.0003s ]
INFO: [ view_parse ] --START--
INFO: [ template_filter ] --START--
INFO: Run Behavior\ContentReplaceBehavior [ RunTime:0.000239s ]
INFO: [ template_filter ] --END-- [ RunTime:0.000359s ]
INFO: Run Behavior\ParseTemplateBehavior [ RunTime:0.014488s ]
INFO: [ view_parse ] --END-- [ RunTime:0.014611s ]
INFO: [ view_filter ] --START--
INFO: Run Behavior\WriteHtmlCacheBehavior [ RunTime:0.000445s ]
INFO: Run Behavior\TokenBuildBehavior [ RunTime:0.000502s ]
INFO: [ view_filter ] --END-- [ RunTime:0.001116s ]
INFO: [ app_end ] --START--
INFO: Run Behavior\ShowPageTraceBehavior [ RunTime:0.000815s ]
INFO: [ app_end ] --END-- [ RunTime:0.000981s ]

[ 2017-08-17T20:41:06+08:00 ] ::1 /index.php/Home/shop/addcard
INFO: [ app_init ] --START--
INFO: Run Behavior\BuildLiteBehavior [ RunTime:0.000028s ]
INFO: [ app_init ] --END-- [ RunTime:0.001118s ]
INFO: [ app_begin ] --START--
INFO: Run Behavior\ReadHtmlCacheBehavior [ RunTime:0.001077s ]
INFO: [ app_begin ] --END-- [ RunTime:0.001192s ]
NOTIC: [2048] Declaration of Home\Controller\ShopController::show() should be compatible with Think\Controller::show($content, $charset = '', $contentType = '', $prefix = '') D:\PHP\hy\Application\Home\Controller\ShopController.class.php 第 449 行.
INFO: [ view_parse ] --START--
INFO: [ template_filter ] --START--
INFO: Run Behavior\ContentReplaceBehavior [ RunTime:0.000181s ]
INFO: [ template_filter ] --END-- [ RunTime:0.000397s ]
NOTIC: [8] Undefined variable: error D:\PHP\hy\Application\Runtime\Cache\Home\3efa69c14f95fe73f9f4474b7507b1ea.php 第 64 行.
INFO: Run Behavior\ParseTemplateBehavior [ RunTime:0.017281s ]
INFO: [ view_parse ] --END-- [ RunTime:0.017489s ]
INFO: [ view_filter ] --START--
INFO: Run Behavior\WriteHtmlCacheBehavior [ RunTime:0.001372s ]
INFO: Run Behavior\TokenBuildBehavior [ RunTime:0.001598s ]
INFO: [ view_filter ] --END-- [ RunTime:0.003380s ]
INFO: [ app_end ] --START--
INFO: Run Behavior\ShowPageTraceBehavior [ RunTime:0.001978s ]
INFO: [ app_end ] --END-- [ RunTime:0.002198s ]

[ 2017-08-17T20:41:09+08:00 ] ::1 /index.php/Home/shop/favicon.ico
INFO: [ app_init ] --START--
INFO: Run Behavior\BuildLiteBehavior [ RunTime:0.000042s ]
INFO: [ app_init ] --END-- [ RunTime:0.000898s ]

[ 2017-08-17T23:35:35+08:00 ] 192.168.1.101 /
INFO: [ app_init ] --START--
INFO: Run Behavior\BuildLiteBehavior [ RunTime:0.000026s ]
INFO: [ app_init ] --END-- [ RunTime:0.000874s ]
INFO: [ app_begin ] --START--
INFO: Run Behavior\ReadHtmlCacheBehavior [ RunTime:0.001386s ]
INFO: [ app_begin ] --END-- [ RunTime:0.001605s ]
INFO: [ view_parse ] --START--
INFO: [ template_filter ] --START--
INFO: Run Behavior\ContentReplaceBehavior [ RunTime:0.000086s ]
INFO: [ template_filter ] --END-- [ RunTime:0.000187s ]
NOTIC: [8] Undefined variable: error D:\PHP\hy\Application\Runtime\Cache\Home\2a94b8bda04ff446dcedd42276fc99ee.php 第 63 行.
INFO: Run Behavior\ParseTemplateBehavior [ RunTime:0.008664s ]
INFO: [ view_parse ] --END-- [ RunTime:0.008767s ]
INFO: [ view_filter ] --START--
INFO: Run Behavior\WriteHtmlCacheBehavior [ RunTime:0.000776s ]
INFO: Run Behavior\TokenBuildBehavior [ RunTime:0.000969s ]
INFO: [ view_filter ] --END-- [ RunTime:0.001911s ]
INFO: [ app_end ] --START--
INFO: Run Behavior\ShowPageTraceBehavior [ RunTime:0.001096s ]
INFO: [ app_end ] --END-- [ RunTime:0.001207s ]

[ 2017-08-17T23:35:46+08:00 ] 192.168.1.101 /index.php/Home/admin/login
INFO: [ app_init ] --START--
INFO: Run Behavior\BuildLiteBehavior [ RunTime:0.000026s ]
INFO: [ app_init ] --END-- [ RunTime:0.000577s ]
INFO: [ app_begin ] --START--
INFO: Run Behavior\ReadHtmlCacheBehavior [ RunTime:0.000681s ]
INFO: [ app_begin ] --END-- [ RunTime:0.000802s ]
NOTIC: [2048] Declaration of Home\Controller\AdminController::show() should be compatible with Think\Controller::show($content, $charset = '', $contentType = '', $prefix = '') D:\PHP\hy\Application\Home\Controller\AdminController.class.php 第 554 行.
SQL: SHOW COLUMNS FROM `t_admin` [ RunTime:0.0045s ]
SQL: SELECT * FROM `t_admin` WHERE `a_username` = 'admin'  [ RunTime:0.0004s ]
NOTIC: [8] Undefined index: a_phone D:\PHP\hy\Application\Home\Controller\AdminController.class.php 第 48 行.
NOTIC: [8] Undefined index: a_email D:\PHP\hy\Application\Home\Controller\AdminController.class.php 第 49 行.
SQL: SHOW COLUMNS FROM `t_record` [ RunTime:0.0012s ]
SQL: SELECT SUM(grade) AS tp_sum FROM `t_record` WHERE `gradetype` = 'Y' LIMIT 1   [ RunTime:0.0003s ]
SQL: SELECT SUM(grade) AS tp_sum FROM `t_record` WHERE `gradetype` = 'Y' AND `gradetime` LIKE '2017-08-17%' LIMIT 1   [ RunTime:0.0003s ]
SQL: SHOW COLUMNS FROM `t_member` [ RunTime:0.0011s ]
SQL: SELECT COUNT(id) AS tp_count FROM `t_member` LIMIT 1   [ RunTime:0.0003s ]
SQL: SELECT COUNT(id) AS tp_count FROM `t_member` WHERE `create_at` LIKE '2017-08-17%' LIMIT 1   [ RunTime:0.0005s ]
SQL: SELECT `m_id`,sum(grade) as grade FROM `t_record` WHERE `gradetype` = 'Y' GROUP BY m_id  [ RunTime:0.0004s ]
SQL: SELECT `m_nickname` FROM `t_member` LIMIT 1   [ RunTime:0.0003s ]
SQL: SHOW COLUMNS FROM `t_admin_shop` [ RunTime:0.0036s ]
SQL: SELECT `s_id`,sum(num) as num FROM `t_admin_shop` GROUP BY s_id  [ RunTime:0.0003s ]
SQL: SHOW COLUMNS FROM `t_shop` [ RunTime:0.0011s ]
SQL: SELECT `s_name` FROM `t_shop` LIMIT 1   [ RunTime:0.0003s ]
SQL: SELECT `s_id`,sum(grade) as grade FROM `t_record` WHERE `gradetype` = 'Y' GROUP BY s_id  [ RunTime:0.0003s ]
SQL: SELECT `s_name` FROM `t_shop` LIMIT 1   [ RunTime:0.0003s ]
SQL: SELECT `m_id`,sum(grade) as grade FROM `t_record` WHERE `gradetype` = 'N' GROUP BY m_id  [ RunTime:0.0003s ]
SQL: SELECT `m_nickname` FROM `t_member` LIMIT 1   [ RunTime:0.0003s ]
SQL: SELECT COUNT(id) AS tp_count FROM `t_record` WHERE `gradetype` = 'Y' LIMIT 1   [ RunTime:0.0003s ]
SQL: SELECT COUNT(id) AS tp_count FROM `t_record` WHERE `gradetype` = 'N' LIMIT 1   [ RunTime:0.0003s ]
SQL: SELECT SUM(grade) AS tp_sum FROM `t_record` WHERE `gradetype` = 'Y' LIMIT 1   [ RunTime:0.0003s ]
NOTIC: [8] Use of undefined constant logined - assumed 'logined' D:\PHP\hy\Application\Home\Controller\AdminController.class.php 第 182 行.
INFO: [ view_parse ] --START--
INFO: [ template_filter ] --START--
INFO: Run Behavior\ContentReplaceBehavior [ RunTime:0.000343s ]
INFO: [ template_filter ] --END-- [ RunTime:0.000462s ]
INFO: Run Behavior\ParseTemplateBehavior [ RunTime:0.021603s ]
INFO: [ view_parse ] --END-- [ RunTime:0.021747s ]
INFO: [ view_filter ] --START--
INFO: Run Behavior\WriteHtmlCacheBehavior [ RunTime:0.000803s ]
INFO: Run Behavior\TokenBuildBehavior [ RunTime:0.000837s ]
INFO: [ view_filter ] --END-- [ RunTime:0.001904s ]
INFO: [ app_end ] --START--
INFO: Run Behavior\ShowPageTraceBehavior [ RunTime:0.001226s ]
INFO: [ app_end ] --END-- [ RunTime:0.001442s ]

[ 2017-08-17T23:35:47+08:00 ] 192.168.1.101 /index.php/Home/admin/favicon.ico
INFO: [ app_init ] --START--
INFO: Run Behavior\BuildLiteBehavior [ RunTime:0.000038s ]
INFO: [ app_init ] --END-- [ RunTime:0.000876s ]

[ 2017-08-17T23:36:46+08:00 ] 127.0.0.1 www.jetbrains.com:443
INFO: [ app_init ] --START--
INFO: Run Behavior\BuildLiteBehavior [ RunTime:0.000058s ]
INFO: [ app_init ] --END-- [ RunTime:0.000852s ]
INFO: [ app_begin ] --START--
INFO: Run Behavior\ReadHtmlCacheBehavior [ RunTime:0.001053s ]
INFO: [ app_begin ] --END-- [ RunTime:0.001268s ]
INFO: [ view_parse ] --START--
INFO: [ template_filter ] --START--
INFO: Run Behavior\ContentReplaceBehavior [ RunTime:0.000147s ]
INFO: [ template_filter ] --END-- [ RunTime:0.000338s ]
NOTIC: [8] Undefined variable: error D:\PHP\hy\Application\Runtime\Cache\Home\2a94b8bda04ff446dcedd42276fc99ee.php 第 63 行.
INFO: Run Behavior\ParseTemplateBehavior [ RunTime:0.010725s ]
INFO: [ view_parse ] --END-- [ RunTime:0.010921s ]
INFO: [ view_filter ] --START--
INFO: Run Behavior\WriteHtmlCacheBehavior [ RunTime:0.000917s ]
INFO: Run Behavior\TokenBuildBehavior [ RunTime:0.000839s ]
INFO: [ view_filter ] --END-- [ RunTime:0.002055s ]
INFO: [ app_end ] --START--
INFO: Run Behavior\ShowPageTraceBehavior [ RunTime:0.000952s ]
INFO: [ app_end ] --END-- [ RunTime:0.001156s ]

[ 2017-08-17T23:37:04+08:00 ] 127.0.0.1 plugins.jetbrains.com:443
INFO: [ app_init ] --START--
INFO: Run Behavior\BuildLiteBehavior [ RunTime:0.000041s ]
INFO: [ app_init ] --END-- [ RunTime:0.000924s ]
INFO: [ app_begin ] --START--
INFO: Run Behavior\ReadHtmlCacheBehavior [ RunTime:0.001044s ]
INFO: [ app_begin ] --END-- [ RunTime:0.001270s ]
INFO: [ view_parse ] --START--
INFO: [ template_filter ] --START--
INFO: Run Behavior\ContentReplaceBehavior [ RunTime:0.000202s ]
INFO: [ template_filter ] --END-- [ RunTime:0.000398s ]
NOTIC: [8] Undefined variable: error D:\PHP\hy\Application\Runtime\Cache\Home\2a94b8bda04ff446dcedd42276fc99ee.php 第 63 行.
INFO: Run Behavior\ParseTemplateBehavior [ RunTime:0.020896s ]
INFO: [ view_parse ] --END-- [ RunTime:0.021079s ]
INFO: [ view_filter ] --START--
INFO: Run Behavior\WriteHtmlCacheBehavior [ RunTime:0.000565s ]
INFO: Run Behavior\TokenBuildBehavior [ RunTime:0.000621s ]
INFO: [ view_filter ] --END-- [ RunTime:0.001463s ]
INFO: [ app_end ] --START--
INFO: Run Behavior\ShowPageTraceBehavior [ RunTime:0.000920s ]
INFO: [ app_end ] --END-- [ RunTime:0.001104s ]

