[ 2017-08-18T00:19:01+08:00 ] 192.168.1.101 /Public/assets/vendors/bootstrap.min.css.map
INFO: [ app_init ] --START--
INFO: Run Behavior\BuildLiteBehavior [ RunTime:0.000040s ]
INFO: [ app_init ] --END-- [ RunTime:0.000886s ]
ERR: 无法加载模块:Public

[ 2017-08-18T00:19:01+08:00 ] 192.168.1.101 /favicon.ico
INFO: [ app_init ] --START--
INFO: Run Behavior\BuildLiteBehavior [ RunTime:0.000024s ]
INFO: [ app_init ] --END-- [ RunTime:0.000655s ]
ERR: 无法加载模块:Favicon

[ 2017-08-18T00:19:13+08:00 ] 192.168.1.101 /Public/assets/vendors/bootstrap.min.css.map
INFO: [ app_init ] --START--
INFO: Run Behavior\BuildLiteBehavior [ RunTime:0.000057s ]
INFO: [ app_init ] --END-- [ RunTime:0.001016s ]
ERR: 无法加载模块:Public

[ 2017-08-18T00:19:20+08:00 ] 192.168.1.101 /Public/assets/vendors/bootstrap.min.css.map
INFO: [ app_init ] --START--
INFO: Run Behavior\BuildLiteBehavior [ RunTime:0.000039s ]
INFO: [ app_init ] --END-- [ RunTime:0.000662s ]
ERR: 无法加载模块:Public

[ 2017-08-18T00:19:21+08:00 ] 192.168.1.101 /Public/assets/vendors/bootstrap.min.css.map
INFO: [ app_init ] --START--
INFO: Run Behavior\BuildLiteBehavior [ RunTime:0.000097s ]
INFO: [ app_init ] --END-- [ RunTime:0.001375s ]
ERR: 无法加载模块:Public

[ 2017-08-18T00:19:30+08:00 ] 192.168.1.101 /Public/assets/vendors/bootstrap.min.css.map
INFO: [ app_init ] --START--
INFO: Run Behavior\BuildLiteBehavior [ RunTime:0.000043s ]
INFO: [ app_init ] --END-- [ RunTime:0.000639s ]
ERR: 无法加载模块:Public

[ 2017-08-18T00:19:45+08:00 ] 192.168.1.101 /Public/assets/vendors/bootstrap.min.css.map
INFO: [ app_init ] --START--
INFO: Run Behavior\BuildLiteBehavior [ RunTime:0.000111s ]
INFO: [ app_init ] --END-- [ RunTime:0.001336s ]
ERR: 无法加载模块:Public

[ 2017-08-18T00:20:29+08:00 ] ::1 /favicon.ico
INFO: [ app_init ] --START--
INFO: Run Behavior\BuildLiteBehavior [ RunTime:0.000023s ]
INFO: [ app_init ] --END-- [ RunTime:0.000587s ]
ERR: 无法加载模块:Favicon

[ 2017-08-18T00:23:07+08:00 ] 127.0.0.1 http://idea.imsxm.com//rpc/releaseTicket.action?buildNumber=2016.2.1+Build+PS-162.1889.1&clientVersion=2&hostName=DESKTOP-47330T4&machineId=3c7ade1a-e001-4f8e-a2df-66b433a171a4&productCode=0d85f2cc-b84f-44c7-b319-93997d080ac9&productFamilyId=0d85f2cc-b84f-44c7-b319-93997d080ac9&salt=1502986987267&secure=false&ticketId=1&userName=%E7%8E%8B%E5%B4%87
INFO: [ app_init ] --START--
INFO: Run Behavior\BuildLiteBehavior [ RunTime:0.000316s ]
INFO: [ app_init ] --END-- [ RunTime:0.002364s ]
ERR: 无法加载模块:Rpc

