[ 2017-08-27T12:06:23+08:00 ] ::1 /favicon.ico
INFO: [ app_init ] --START--
INFO: Run Behavior\BuildLiteBehavior [ RunTime:0.000039s ]
INFO: [ app_init ] --END-- [ RunTime:0.000615s ]
ERR: 无法加载模块:Favicon

[ 2017-08-27T12:13:56+08:00 ] ::1 /favicon.ico
INFO: [ app_init ] --START--
INFO: Run Behavior\BuildLiteBehavior [ RunTime:0.000022s ]
INFO: [ app_init ] --END-- [ RunTime:0.000440s ]
ERR: 无法加载模块:Favicon

[ 2017-08-27T13:35:44+08:00 ] ::1 /assets/vendors/hackertyper/kernel.txt
INFO: [ app_init ] --START--
INFO: Run Behavior\BuildLiteBehavior [ RunTime:0.000046s ]
INFO: [ app_init ] --END-- [ RunTime:0.000619s ]
ERR: 无法加载模块:Assets

[ 2017-08-27T13:36:10+08:00 ] ::1 /assets/vendors/hackertyper/kernel.txt
INFO: [ app_init ] --START--
INFO: Run Behavior\BuildLiteBehavior [ RunTime:0.000033s ]
INFO: [ app_init ] --END-- [ RunTime:0.000602s ]
ERR: 无法加载模块:Assets

[ 2017-08-27T13:36:24+08:00 ] ::1 /assets/vendors/hackertyper/kernel.txt
INFO: [ app_init ] --START--
INFO: Run Behavior\BuildLiteBehavior [ RunTime:0.000040s ]
INFO: [ app_init ] --END-- [ RunTime:0.000680s ]
ERR: 无法加载模块:Assets

[ 2017-08-27T13:38:26+08:00 ] ::1 /assets/vendors/hackertyper/kernel.txt
INFO: [ app_init ] --START--
INFO: Run Behavior\BuildLiteBehavior [ RunTime:0.000027s ]
INFO: [ app_init ] --END-- [ RunTime:0.000551s ]
ERR: 无法加载模块:Assets

[ 2017-08-27T13:39:12+08:00 ] ::1 /assets/vendors/hackertyper/kernel.txt
INFO: [ app_init ] --START--
INFO: Run Behavior\BuildLiteBehavior [ RunTime:0.000024s ]
INFO: [ app_init ] --END-- [ RunTime:0.000464s ]
ERR: 无法加载模块:Assets

[ 2017-08-27T13:42:54+08:00 ] ::1 /assets/vendors/hackertyper/kernel.txt
INFO: [ app_init ] --START--
INFO: Run Behavior\BuildLiteBehavior [ RunTime:0.000271s ]
INFO: [ app_init ] --END-- [ RunTime:0.002375s ]
ERR: 无法加载模块:Assets

[ 2017-08-27T13:46:04+08:00 ] ::1 /assets/vendors/hackertyper/kernel.txt
INFO: [ app_init ] --START--
INFO: Run Behavior\BuildLiteBehavior [ RunTime:0.000025s ]
INFO: [ app_init ] --END-- [ RunTime:0.000475s ]
ERR: 无法加载模块:Assets

[ 2017-08-27T13:48:40+08:00 ] ::1 /assets/vendors/hackertyper/kernel.txt
INFO: [ app_init ] --START--
INFO: Run Behavior\BuildLiteBehavior [ RunTime:0.000025s ]
INFO: [ app_init ] --END-- [ RunTime:0.000463s ]
ERR: 无法加载模块:Assets

[ 2017-08-27T13:49:06+08:00 ] ::1 /assets/vendors/hackertyper/kernel.txt
INFO: [ app_init ] --START--
INFO: Run Behavior\BuildLiteBehavior [ RunTime:0.000026s ]
INFO: [ app_init ] --END-- [ RunTime:0.000537s ]
ERR: 无法加载模块:Assets

[ 2017-08-27T13:49:12+08:00 ] ::1 /assets/vendors/hackertyper/kernel.txt
INFO: [ app_init ] --START--
INFO: Run Behavior\BuildLiteBehavior [ RunTime:0.000025s ]
INFO: [ app_init ] --END-- [ RunTime:0.000467s ]
ERR: 无法加载模块:Assets

[ 2017-08-27T13:51:55+08:00 ] ::1 /assets/vendors/hackertyper/kernel.txt
INFO: [ app_init ] --START--
INFO: Run Behavior\BuildLiteBehavior [ RunTime:0.000026s ]
INFO: [ app_init ] --END-- [ RunTime:0.000504s ]
ERR: 无法加载模块:Assets

[ 2017-08-27T13:53:46+08:00 ] ::1 /assets/vendors/hackertyper/kernel.txt
INFO: [ app_init ] --START--
INFO: Run Behavior\BuildLiteBehavior [ RunTime:0.000024s ]
INFO: [ app_init ] --END-- [ RunTime:0.000456s ]
ERR: 无法加载模块:Assets

[ 2017-08-27T13:53:48+08:00 ] ::1 /assets/vendors/hackertyper/kernel.txt
INFO: [ app_init ] --START--
INFO: Run Behavior\BuildLiteBehavior [ RunTime:0.000024s ]
INFO: [ app_init ] --END-- [ RunTime:0.000449s ]
ERR: 无法加载模块:Assets

[ 2017-08-27T13:53:50+08:00 ] ::1 /assets/vendors/hackertyper/kernel.txt
INFO: [ app_init ] --START--
INFO: Run Behavior\BuildLiteBehavior [ RunTime:0.000026s ]
INFO: [ app_init ] --END-- [ RunTime:0.000490s ]
ERR: 无法加载模块:Assets

[ 2017-08-27T13:54:48+08:00 ] ::1 /assets/vendors/hackertyper/kernel.txt
INFO: [ app_init ] --START--
INFO: Run Behavior\BuildLiteBehavior [ RunTime:0.000026s ]
INFO: [ app_init ] --END-- [ RunTime:0.000518s ]
ERR: 无法加载模块:Assets

[ 2017-08-27T13:56:03+08:00 ] ::1 /assets/vendors/hackertyper/kernel.txt
INFO: [ app_init ] --START--
INFO: Run Behavior\BuildLiteBehavior [ RunTime:0.000027s ]
INFO: [ app_init ] --END-- [ RunTime:0.000583s ]
ERR: 无法加载模块:Assets

[ 2017-08-27T13:56:04+08:00 ] ::1 /assets/vendors/hackertyper/kernel.txt
INFO: [ app_init ] --START--
INFO: Run Behavior\BuildLiteBehavior [ RunTime:0.000038s ]
INFO: [ app_init ] --END-- [ RunTime:0.000674s ]
ERR: 无法加载模块:Assets

[ 2017-08-27T13:57:46+08:00 ] ::1 /assets/vendors/hackertyper/kernel.txt
INFO: [ app_init ] --START--
INFO: Run Behavior\BuildLiteBehavior [ RunTime:0.000033s ]
INFO: [ app_init ] --END-- [ RunTime:0.000478s ]
ERR: 无法加载模块:Assets

[ 2017-08-27T13:59:15+08:00 ] ::1 /assets/vendors/hackertyper/kernel.txt
INFO: [ app_init ] --START--
INFO: Run Behavior\BuildLiteBehavior [ RunTime:0.000049s ]
INFO: [ app_init ] --END-- [ RunTime:0.000949s ]
ERR: 无法加载模块:Assets

[ 2017-08-27T13:59:35+08:00 ] ::1 /assets/vendors/hackertyper/kernel.txt
INFO: [ app_init ] --START--
INFO: Run Behavior\BuildLiteBehavior [ RunTime:0.000025s ]
INFO: [ app_init ] --END-- [ RunTime:0.000550s ]
ERR: 无法加载模块:Assets

[ 2017-08-27T14:00:49+08:00 ] ::1 /assets/vendors/hackertyper/kernel.txt
INFO: [ app_init ] --START--
INFO: Run Behavior\BuildLiteBehavior [ RunTime:0.000042s ]
INFO: [ app_init ] --END-- [ RunTime:0.000812s ]
ERR: 无法加载模块:Assets

[ 2017-08-27T14:03:18+08:00 ] ::1 /assets/vendors/hackertyper/kernel.txt
INFO: [ app_init ] --START--
INFO: Run Behavior\BuildLiteBehavior [ RunTime:0.000047s ]
INFO: [ app_init ] --END-- [ RunTime:0.000885s ]
ERR: 无法加载模块:Assets

[ 2017-08-27T14:08:31+08:00 ] ::1 /assets/vendors/hackertyper/kernel.txt
INFO: [ app_init ] --START--
INFO: Run Behavior\BuildLiteBehavior [ RunTime:0.000023s ]
INFO: [ app_init ] --END-- [ RunTime:0.000426s ]
ERR: 无法加载模块:Assets

[ 2017-08-27T14:09:28+08:00 ] ::1 /assets/vendors/hackertyper/kernel.txt
INFO: [ app_init ] --START--
INFO: Run Behavior\BuildLiteBehavior [ RunTime:0.000024s ]
INFO: [ app_init ] --END-- [ RunTime:0.000430s ]
ERR: 无法加载模块:Assets

[ 2017-08-27T14:14:40+08:00 ] ::1 /assets/vendors/hackertyper/kernel.txt
INFO: [ app_init ] --START--
INFO: Run Behavior\BuildLiteBehavior [ RunTime:0.000036s ]
INFO: [ app_init ] --END-- [ RunTime:0.000596s ]
ERR: 无法加载模块:Assets

[ 2017-08-27T14:15:41+08:00 ] ::1 /assets/vendors/hackertyper/kernel.txt
INFO: [ app_init ] --START--
INFO: Run Behavior\BuildLiteBehavior [ RunTime:0.000023s ]
INFO: [ app_init ] --END-- [ RunTime:0.002938s ]
ERR: 无法加载模块:Assets

[ 2017-08-27T14:17:43+08:00 ] ::1 /assets/vendors/hackertyper/kernel.txt
INFO: [ app_init ] --START--
INFO: Run Behavior\BuildLiteBehavior [ RunTime:0.000044s ]
INFO: [ app_init ] --END-- [ RunTime:0.000429s ]
ERR: 无法加载模块:Assets

[ 2017-08-27T14:17:57+08:00 ] ::1 /assets/vendors/hackertyper/kernel.txt
INFO: [ app_init ] --START--
INFO: Run Behavior\BuildLiteBehavior [ RunTime:0.000023s ]
INFO: [ app_init ] --END-- [ RunTime:0.000435s ]
ERR: 无法加载模块:Assets

[ 2017-08-27T14:30:50+08:00 ] ::1 /assets/vendors/hackertyper/kernel.txt
INFO: [ app_init ] --START--
INFO: Run Behavior\BuildLiteBehavior [ RunTime:0.000023s ]
INFO: [ app_init ] --END-- [ RunTime:0.000429s ]
ERR: 无法加载模块:Assets

[ 2017-08-27T14:31:23+08:00 ] ::1 /assets/vendors/hackertyper/kernel.txt
INFO: [ app_init ] --START--
INFO: Run Behavior\BuildLiteBehavior [ RunTime:0.000023s ]
INFO: [ app_init ] --END-- [ RunTime:0.000380s ]
ERR: 无法加载模块:Assets

[ 2017-08-27T14:31:35+08:00 ] ::1 /assets/vendors/hackertyper/kernel.txt
INFO: [ app_init ] --START--
INFO: Run Behavior\BuildLiteBehavior [ RunTime:0.000034s ]
INFO: [ app_init ] --END-- [ RunTime:0.000503s ]
ERR: 无法加载模块:Assets

[ 2017-08-27T14:33:54+08:00 ] ::1 /assets/vendors/hackertyper/kernel.txt
INFO: [ app_init ] --START--
INFO: Run Behavior\BuildLiteBehavior [ RunTime:0.000048s ]
INFO: [ app_init ] --END-- [ RunTime:0.000515s ]
ERR: 无法加载模块:Assets

[ 2017-08-27T14:40:24+08:00 ] ::1 /assets/vendors/hackertyper/kernel.txt
INFO: [ app_init ] --START--
INFO: Run Behavior\BuildLiteBehavior [ RunTime:0.000038s ]
INFO: [ app_init ] --END-- [ RunTime:0.000479s ]
ERR: 无法加载模块:Assets

[ 2017-08-27T14:40:26+08:00 ] ::1 /assets/vendors/hackertyper/kernel.txt
INFO: [ app_init ] --START--
INFO: Run Behavior\BuildLiteBehavior [ RunTime:0.000025s ]
INFO: [ app_init ] --END-- [ RunTime:0.000506s ]
ERR: 无法加载模块:Assets

[ 2017-08-27T14:40:27+08:00 ] ::1 /assets/vendors/hackertyper/kernel.txt
INFO: [ app_init ] --START--
INFO: Run Behavior\BuildLiteBehavior [ RunTime:0.000026s ]
INFO: [ app_init ] --END-- [ RunTime:0.000728s ]
ERR: 无法加载模块:Assets

[ 2017-08-27T14:41:04+08:00 ] ::1 /assets/vendors/hackertyper/kernel.txt
INFO: [ app_init ] --START--
INFO: Run Behavior\BuildLiteBehavior [ RunTime:0.000023s ]
INFO: [ app_init ] --END-- [ RunTime:0.000441s ]
ERR: 无法加载模块:Assets

[ 2017-08-27T14:51:41+08:00 ] ::1 /assets/vendors/hackertyper/kernel.txt
INFO: [ app_init ] --START--
INFO: Run Behavior\BuildLiteBehavior [ RunTime:0.000024s ]
INFO: [ app_init ] --END-- [ RunTime:0.000485s ]
ERR: 无法加载模块:Assets

[ 2017-08-27T14:54:18+08:00 ] ::1 /assets/vendors/hackertyper/kernel.txt
INFO: [ app_init ] --START--
INFO: Run Behavior\BuildLiteBehavior [ RunTime:0.000038s ]
INFO: [ app_init ] --END-- [ RunTime:0.000644s ]
ERR: 无法加载模块:Assets

[ 2017-08-27T14:58:35+08:00 ] ::1 /assets/vendors/hackertyper/kernel.txt
INFO: [ app_init ] --START--
INFO: Run Behavior\BuildLiteBehavior [ RunTime:0.000043s ]
INFO: [ app_init ] --END-- [ RunTime:0.000640s ]
ERR: 无法加载模块:Assets

[ 2017-08-27T14:59:03+08:00 ] ::1 /assets/vendors/hackertyper/kernel.txt
INFO: [ app_init ] --START--
INFO: Run Behavior\BuildLiteBehavior [ RunTime:0.000024s ]
INFO: [ app_init ] --END-- [ RunTime:0.000440s ]
ERR: 无法加载模块:Assets

[ 2017-08-27T14:59:07+08:00 ] ::1 /assets/vendors/hackertyper/kernel.txt
INFO: [ app_init ] --START--
INFO: Run Behavior\BuildLiteBehavior [ RunTime:0.000023s ]
INFO: [ app_init ] --END-- [ RunTime:0.000427s ]
ERR: 无法加载模块:Assets

[ 2017-08-27T15:00:22+08:00 ] ::1 /assets/vendors/hackertyper/kernel.txt
INFO: [ app_init ] --START--
INFO: Run Behavior\BuildLiteBehavior [ RunTime:0.000026s ]
INFO: [ app_init ] --END-- [ RunTime:0.000432s ]
ERR: 无法加载模块:Assets

[ 2017-08-27T15:00:34+08:00 ] ::1 /assets/vendors/hackertyper/kernel.txt
INFO: [ app_init ] --START--
INFO: Run Behavior\BuildLiteBehavior [ RunTime:0.000027s ]
INFO: [ app_init ] --END-- [ RunTime:0.000440s ]
ERR: 无法加载模块:Assets

[ 2017-08-27T15:32:17+08:00 ] ::1 /assets/vendors/hackertyper/kernel.txt
INFO: [ app_init ] --START--
INFO: Run Behavior\BuildLiteBehavior [ RunTime:0.000025s ]
INFO: [ app_init ] --END-- [ RunTime:0.000459s ]
ERR: 无法加载模块:Assets

[ 2017-08-27T15:32:27+08:00 ] ::1 /assets/vendors/hackertyper/kernel.txt
INFO: [ app_init ] --START--
INFO: Run Behavior\BuildLiteBehavior [ RunTime:0.000039s ]
INFO: [ app_init ] --END-- [ RunTime:0.000466s ]
ERR: 无法加载模块:Assets

[ 2017-08-27T15:33:07+08:00 ] ::1 /assets/vendors/hackertyper/kernel.txt
INFO: [ app_init ] --START--
INFO: Run Behavior\BuildLiteBehavior [ RunTime:0.000026s ]
INFO: [ app_init ] --END-- [ RunTime:0.000563s ]
ERR: 无法加载模块:Assets

[ 2017-08-27T15:33:18+08:00 ] ::1 /assets/vendors/hackertyper/kernel.txt
INFO: [ app_init ] --START--
INFO: Run Behavior\BuildLiteBehavior [ RunTime:0.000026s ]
INFO: [ app_init ] --END-- [ RunTime:0.000504s ]
ERR: 无法加载模块:Assets

[ 2017-08-27T15:33:52+08:00 ] ::1 /assets/vendors/hackertyper/kernel.txt
INFO: [ app_init ] --START--
INFO: Run Behavior\BuildLiteBehavior [ RunTime:0.000036s ]
INFO: [ app_init ] --END-- [ RunTime:0.000690s ]
ERR: 无法加载模块:Assets

[ 2017-08-27T15:34:03+08:00 ] ::1 /assets/vendors/hackertyper/kernel.txt
INFO: [ app_init ] --START--
INFO: Run Behavior\BuildLiteBehavior [ RunTime:0.000034s ]
INFO: [ app_init ] --END-- [ RunTime:0.000552s ]
ERR: 无法加载模块:Assets

[ 2017-08-27T15:36:25+08:00 ] ::1 /assets/vendors/hackertyper/kernel.txt
INFO: [ app_init ] --START--
INFO: Run Behavior\BuildLiteBehavior [ RunTime:0.000025s ]
INFO: [ app_init ] --END-- [ RunTime:0.000480s ]
ERR: 无法加载模块:Assets

[ 2017-08-27T15:36:26+08:00 ] ::1 /assets/vendors/hackertyper/kernel.txt
INFO: [ app_init ] --START--
INFO: Run Behavior\BuildLiteBehavior [ RunTime:0.000035s ]
INFO: [ app_init ] --END-- [ RunTime:0.001197s ]
ERR: 无法加载模块:Assets

[ 2017-08-27T15:36:38+08:00 ] ::1 /assets/vendors/hackertyper/kernel.txt
INFO: [ app_init ] --START--
INFO: Run Behavior\BuildLiteBehavior [ RunTime:0.000022s ]
INFO: [ app_init ] --END-- [ RunTime:0.000420s ]
ERR: 无法加载模块:Assets

[ 2017-08-27T15:36:56+08:00 ] ::1 /assets/vendors/hackertyper/kernel.txt
INFO: [ app_init ] --START--
INFO: Run Behavior\BuildLiteBehavior [ RunTime:0.000038s ]
INFO: [ app_init ] --END-- [ RunTime:0.000647s ]
ERR: 无法加载模块:Assets

[ 2017-08-27T15:38:37+08:00 ] ::1 /assets/vendors/hackertyper/kernel.txt
INFO: [ app_init ] --START--
INFO: Run Behavior\BuildLiteBehavior [ RunTime:0.000036s ]
INFO: [ app_init ] --END-- [ RunTime:0.000636s ]
ERR: 无法加载模块:Assets

[ 2017-08-27T15:38:38+08:00 ] ::1 /assets/vendors/hackertyper/kernel.txt
INFO: [ app_init ] --START--
INFO: Run Behavior\BuildLiteBehavior [ RunTime:0.000039s ]
INFO: [ app_init ] --END-- [ RunTime:0.000718s ]
ERR: 无法加载模块:Assets

[ 2017-08-27T18:28:37+08:00 ] ::1 /assets/vendors/hackertyper/kernel.txt
INFO: [ app_init ] --START--
INFO: Run Behavior\BuildLiteBehavior [ RunTime:0.000023s ]
INFO: [ app_init ] --END-- [ RunTime:0.000464s ]
ERR: 无法加载模块:Assets

[ 2017-08-27T18:29:20+08:00 ] ::1 /assets/vendors/hackertyper/kernel.txt
INFO: [ app_init ] --START--
INFO: Run Behavior\BuildLiteBehavior [ RunTime:0.000038s ]
INFO: [ app_init ] --END-- [ RunTime:0.000636s ]
ERR: 无法加载模块:Assets

[ 2017-08-27T18:36:46+08:00 ] ::1 /assets/vendors/hackertyper/kernel.txt
INFO: [ app_init ] --START--
INFO: Run Behavior\BuildLiteBehavior [ RunTime:0.000033s ]
INFO: [ app_init ] --END-- [ RunTime:0.000472s ]
ERR: 无法加载模块:Assets

[ 2017-08-27T20:56:47+08:00 ] ::1 /favicon.ico
INFO: [ app_init ] --START--
INFO: Run Behavior\BuildLiteBehavior [ RunTime:0.000035s ]
INFO: [ app_init ] --END-- [ RunTime:0.000678s ]
ERR: 无法加载模块:Favicon

[ 2017-08-27T21:03:06+08:00 ] ::1 /assets/vendors/hackertyper/kernel.txt
INFO: [ app_init ] --START--
INFO: Run Behavior\BuildLiteBehavior [ RunTime:0.000037s ]
INFO: [ app_init ] --END-- [ RunTime:0.000705s ]
ERR: 无法加载模块:Assets

[ 2017-08-27T21:08:38+08:00 ] ::1 /assets/vendors/hackertyper/kernel.txt
INFO: [ app_init ] --START--
INFO: Run Behavior\BuildLiteBehavior [ RunTime:0.000023s ]
INFO: [ app_init ] --END-- [ RunTime:0.000400s ]
ERR: 无法加载模块:Assets

[ 2017-08-27T21:09:36+08:00 ] ::1 /assets/vendors/hackertyper/kernel.txt
INFO: [ app_init ] --START--
INFO: Run Behavior\BuildLiteBehavior [ RunTime:0.000038s ]
INFO: [ app_init ] --END-- [ RunTime:0.000711s ]
ERR: 无法加载模块:Assets

[ 2017-08-27T21:10:40+08:00 ] ::1 /assets/vendors/hackertyper/kernel.txt
INFO: [ app_init ] --START--
INFO: Run Behavior\BuildLiteBehavior [ RunTime:0.000037s ]
INFO: [ app_init ] --END-- [ RunTime:0.000646s ]
ERR: 无法加载模块:Assets

[ 2017-08-27T21:10:41+08:00 ] ::1 /assets/vendors/hackertyper/kernel.txt
INFO: [ app_init ] --START--
INFO: Run Behavior\BuildLiteBehavior [ RunTime:0.000036s ]
INFO: [ app_init ] --END-- [ RunTime:0.000653s ]
ERR: 无法加载模块:Assets

[ 2017-08-27T21:11:20+08:00 ] ::1 /assets/vendors/hackertyper/kernel.txt
INFO: [ app_init ] --START--
INFO: Run Behavior\BuildLiteBehavior [ RunTime:0.000023s ]
INFO: [ app_init ] --END-- [ RunTime:0.000394s ]
ERR: 无法加载模块:Assets

[ 2017-08-27T21:12:02+08:00 ] ::1 /assets/vendors/hackertyper/kernel.txt
INFO: [ app_init ] --START--
INFO: Run Behavior\BuildLiteBehavior [ RunTime:0.000089s ]
INFO: [ app_init ] --END-- [ RunTime:0.000984s ]
ERR: 无法加载模块:Assets

[ 2017-08-27T21:12:03+08:00 ] ::1 /assets/vendors/hackertyper/kernel.txt
INFO: [ app_init ] --START--
INFO: Run Behavior\BuildLiteBehavior [ RunTime:0.000033s ]
INFO: [ app_init ] --END-- [ RunTime:0.000612s ]
ERR: 无法加载模块:Assets

[ 2017-08-27T21:12:59+08:00 ] ::1 /assets/vendors/hackertyper/kernel.txt
INFO: [ app_init ] --START--
INFO: Run Behavior\BuildLiteBehavior [ RunTime:0.000037s ]
INFO: [ app_init ] --END-- [ RunTime:0.000613s ]
ERR: 无法加载模块:Assets

[ 2017-08-27T21:21:44+08:00 ] ::1 /assets/vendors/hackertyper/kernel.txt
INFO: [ app_init ] --START--
INFO: Run Behavior\BuildLiteBehavior [ RunTime:0.000067s ]
INFO: [ app_init ] --END-- [ RunTime:0.000521s ]
ERR: 无法加载模块:Assets

[ 2017-08-27T21:23:45+08:00 ] ::1 /assets/vendors/hackertyper/kernel.txt
INFO: [ app_init ] --START--
INFO: Run Behavior\BuildLiteBehavior [ RunTime:0.000036s ]
INFO: [ app_init ] --END-- [ RunTime:0.000615s ]
ERR: 无法加载模块:Assets

[ 2017-08-27T21:24:12+08:00 ] ::1 /assets/vendors/hackertyper/kernel.txt
INFO: [ app_init ] --START--
INFO: Run Behavior\BuildLiteBehavior [ RunTime:0.000023s ]
INFO: [ app_init ] --END-- [ RunTime:0.000451s ]
ERR: 无法加载模块:Assets

[ 2017-08-27T21:27:21+08:00 ] ::1 /assets/vendors/hackertyper/kernel.txt
INFO: [ app_init ] --START--
INFO: Run Behavior\BuildLiteBehavior [ RunTime:0.000028s ]
INFO: [ app_init ] --END-- [ RunTime:0.000631s ]
ERR: 无法加载模块:Assets

[ 2017-08-27T21:27:59+08:00 ] ::1 /assets/vendors/hackertyper/kernel.txt
INFO: [ app_init ] --START--
INFO: Run Behavior\BuildLiteBehavior [ RunTime:0.000024s ]
INFO: [ app_init ] --END-- [ RunTime:0.000487s ]
ERR: 无法加载模块:Assets

[ 2017-08-27T21:33:54+08:00 ] ::1 /assets/vendors/hackertyper/kernel.txt
INFO: [ app_init ] --START--
INFO: Run Behavior\BuildLiteBehavior [ RunTime:0.000024s ]
INFO: [ app_init ] --END-- [ RunTime:0.000438s ]
ERR: 无法加载模块:Assets

[ 2017-08-27T21:35:12+08:00 ] ::1 /assets/vendors/hackertyper/kernel.txt
INFO: [ app_init ] --START--
INFO: Run Behavior\BuildLiteBehavior [ RunTime:0.000023s ]
INFO: [ app_init ] --END-- [ RunTime:0.000416s ]
ERR: 无法加载模块:Assets

[ 2017-08-27T21:40:09+08:00 ] ::1 /favicon.ico
INFO: [ app_init ] --START--
INFO: Run Behavior\BuildLiteBehavior [ RunTime:0.000023s ]
INFO: [ app_init ] --END-- [ RunTime:0.000457s ]
ERR: 无法加载模块:Favicon

[ 2017-08-27T21:41:19+08:00 ] ::1 /assets/vendors/hackertyper/kernel.txt
INFO: [ app_init ] --START--
INFO: Run Behavior\BuildLiteBehavior [ RunTime:0.000023s ]
INFO: [ app_init ] --END-- [ RunTime:0.000450s ]
ERR: 无法加载模块:Assets

[ 2017-08-27T21:41:36+08:00 ] ::1 /assets/vendors/hackertyper/kernel.txt
INFO: [ app_init ] --START--
INFO: Run Behavior\BuildLiteBehavior [ RunTime:0.000034s ]
INFO: [ app_init ] --END-- [ RunTime:0.000639s ]
ERR: 无法加载模块:Assets

[ 2017-08-27T21:41:57+08:00 ] ::1 /assets/vendors/hackertyper/kernel.txt
INFO: [ app_init ] --START--
INFO: Run Behavior\BuildLiteBehavior [ RunTime:0.000045s ]
INFO: [ app_init ] --END-- [ RunTime:0.001252s ]
ERR: 无法加载模块:Assets

[ 2017-08-27T21:47:13+08:00 ] ::1 /assets/vendors/hackertyper/kernel.txt
INFO: [ app_init ] --START--
INFO: Run Behavior\BuildLiteBehavior [ RunTime:0.000036s ]
INFO: [ app_init ] --END-- [ RunTime:0.000450s ]
ERR: 无法加载模块:Assets

[ 2017-08-27T21:47:38+08:00 ] ::1 /favicon.ico
INFO: [ app_init ] --START--
INFO: Run Behavior\BuildLiteBehavior [ RunTime:0.000043s ]
INFO: [ app_init ] --END-- [ RunTime:0.000770s ]
ERR: 无法加载模块:Favicon

[ 2017-08-27T21:48:56+08:00 ] ::1 /assets/vendors/hackertyper/kernel.txt
INFO: [ app_init ] --START--
INFO: Run Behavior\BuildLiteBehavior [ RunTime:0.000024s ]
INFO: [ app_init ] --END-- [ RunTime:0.000421s ]
ERR: 无法加载模块:Assets

[ 2017-08-27T21:51:15+08:00 ] ::1 /assets/vendors/hackertyper/kernel.txt
INFO: [ app_init ] --START--
INFO: Run Behavior\BuildLiteBehavior [ RunTime:0.000052s ]
INFO: [ app_init ] --END-- [ RunTime:0.000461s ]
ERR: 无法加载模块:Assets

[ 2017-08-27T21:52:33+08:00 ] ::1 /assets/vendors/hackertyper/kernel.txt
INFO: [ app_init ] --START--
INFO: Run Behavior\BuildLiteBehavior [ RunTime:0.000040s ]
INFO: [ app_init ] --END-- [ RunTime:0.001195s ]
ERR: 无法加载模块:Assets

[ 2017-08-27T21:53:04+08:00 ] ::1 /assets/vendors/hackertyper/kernel.txt
INFO: [ app_init ] --START--
INFO: Run Behavior\BuildLiteBehavior [ RunTime:0.000023s ]
INFO: [ app_init ] --END-- [ RunTime:0.000422s ]
ERR: 无法加载模块:Assets

[ 2017-08-27T21:55:22+08:00 ] ::1 /assets/vendors/hackertyper/kernel.txt
INFO: [ app_init ] --START--
INFO: Run Behavior\BuildLiteBehavior [ RunTime:0.000037s ]
INFO: [ app_init ] --END-- [ RunTime:0.000505s ]
ERR: 无法加载模块:Assets

[ 2017-08-27T21:56:27+08:00 ] ::1 /assets/vendors/hackertyper/kernel.txt
INFO: [ app_init ] --START--
INFO: Run Behavior\BuildLiteBehavior [ RunTime:0.000037s ]
INFO: [ app_init ] --END-- [ RunTime:0.000497s ]
ERR: 无法加载模块:Assets

[ 2017-08-27T21:58:26+08:00 ] ::1 /favicon.ico
INFO: [ app_init ] --START--
INFO: Run Behavior\BuildLiteBehavior [ RunTime:0.000022s ]
INFO: [ app_init ] --END-- [ RunTime:0.000468s ]
ERR: 无法加载模块:Favicon

[ 2017-08-27T21:58:38+08:00 ] ::1 /assets/vendors/hackertyper/kernel.txt
INFO: [ app_init ] --START--
INFO: Run Behavior\BuildLiteBehavior [ RunTime:0.000026s ]
INFO: [ app_init ] --END-- [ RunTime:0.000545s ]
ERR: 无法加载模块:Assets

[ 2017-08-27T21:59:46+08:00 ] ::1 /assets/vendors/hackertyper/kernel.txt
INFO: [ app_init ] --START--
INFO: Run Behavior\BuildLiteBehavior [ RunTime:0.000030s ]
INFO: [ app_init ] --END-- [ RunTime:0.001855s ]
ERR: 无法加载模块:Assets

[ 2017-08-27T22:00:31+08:00 ] ::1 /favicon.ico
INFO: [ app_init ] --START--
INFO: Run Behavior\BuildLiteBehavior [ RunTime:0.000025s ]
INFO: [ app_init ] --END-- [ RunTime:0.000591s ]
ERR: 无法加载模块:Favicon

[ 2017-08-27T22:02:32+08:00 ] ::1 /assets/vendors/hackertyper/kernel.txt
INFO: [ app_init ] --START--
INFO: Run Behavior\BuildLiteBehavior [ RunTime:0.000023s ]
INFO: [ app_init ] --END-- [ RunTime:0.000432s ]
ERR: 无法加载模块:Assets

[ 2017-08-27T22:03:59+08:00 ] ::1 /assets/vendors/hackertyper/kernel.txt
INFO: [ app_init ] --START--
INFO: Run Behavior\BuildLiteBehavior [ RunTime:0.000037s ]
INFO: [ app_init ] --END-- [ RunTime:0.000659s ]
ERR: 无法加载模块:Assets

[ 2017-08-27T22:04:28+08:00 ] ::1 /assets/vendors/hackertyper/kernel.txt
INFO: [ app_init ] --START--
INFO: Run Behavior\BuildLiteBehavior [ RunTime:0.000023s ]
INFO: [ app_init ] --END-- [ RunTime:0.000447s ]
ERR: 无法加载模块:Assets

[ 2017-08-27T22:05:18+08:00 ] ::1 /favicon.ico
INFO: [ app_init ] --START--
INFO: Run Behavior\BuildLiteBehavior [ RunTime:0.000026s ]
INFO: [ app_init ] --END-- [ RunTime:0.000587s ]
ERR: 无法加载模块:Favicon

[ 2017-08-27T22:05:43+08:00 ] ::1 /assets/vendors/hackertyper/kernel.txt
INFO: [ app_init ] --START--
INFO: Run Behavior\BuildLiteBehavior [ RunTime:0.000023s ]
INFO: [ app_init ] --END-- [ RunTime:0.000439s ]
ERR: 无法加载模块:Assets

[ 2017-08-27T22:14:02+08:00 ] ::1 /assets/vendors/hackertyper/kernel.txt
INFO: [ app_init ] --START--
INFO: Run Behavior\BuildLiteBehavior [ RunTime:0.000042s ]
INFO: [ app_init ] --END-- [ RunTime:0.000769s ]
ERR: 无法加载模块:Assets

[ 2017-08-27T22:15:21+08:00 ] ::1 /assets/vendors/hackertyper/kernel.txt
INFO: [ app_init ] --START--
INFO: Run Behavior\BuildLiteBehavior [ RunTime:0.000036s ]
INFO: [ app_init ] --END-- [ RunTime:0.000626s ]
ERR: 无法加载模块:Assets

[ 2017-08-27T22:15:44+08:00 ] ::1 /assets/vendors/hackertyper/kernel.txt
INFO: [ app_init ] --START--
INFO: Run Behavior\BuildLiteBehavior [ RunTime:0.000026s ]
INFO: [ app_init ] --END-- [ RunTime:0.000631s ]
ERR: 无法加载模块:Assets

[ 2017-08-27T22:16:01+08:00 ] ::1 /favicon.ico
INFO: [ app_init ] --START--
INFO: Run Behavior\BuildLiteBehavior [ RunTime:0.000022s ]
INFO: [ app_init ] --END-- [ RunTime:0.000387s ]
ERR: 无法加载模块:Favicon

[ 2017-08-27T22:43:49+08:00 ] ::1 /assets/vendors/hackertyper/kernel.txt
INFO: [ app_init ] --START--
INFO: Run Behavior\BuildLiteBehavior [ RunTime:0.000022s ]
INFO: [ app_init ] --END-- [ RunTime:0.000334s ]
ERR: 无法加载模块:Assets

[ 2017-08-27T22:43:51+08:00 ] ::1 /assets/vendors/hackertyper/kernel.txt
INFO: [ app_init ] --START--
INFO: Run Behavior\BuildLiteBehavior [ RunTime:0.000024s ]
INFO: [ app_init ] --END-- [ RunTime:0.000474s ]
ERR: 无法加载模块:Assets

[ 2017-08-27T22:44:04+08:00 ] ::1 /assets/vendors/hackertyper/kernel.txt
INFO: [ app_init ] --START--
INFO: Run Behavior\BuildLiteBehavior [ RunTime:0.000032s ]
INFO: [ app_init ] --END-- [ RunTime:0.000536s ]
ERR: 无法加载模块:Assets

[ 2017-08-27T22:46:10+08:00 ] ::1 /assets/vendors/hackertyper/kernel.txt
INFO: [ app_init ] --START--
INFO: Run Behavior\BuildLiteBehavior [ RunTime:0.000023s ]
INFO: [ app_init ] --END-- [ RunTime:0.000359s ]
ERR: 无法加载模块:Assets

[ 2017-08-27T22:56:07+08:00 ] ::1 /assets/vendors/hackertyper/kernel.txt
INFO: [ app_init ] --START--
INFO: Run Behavior\BuildLiteBehavior [ RunTime:0.000023s ]
INFO: [ app_init ] --END-- [ RunTime:0.000427s ]
ERR: 无法加载模块:Assets

[ 2017-08-27T23:07:16+08:00 ] ::1 /assets/vendors/hackertyper/kernel.txt
INFO: [ app_init ] --START--
INFO: Run Behavior\BuildLiteBehavior [ RunTime:0.000022s ]
INFO: [ app_init ] --END-- [ RunTime:0.000376s ]
ERR: 无法加载模块:Assets

[ 2017-08-27T23:07:18+08:00 ] ::1 /assets/vendors/hackertyper/kernel.txt
INFO: [ app_init ] --START--
INFO: Run Behavior\BuildLiteBehavior [ RunTime:0.000038s ]
INFO: [ app_init ] --END-- [ RunTime:0.000598s ]
ERR: 无法加载模块:Assets

[ 2017-08-27T23:07:19+08:00 ] ::1 /assets/vendors/hackertyper/kernel.txt
INFO: [ app_init ] --START--
INFO: Run Behavior\BuildLiteBehavior [ RunTime:0.000049s ]
INFO: [ app_init ] --END-- [ RunTime:0.000791s ]
ERR: 无法加载模块:Assets

[ 2017-08-27T23:08:55+08:00 ] ::1 /assets/vendors/hackertyper/kernel.txt
INFO: [ app_init ] --START--
INFO: Run Behavior\BuildLiteBehavior [ RunTime:0.000039s ]
INFO: [ app_init ] --END-- [ RunTime:0.000687s ]
ERR: 无法加载模块:Assets

[ 2017-08-27T23:09:12+08:00 ] ::1 /assets/vendors/hackertyper/kernel.txt
INFO: [ app_init ] --START--
INFO: Run Behavior\BuildLiteBehavior [ RunTime:0.000023s ]
INFO: [ app_init ] --END-- [ RunTime:0.000371s ]
ERR: 无法加载模块:Assets

[ 2017-08-27T23:21:39+08:00 ] 192.168.1.100 /favicon.ico
INFO: [ app_init ] --START--
INFO: Run Behavior\BuildLiteBehavior [ RunTime:0.000021s ]
INFO: [ app_init ] --END-- [ RunTime:0.000366s ]
ERR: 无法加载模块:Favicon

[ 2017-08-27T23:22:04+08:00 ] 192.168.1.100 /favicon.ico
INFO: [ app_init ] --START--
INFO: Run Behavior\BuildLiteBehavior [ RunTime:0.000021s ]
INFO: [ app_init ] --END-- [ RunTime:0.000356s ]
ERR: 无法加载模块:Favicon

[ 2017-08-27T23:22:30+08:00 ] 192.168.1.100 /favicon.ico
INFO: [ app_init ] --START--
INFO: Run Behavior\BuildLiteBehavior [ RunTime:0.000032s ]
INFO: [ app_init ] --END-- [ RunTime:0.000518s ]
ERR: 无法加载模块:Favicon

[ 2017-08-27T23:28:49+08:00 ] 192.168.1.100 /assets/vendors/hackertyper/kernel.txt
INFO: [ app_init ] --START--
INFO: Run Behavior\BuildLiteBehavior [ RunTime:0.000034s ]
INFO: [ app_init ] --END-- [ RunTime:0.000550s ]
ERR: 无法加载模块:Assets

[ 2017-08-27T23:28:49+08:00 ] 192.168.1.100 /favicon.ico
INFO: [ app_init ] --START--
INFO: Run Behavior\BuildLiteBehavior [ RunTime:0.000021s ]
INFO: [ app_init ] --END-- [ RunTime:0.000356s ]
ERR: 无法加载模块:Favicon

[ 2017-08-27T23:40:40+08:00 ] ::1 /assets/vendors/hackertyper/kernel.txt
INFO: [ app_init ] --START--
INFO: Run Behavior\BuildLiteBehavior [ RunTime:0.000024s ]
INFO: [ app_init ] --END-- [ RunTime:0.000370s ]
ERR: 无法加载模块:Assets

