[ 2017-08-25T09:03:37+08:00 ] ::1 /favicon.ico
INFO: [ app_init ] --START--
INFO: Run Behavior\BuildLiteBehavior [ RunTime:0.000036s ]
INFO: [ app_init ] --END-- [ RunTime:0.000533s ]
ERR: 无法加载模块:Favicon

[ 2017-08-25T09:20:04+08:00 ] ::1 /Uploads/%E5%8E%BB%E7%8E%A9%E5%84%BF%E5%8C%BA%E4%BD%8D%E5%9B%BE/2017-08-24/599eed5cbcb9a3.03408791.jpg
INFO: [ app_init ] --START--
INFO: Run Behavior\BuildLiteBehavior [ RunTime:0.000037s ]
INFO: [ app_init ] --END-- [ RunTime:0.000550s ]
ERR: 无法加载模块:Uploads

[ 2017-08-25T09:20:04+08:00 ] ::1 /Uploads/%E5%8E%BB%E7%8E%A9%E5%84%BF%E5%8C%BA%E4%BD%8D%E5%9B%BE/2017-08-24/599eed5cbdd260.02380902.jpg
INFO: [ app_init ] --START--
INFO: Run Behavior\BuildLiteBehavior [ RunTime:0.000035s ]
INFO: [ app_init ] --END-- [ RunTime:0.000597s ]
ERR: 无法加载模块:Uploads

[ 2017-08-25T09:20:04+08:00 ] ::1 /Uploads/%E5%8E%BB%E7%8E%A9%E5%84%BF%E5%8C%BA%E4%BD%8D%E5%9B%BE/2017-08-24/599eed5cbeba43.86003152.jpg
INFO: [ app_init ] --START--
INFO: Run Behavior\BuildLiteBehavior [ RunTime:0.000033s ]
INFO: [ app_init ] --END-- [ RunTime:0.000565s ]
ERR: 无法加载模块:Uploads

[ 2017-08-25T09:20:04+08:00 ] ::1 /Uploads/%E5%8E%BB%E7%8E%A9%E5%84%BF%E5%8C%BA%E4%BD%8D%E5%9B%BE/2017-08-24/599eed5cbf61c0.48524478.jpg
INFO: [ app_init ] --START--
INFO: Run Behavior\BuildLiteBehavior [ RunTime:0.000042s ]
INFO: [ app_init ] --END-- [ RunTime:0.000692s ]
ERR: 无法加载模块:Uploads

[ 2017-08-25T09:20:04+08:00 ] ::1 /Uploads/%E5%8E%BB%E7%8E%A9%E5%84%BF%E5%8C%BA%E4%BD%8D%E5%9B%BE/2017-08-24/599eed5cc00395.67617141.jpg
INFO: [ app_init ] --START--
INFO: Run Behavior\BuildLiteBehavior [ RunTime:0.000037s ]
INFO: [ app_init ] --END-- [ RunTime:0.000615s ]
ERR: 无法加载模块:Uploads

[ 2017-08-25T09:20:04+08:00 ] ::1 /Uploads/hgjhg/2017-08-24/599ef03fa3c8a4.55455794.jpg
INFO: [ app_init ] --START--
INFO: Run Behavior\BuildLiteBehavior [ RunTime:0.000036s ]
INFO: [ app_init ] --END-- [ RunTime:0.000656s ]
ERR: 无法加载模块:Uploads

[ 2017-08-25T09:20:04+08:00 ] ::1 /Uploads/hgjhg/2017-08-24/599ef03fa4b791.04897615.jpg
INFO: [ app_init ] --START--
INFO: Run Behavior\BuildLiteBehavior [ RunTime:0.000038s ]
INFO: [ app_init ] --END-- [ RunTime:0.000602s ]
ERR: 无法加载模块:Uploads

[ 2017-08-25T09:20:04+08:00 ] ::1 /Uploads/hgjhg/2017-08-24/599ef03fa56558.46902695.jpg
INFO: [ app_init ] --START--
INFO: Run Behavior\BuildLiteBehavior [ RunTime:0.000038s ]
INFO: [ app_init ] --END-- [ RunTime:0.000546s ]
ERR: 无法加载模块:Uploads

[ 2017-08-25T09:20:04+08:00 ] ::1 /Uploads/hgjhg/2017-08-24/599ef03fa60fc0.67150618.jpg
INFO: [ app_init ] --START--
INFO: Run Behavior\BuildLiteBehavior [ RunTime:0.000041s ]
INFO: [ app_init ] --END-- [ RunTime:0.000689s ]
ERR: 无法加载模块:Uploads

[ 2017-08-25T09:20:04+08:00 ] ::1 /Uploads/hgjhg/2017-08-24/599ef03fa70af6.49197493.png
INFO: [ app_init ] --START--
INFO: Run Behavior\BuildLiteBehavior [ RunTime:0.000042s ]
INFO: [ app_init ] --END-- [ RunTime:0.000709s ]
ERR: 无法加载模块:Uploads

[ 2017-08-25T09:20:05+08:00 ] ::1 /Uploads/%E5%8E%BB%E7%8E%A9%E5%84%BF%E5%8C%BA%E4%BD%8D%E5%9B%BE/2017-08-24/599eed5cbf61c0.48524478.jpg
INFO: [ app_init ] --START--
INFO: Run Behavior\BuildLiteBehavior [ RunTime:0.000123s ]
INFO: [ app_init ] --END-- [ RunTime:0.002655s ]
ERR: 无法加载模块:Uploads

[ 2017-08-25T09:20:32+08:00 ] ::1 /Uploads/%E5%8E%BB%E7%8E%A9%E5%84%BF%E5%8C%BA%E4%BD%8D%E5%9B%BE/2017-08-24/599eed5cbcb9a3.03408791.jpg
INFO: [ app_init ] --START--
INFO: Run Behavior\BuildLiteBehavior [ RunTime:0.000041s ]
INFO: [ app_init ] --END-- [ RunTime:0.000686s ]
ERR: 无法加载模块:Uploads

[ 2017-08-25T09:20:32+08:00 ] ::1 /Uploads/%E5%8E%BB%E7%8E%A9%E5%84%BF%E5%8C%BA%E4%BD%8D%E5%9B%BE/2017-08-24/599eed5cbdd260.02380902.jpg
INFO: [ app_init ] --START--
INFO: Run Behavior\BuildLiteBehavior [ RunTime:0.000023s ]
INFO: [ app_init ] --END-- [ RunTime:0.000399s ]
ERR: 无法加载模块:Uploads

[ 2017-08-25T09:20:32+08:00 ] ::1 /Uploads/%E5%8E%BB%E7%8E%A9%E5%84%BF%E5%8C%BA%E4%BD%8D%E5%9B%BE/2017-08-24/599eed5cbeba43.86003152.jpg
INFO: [ app_init ] --START--
INFO: Run Behavior\BuildLiteBehavior [ RunTime:0.000037s ]
INFO: [ app_init ] --END-- [ RunTime:0.000688s ]
ERR: 无法加载模块:Uploads

[ 2017-08-25T09:20:32+08:00 ] ::1 /Uploads/%E5%8E%BB%E7%8E%A9%E5%84%BF%E5%8C%BA%E4%BD%8D%E5%9B%BE/2017-08-24/599eed5cbf61c0.48524478.jpg
INFO: [ app_init ] --START--
INFO: Run Behavior\BuildLiteBehavior [ RunTime:0.000059s ]
INFO: [ app_init ] --END-- [ RunTime:0.000695s ]
ERR: 无法加载模块:Uploads

[ 2017-08-25T09:20:32+08:00 ] ::1 /Uploads/hgjhg/2017-08-24/599ef03fa60fc0.67150618.jpg
INFO: [ app_init ] --START--
INFO: Run Behavior\BuildLiteBehavior [ RunTime:0.000062s ]
INFO: [ app_init ] --END-- [ RunTime:0.000594s ]
ERR: 无法加载模块:Uploads

[ 2017-08-25T09:20:32+08:00 ] ::1 /Uploads/hgjhg/2017-08-24/599ef03fa70af6.49197493.png
INFO: [ app_init ] --START--
INFO: Run Behavior\BuildLiteBehavior [ RunTime:0.000049s ]
INFO: [ app_init ] --END-- [ RunTime:0.000558s ]
ERR: 无法加载模块:Uploads

:0.000552s ]
ERR: 无法加载模块:Uploads

[ 2017-08-25T09:20:32+08:00 ] ::1 /Uploads/hgjhg/2017-08-24/599ef03fa4b791.04897615.jpg
INFO: [ app_init ] --START--
INFO: Run Behavior\BuildLiteBehavior [ RunTime:0.000035s ]
INFO: [ app_init ] --END-- [ RunTime:0.000625s ]
ERR: 无法加载模块:Uploads

[ 2017-08-25T09:20:32+08:00 ] ::1 /Uploads/hgjhg/2017-08-24/599ef03fa3c8a4.55455794.jpg
INFO: [ app_init ] --START--
INFO: Run Behavior\BuildLiteBehavior [ RunTime:0.000034s ]
INFO: [ app_init ] --END-- [ RunTime:0.004558s ]
ERR: 无法加载模块:Uploads

[ 2017-08-25T09:20:32+08:00 ] ::1 /Uploads/hgjhg/2017-08-24/599ef03fa56558.46902695.jpg
INFO: [ app_init ] --START--
INFO: Run Behavior\BuildLiteBehavior [ RunTime:0.000037s ]
INFO: [ app_init ] --END-- [ RunTime:0.000766s ]
ERR: 无法加载模块:Uploads

[ 2017-08-25T09:20:32+08:00 ] ::1 /Uploads/%E5%8E%BB%E7%8E%A9%E5%84%BF%E5%8C%BA%E4%BD%8D%E5%9B%BE/2017-08-24/599eed5cbcb9a3.03408791.jpg
INFO: [ app_init ] --START--
INFO: Run Behavior\BuildLiteBehavior [ RunTime:0.000108s ]
INFO: [ app_init ] --END-- [ RunTime:0.000704s ]
ERR: 无法加载模块:Uploads

[ 2017-08-25T09:20:32+08:00 ] ::1 /Uploads/%E5%8E%BB%E7%8E%A9%E5%84%BF%E5%8C%BA%E4%BD%8D%E5%9B%BE/2017-08-24/599eed5cbdd260.02380902.jpg
INFO: [ app_init ] --START--
INFO: Run Behavior\BuildLiteBehavior [ RunTime:0.000035s ]
INFO: [ app_init ] --END-- [ RunTime:0.000568s ]
ERR: 无法加载模块:Uploads

[ 2017-08-25T09:20:32+08:00 ] ::1 /Uploads/%E5%8E%BB%E7%8E%A9%E5%84%BF%E5%8C%BA%E4%BD%8D%E5%9B%BE/2017-08-24/599eed5cbeba43.86003152.jpg
INFO: [ app_init ] --START--
INFO: Run Behavior\BuildLiteBehavior [ RunTime:0.000042s ]
INFO: [ app_init ] --END-- [ RunTime:0.000746s ]
ERR: 无法加载模块:Uploads

[ 2017-08-25T09:20:32+08:00 ] ::1 /Uploads/%E5%8E%BB%E7%8E%A9%E5%84%BF%E5%8C%BA%E4%BD%8D%E5%9B%BE/2017-08-24/599eed5cbf61c0.48524478.jpg
INFO: [ app_init ] --START--
INFO: Run Behavior\BuildLiteBehavior [ RunTime:0.000043s ]
INFO: [ app_init ] --END-- [ RunTime:0.000857s ]
ERR: 无法加载模块:Uploads

[ 2017-08-25T09:20:59+08:00 ] ::1 /Uploads/%E5%8E%BB%E7%8E%A9%E5%84%BF%E5%8C%BA%E4%BD%8D%E5%9B%BE/2017-08-24/599eed5cbf61c0.48524478.jpg
INFO: [ app_init ] --START--
INFO: Run Behavior\BuildLiteBehavior [ RunTime:0.000038s ]
INFO: [ app_init ] --END-- [ RunTime:0.001627s ]
ERR: 无法加载模块:Uploads

[ 2017-08-25T09:20:59+08:00 ] ::1 /Uploads/hgjhg/2017-08-24/599ef03fa60fc0.67150618.jpg
INFO: [ app_init ] --START--
INFO: Run Behavior\BuildLiteBehavior [ RunTime:0.000059s ]
INFO: [ app_init ] --END-- [ RunTime:0.001248s ]
ERR: 无法加载模块:Uploads

[ 2017-08-25T09:20:59+08:00 ] ::1 /Uploads/hgjhg/2017-08-24/599ef03fa70af6.49197493.png
INFO: [ app_init ] --START--
INFO: Run Behavior\BuildLiteBehavior [ RunTime:0.000041s ]
INFO: [ app_init ] --END-- [ RunTime:0.000665s ]
ERR: 无法加载模块:Uploads

[ 2017-08-25T09:21:01+08:00 ] ::1 /Uploads/%E5%8E%BB%E7%8E%A9%E5%84%BF%E5%8C%BA%E4%BD%8D%E5%9B%BE/2017-08-24/599eed5cc00395.67617141.jpg
INFO: [ app_init ] --START--
INFO: Run Behavior\BuildLiteBehavior [ RunTime:0.000044s ]
INFO: [ app_init ] --END-- [ RunTime:0.000833s ]
ERR: 无法加载模块:Uploads

[ 2017-08-25T09:21:02+08:00 ] ::1 /Uploads/%E5%8E%BB%E7%8E%A9%E5%84%BF%E5%8C%BA%E4%BD%8D%E5%9B%BE/2017-08-24/599eed5cbf61c0.48524478.jpg
INFO: [ app_init ] --START--
INFO: Run Behavior\BuildLiteBehavior [ RunTime:0.000041s ]
INFO: [ app_init ] --END-- [ RunTime:0.000832s ]
ERR: 无法加载模块:Uploads

[ 2017-08-25T09:21:02+08:00 ] ::1 /Uploads/%E5%8E%BB%E7%8E%A9%E5%84%BF%E5%8C%BA%E4%BD%8D%E5%9B%BE/2017-08-24/599eed5cbeba43.86003152.jpg
INFO: [ app_init ] --START--
INFO: Run Behavior\BuildLiteBehavior [ RunTime:0.000043s ]
INFO: [ app_init ] --END-- [ RunTime:0.002047s ]
ERR: 无法加载模块:Uploads

[ 2017-08-25T09:21:02+08:00 ] ::1 /Uploads/%E5%8E%BB%E7%8E%A9%E5%84%BF%E5%8C%BA%E4%BD%8D%E5%9B%BE/2017-08-24/599eed5cbdd260.02380902.jpg
INFO: [ app_init ] --START--
INFO: Run Behavior\BuildLiteBehavior [ RunTime:0.000199s ]
INFO: [ app_init ] --END-- [ RunTime:0.002957s ]
ERR: 无法加载模块:Uploads

[ 2017-08-25T09:21:02+08:00 ] ::1 /Uploads/%E5%8E%BB%E7%8E%A9%E5%84%BF%E5%8C%BA%E4%BD%8D%E5%9B%BE/2017-08-24/599eed5cbcb9a3.03408791.jpg
INFO: [ app_init ] --START--
INFO: Run Behavior\BuildLiteBehavior [ RunTime:0.000043s ]
INFO: [ app_init ] --END-- [ RunTime:0.000827s ]
ERR: 无法加载模块:Uploads

[ 2017-08-25T09:21:04+08:00 ] ::1 /Uploads/%E5%8E%BB%E7%8E%A9%E5%84%BF%E5%8C%BA%E4%BD%8D%E5%9B%BE/2017-08-24/599eed5cbcb9a3.03408791.jpg
INFO: [ app_init ] --START--
INFO: Run Behavior\BuildLiteBehavior [ RunTime:0.000043s ]
INFO: [ app_init ] --END-- [ RunTime:0.000754s ]
ERR: 无法加载模块:Uploads

[ 2017-08-25T09:21:04+08:00 ] ::1 /Uploads/%E5%8E%BB%E7%8E%A9%E5%84%BF%E5%8C%BA%E4%BD%8D%E5%9B%BE/2017-08-24/599eed5cbdd260.02380902.jpg
INFO: [ app_init ] --START--
INFO: Run Behavior\BuildLiteBehavior [ RunTime:0.000048s ]
INFO: [ app_init ] --END-- [ RunTime:0.000892s ]
ERR: 无法加载模块:Uploads

[ 2017-08-25T09:21:07+08:00 ] ::1 /Uploads/%E5%8E%BB%E7%8E%A9%E5%84%BF%E5%8C%BA%E4%BD%8D%E5%9B%BE/2017-08-24/599eed5cbcb9a3.03408791.jpg
INFO: [ app_init ] --START--
INFO: Run Behavior\BuildLiteBehavior [ RunTime:0.000041s ]
INFO: [ app_init ] --END-- [ RunTime:0.000802s ]
ERR: 无法加载模块:Uploads

[ 2017-08-25T09:21:08+08:00 ] ::1 /Uploads/%E5%8E%BB%E7%8E%A9%E5%84%BF%E5%8C%BA%E4%BD%8D%E5%9B%BE/2017-08-24/599eed5cbdd260.02380902.jpg
INFO: [ app_init ] --START--
INFO: Run Behavior\BuildLiteBehavior [ RunTime:0.000380s ]
INFO: [ app_init ] --END-- [ RunTime:0.002165s ]
ERR: 无法加载模块:Uploads

[ 2017-08-25T09:21:08+08:00 ] ::1 /Uploads/%E5%8E%BB%E7%8E%A9%E5%84%BF%E5%8C%BA%E4%BD%8D%E5%9B%BE/2017-08-24/599eed5cbeba43.86003152.jpg
INFO: [ app_init ] --START--
INFO: Run Behavior\BuildLiteBehavior [ RunTime:0.000052s ]
INFO: [ app_init ] --END-- [ RunTime:0.000954s ]
ERR: 无法加载模块:Uploads

[ 2017-08-25T09:21:08+08:00 ] ::1 /Uploads/%E5%8E%BB%E7%8E%A9%E5%84%BF%E5%8C%BA%E4%BD%8D%E5%9B%BE/2017-08-24/599eed5cbf61c0.48524478.jpg
INFO: [ app_init ] --START--
INFO: Run Behavior\BuildLiteBehavior [ RunTime:0.000068s ]
INFO: [ app_init ] --END-- [ RunTime:0.000906s ]
ERR: 无法加载模块:Uploads

[ 2017-08-25T09:21:08+08:00 ] ::1 /Uploads/%E5%8E%BB%E7%8E%A9%E5%84%BF%E5%8C%BA%E4%BD%8D%E5%9B%BE/2017-08-24/599eed5cc00395.67617141.jpg
INFO: [ app_init ] --START--
INFO: Run Behavior\BuildLiteBehavior [ RunTime:0.000190s ]
INFO: [ app_init ] --END-- [ RunTime:0.001022s ]
ERR: 无法加载模块:Uploads

[ 2017-08-25T09:22:29+08:00 ] ::1 /Uploads/%E5%8E%BB%E7%8E%A9%E5%84%BF%E5%8C%BA%E4%BD%8D%E5%9B%BE/2017-08-24/599eed5cbcb9a3.03408791.jpg
INFO: [ app_init ] --START--
INFO: Run Behavior\BuildLiteBehavior [ RunTime:0.000046s ]
INFO: [ app_init ] --END-- [ RunTime:0.002738s ]
ERR: 无法加载模块:Uploads

[ 2017-08-25T09:22:29+08:00 ] ::1 /Uploads/%E5%8E%BB%E7%8E%A9%E5%84%BF%E5%8C%BA%E4%BD%8D%E5%9B%BE/2017-08-24/599eed5cbdd260.02380902.jpg
INFO: [ app_init ] --START--
INFO: Run Behavior\BuildLiteBehavior [ RunTime:0.000043s ]
INFO: [ app_init ] --END-- [ RunTime:0.000856s ]
ERR: 无法加载模块:Uploads

[ 2017-08-25T09:22:29+08:00 ] ::1 /Uploads/%E5%8E%BB%E7%8E%A9%E5%84%BF%E5%8C%BA%E4%BD%8D%E5%9B%BE/2017-08-24/599eed5cbeba43.86003152.jpg
INFO: [ app_init ] --START--
INFO: Run Behavior\BuildLiteBehavior [ RunTime:0.000026s ]
INFO: [ app_init ] --END-- [ RunTime:0.000481s ]
ERR: 无法加载模块:Uploads

[ 2017-08-25T09:22:29+08:00 ] ::1 /Uploads/%E5%8E%BB%E7%8E%A9%E5%84%BF%E5%8C%BA%E4%BD%8D%E5%9B%BE/2017-08-24/599eed5cbf61c0.48524478.jpg
INFO: [ app_init ] --START--
INFO: Run Behavior\BuildLiteBehavior [ RunTime:0.000041s ]
INFO: [ app_init ] --END-- [ RunTime:0.000605s ]
ERR: 无法加载模块:Uploads

[ 2017-08-25T09:22:29+08:00 ] ::1 /Uploads/%E5%8E%BB%E7%8E%A9%E5%84%BF%E5%8C%BA%E4%BD%8D%E5%9B%BE/2017-08-24/599eed5cc00395.67617141.jpg
INFO: [ app_init ] --START--
INFO: Run Behavior\BuildLiteBehavior [ RunTime:0.000044s ]
INFO: [ app_init ] --END-- [ RunTime:0.000862s ]
ERR: 无法加载模块:Uploads

[ 2017-08-25T09:22:29+08:00 ] ::1 /Uploads/hgjhg/2017-08-24/599ef03fa3c8a4.55455794.jpg
INFO: [ app_init ] --START--
INFO: Run Behavior\BuildLiteBehavior [ RunTime:0.000037s ]
INFO: [ app_init ] --END-- [ RunTime:0.000727s ]
ERR: 无法加载模块:Uploads

[ 2017-08-25T09:22:29+08:00 ] ::1 /Uploads/hgjhg/2017-08-24/599ef03fa4b791.04897615.jpg
INFO: [ app_init ] --START--
INFO: Run Behavior\BuildLiteBehavior [ RunTime:0.000036s ]
INFO: [ app_init ] --END-- [ RunTime:0.000556s ]
ERR: 无法加载模块:Uploads

[ 2017-08-25T09:22:29+08:00 ] ::1 /Uploads/hgjhg/2017-08-24/599ef03fa70af6.49197493.png
INFO: [ app_init ] --START--
INFO: Run Behavior\BuildLiteBehavior [ RunTime:0.000035s ]
INFO: [ app_init ] --END-- [ RunTime:0.000584s ]
ERR: 无法加载模块:Uploads

[ 2017-08-25T09:22:29+08:00 ] ::1 /Uploads/%E5%8E%BB%E7%8E%A9%E5%84%BF%E5%8C%BA%E4%BD%8D%E5%9B%BE/2017-08-24/599eed5cbcb9a3.03408791.jpg
INFO: [ app_init ] --START--
INFO: Run Behavior\BuildLiteBehavior [ RunTime:0.000036s ]
INFO: [ app_init ] --END-- [ RunTime:0.000565s ]
ERR: 无法加载模块:Uploads

[ 2017-08-25T09:22:29+08:00 ] ::1 /Uploads/hgjhg/2017-08-24/599ef03fa56558.46902695.jpg
INFO: [ app_init ] --START--
INFO: Run Behavior\BuildLiteBehavior [ RunTime:0.000040s ]
INFO: [ app_init ] --END-- [ RunTime:0.000595s ]
ERR: 无法加载模块:Uploads

[ 2017-08-25T09:22:29+08:00 ] ::1 /Uploads/hgjhg/2017-08-24/599ef03fa60fc0.67150618.jpg
INFO: [ app_init ] --START--
INFO: Run Behavior\BuildLiteBehavior [ RunTime:0.000037s ]
INFO: [ app_init ] --END-- [ RunTime:0.000608s ]
ERR: 无法加载模块:Uploads

[ 2017-08-25T09:22:29+08:00 ] ::1 /Uploads/%E5%8E%BB%E7%8E%A9%E5%84%BF%E5%8C%BA%E4%BD%8D%E5%9B%BE/2017-08-24/599eed5cbdd260.02380902.jpg
INFO: [ app_init ] --START--
INFO: Run Behavior\BuildLiteBehavior [ RunTime:0.000080s ]
INFO: [ app_init ] --END-- [ RunTime:0.000778s ]
ERR: 无法加载模块:Uploads

[ 2017-08-25T09:22:29+08:00 ] ::1 /Uploads/%E5%8E%BB%E7%8E%A9%E5%84%BF%E5%8C%BA%E4%BD%8D%E5%9B%BE/2017-08-24/599eed5cbeba43.86003152.jpg
INFO: [ app_init ] --START--
INFO: Run Behavior\BuildLiteBehavior [ RunTime:0.000036s ]
INFO: [ app_init ] --END-- [ RunTime:0.000617s ]
ERR: 无法加载模块:Uploads

[ 2017-08-25T09:22:33+08:00 ] ::1 /Uploads/%E5%8E%BB%E7%8E%A9%E5%84%BF%E5%8C%BA%E4%BD%8D%E5%9B%BE/2017-08-24/599eed5cc00395.67617141.jpg
INFO: [ app_init ] --START--
INFO: Run Behavior\BuildLiteBehavior [ RunTime:0.000257s ]
INFO: [ app_init ] --END-- [ RunTime:0.002262s ]
ERR: 无法加载模块:Uploads

[ 2017-08-25T09:22:34+08:00 ] ::1 /Uploads/%E5%8E%BB%E7%8E%A9%E5%84%BF%E5%8C%BA%E4%BD%8D%E5%9B%BE/2017-08-24/599eed5cc00395.67617141.jpg
INFO: [ app_init ] --START--
INFO: Run Behavior\BuildLiteBehavior [ RunTime:0.000044s ]
INFO: [ app_init ] --END-- [ RunTime:0.000859s ]
ERR: 无法加载模块:Uploads

[ 2017-08-25T09:22:47+08:00 ] ::1 /Uploads/%E5%8E%BB%E7%8E%A9%E5%84%BF%E5%8C%BA%E4%BD%8D%E5%9B%BE/2017-08-24/599eed5cc00395.67617141.jpg
INFO: [ app_init ] --START--
INFO: Run Behavior\BuildLiteBehavior [ RunTime:0.000037s ]
INFO: [ app_init ] --END-- [ RunTime:0.000563s ]
ERR: 无法加载模块:Uploads

[ 2017-08-25T09:23:02+08:00 ] ::1 /Uploads/%E5%8E%BB%E7%8E%A9%E5%84%BF%E5%8C%BA%E4%BD%8D%E5%9B%BE/2017-08-24/599eed5cbcb9a3.03408791.jpg
INFO: [ app_init ] --START--
INFO: Run Behavior\BuildLiteBehavior [ RunTime:0.000097s ]
INFO: [ app_init ] --END-- [ RunTime:0.003217s ]
ERR: 无法加载模块:Uploads

[ 2017-08-25T09:23:02+08:00 ] ::1 /Uploads/%E5%8E%BB%E7%8E%A9%E5%84%BF%E5%8C%BA%E4%BD%8D%E5%9B%BE/2017-08-24/599eed5cbdd260.02380902.jpg
INFO: [ app_init ] --START--
INFO: Run Behavior\BuildLiteBehavior [ RunTime:0.000039s ]
INFO: [ app_init ] --END-- [ RunTime:0.000772s ]
ERR: 无法加载模块:Uploads

[ 2017-08-25T09:23:02+08:00 ] ::1 /Uploads/%E5%8E%BB%E7%8E%A9%E5%84%BF%E5%8C%BA%E4%BD%8D%E5%9B%BE/2017-08-24/599eed5cbeba43.86003152.jpg
INFO: [ app_init ] --START--
INFO: Run Behavior\BuildLiteBehavior [ RunTime:0.000039s ]
INFO: [ app_init ] --END-- [ RunTime:0.000591s ]
ERR: 无法加载模块:Uploads

[ 2017-08-25T09:23:02+08:00 ] ::1 /Uploads/%E5%8E%BB%E7%8E%A9%E5%84%BF%E5%8C%BA%E4%BD%8D%E5%9B%BE/2017-08-24/599eed5cbf61c0.48524478.jpg
INFO: [ app_init ] --START--
INFO: Run Behavior\BuildLiteBehavior [ RunTime:0.000040s ]
INFO: [ app_init ] --END-- [ RunTime:0.003939s ]
ERR: 无法加载模块:Uploads

[ 2017-08-25T09:23:02+08:00 ] ::1 /Uploads/hgjhg/2017-08-24/599ef03fa56558.46902695.jpg
INFO: [ app_init ] --START--
INFO: Run Behavior\BuildLiteBehavior [ RunTime:0.000045s ]
INFO: [ app_init ] --END-- [ RunTime:0.000623s ]
ERR: 无法加载模块:Uploads

[ 2017-08-25T09:23:02+08:00 ] ::1 /Uploads/hgjhg/2017-08-24/599ef03fa60fc0.67150618.jpg
INFO: [ app_init ] --START--
INFO: Run Behavior\BuildLiteBehavior [ RunTime:0.000040s ]
INFO: [ app_init ] --END-- [ RunTime:0.000642s ]
ERR: 无法加载模块:Uploads

[ 2017-08-25T09:23:02+08:00 ] ::1 /Uploads/hgjhg/2017-08-24/599ef03fa3c8a4.55455794.jpg
INFO: [ app_init ] --START--
INFO: Run Behavior\BuildLiteBehavior [ RunTime:0.000036s ]
INFO: [ app_init ] --END-- [ RunTime:0.000562s ]
ERR: 无法加载模块:Uploads

[ 2017-08-25T09:23:02+08:00 ] ::1 /Uploads/hgjhg/2017-08-24/599ef03fa4b791.04897615.jpg
INFO: [ app_init ] --START--
INFO: Run Behavior\BuildLiteBehavior [ RunTime:0.000037s ]
INFO: [ app_init ] --END-- [ RunTime:0.000608s ]
ERR: 无法加载模块:Uploads

[ 2017-08-25T09:23:02+08:00 ] ::1 /Uploads/%E5%8E%BB%E7%8E%A9%E5%84%BF%E5%8C%BA%E4%BD%8D%E5%9B%BE/2017-08-24/599eed5cc00395.67617141.jpg
INFO: [ app_init ] --START--
INFO: Run Behavior\BuildLiteBehavior [ RunTime:0.000036s ]
INFO: [ app_init ] --END-- [ RunTime:0.000567s ]
ERR: 无法加载模块:Uploads

[ 2017-08-25T09:23:02+08:00 ] ::1 /Uploads/hgjhg/2017-08-24/599ef03fa70af6.49197493.png
INFO: [ app_init ] --START--
INFO: Run Behavior\BuildLiteBehavior [ RunTime:0.000037s ]
INFO: [ app_init ] --END-- [ RunTime:0.000686s ]
ERR: 无法加载模块:Uploads

[ 2017-08-25T09:23:02+08:00 ] ::1 /Uploads/%E5%8E%BB%E7%8E%A9%E5%84%BF%E5%8C%BA%E4%BD%8D%E5%9B%BE/2017-08-24/599eed5cbcb9a3.03408791.jpg
INFO: [ app_init ] --START--
INFO: Run Behavior\BuildLiteBehavior [ RunTime:0.000046s ]
INFO: [ app_init ] --END-- [ RunTime:0.000867s ]
ERR: 无法加载模块:Uploads

[ 2017-08-25T09:23:55+08:00 ] ::1 /Uploads/%E5%8E%BB%E7%8E%A9%E5%84%BF%E5%8C%BA%E4%BD%8D%E5%9B%BE/2017-08-24/599eed5cbcb9a3.03408791.jpg
INFO: [ app_init ] --START--
INFO: Run Behavior\BuildLiteBehavior [ RunTime:0.000037s ]
INFO: [ app_init ] --END-- [ RunTime:0.000636s ]
ERR: 无法加载模块:Uploads

[ 2017-08-25T09:23:55+08:00 ] ::1 /Uploads/%E5%8E%BB%E7%8E%A9%E5%84%BF%E5%8C%BA%E4%BD%8D%E5%9B%BE/2017-08-24/599eed5cbdd260.02380902.jpg
INFO: [ app_init ] --START--
INFO: Run Behavior\BuildLiteBehavior [ RunTime:0.000047s ]
INFO: [ app_init ] --END-- [ RunTime:0.000752s ]
ERR: 无法加载模块:Uploads

[ 2017-08-25T09:23:55+08:00 ] ::1 /Uploads/%E5%8E%BB%E7%8E%A9%E5%84%BF%E5%8C%BA%E4%BD%8D%E5%9B%BE/2017-08-24/599eed5cbeba43.86003152.jpg
INFO: [ app_init ] --START--
INFO: Run Behavior\BuildLiteBehavior [ RunTime:0.000036s ]
INFO: [ app_init ] --END-- [ RunTime:0.000578s ]
ERR: 无法加载模块:Uploads

[ 2017-08-25T09:23:55+08:00 ] ::1 /Uploads/%E5%8E%BB%E7%8E%A9%E5%84%BF%E5%8C%BA%E4%BD%8D%E5%9B%BE/2017-08-24/599eed5cbf61c0.48524478.jpg
INFO: [ app_init ] --START--
INFO: Run Behavior\BuildLiteBehavior [ RunTime:0.000042s ]
INFO: [ app_init ] --END-- [ RunTime:0.000985s ]
ERR: 无法加载模块:Uploads

[ 2017-08-25T09:23:55+08:00 ] ::1 /Uploads/%E5%8E%BB%E7%8E%A9%E5%84%BF%E5%8C%BA%E4%BD%8D%E5%9B%BE/2017-08-24/599eed5cc00395.67617141.jpg
INFO: [ app_init ] --START--
INFO: Run Behavior\BuildLiteBehavior [ RunTime:0.000039s ]
INFO: [ app_init ] --END-- [ RunTime:0.000566s ]
ERR: 无法加载模块:Uploads

[ 2017-08-25T09:23:55+08:00 ] ::1 /Uploads/hgjhg/2017-08-24/599ef03fa60fc0.67150618.jpg
INFO: [ app_init ] --START--
INFO: Run Behavior\BuildLiteBehavior [ RunTime:0.000038s ]
INFO: [ app_init ] --END-- [ RunTime:0.000586s ]
ERR: 无法加载模块:Uploads

[ 2017-08-25T09:23:55+08:00 ] ::1 /Uploads/hgjhg/2017-08-24/599ef03fa70af6.49197493.png
INFO: [ app_init ] --START--
INFO: Run Behavior\BuildLiteBehavior [ RunTime:0.000036s ]
INFO: [ app_init ] --END-- [ RunTime:0.000575s ]
ERR: 无法加载模块:Uploads

[ 2017-08-25T09:23:55+08:00 ] ::1 /Uploads/hgjhg/2017-08-24/599ef03fa56558.46902695.jpg
INFO: [ app_init ] --START--
INFO: Run Behavior\BuildLiteBehavior [ RunTime:0.000039s ]
INFO: [ app_init ] --END-- [ RunTime:0.000635s ]
ERR: 无法加载模块:Uploads

[ 2017-08-25T09:23:55+08:00 ] ::1 /Uploads/hgjhg/2017-08-24/599ef03fa4b791.04897615.jpg
INFO: [ app_init ] --START--
INFO: Run Behavior\BuildLiteBehavior [ RunTime:0.000036s ]
INFO: [ app_init ] --END-- [ RunTime:0.000584s ]
ERR: 无法加载模块:Uploads

[ 2017-08-25T09:23:55+08:00 ] ::1 /Uploads/hgjhg/2017-08-24/599ef03fa3c8a4.55455794.jpg
INFO: [ app_init ] --START--
INFO: Run Behavior\BuildLiteBehavior [ RunTime:0.000035s ]
INFO: [ app_init ] --END-- [ RunTime:0.000528s ]
ERR: 无法加载模块:Uploads

[ 2017-08-25T09:23:55+08:00 ] ::1 /Uploads/%E5%8E%BB%E7%8E%A9%E5%84%BF%E5%8C%BA%E4%BD%8D%E5%9B%BE/2017-08-24/599eed5cbcb9a3.03408791.jpg
INFO: [ app_init ] --START--
INFO: Run Behavior\BuildLiteBehavior [ RunTime:0.000038s ]
INFO: [ app_init ] --END-- [ RunTime:0.000534s ]
ERR: 无法加载模块:Uploads

[ 2017-08-25T09:23:55+08:00 ] ::1 /Uploads/%E5%8E%BB%E7%8E%A9%E5%84%BF%E5%8C%BA%E4%BD%8D%E5%9B%BE/2017-08-24/599eed5cbdd260.02380902.jpg
INFO: [ app_init ] --START--
INFO: Run Behavior\BuildLiteBehavior [ RunTime:0.000042s ]
INFO: [ app_init ] --END-- [ RunTime:0.000621s ]
ERR: 无法加载模块:Uploads

[ 2017-08-25T09:23:55+08:00 ] ::1 /Uploads/%E5%8E%BB%E7%8E%A9%E5%84%BF%E5%8C%BA%E4%BD%8D%E5%9B%BE/2017-08-24/599eed5cbeba43.86003152.jpg
INFO: [ app_init ] --START--
INFO: Run Behavior\BuildLiteBehavior [ RunTime:0.000036s ]
INFO: [ app_init ] --END-- [ RunTime:0.000605s ]
ERR: 无法加载模块:Uploads

[ 2017-08-25T09:23:55+08:00 ] ::1 /Uploads/%E5%8E%BB%E7%8E%A9%E5%84%BF%E5%8C%BA%E4%BD%8D%E5%9B%BE/2017-08-24/599eed5cbf61c0.48524478.jpg
INFO: [ app_init ] --START--
INFO: Run Behavior\BuildLiteBehavior [ RunTime:0.000042s ]
INFO: [ app_init ] --END-- [ RunTime:0.001068s ]
ERR: 无法加载模块:Uploads

[ 2017-08-25T09:24:10+08:00 ] ::1 /Uploads/%E5%8E%BB%E7%8E%A9%E5%84%BF%E5%8C%BA%E4%BD%8D%E5%9B%BE/2017-08-24/599eed5cbdd260.02380902.jpg
INFO: [ app_init ] --START--
INFO: Run Behavior\BuildLiteBehavior [ RunTime:0.000040s ]
INFO: [ app_init ] --END-- [ RunTime:0.000915s ]
ERR: 无法加载模块:Uploads

[ 2017-08-25T09:24:10+08:00 ] ::1 /Uploads/%E5%8E%BB%E7%8E%A9%E5%84%BF%E5%8C%BA%E4%BD%8D%E5%9B%BE/2017-08-24/599eed5cbcb9a3.03408791.jpg
INFO: [ app_init ] --START--
INFO: Run Behavior\BuildLiteBehavior [ RunTime:0.000059s ]
INFO: [ app_init ] --END-- [ RunTime:0.000722s ]
ERR: 无法加载模块:Uploads

[ 2017-08-25T09:24:10+08:00 ] ::1 /Uploads/hgjhg/2017-08-24/599ef03fa56558.46902695.jpg
INFO: [ app_init ] --START--
INFO: Run Behavior\BuildLiteBehavior [ RunTime:0.000041s ]
INFO: [ app_init ] --END-- [ RunTime:0.000616s ]
ERR: 无法加载模块:Uploads

[ 2017-08-25T09:24:10+08:00 ] ::1 /Uploads/%E5%8E%BB%E7%8E%A9%E5%84%BF%E5%8C%BA%E4%BD%8D%E5%9B%BE/2017-08-24/599eed5cbf61c0.48524478.jpg
INFO: [ app_init ] --START--
INFO: Run Behavior\BuildLiteBehavior [ RunTime:0.000038s ]
INFO: [ app_init ] --END-- [ RunTime:0.000583s ]
ERR: 无法加载模块:Uploads

[ 2017-08-25T09:24:10+08:00 ] ::1 /Uploads/%E5%8E%BB%E7%8E%A9%E5%84%BF%E5%8C%BA%E4%BD%8D%E5%9B%BE/2017-08-24/599eed5cc00395.67617141.jpg
INFO: [ app_init ] --START--
INFO: Run Behavior\BuildLiteBehavior [ RunTime:0.000039s ]
INFO: [ app_init ] --END-- [ RunTime:0.000685s ]
ERR: 无法加载模块:Uploads

[ 2017-08-25T09:24:11+08:00 ] ::1 /Uploads/%E5%8E%BB%E7%8E%A9%E5%84%BF%E5%8C%BA%E4%BD%8D%E5%9B%BE/2017-08-24/599eed5cbdd260.02380902.jpg
INFO: [ app_init ] --START--
INFO: Run Behavior\BuildLiteBehavior [ RunTime:0.000050s ]
INFO: [ app_init ] --END-- [ RunTime:0.000704s ]
ERR: 无法加载模块:Uploads

[ 2017-08-25T09:24:11+08:00 ] ::1 /Uploads/hgjhg/2017-08-24/599ef03fa3c8a4.55455794.jpg
INFO: [ app_init ] --START--
INFO: Run Behavior\BuildLiteBehavior [ RunTime:0.000059s ]
INFO: [ app_init ] --END-- [ RunTime:0.002729s ]
ERR: 无法加载模块:Uploads

[ 2017-08-25T11:06:36+08:00 ] ::1 /assets/vendors/hackertyper/kernel.txt
INFO: [ app_init ] --START--
INFO: Run Behavior\BuildLiteBehavior [ RunTime:0.000037s ]
INFO: [ app_init ] --END-- [ RunTime:0.000640s ]
ERR: 无法加载模块:Assets

[ 2017-08-25T11:16:45+08:00 ] 192.168.1.113 /favicon.ico
INFO: [ app_init ] --START--
INFO: Run Behavior\BuildLiteBehavior [ RunTime:0.000022s ]
INFO: [ app_init ] --END-- [ RunTime:0.000392s ]
ERR: 无法加载模块:Favicon

[ 2017-08-25T11:26:38+08:00 ] ::1 /assets/vendors/hackertyper/kernel.txt
INFO: [ app_init ] --START--
INFO: Run Behavior\BuildLiteBehavior [ RunTime:0.000036s ]
INFO: [ app_init ] --END-- [ RunTime:0.000580s ]
ERR: 无法加载模块:Assets

[ 2017-08-25T13:33:47+08:00 ] ::1 /favicon.ico
INFO: [ app_init ] --START--
INFO: Run Behavior\BuildLiteBehavior [ RunTime:0.000022s ]
INFO: [ app_init ] --END-- [ RunTime:0.000392s ]
ERR: 无法加载模块:Favicon

[ 2017-08-25T13:41:15+08:00 ] ::1 /assets/vendors/hackertyper/kernel.txt
INFO: [ app_init ] --START--
INFO: Run Behavior\BuildLiteBehavior [ RunTime:0.000062s ]
INFO: [ app_init ] --END-- [ RunTime:0.000715s ]
ERR: 无法加载模块:Assets

[ 2017-08-25T13:41:50+08:00 ] ::1 /assets/vendors/hackertyper/kernel.txt
INFO: [ app_init ] --START--
INFO: Run Behavior\BuildLiteBehavior [ RunTime:0.000031s ]
INFO: [ app_init ] --END-- [ RunTime:0.000475s ]
ERR: 无法加载模块:Assets

[ 2017-08-25T13:42:15+08:00 ] ::1 /assets/vendors/hackertyper/kernel.txt
INFO: [ app_init ] --START--
INFO: Run Behavior\BuildLiteBehavior [ RunTime:0.000039s ]
INFO: [ app_init ] --END-- [ RunTime:0.000695s ]
ERR: 无法加载模块:Assets

[ 2017-08-25T13:42:17+08:00 ] ::1 /assets/vendors/hackertyper/kernel.txt
INFO: [ app_init ] --START--
INFO: Run Behavior\BuildLiteBehavior [ RunTime:0.000037s ]
INFO: [ app_init ] --END-- [ RunTime:0.000711s ]
ERR: 无法加载模块:Assets

[ 2017-08-25T13:54:57+08:00 ] ::1 /favicon.ico
INFO: [ app_init ] --START--
INFO: Run Behavior\BuildLiteBehavior [ RunTime:0.000022s ]
INFO: [ app_init ] --END-- [ RunTime:0.000388s ]
ERR: 无法加载模块:Favicon

[ 2017-08-25T13:55:16+08:00 ] ::1 /Uploads/hgjhg/2017-08-24/599ef03fa3c8a4.55455794.jpg
INFO: [ app_init ] --START--
INFO: Run Behavior\BuildLiteBehavior [ RunTime:0.000041s ]
INFO: [ app_init ] --END-- [ RunTime:0.000639s ]
ERR: 无法加载模块:Uploads

[ 2017-08-25T13:55:16+08:00 ] ::1 /Uploads/hgjhg/2017-08-24/599ef03fa4b791.04897615.jpg
INFO: [ app_init ] --START--
INFO: Run Behavior\BuildLiteBehavior [ RunTime:0.000035s ]
INFO: [ app_init ] --END-- [ RunTime:0.000538s ]
ERR: 无法加载模块:Uploads

[ 2017-08-25T13:55:16+08:00 ] ::1 /Uploads/hgjhg/2017-08-24/599ef03fa56558.46902695.jpg
INFO: [ app_init ] --START--
INFO: Run Behavior\BuildLiteBehavior [ RunTime:0.000034s ]
INFO: [ app_init ] --END-- [ RunTime:0.000586s ]
ERR: 无法加载模块:Uploads

[ 2017-08-25T13:55:16+08:00 ] ::1 /Uploads/hgjhg/2017-08-24/599ef03fa60fc0.67150618.jpg
INFO: [ app_init ] --START--
INFO: Run Behavior\BuildLiteBehavior [ RunTime:0.000037s ]
INFO: [ app_init ] --END-- [ RunTime:0.000635s ]
ERR: 无法加载模块:Uploads

[ 2017-08-25T13:55:16+08:00 ] ::1 /Uploads/hgjhg/2017-08-24/599ef03fa70af6.49197493.png
INFO: [ app_init ] --START--
INFO: Run Behavior\BuildLiteBehavior [ RunTime:0.000038s ]
INFO: [ app_init ] --END-- [ RunTime:0.000591s ]
ERR: 无法加载模块:Uploads

[ 2017-08-25T13:55:16+08:00 ] ::1 /Uploads/%E5%8E%BB%E7%8E%A9%E5%84%BF%E5%8C%BA%E4%BD%8D%E5%9B%BE/2017-08-24/599eed5cbdd260.02380902.jpg
INFO: [ app_init ] --START--
INFO: Run Behavior\BuildLiteBehavior [ RunTime:0.000037s ]
INFO: [ app_init ] --END-- [ RunTime:0.000714s ]
ERR: 无法加载模块:Uploads

[ 2017-08-25T13:55:16+08:00 ] ::1 /Uploads/%E5%8E%BB%E7%8E%A9%E5%84%BF%E5%8C%BA%E4%BD%8D%E5%9B%BE/2017-08-24/599eed5cbeba43.86003152.jpg
INFO: [ app_init ] --START--
INFO: Run Behavior\BuildLiteBehavior [ RunTime:0.000035s ]
INFO: [ app_init ] --END-- [ RunTime:0.000587s ]
ERR: 无法加载模块:Uploads

[ 2017-08-25T13:55:16+08:00 ] ::1 /Uploads/%E5%8E%BB%E7%8E%A9%E5%84%BF%E5%8C%BA%E4%BD%8D%E5%9B%BE/2017-08-24/599eed5cbcb9a3.03408791.jpg
INFO: [ app_init ] --START--
INFO: Run Behavior\BuildLiteBehavior [ RunTime:0.000035s ]
INFO: [ app_init ] --END-- [ RunTime:0.000598s ]
ERR: 无法加载模块:Uploads

[ 2017-08-25T13:55:16+08:00 ] ::1 /Uploads/%E5%8E%BB%E7%8E%A9%E5%84%BF%E5%8C%BA%E4%BD%8D%E5%9B%BE/2017-08-24/599eed5cbf61c0.48524478.jpg
INFO: [ app_init ] --START--
INFO: Run Behavior\BuildLiteBehavior [ RunTime:0.000039s ]
INFO: [ app_init ] --END-- [ RunTime:0.000640s ]
ERR: 无法加载模块:Uploads

[ 2017-08-25T13:55:16+08:00 ] ::1 /Uploads/%E5%8E%BB%E7%8E%A9%E5%84%BF%E5%8C%BA%E4%BD%8D%E5%9B%BE/2017-08-24/599eed5cc00395.67617141.jpg
INFO: [ app_init ] --START--
INFO: Run Behavior\BuildLiteBehavior [ RunTime:0.000035s ]
INFO: [ app_init ] --END-- [ RunTime:0.000606s ]
ERR: 无法加载模块:Uploads

[ 2017-08-25T13:55:16+08:00 ] ::1 /Uploads/hgjhg/2017-08-24/599ef03fa3c8a4.55455794.jpg
INFO: [ app_init ] --START--
INFO: Run Behavior\BuildLiteBehavior [ RunTime:0.000039s ]
INFO: [ app_init ] --END-- [ RunTime:0.000646s ]
ERR: 无法加载模块:Uploads

[ 2017-08-25T13:55:17+08:00 ] ::1 /Uploads/hgjhg/2017-08-24/599ef03fa3c8a4.55455794.jpg
INFO: [ app_init ] --START--
INFO: Run Behavior\BuildLiteBehavior [ RunTime:0.000050s ]
INFO: [ app_init ] --END-- [ RunTime:0.000692s ]
ERR: 无法加载模块:Uploads

[ 2017-08-25T13:55:17+08:00 ] ::1 /Uploads/hgjhg/2017-08-24/599ef03fa4b791.04897615.jpg
INFO: [ app_init ] --START--
INFO: Run Behavior\BuildLiteBehavior [ RunTime:0.000269s ]
INFO: [ app_init ] --END-- [ RunTime:0.002670s ]
ERR: 无法加载模块:Uploads

[ 2017-08-25T13:55:17+08:00 ] ::1 /Uploads/hgjhg/2017-08-24/599ef03fa4b791.04897615.jpg
INFO: [ app_init ] --START--
INFO: Run Behavior\BuildLiteBehavior [ RunTime:0.000073s ]
INFO: [ app_init ] --END-- [ RunTime:0.000730s ]
ERR: 无法加载模块:Uploads

[ 2017-08-25T13:55:17+08:00 ] ::1 /Uploads/hgjhg/2017-08-24/599ef03fa56558.46902695.jpg
INFO: [ app_init ] --START--
INFO: Run Behavior\BuildLiteBehavior [ RunTime:0.000056s ]
INFO: [ app_init ] --END-- [ RunTime:0.000711s ]
ERR: 无法加载模块:Uploads

[ 2017-08-25T13:55:17+08:00 ] ::1 /Uploads/hgjhg/2017-08-24/599ef03fa60fc0.67150618.jpg
INFO: [ app_init ] --START--
INFO: Run Behavior\BuildLiteBehavior [ RunTime:0.000039s ]
INFO: [ app_init ] --END-- [ RunTime:0.000814s ]
ERR: 无法加载模块:Uploads

[ 2017-08-25T13:55:17+08:00 ] ::1 /Uploads/hgjhg/2017-08-24/599ef03fa70af6.49197493.png
INFO: [ app_init ] --START--
INFO: Run Behavior\BuildLiteBehavior [ RunTime:0.000040s ]
INFO: [ app_init ] --END-- [ RunTime:0.000901s ]
ERR: 无法加载模块:Uploads

[ 2017-08-25T13:55:19+08:00 ] ::1 /Uploads/hgjhg/2017-08-24/599ef03fa60fc0.67150618.jpg
INFO: [ app_init ] --START--
INFO: Run Behavior\BuildLiteBehavior [ RunTime:0.000042s ]
INFO: [ app_init ] --END-- [ RunTime:0.000801s ]
ERR: 无法加载模块:Uploads

[ 2017-08-25T13:55:19+08:00 ] ::1 /Uploads/%E5%8E%BB%E7%8E%A9%E5%84%BF%E5%8C%BA%E4%BD%8D%E5%9B%BE/2017-08-24/599eed5cbf61c0.48524478.jpg
INFO: [ app_init ] --START--
INFO: Run Behavior\BuildLiteBehavior [ RunTime:0.000034s ]
INFO: [ app_init ] --END-- [ RunTime:0.000767s ]
ERR: 无法加载模块:Uploads

[ 2017-08-25T13:55:19+08:00 ] ::1 /Uploads/%E5%8E%BB%E7%8E%A9%E5%84%BF%E5%8C%BA%E4%BD%8D%E5%9B%BE/2017-08-24/599eed5cbeba43.86003152.jpg
INFO: [ app_init ] --START--
INFO: Run Behavior\BuildLiteBehavior [ RunTime:0.000022s ]
INFO: [ app_init ] --END-- [ RunTime:0.000357s ]
ERR: 无法加载模块:Uploads

[ 2017-08-25T13:55:19+08:00 ] ::1 /Uploads/%E5%8E%BB%E7%8E%A9%E5%84%BF%E5%8C%BA%E4%BD%8D%E5%9B%BE/2017-08-24/599eed5cbdd260.02380902.jpg
INFO: [ app_init ] --START--
INFO: Run Behavior\BuildLiteBehavior [ RunTime:0.000025s ]
INFO: [ app_init ] --END-- [ RunTime:0.000581s ]
ERR: 无法加载模块:Uploads

[ 2017-08-25T13:55:21+08:00 ] ::1 /Uploads/hgjhg/2017-08-24/599ef03fa70af6.49197493.png
INFO: [ app_init ] --START--
INFO: Run Behavior\BuildLiteBehavior [ RunTime:0.000049s ]
INFO: [ app_init ] --END-- [ RunTime:0.000870s ]
ERR: 无法加载模块:Uploads

[ 2017-08-25T13:55:22+08:00 ] ::1 /Uploads/%E5%8E%BB%E7%8E%A9%E5%84%BF%E5%8C%BA%E4%BD%8D%E5%9B%BE/2017-08-24/599eed5cc00395.67617141.jpg
INFO: [ app_init ] --START--
INFO: Run Behavior\BuildLiteBehavior [ RunTime:0.000036s ]
INFO: [ app_init ] --END-- [ RunTime:0.000642s ]
ERR: 无法加载模块:Uploads

[ 2017-08-25T13:55:22+08:00 ] ::1 /Uploads/%E5%8E%BB%E7%8E%A9%E5%84%BF%E5%8C%BA%E4%BD%8D%E5%9B%BE/2017-08-24/599eed5cbf61c0.48524478.jpg
INFO: [ app_init ] --START--
INFO: Run Behavior\BuildLiteBehavior [ RunTime:0.000037s ]
INFO: [ app_init ] --END-- [ RunTime:0.000766s ]
ERR: 无法加载模块:Uploads

[ 2017-08-25T13:55:22+08:00 ] ::1 /Uploads/%E5%8E%BB%E7%8E%A9%E5%84%BF%E5%8C%BA%E4%BD%8D%E5%9B%BE/2017-08-24/599eed5cbeba43.86003152.jpg
INFO: [ app_init ] --START--
INFO: Run Behavior\BuildLiteBehavior [ RunTime:0.000040s ]
INFO: [ app_init ] --END-- [ RunTime:0.000970s ]
ERR: 无法加载模块:Uploads

[ 2017-08-25T13:55:22+08:00 ] ::1 /Uploads/%E5%8E%BB%E7%8E%A9%E5%84%BF%E5%8C%BA%E4%BD%8D%E5%9B%BE/2017-08-24/599eed5cbdd260.02380902.jpg
INFO: [ app_init ] --START--
INFO: Run Behavior\BuildLiteBehavior [ RunTime:0.000037s ]
INFO: [ app_init ] --END-- [ RunTime:0.000824s ]
ERR: 无法加载模块:Uploads

[ 2017-08-25T13:55:22+08:00 ] ::1 /Uploads/%E5%8E%BB%E7%8E%A9%E5%84%BF%E5%8C%BA%E4%BD%8D%E5%9B%BE/2017-08-24/599eed5cbcb9a3.03408791.jpg
INFO: [ app_init ] --START--
INFO: Run Behavior\BuildLiteBehavior [ RunTime:0.000040s ]
INFO: [ app_init ] --END-- [ RunTime:0.000768s ]
ERR: 无法加载模块:Uploads

[ 2017-08-25T13:55:22+08:00 ] ::1 /Uploads/%E5%8E%BB%E7%8E%A9%E5%84%BF%E5%8C%BA%E4%BD%8D%E5%9B%BE/2017-08-24/599eed5cbcb9a3.03408791.jpg
INFO: [ app_init ] --START--
INFO: Run Behavior\BuildLiteBehavior [ RunTime:0.000023s ]
INFO: [ app_init ] --END-- [ RunTime:0.000409s ]
ERR: 无法加载模块:Uploads

[ 2017-08-25T13:55:25+08:00 ] ::1 /Uploads/hgjhg/2017-08-24/599ef03fa70af6.49197493.png
INFO: [ app_init ] --START--
INFO: Run Behavior\BuildLiteBehavior [ RunTime:0.000037s ]
INFO: [ app_init ] --END-- [ RunTime:0.000837s ]
ERR: 无法加载模块:Uploads

[ 2017-08-25T13:55:26+08:00 ] ::1 /Uploads/hgjhg/2017-08-24/599ef03fa4b791.04897615.jpg
INFO: [ app_init ] --START--
INFO: Run Behavior\BuildLiteBehavior [ RunTime:0.000026s ]
INFO: [ app_init ] --END-- [ RunTime:0.000736s ]
ERR: 无法加载模块:Uploads

[ 2017-08-25T13:55:26+08:00 ] ::1 /Uploads/hgjhg/2017-08-24/599ef03fa3c8a4.55455794.jpg
INFO: [ app_init ] --START--
INFO: Run Behavior\BuildLiteBehavior [ RunTime:0.000040s ]
INFO: [ app_init ] --END-- [ RunTime:0.000851s ]
ERR: 无法加载模块:Uploads

[ 2017-08-25T13:55:28+08:00 ] ::1 /Uploads/%E5%8E%BB%E7%8E%A9%E5%84%BF%E5%8C%BA%E4%BD%8D%E5%9B%BE/2017-08-24/599eed5cbcb9a3.03408791.jpg
INFO: [ app_init ] --START--
INFO: Run Behavior\BuildLiteBehavior [ RunTime:0.000034s ]
INFO: [ app_init ] --END-- [ RunTime:0.001116s ]
ERR: 无法加载模块:Uploads

[ 2017-08-25T13:55:30+08:00 ] ::1 /Uploads/%E5%8E%BB%E7%8E%A9%E5%84%BF%E5%8C%BA%E4%BD%8D%E5%9B%BE/2017-08-24/599eed5cbcb9a3.03408791.jpg
INFO: [ app_init ] --START--
INFO: Run Behavior\BuildLiteBehavior [ RunTime:0.000039s ]
INFO: [ app_init ] --END-- [ RunTime:0.000891s ]
ERR: 无法加载模块:Uploads

[ 2017-08-25T13:55:30+08:00 ] ::1 /Uploads/%E5%8E%BB%E7%8E%A9%E5%84%BF%E5%8C%BA%E4%BD%8D%E5%9B%BE/2017-08-24/599eed5cbdd260.02380902.jpg
INFO: [ app_init ] --START--
INFO: Run Behavior\BuildLiteBehavior [ RunTime:0.000024s ]
INFO: [ app_init ] --END-- [ RunTime:0.000445s ]
ERR: 无法加载模块:Uploads

[ 2017-08-25T13:55:31+08:00 ] ::1 /Uploads/%E5%8E%BB%E7%8E%A9%E5%84%BF%E5%8C%BA%E4%BD%8D%E5%9B%BE/2017-08-24/599eed5cbeba43.86003152.jpg
INFO: [ app_init ] --START--
INFO: Run Behavior\BuildLiteBehavior [ RunTime:0.000056s ]
INFO: [ app_init ] --END-- [ RunTime:0.003120s ]
ERR: 无法加载模块:Uploads

[ 2017-08-25T13:55:31+08:00 ] ::1 /Uploads/%E5%8E%BB%E7%8E%A9%E5%84%BF%E5%8C%BA%E4%BD%8D%E5%9B%BE/2017-08-24/599eed5cbeba43.86003152.jpg
INFO: [ app_init ] --START--
INFO: Run Behavior\BuildLiteBehavior [ RunTime:0.000041s ]
INFO: [ app_init ] --END-- [ RunTime:0.000744s ]
ERR: 无法加载模块:Uploads

[ 2017-08-25T13:55:31+08:00 ] ::1 /Uploads/hgjhg/2017-08-24/599ef03fa56558.46902695.jpg
INFO: [ app_init ] --START--
INFO: Run Behavior\BuildLiteBehavior [ RunTime:0.000051s ]
INFO: [ app_init ] --END-- [ RunTime:0.000974s ]
ERR: 无法加载模块:Uploads

[ 2017-08-25T13:55:36+08:00 ] ::1 /Uploads/hgjhg/2017-08-24/599ef03fa70af6.49197493.png
INFO: [ app_init ] --START--
INFO: Run Behavior\BuildLiteBehavior [ RunTime:0.000127s ]
INFO: [ app_init ] --END-- [ RunTime:0.001594s ]
ERR: 无法加载模块:Uploads

[ 2017-08-25T13:55:36+08:00 ] ::1 /Uploads/hgjhg/2017-08-24/599ef03fa60fc0.67150618.jpg
INFO: [ app_init ] --START--
INFO: Run Behavior\BuildLiteBehavior [ RunTime:0.000028s ]
INFO: [ app_init ] --END-- [ RunTime:0.000622s ]
ERR: 无法加载模块:Uploads

[ 2017-08-25T13:55:37+08:00 ] ::1 /Uploads/%E5%8E%BB%E7%8E%A9%E5%84%BF%E5%8C%BA%E4%BD%8D%E5%9B%BE/2017-08-24/599eed5cbf61c0.48524478.jpg
INFO: [ app_init ] --START--
INFO: Run Behavior\BuildLiteBehavior [ RunTime:0.000040s ]
INFO: [ app_init ] --END-- [ RunTime:0.000690s ]
ERR: 无法加载模块:Uploads

[ 2017-08-25T13:55:37+08:00 ] ::1 /Uploads/%E5%8E%BB%E7%8E%A9%E5%84%BF%E5%8C%BA%E4%BD%8D%E5%9B%BE/2017-08-24/599eed5cbeba43.86003152.jpg
INFO: [ app_init ] --START--
INFO: Run Behavior\BuildLiteBehavior [ RunTime:0.000041s ]
INFO: [ app_init ] --END-- [ RunTime:0.000995s ]
ERR: 无法加载模块:Uploads

[ 2017-08-25T13:55:37+08:00 ] ::1 /Uploads/%E5%8E%BB%E7%8E%A9%E5%84%BF%E5%8C%BA%E4%BD%8D%E5%9B%BE/2017-08-24/599eed5cbdd260.02380902.jpg
INFO: [ app_init ] --START--
INFO: Run Behavior\BuildLiteBehavior [ RunTime:0.000038s ]
INFO: [ app_init ] --END-- [ RunTime:0.000921s ]
ERR: 无法加载模块:Uploads

[ 2017-08-25T13:55:37+08:00 ] ::1 /Uploads/%E5%8E%BB%E7%8E%A9%E5%84%BF%E5%8C%BA%E4%BD%8D%E5%9B%BE/2017-08-24/599eed5cbcb9a3.03408791.jpg
INFO: [ app_init ] --START--
INFO: Run Behavior\BuildLiteBehavior [ RunTime:0.000042s ]
INFO: [ app_init ] --END-- [ RunTime:0.000995s ]
ERR: 无法加载模块:Uploads

[ 2017-08-25T13:55:38+08:00 ] ::1 /Uploads/hgjhg/2017-08-24/599ef03fa60fc0.67150618.jpg
INFO: [ app_init ] --START--
INFO: Run Behavior\BuildLiteBehavior [ RunTime:0.000048s ]
INFO: [ app_init ] --END-- [ RunTime:0.000861s ]
ERR: 无法加载模块:Uploads

[ 2017-08-25T13:55:38+08:00 ] ::1 /Uploads/hgjhg/2017-08-24/599ef03fa70af6.49197493.png
INFO: [ app_init ] --START--
INFO: Run Behavior\BuildLiteBehavior [ RunTime:0.000042s ]
INFO: [ app_init ] --END-- [ RunTime:0.000819s ]
ERR: 无法加载模块:Uploads

[ 2017-08-25T13:55:38+08:00 ] ::1 /Uploads/hgjhg/2017-08-24/599ef03fa60fc0.67150618.jpg
INFO: [ app_init ] --START--
INFO: Run Behavior\BuildLiteBehavior [ RunTime:0.000074s ]
INFO: [ app_init ] --END-- [ RunTime:0.003140s ]
ERR: 无法加载模块:Uploads

[ 2017-08-25T13:55:38+08:00 ] ::1 /Uploads/hgjhg/2017-08-24/599ef03fa56558.46902695.jpg
INFO: [ app_init ] --START--
INFO: Run Behavior\BuildLiteBehavior [ RunTime:0.000044s ]
INFO: [ app_init ] --END-- [ RunTime:0.001354s ]
ERR: 无法加载模块:Uploads

[ 2017-08-25T13:55:38+08:00 ] ::1 /Uploads/hgjhg/2017-08-24/599ef03fa4b791.04897615.jpg
INFO: [ app_init ] --START--
INFO: Run Behavior\BuildLiteBehavior [ RunTime:0.000042s ]
INFO: [ app_init ] --END-- [ RunTime:0.000956s ]
ERR: 无法加载模块:Uploads

[ 2017-08-25T13:55:38+08:00 ] ::1 /Uploads/hgjhg/2017-08-24/599ef03fa3c8a4.55455794.jpg
INFO: [ app_init ] --START--
INFO: Run Behavior\BuildLiteBehavior [ RunTime:0.000039s ]
INFO: [ app_init ] --END-- [ RunTime:0.000694s ]
ERR: 无法加载模块:Uploads

[ 2017-08-25T13:55:39+08:00 ] ::1 /Uploads/hgjhg/2017-08-24/599ef03fa70af6.49197493.png
INFO: [ app_init ] --START--
INFO: Run Behavior\BuildLiteBehavior [ RunTime:0.000078s ]
INFO: [ app_init ] --END-- [ RunTime:0.001209s ]
ERR: 无法加载模块:Uploads

[ 2017-08-25T13:55:39+08:00 ] ::1 /Uploads/hgjhg/2017-08-24/599ef03fa60fc0.67150618.jpg
INFO: [ app_init ] --START--
INFO: Run Behavior\BuildLiteBehavior [ RunTime:0.000164s ]
INFO: [ app_init ] --END-- [ RunTime:0.001391s ]
ERR: 无法加载模块:Uploads

[ 2017-08-25T13:55:39+08:00 ] ::1 /Uploads/hgjhg/2017-08-24/599ef03fa56558.46902695.jpg
INFO: [ app_init ] --START--
INFO: Run Behavior\BuildLiteBehavior [ RunTime:0.000045s ]
INFO: [ app_init ] --END-- [ RunTime:0.001018s ]
ERR: 无法加载模块:Uploads

[ 2017-08-25T13:55:39+08:00 ] ::1 /Uploads/hgjhg/2017-08-24/599ef03fa4b791.04897615.jpg
INFO: [ app_init ] --START--
INFO: Run Behavior\BuildLiteBehavior [ RunTime:0.000038s ]
INFO: [ app_init ] --END-- [ RunTime:0.000792s ]
ERR: 无法加载模块:Uploads

[ 2017-08-25T13:55:39+08:00 ] ::1 /Uploads/hgjhg/2017-08-24/599ef03fa3c8a4.55455794.jpg
INFO: [ app_init ] --START--
INFO: Run Behavior\BuildLiteBehavior [ RunTime:0.000085s ]
INFO: [ app_init ] --END-- [ RunTime:0.001054s ]
ERR: 无法加载模块:Uploads

[ 2017-08-25T13:55:39+08:00 ] ::1 /Uploads/hgjhg/2017-08-24/599ef03fa4b791.04897615.jpg
INFO: [ app_init ] --START--
INFO: Run Behavior\BuildLiteBehavior [ RunTime:0.000030s ]
INFO: [ app_init ] --END-- [ RunTime:0.000595s ]
ERR: 无法加载模块:Uploads

[ 2017-08-25T13:55:40+08:00 ] ::1 /Uploads/hgjhg/2017-08-24/599ef03fa3c8a4.55455794.jpg
INFO: [ app_init ] --START--
INFO: Run Behavior\BuildLiteBehavior [ RunTime:0.000130s ]
INFO: [ app_init ] --END-- [ RunTime:0.002044s ]
ERR: 无法加载模块:Uploads

[ 2017-08-25T13:57:51+08:00 ] ::1 /Uploads/hgjhg/2017-08-24/599ef03fa3c8a4.55455794.jpg
INFO: [ app_init ] --START--
INFO: Run Behavior\BuildLiteBehavior [ RunTime:0.000036s ]
INFO: [ app_init ] --END-- [ RunTime:0.000686s ]
ERR: 无法加载模块:Uploads

[ 2017-08-25T13:57:51+08:00 ] ::1 /Uploads/hgjhg/2017-08-24/599ef03fa4b791.04897615.jpg
INFO: [ app_init ] --START--
INFO: Run Behavior\BuildLiteBehavior [ RunTime:0.000036s ]
INFO: [ app_init ] --END-- [ RunTime:0.000615s ]
ERR: 无法加载模块:Uploads

[ 2017-08-25T13:57:51+08:00 ] ::1 /Uploads/hgjhg/2017-08-24/599ef03fa56558.46902695.jpg
INFO: [ app_init ] --START--
INFO: Run Behavior\BuildLiteBehavior [ RunTime:0.000036s ]
INFO: [ app_init ] --END-- [ RunTime:0.000602s ]
ERR: 无法加载模块:Uploads

[ 2017-08-25T13:57:51+08:00 ] ::1 /Uploads/hgjhg/2017-08-24/599ef03fa60fc0.67150618.jpg
INFO: [ app_init ] --START--
INFO: Run Behavior\BuildLiteBehavior [ RunTime:0.000035s ]
INFO: [ app_init ] --END-- [ RunTime:0.000554s ]
ERR: 无法加载模块:Uploads

[ 2017-08-25T13:57:51+08:00 ] ::1 /Uploads/%E5%8E%BB%E7%8E%A9%E5%84%BF%E5%8C%BA%E4%BD%8D%E5%9B%BE/2017-08-24/599eed5cbcb9a3.03408791.jpg
INFO: [ app_init ] --START--
INFO: Run Behavior\BuildLiteBehavior [ RunTime:0.000031s ]
INFO: [ app_init ] --END-- [ RunTime:0.000539s ]
ERR: 无法加载模块:Uploads

[ 2017-08-25T13:57:51+08:00 ] ::1 /Uploads/hgjhg/2017-08-24/599ef03fa70af6.49197493.png
INFO: [ app_init ] --START--
INFO: Run Behavior\BuildLiteBehavior [ RunTime:0.000038s ]
INFO: [ app_init ] --END-- [ RunTime:0.000610s ]
ERR: 无法加载模块:Uploads

[ 2017-08-25T13:57:51+08:00 ] ::1 /Uploads/%E5%8E%BB%E7%8E%A9%E5%84%BF%E5%8C%BA%E4%BD%8D%E5%9B%BE/2017-08-24/599eed5cbeba43.86003152.jpg
INFO: [ app_init ] --START--
INFO: Run Behavior\BuildLiteBehavior [ RunTime:0.000031s ]
INFO: [ app_init ] --END-- [ RunTime:0.000545s ]
ERR: 无法加载模块:Uploads

[ 2017-08-25T13:57:51+08:00 ] ::1 /Uploads/%E5%8E%BB%E7%8E%A9%E5%84%BF%E5%8C%BA%E4%BD%8D%E5%9B%BE/2017-08-24/599eed5cbdd260.02380902.jpg
INFO: [ app_init ] --START--
INFO: Run Behavior\BuildLiteBehavior [ RunTime:0.000037s ]
INFO: [ app_init ] --END-- [ RunTime:0.000678s ]
ERR: 无法加载模块:Uploads

[ 2017-08-25T13:57:51+08:00 ] ::1 /Uploads/%E5%8E%BB%E7%8E%A9%E5%84%BF%E5%8C%BA%E4%BD%8D%E5%9B%BE/2017-08-24/599eed5cbf61c0.48524478.jpg
INFO: [ app_init ] --START--
INFO: Run Behavior\BuildLiteBehavior [ RunTime:0.000046s ]
INFO: [ app_init ] --END-- [ RunTime:0.000620s ]
ERR: 无法加载模块:Uploads

[ 2017-08-25T13:57:51+08:00 ] ::1 /Uploads/%E5%8E%BB%E7%8E%A9%E5%84%BF%E5%8C%BA%E4%BD%8D%E5%9B%BE/2017-08-24/599eed5cc00395.67617141.jpg
INFO: [ app_init ] --START--
INFO: Run Behavior\BuildLiteBehavior [ RunTime:0.000038s ]
INFO: [ app_init ] --END-- [ RunTime:0.000956s ]
ERR: 无法加载模块:Uploads

[ 2017-08-25T13:57:51+08:00 ] ::1 /Uploads/hgjhg/2017-08-24/599ef03fa3c8a4.55455794.jpg
INFO: [ app_init ] --START--
INFO: Run Behavior\BuildLiteBehavior [ RunTime:0.000037s ]
INFO: [ app_init ] --END-- [ RunTime:0.000647s ]
ERR: 无法加载模块:Uploads

[ 2017-08-25T13:57:51+08:00 ] ::1 /Uploads/hgjhg/2017-08-24/599ef03fa4b791.04897615.jpg
INFO: [ app_init ] --START--
INFO: Run Behavior\BuildLiteBehavior [ RunTime:0.000027s ]
INFO: [ app_init ] --END-- [ RunTime:0.000464s ]
ERR: 无法加载模块:Uploads

[ 2017-08-25T13:58:31+08:00 ] ::1 /Uploads/hgjhg/2017-08-24/599ef03fa3c8a4.55455794.jpg
INFO: [ app_init ] --START--
INFO: Run Behavior\BuildLiteBehavior [ RunTime:0.000027s ]
INFO: [ app_init ] --END-- [ RunTime:0.000454s ]
ERR: 无法加载模块:Uploads

[ 2017-08-25T13:58:31+08:00 ] ::1 /Uploads/hgjhg/2017-08-24/599ef03fa4b791.04897615.jpg
INFO: [ app_init ] --START--
INFO: Run Behavior\BuildLiteBehavior [ RunTime:0.000043s ]
INFO: [ app_init ] --END-- [ RunTime:0.000744s ]
ERR: 无法加载模块:Uploads

[ 2017-08-25T13:58:31+08:00 ] ::1 /Uploads/hgjhg/2017-08-24/599ef03fa56558.46902695.jpg
INFO: [ app_init ] --START--
INFO: Run Behavior\BuildLiteBehavior [ RunTime:0.000035s ]
INFO: [ app_init ] --END-- [ RunTime:0.000560s ]
ERR: 无法加载模块:Uploads

[ 2017-08-25T13:58:31+08:00 ] ::1 /Uploads/hgjhg/2017-08-24/599ef03fa60fc0.67150618.jpg
INFO: [ app_init ] --START--
INFO: Run Behavior\BuildLiteBehavior [ RunTime:0.000035s ]
INFO: [ app_init ] --END-- [ RunTime:0.000601s ]
ERR: 无法加载模块:Uploads

[ 2017-08-25T13:58:31+08:00 ] ::1 /Uploads/%E5%8E%BB%E7%8E%A9%E5%84%BF%E5%8C%BA%E4%BD%8D%E5%9B%BE/2017-08-24/599eed5cbdd260.02380902.jpg
INFO: [ app_init ] --START--
INFO: Run Behavior\BuildLiteBehavior [ RunTime:0.000037s ]
INFO: [ app_init ] --END-- [ RunTime:0.000543s ]
ERR: 无法加载模块:Uploads

[ 2017-08-25T13:58:31+08:00 ] ::1 /Uploads/%E5%8E%BB%E7%8E%A9%E5%84%BF%E5%8C%BA%E4%BD%8D%E5%9B%BE/2017-08-24/599eed5cbcb9a3.03408791.jpg
INFO: [ app_init ] --START--
INFO: Run Behavior\BuildLiteBehavior [ RunTime:0.000038s ]
INFO: [ app_init ] --END-- [ RunTime:0.000607s ]
ERR: 无法加载模块:Uploads

[ 2017-08-25T13:58:31+08:00 ] ::1 /Uploads/%E5%8E%BB%E7%8E%A9%E5%84%BF%E5%8C%BA%E4%BD%8D%E5%9B%BE/2017-08-24/599eed5cbeba43.86003152.jpg
INFO: [ app_init ] --START--
INFO: Run Behavior\BuildLiteBehavior [ RunTime:0.000041s ]
INFO: [ app_init ] --END-- [ RunTime:0.000716s ]
ERR: 无法加载模块:Uploads

[ 2017-08-25T13:58:31+08:00 ] ::1 /Uploads/hgjhg/2017-08-24/599ef03fa70af6.49197493.png
INFO: [ app_init ] --START--
INFO: Run Behavior\BuildLiteBehavior [ RunTime:0.000038s ]
INFO: [ app_init ] --END-- [ RunTime:0.000840s ]
ERR: 无法加载模块:Uploads

[ 2017-08-25T13:58:31+08:00 ] ::1 /Uploads/%E5%8E%BB%E7%8E%A9%E5%84%BF%E5%8C%BA%E4%BD%8D%E5%9B%BE/2017-08-24/599eed5cbf61c0.48524478.jpg
INFO: [ app_init ] --START--
INFO: Run Behavior\BuildLiteBehavior [ RunTime:0.000044s ]
INFO: [ app_init ] --END-- [ RunTime:0.000601s ]
ERR: 无法加载模块:Uploads

[ 2017-08-25T13:58:31+08:00 ] ::1 /Uploads/%E5%8E%BB%E7%8E%A9%E5%84%BF%E5%8C%BA%E4%BD%8D%E5%9B%BE/2017-08-24/599eed5cc00395.67617141.jpg
INFO: [ app_init ] --START--
INFO: Run Behavior\BuildLiteBehavior [ RunTime:0.000038s ]
INFO: [ app_init ] --END-- [ RunTime:0.000616s ]
ERR: 无法加载模块:Uploads

[ 2017-08-25T13:58:31+08:00 ] ::1 /Uploads/hgjhg/2017-08-24/599ef03fa3c8a4.55455794.jpg
INFO: [ app_init ] --START--
INFO: Run Behavior\BuildLiteBehavior [ RunTime:0.000034s ]
INFO: [ app_init ] --END-- [ RunTime:0.000594s ]
ERR: 无法加载模块:Uploads

[ 2017-08-25T13:58:35+08:00 ] ::1 /Uploads/hgjhg/2017-08-24/599ef03fa3c8a4.55455794.jpg
INFO: [ app_init ] --START--
INFO: Run Behavior\BuildLiteBehavior [ RunTime:0.000022s ]
INFO: [ app_init ] --END-- [ RunTime:0.000362s ]
ERR: 无法加载模块:Uploads

[ 2017-08-25T13:58:35+08:00 ] ::1 /Uploads/hgjhg/2017-08-24/599ef03fa3c8a4.55455794.jpg
INFO: [ app_init ] --START--
INFO: Run Behavior\BuildLiteBehavior [ RunTime:0.000035s ]
INFO: [ app_init ] --END-- [ RunTime:0.000742s ]
ERR: 无法加载模块:Uploads

[ 2017-08-25T13:58:36+08:00 ] ::1 /Uploads/%E5%8E%BB%E7%8E%A9%E5%84%BF%E5%8C%BA%E4%BD%8D%E5%9B%BE/2017-08-24/599eed5cbcb9a3.03408791.jpg
INFO: [ app_init ] --START--
INFO: Run Behavior\BuildLiteBehavior [ RunTime:0.000028s ]
INFO: [ app_init ] --END-- [ RunTime:0.000369s ]
ERR: 无法加载模块:Uploads

[ 2017-08-25T14:00:05+08:00 ] ::1 /Uploads/hgjhg/2017-08-24/599ef03fa3c8a4.55455794.jpg
INFO: [ app_init ] --START--
INFO: Run Behavior\BuildLiteBehavior [ RunTime:0.000037s ]
INFO: [ app_init ] --END-- [ RunTime:0.000711s ]
ERR: 无法加载模块:Uploads

[ 2017-08-25T14:00:05+08:00 ] ::1 /Uploads/hgjhg/2017-08-24/599ef03fa4b791.04897615.jpg
INFO: [ app_init ] --START--
INFO: Run Behavior\BuildLiteBehavior [ RunTime:0.000025s ]
INFO: [ app_init ] --END-- [ RunTime:0.000564s ]
ERR: 无法加载模块:Uploads

[ 2017-08-25T14:00:05+08:00 ] ::1 /Uploads/hgjhg/2017-08-24/599ef03fa56558.46902695.jpg
INFO: [ app_init ] --START--
INFO: Run Behavior\BuildLiteBehavior [ RunTime:0.000035s ]
INFO: [ app_init ] --END-- [ RunTime:0.000902s ]
ERR: 无法加载模块:Uploads

[ 2017-08-25T14:00:05+08:00 ] ::1 /Uploads/hgjhg/2017-08-24/599ef03fa60fc0.67150618.jpg
INFO: [ app_init ] --START--
INFO: Run Behavior\BuildLiteBehavior [ RunTime:0.000036s ]
INFO: [ app_init ] --END-- [ RunTime:0.000586s ]
ERR: 无法加载模块:Uploads

[ 2017-08-25T14:00:05+08:00 ] ::1 /Uploads/hgjhg/2017-08-24/599ef03fa70af6.49197493.png
INFO: [ app_init ] --START--
INFO: Run Behavior\BuildLiteBehavior [ RunTime:0.000035s ]
INFO: [ app_init ] --END-- [ RunTime:0.000657s ]
ERR: 无法加载模块:Uploads

[ 2017-08-25T14:00:05+08:00 ] ::1 /Uploads/%E5%8E%BB%E7%8E%A9%E5%84%BF%E5%8C%BA%E4%BD%8D%E5%9B%BE/2017-08-24/599eed5cbcb9a3.03408791.jpg
INFO: [ app_init ] --START--
INFO: Run Behavior\BuildLiteBehavior [ RunTime:0.000037s ]
INFO: [ app_init ] --END-- [ RunTime:0.000698s ]
ERR: 无法加载模块:Uploads

[ 2017-08-25T14:00:05+08:00 ] ::1 /Uploads/%E5%8E%BB%E7%8E%A9%E5%84%BF%E5%8C%BA%E4%BD%8D%E5%9B%BE/2017-08-24/599eed5cbeba43.86003152.jpg
INFO: [ app_init ] --START--
INFO: Run Behavior\BuildLiteBehavior [ RunTime:0.000037s ]
INFO: [ app_init ] --END-- [ RunTime:0.000557s ]
ERR: 无法加载模块:Uploads

[ 2017-08-25T14:00:05+08:00 ] ::1 /Uploads/%E5%8E%BB%E7%8E%A9%E5%84%BF%E5%8C%BA%E4%BD%8D%E5%9B%BE/2017-08-24/599eed5cbf61c0.48524478.jpg
INFO: [ app_init ] --START--
INFO: Run Behavior\BuildLiteBehavior [ RunTime:0.000042s ]
INFO: [ app_init ] --END-- [ RunTime:0.000652s ]
ERR: 无法加载模块:Uploads

[ 2017-08-25T14:00:05+08:00 ] ::1 /Uploads/%E5%8E%BB%E7%8E%A9%E5%84%BF%E5%8C%BA%E4%BD%8D%E5%9B%BE/2017-08-24/599eed5cc00395.67617141.jpg
INFO: [ app_init ] --START--
INFO: Run Behavior\BuildLiteBehavior [ RunTime:0.000038s ]
INFO: [ app_init ] --END-- [ RunTime:0.000576s ]
ERR: 无法加载模块:Uploads

[ 2017-08-25T14:00:05+08:00 ] ::1 /Uploads/%E5%8E%BB%E7%8E%A9%E5%84%BF%E5%8C%BA%E4%BD%8D%E5%9B%BE/2017-08-24/599eed5cbdd260.02380902.jpg
INFO: [ app_init ] --START--
INFO: Run Behavior\BuildLiteBehavior [ RunTime:0.000040s ]
INFO: [ app_init ] --END-- [ RunTime:0.000770s ]
ERR: 无法加载模块:Uploads

[ 2017-08-25T14:00:05+08:00 ] ::1 /Uploads/hgjhg/2017-08-24/599ef03fa3c8a4.55455794.jpg
INFO: [ app_init ] --START--
INFO: Run Behavior\BuildLiteBehavior [ RunTime:0.000038s ]
INFO: [ app_init ] --END-- [ RunTime:0.000536s ]
ERR: 无法加载模块:Uploads

[ 2017-08-25T14:00:05+08:00 ] ::1 /Uploads/hgjhg/2017-08-24/599ef03fa4b791.04897615.jpg
INFO: [ app_init ] --START--
INFO: Run Behavior\BuildLiteBehavior [ RunTime:0.000033s ]
INFO: [ app_init ] --END-- [ RunTime:0.000556s ]
ERR: 无法加载模块:Uploads

[ 2017-08-25T14:29:53+08:00 ] ::1 /favicon.ico
INFO: [ app_init ] --START--
INFO: Run Behavior\BuildLiteBehavior [ RunTime:0.000021s ]
INFO: [ app_init ] --END-- [ RunTime:0.000360s ]
ERR: 无法加载模块:Favicon

[ 2017-08-25T14:46:00+08:00 ] 127.0.0.1 http://idea.imsxm.com//rpc/releaseTicket.action?buildNumber=2016.2.1+Build+PS-162.1889.1&clientVersion=2&hostName=192.168.1.103&machineId=3c7ade1a-e001-4f8e-a2df-66b433a171a4&productCode=0d85f2cc-b84f-44c7-b319-93997d080ac9&productFamilyId=0d85f2cc-b84f-44c7-b319-93997d080ac9&salt=1503643560215&secure=false&ticketId=1&userName=%E7%8E%8B%E5%B4%87
INFO: [ app_init ] --START--
INFO: Run Behavior\BuildLiteBehavior [ RunTime:0.000023s ]
INFO: [ app_init ] --END-- [ RunTime:0.000415s ]
ERR: 无法加载模块:Rpc

[ 2017-08-25T14:58:22+08:00 ] ::1 /favicon.ico
INFO: [ app_init ] --START--
INFO: Run Behavior\BuildLiteBehavior [ RunTime:0.000040s ]
INFO: [ app_init ] --END-- [ RunTime:0.000697s ]
ERR: 无法加载模块:Favicon

[ 2017-08-25T17:17:44+08:00 ] ::1 /favicon.ico
INFO: [ app_init ] --START--
INFO: Run Behavior\BuildLiteBehavior [ RunTime:0.000035s ]
INFO: [ app_init ] --END-- [ RunTime:0.000478s ]
ERR: 无法加载模块:Favicon

[ 2017-08-25T17:54:29+08:00 ] ::1 /assets/vendors/hackertyper/kernel.txt
INFO: [ app_init ] --START--
INFO: Run Behavior\BuildLiteBehavior [ RunTime:0.000023s ]
INFO: [ app_init ] --END-- [ RunTime:0.000412s ]
ERR: 无法加载模块:Assets

