[ 2017-08-28T00:51:05+08:00 ] 127.0.0.1 http://idea.imsxm.com//rpc/releaseTicket.action?buildNumber=2016.2.1+Build+PS-162.1889.1&clientVersion=2&hostName=DESKTOP-47330T4&machineId=3c7ade1a-e001-4f8e-a2df-66b433a171a4&productCode=0d85f2cc-b84f-44c7-b319-93997d080ac9&productFamilyId=0d85f2cc-b84f-44c7-b319-93997d080ac9&salt=1503852665325&secure=false&ticketId=1&userName=%E7%8E%8B%E5%B4%87
INFO: [ app_init ] --START--
INFO: Run Behavior\BuildLiteBehavior [ RunTime:0.000036s ]
INFO: [ app_init ] --END-- [ RunTime:0.009974s ]
ERR: 无法加载模块:Rpc

[ 2017-08-28T09:11:23+08:00 ] ::1 /favicon.ico
INFO: [ app_init ] --START--
INFO: Run Behavior\BuildLiteBehavior [ RunTime:0.000073s ]
INFO: [ app_init ] --END-- [ RunTime:0.001021s ]
ERR: 无法加载模块:Favicon

[ 2017-08-28T09:11:33+08:00 ] 192.168.1.101 /favicon.ico
INFO: [ app_init ] --START--
INFO: Run Behavior\BuildLiteBehavior [ RunTime:0.000021s ]
INFO: [ app_init ] --END-- [ RunTime:0.000359s ]
ERR: 无法加载模块:Favicon

[ 2017-08-28T09:23:08+08:00 ] ::1 /assets/vendors/hackertyper/kernel.txt
INFO: [ app_init ] --START--
INFO: Run Behavior\BuildLiteBehavior [ RunTime:0.000035s ]
INFO: [ app_init ] --END-- [ RunTime:0.000550s ]
ERR: 无法加载模块:Assets

[ 2017-08-28T09:31:07+08:00 ] ::1 /assets/vendors/hackertyper/kernel.txt
INFO: [ app_init ] --START--
INFO: Run Behavior\BuildLiteBehavior [ RunTime:0.000036s ]
INFO: [ app_init ] --END-- [ RunTime:0.000593s ]
ERR: 无法加载模块:Assets

[ 2017-08-28T10:44:37+08:00 ] 192.168.1.101 /favicon.ico
INFO: [ app_init ] --START--
INFO: Run Behavior\BuildLiteBehavior [ RunTime:0.000025s ]
INFO: [ app_init ] --END-- [ RunTime:0.000418s ]
ERR: 无法加载模块:Favicon

[ 2017-08-28T11:00:04+08:00 ] ::1 /assets/vendors/hackertyper/kernel.txt
INFO: [ app_init ] --START--
INFO: Run Behavior\BuildLiteBehavior [ RunTime:0.000023s ]
INFO: [ app_init ] --END-- [ RunTime:0.000343s ]
ERR: 无法加载模块:Assets

[ 2017-08-28T11:08:14+08:00 ] ::1 /assets/vendors/hackertyper/kernel.txt
INFO: [ app_init ] --START--
INFO: Run Behavior\BuildLiteBehavior [ RunTime:0.000041s ]
INFO: [ app_init ] --END-- [ RunTime:0.000609s ]
ERR: 无法加载模块:Assets

[ 2017-08-28T11:09:38+08:00 ] ::1 /assets/vendors/hackertyper/kernel.txt
INFO: [ app_init ] --START--
INFO: Run Behavior\BuildLiteBehavior [ RunTime:0.000023s ]
INFO: [ app_init ] --END-- [ RunTime:0.000455s ]
ERR: 无法加载模块:Assets

[ 2017-08-28T11:09:40+08:00 ] ::1 /assets/vendors/hackertyper/kernel.txt
INFO: [ app_init ] --START--
INFO: Run Behavior\BuildLiteBehavior [ RunTime:0.000023s ]
INFO: [ app_init ] --END-- [ RunTime:0.000401s ]
ERR: 无法加载模块:Assets

[ 2017-08-28T11:29:21+08:00 ] ::1 /assets/vendors/hackertyper/kernel.txt
INFO: [ app_init ] --START--
INFO: Run Behavior\BuildLiteBehavior [ RunTime:0.000037s ]
INFO: [ app_init ] --END-- [ RunTime:0.000593s ]
ERR: 无法加载模块:Assets

[ 2017-08-28T11:47:46+08:00 ] 192.168.1.101 /assets/vendors/hackertyper/kernel.txt
INFO: [ app_init ] --START--
INFO: Run Behavior\BuildLiteBehavior [ RunTime:0.000036s ]
INFO: [ app_init ] --END-- [ RunTime:0.000765s ]
ERR: 无法加载模块:Assets

[ 2017-08-28T13:02:29+08:00 ] 192.168.1.102 /favicon.ico
INFO: [ app_init ] --START--
INFO: Run Behavior\BuildLiteBehavior [ RunTime:0.000032s ]
INFO: [ app_init ] --END-- [ RunTime:0.000529s ]
ERR: 无法加载模块:Favicon

[ 2017-08-28T13:11:41+08:00 ] 192.168.1.101 /favicon.ico
INFO: [ app_init ] --START--
INFO: Run Behavior\BuildLiteBehavior [ RunTime:0.000035s ]
INFO: [ app_init ] --END-- [ RunTime:0.000620s ]
ERR: 无法加载模块:Favicon

