[ 2017-09-06T00:06:37+08:00 ] ::1 /favicon.ico
ERR: 无法加载模块:Favicon

[ 2017-09-06T00:07:44+08:00 ] 192.168.1.108 /favicon.ico
ERR: 无法加载模块:Favicon

[ 2017-09-06T13:04:30+08:00 ] ::1 /favicon.ico
ERR: 无法加载模块:Favicon

[ 2017-09-06T13:07:33+08:00 ] ::1 /Application/Admin/Public/js/new/user.js
ERR: 无法加载模块:Application

[ 2017-09-06T13:07:33+08:00 ] ::1 /Application/Admin/Public/css/style.shinyblue.css
ERR: 无法加载模块:Application

[ 2017-09-06T13:07:33+08:00 ] ::1 /Application/Admin/Public/js/new/user.js
ERR: 无法加载模块:Application

[ 2017-09-06T13:08:09+08:00 ] ::1 /Application/Admin/Public/css/style.shinyblue.css
ERR: 无法加载模块:Application

[ 2017-09-06T13:08:09+08:00 ] ::1 /Application/Admin/Public/js/new/user.js
ERR: 无法加载模块:Application

[ 2017-09-06T13:08:09+08:00 ] ::1 /Application/Admin/Public/js/new/user.js
ERR: 无法加载模块:Application

[ 2017-09-06T13:08:28+08:00 ] ::1 /Application/Admin/Public/js/new/user.js
ERR: 无法加载模块:Application

[ 2017-09-06T13:08:28+08:00 ] ::1 /Application/Admin/Public/css/style.shinyblue.css
ERR: 无法加载模块:Application

[ 2017-09-06T13:08:28+08:00 ] ::1 /Application/Admin/Public/js/new/user.js
ERR: 无法加载模块:Application

[ 2017-09-06T13:08:40+08:00 ] ::1 /Application/Admin/Public/css/style.shinyblue.css
ERR: 无法加载模块:Application

[ 2017-09-06T13:08:40+08:00 ] ::1 /Application/Admin/Public/js/new/user.js
ERR: 无法加载模块:Application

[ 2017-09-06T13:08:40+08:00 ] ::1 /Application/Admin/Public/js/new/user.js
ERR: 无法加载模块:Application

[ 2017-09-06T13:09:24+08:00 ] ::1 /favicon.ico
ERR: 无法加载模块:Favicon

[ 2017-09-06T13:09:30+08:00 ] ::1 /Application/Admin/Public/css/style.shinyblue.css
ERR: 无法加载模块:Application

[ 2017-09-06T13:09:30+08:00 ] ::1 /Application/Admin/Public/js/new/user.js
ERR: 无法加载模块:Application

[ 2017-09-06T13:09:30+08:00 ] ::1 /Application/Admin/Public/js/new/user.js
ERR: 无法加载模块:Application

[ 2017-09-06T13:09:44+08:00 ] ::1 /Application/Admin/Public/css/style.shinyblue.css
ERR: 无法加载模块:Application

[ 2017-09-06T13:09:44+08:00 ] ::1 /Application/Admin/Public/js/new/user.js
ERR: 无法加载模块:Application

[ 2017-09-06T13:09:44+08:00 ] ::1 /Application/Admin/Public/js/new/user.js
ERR: 无法加载模块:Application

[ 2017-09-06T13:09:48+08:00 ] ::1 /Application/Admin/Public/js/new/user.js
ERR: 无法加载模块:Application

[ 2017-09-06T13:09:48+08:00 ] ::1 /Application/Admin/Public/css/style.shinyblue.css
ERR: 无法加载模块:Application

[ 2017-09-06T13:09:48+08:00 ] ::1 /Application/Admin/Public/js/new/user.js
ERR: 无法加载模块:Application

[ 2017-09-06T13:09:59+08:00 ] ::1 /Application/Admin/Public/js/new/user.js
ERR: 无法加载模块:Application

[ 2017-09-06T13:09:59+08:00 ] ::1 /Application/Admin/Public/css/style.shinyblue.css
ERR: 无法加载模块:Application

[ 2017-09-06T13:09:59+08:00 ] ::1 /Application/Admin/Public/js/new/user.js
ERR: 无法加载模块:Application

[ 2017-09-06T13:10:05+08:00 ] ::1 /Application/Admin/Public/js/new/user.js
ERR: 无法加载模块:Application

[ 2017-09-06T13:10:05+08:00 ] ::1 /Application/Admin/Public/css/style.shinyblue.css
ERR: 无法加载模块:Application

[ 2017-09-06T13:10:05+08:00 ] ::1 /Application/Admin/Public/js/new/user.js
ERR: 无法加载模块:Application

[ 2017-09-06T13:10:20+08:00 ] ::1 /Application/Admin/Public/css/style.shinyblue.css
ERR: 无法加载模块:Application

[ 2017-09-06T13:10:20+08:00 ] ::1 /Application/Admin/Public/js/new/user.js
ERR: 无法加载模块:Application

[ 2017-09-06T13:10:20+08:00 ] ::1 /Application/Admin/Public/js/new/user.js
ERR: 无法加载模块:Application

[ 2017-09-06T13:10:38+08:00 ] ::1 /Application/Admin/Public/css/style.shinyblue.css
ERR: 无法加载模块:Application

[ 2017-09-06T13:10:38+08:00 ] ::1 /Application/Admin/Public/js/new/user.js
ERR: 无法加载模块:Application

[ 2017-09-06T13:11:27+08:00 ] ::1 /Application/Admin/Public/css/style.shinyblue.css
ERR: 无法加载模块:Application

[ 2017-09-06T13:11:27+08:00 ] ::1 /Application/Admin/Public/js/new/user.js
ERR: 无法加载模块:Application

[ 2017-09-06T13:11:28+08:00 ] ::1 /Application/Admin/Public/js/new/user.js
ERR: 无法加载模块:Application

[ 2017-09-06T13:12:21+08:00 ] ::1 /Application/Admin/Public/css/style.shinyblue.css
ERR: 无法加载模块:Application

[ 2017-09-06T13:12:21+08:00 ] ::1 /Application/Admin/Public/js/new/user.js
ERR: 无法加载模块:Application

[ 2017-09-06T13:12:21+08:00 ] ::1 /Application/Admin/Public/js/new/user.js
ERR: 无法加载模块:Application

[ 2017-09-06T13:12:47+08:00 ] ::1 /Application/Admin/Public/css/style.shinyblue.css
ERR: 无法加载模块:Application

[ 2017-09-06T13:12:47+08:00 ] ::1 /Application/Admin/Public/js/new/user.js
ERR: 无法加载模块:Application

[ 2017-09-06T13:12:47+08:00 ] ::1 /Application/Admin/Public/js/new/user.js
ERR: 无法加载模块:Application

[ 2017-09-06T13:13:38+08:00 ] ::1 /Application/Admin/Public/js/new/user.js
ERR: 无法加载模块:Application

ation

[ 2017-09-06T13:13:38+08:00 ] ::1 /Application/Admin/Public/js/new/user.js
ERR: 无法加载模块:Application

[ 2017-09-06T13:14:06+08:00 ] ::1 /Application/Admin/Public/css/style.shinyblue.css
ERR: 无法加载模块:Application

[ 2017-09-06T13:14:06+08:00 ] ::1 /Application/Admin/Public/js/new/user.js
ERR: 无法加载模块:Application

[ 2017-09-06T13:14:06+08:00 ] ::1 /Application/Admin/Public/js/new/user.js
ERR: 无法加载模块:Application

[ 2017-09-06T13:14:55+08:00 ] ::1 /Application/Admin/Public/css/style.shinyblue.css
ERR: 无法加载模块:Application

[ 2017-09-06T13:14:55+08:00 ] ::1 /Application/Admin/Public/js/new/user.js
ERR: 无法加载模块:Application

[ 2017-09-06T13:14:55+08:00 ] ::1 /Application/Admin/Public/js/new/user.js
ERR: 无法加载模块:Application

[ 2017-09-06T13:15:26+08:00 ] ::1 /Application/Admin/Public/js/new/user.js
ERR: 无法加载模块:Application

[ 2017-09-06T13:15:26+08:00 ] ::1 /Application/Admin/Public/css/style.shinyblue.css
ERR: 无法加载模块:Application

[ 2017-09-06T13:15:26+08:00 ] ::1 /Application/Admin/Public/js/new/user.js
ERR: 无法加载模块:Application

[ 2017-09-06T13:15:37+08:00 ] ::1 /Application/Admin/Public/js/new/user.js
ERR: 无法加载模块:Application

[ 2017-09-06T13:15:37+08:00 ] ::1 /Application/Admin/Public/css/style.shinyblue.css
ERR: 无法加载模块:Application

[ 2017-09-06T13:15:37+08:00 ] ::1 /Application/Admin/Public/js/new/user.js
ERR: 无法加载模块:Application

[ 2017-09-06T13:17:04+08:00 ] ::1 /Application/Admin/Public/css/style.shinyblue.css
ERR: 无法加载模块:Application

[ 2017-09-06T13:17:04+08:00 ] ::1 /Application/Admin/Public/js/new/user.js
ERR: 无法加载模块:Application

[ 2017-09-06T13:17:04+08:00 ] ::1 /Application/Admin/Public/js/new/user.js
ERR: 无法加载模块:Application

[ 2017-09-06T13:17:47+08:00 ] ::1 /index.php/favicon.ico
ERR: 无法加载模块:Favicon

[ 2017-09-06T13:17:58+08:00 ] ::1 /Application/Admin/Public/js/new/user.js
ERR: 无法加载模块:Application

ation

[ 2017-09-06T13:17:58+08:00 ] ::1 /Application/Admin/Public/js/new/user.js
ERR: 无法加载模块:Application

[ 2017-09-06T13:18:35+08:00 ] ::1 /Application/Admin/Public/js/new/user.js
ERR: 无法加载模块:Application

[ 2017-09-06T13:18:35+08:00 ] ::1 /Application/Admin/Public/css/style.shinyblue.css
ERR: 无法加载模块:Application

[ 2017-09-06T13:18:35+08:00 ] ::1 /Application/Admin/Public/js/new/user.js
ERR: 无法加载模块:Application

[ 2017-09-06T13:19:03+08:00 ] ::1 /Application/Admin/Public/js/new/user.js
ERR: 无法加载模块:Application

[ 2017-09-06T13:19:03+08:00 ] ::1 /Application/Admin/Public/css/style.shinyblue.css
ERR: 无法加载模块:Application

[ 2017-09-06T13:19:03+08:00 ] ::1 /Application/Admin/Public/js/new/user.js
ERR: 无法加载模块:Application

[ 2017-09-06T13:20:02+08:00 ] ::1 /Application/Admin/Public/css/style.shinyblue.css
ERR: 无法加载模块:Application

[ 2017-09-06T13:20:02+08:00 ] ::1 /Application/Admin/Public/js/new/user.js
ERR: 无法加载模块:Application

[ 2017-09-06T13:20:02+08:00 ] ::1 /Application/Admin/Public/js/new/user.js
ERR: 无法加载模块:Application

[ 2017-09-06T13:20:19+08:00 ] ::1 /Application/Admin/Public/css/style.shinyblue.css
ERR: 无法加载模块:Application

[ 2017-09-06T13:20:19+08:00 ] ::1 /Application/Admin/Public/js/new/user.js
ERR: 无法加载模块:Application

[ 2017-09-06T13:20:19+08:00 ] ::1 /Application/Admin/Public/js/new/user.js
ERR: 无法加载模块:Application

[ 2017-09-06T13:20:21+08:00 ] ::1 /Application/Admin/Public/css/style.shinyblue.css
ERR: 无法加载模块:Application

[ 2017-09-06T13:20:21+08:00 ] ::1 /Application/Admin/Public/js/new/user.js
ERR: 无法加载模块:Application

[ 2017-09-06T13:20:21+08:00 ] ::1 /Application/Admin/Public/js/new/user.js
ERR: 无法加载模块:Application

[ 2017-09-06T13:20:25+08:00 ] ::1 /Application/Admin/Public/css/style.shinyblue.css
ERR: 无法加载模块:Application

[ 2017-09-06T13:20:25+08:00 ] ::1 /Application/Admin/Public/js/new/user.js
ERR: 无法加载模块:Application

[ 2017-09-06T13:20:25+08:00 ] ::1 /Application/Admin/Public/js/new/user.js
ERR: 无法加载模块:Application

[ 2017-09-06T13:20:58+08:00 ] ::1 /Application/Admin/Public/css/style.shinyblue.css
ERR: 无法加载模块:Application

[ 2017-09-06T13:20:58+08:00 ] ::1 /Application/Admin/Public/js/new/user.js
ERR: 无法加载模块:Application

[ 2017-09-06T13:21:04+08:00 ] ::1 /Application/Admin/Public/js/new/user.js
ERR: 无法加载模块:Application

[ 2017-09-06T13:21:04+08:00 ] ::1 /Application/Admin/Public/css/style.shinyblue.css
ERR: 无法加载模块:Application

[ 2017-09-06T13:21:04+08:00 ] ::1 /Application/Admin/Public/js/new/user.js
ERR: 无法加载模块:Application

[ 2017-09-06T13:21:10+08:00 ] ::1 /Application/Admin/Public/css/style.shinyblue.css
ERR: 无法加载模块:Application

[ 2017-09-06T13:21:10+08:00 ] ::1 /Application/Admin/Public/js/new/user.js
ERR: 无法加载模块:Application

[ 2017-09-06T13:21:13+08:00 ] ::1 /Application/Admin/Public/js/new/user.js
ERR: 无法加载模块:Application

[ 2017-09-06T13:21:13+08:00 ] ::1 /Application/Admin/Public/css/style.shinyblue.css
ERR: 无法加载模块:Application

[ 2017-09-06T13:21:13+08:00 ] ::1 /Application/Admin/Public/js/new/user.js
ERR: 无法加载模块:Application

[ 2017-09-06T13:22:46+08:00 ] ::1 /Application/Admin/Public/css/style.shinyblue.css
ERR: 无法加载模块:Application

[ 2017-09-06T13:22:46+08:00 ] ::1 /Application/Admin/Public/js/new/user.js
ERR: 无法加载模块:Application

[ 2017-09-06T13:22:46+08:00 ] ::1 /Application/Admin/Public/js/new/user.js
ERR: 无法加载模块:Application

[ 2017-09-06T13:24:02+08:00 ] ::1 /Application/Admin/Public/css/style.shinyblue.css
ERR: 无法加载模块:Application

[ 2017-09-06T13:24:02+08:00 ] ::1 /Application/Admin/Public/js/new/user.js
ERR: 无法加载模块:Application

[ 2017-09-06T13:24:02+08:00 ] ::1 /Application/Admin/Public/js/new/user.js
ERR: 无法加载模块:Application

[ 2017-09-06T13:33:48+08:00 ] ::1 /Application/Admin/Public/css/style.shinyblue.css
ERR: 无法加载模块:Application

[ 2017-09-06T13:33:48+08:00 ] ::1 /Application/Admin/Public/js/new/user.js
ERR: 无法加载模块:Application

[ 2017-09-06T13:33:48+08:00 ] ::1 /Application/Admin/Public/js/new/user.js
ERR: 无法加载模块:Application

[ 2017-09-06T13:33:48+08:00 ] ::1 /favicon.ico
ERR: 无法加载模块:Favicon

[ 2017-09-06T13:33:53+08:00 ] ::1 /Application/Admin/Public/css/style.shinyblue.css
ERR: 无法加载模块:Application

[ 2017-09-06T13:33:53+08:00 ] ::1 /Application/Admin/Public/js/new/user.js
ERR: 无法加载模块:Application

[ 2017-09-06T13:33:53+08:00 ] ::1 /Application/Admin/Public/js/new/user.js
ERR: 无法加载模块:Application

[ 2017-09-06T13:38:08+08:00 ] ::1 /Application/Admin/Public/js/new/user.js
ERR: 无法加载模块:Application

[ 2017-09-06T13:38:08+08:00 ] ::1 /Application/Admin/Public/css/style.shinyblue.css
ERR: 无法加载模块:Application

[ 2017-09-06T13:38:08+08:00 ] ::1 /Application/Admin/Public/js/new/user.js
ERR: 无法加载模块:Application

[ 2017-09-06T13:45:40+08:00 ] ::1 /Application/Admin/Public/css/style.shinyblue.css
ERR: 无法加载模块:Application

[ 2017-09-06T13:45:40+08:00 ] ::1 /Application/Admin/Public/js/new/user.js
ERR: 无法加载模块:Application

[ 2017-09-06T13:45:40+08:00 ] ::1 /Application/Admin/Public/js/new/user.js
ERR: 无法加载模块:Application

[ 2017-09-06T13:46:34+08:00 ] ::1 /Application/Admin/Public/css/style.shinyblue.css
ERR: 无法加载模块:Application

[ 2017-09-06T13:46:34+08:00 ] ::1 /Application/Admin/Public/js/new/user.js
ERR: 无法加载模块:Application

[ 2017-09-06T13:46:34+08:00 ] ::1 /Application/Admin/Public/js/new/user.js
ERR: 无法加载模块:Application

[ 2017-09-06T14:36:57+08:00 ] ::1 /favicon.ico
ERR: 无法加载模块:Favicon

[ 2017-09-06T14:39:37+08:00 ] ::1 /Application/Admin/Public/css/style.shinyblue.css
ERR: 无法加载模块:Application

[ 2017-09-06T14:39:37+08:00 ] ::1 /Application/Admin/Public/js/new/user.js
ERR: 无法加载模块:Application

[ 2017-09-06T14:39:37+08:00 ] ::1 /Application/Admin/Public/js/new/user.js
ERR: 无法加载模块:Application

[ 2017-09-06T14:39:38+08:00 ] ::1 /favicon.ico
ERR: 无法加载模块:Favicon

[ 2017-09-06T15:01:09+08:00 ] ::1 /Application/Admin/Public/css/style.shinyblue.css
INFO: [ app_init ] --START--
INFO: Run Behavior\BuildLiteBehavior [ RunTime:0.000037s ]
INFO: [ app_init ] --END-- [ RunTime:0.000213s ]
ERR: 无法加载模块:Application

[ 2017-09-06T15:01:09+08:00 ] ::1 /Application/Admin/Public/js/new/user.js
INFO: [ app_init ] --START--
INFO: Run Behavior\BuildLiteBehavior [ RunTime:0.000037s ]
INFO: [ app_init ] --END-- [ RunTime:0.000223s ]
ERR: 无法加载模块:Application

[ 2017-09-06T15:01:09+08:00 ] ::1 /Application/Admin/Public/js/new/user.js
INFO: [ app_init ] --START--
INFO: Run Behavior\BuildLiteBehavior [ RunTime:0.000020s ]
INFO: [ app_init ] --END-- [ RunTime:0.000118s ]
ERR: 无法加载模块:Application

[ 2017-09-06T15:12:29+08:00 ] ::1 /index.phpadmin/index/index.html
INFO: [ app_init ] --START--
INFO: Run Behavior\BuildLiteBehavior [ RunTime:0.000022s ]
INFO: [ app_init ] --END-- [ RunTime:0.000130s ]
ERR: 无法加载模块:Index.phpadmin

[ 2017-09-06T15:34:51+08:00 ] ::1 /Application/Admin/Public/js/dist/jquery-migrate.min.map
INFO: [ app_init ] --START--
INFO: Run Behavior\BuildLiteBehavior [ RunTime:0.000036s ]
INFO: [ app_init ] --END-- [ RunTime:0.000226s ]
ERR: 无法加载模块:Application

[ 2017-09-06T15:35:08+08:00 ] ::1 /Application/Admin/Public/js/dist/jquery-migrate.min.map
INFO: [ app_init ] --START--
INFO: Run Behavior\BuildLiteBehavior [ RunTime:0.000034s ]
INFO: [ app_init ] --END-- [ RunTime:0.000223s ]
ERR: 无法加载模块:Application

[ 2017-09-06T15:35:24+08:00 ] ::1 /Application/Admin/Public/js/dist/jquery-migrate.min.map
INFO: [ app_init ] --START--
INFO: Run Behavior\BuildLiteBehavior [ RunTime:0.000037s ]
INFO: [ app_init ] --END-- [ RunTime:0.000258s ]
ERR: 无法加载模块:Application

[ 2017-09-06T15:35:44+08:00 ] ::1 /Application/Admin/Public/css/style.shinyblue.css
INFO: [ app_init ] --START--
INFO: Run Behavior\BuildLiteBehavior [ RunTime:0.000039s ]
INFO: [ app_init ] --END-- [ RunTime:0.000279s ]
ERR: 无法加载模块:Application

[ 2017-09-06T15:35:44+08:00 ] ::1 /Application/Admin/Public/js/new/user.js
INFO: [ app_init ] --START--
INFO: Run Behavior\BuildLiteBehavior [ RunTime:0.000034s ]
INFO: [ app_init ] --END-- [ RunTime:0.000185s ]
ERR: 无法加载模块:Application

[ 2017-09-06T15:35:44+08:00 ] ::1 /Application/Admin/Public/js/new/user.js
INFO: [ app_init ] --START--
INFO: Run Behavior\BuildLiteBehavior [ RunTime:0.000030s ]
INFO: [ app_init ] --END-- [ RunTime:0.000148s ]
ERR: 无法加载模块:Application

[ 2017-09-06T15:35:44+08:00 ] ::1 /Application/Admin/Public/js/dist/jquery-migrate.min.map
INFO: [ app_init ] --START--
INFO: Run Behavior\BuildLiteBehavior [ RunTime:0.000113s ]
INFO: [ app_init ] --END-- [ RunTime:0.000318s ]
ERR: 无法加载模块:Application

[ 2017-09-06T15:35:51+08:00 ] ::1 /Application/Admin/Public/js/dist/jquery-migrate.min.map
INFO: [ app_init ] --START--
INFO: Run Behavior\BuildLiteBehavior [ RunTime:0.000038s ]
INFO: [ app_init ] --END-- [ RunTime:0.000223s ]
ERR: 无法加载模块:Application

[ 2017-09-06T15:35:53+08:00 ] ::1 /Application/Admin/Public/js/dist/jquery-migrate.min.map
INFO: [ app_init ] --START--
INFO: Run Behavior\BuildLiteBehavior [ RunTime:0.000037s ]
INFO: [ app_init ] --END-- [ RunTime:0.000217s ]
ERR: 无法加载模块:Application

[ 2017-09-06T15:35:57+08:00 ] ::1 /Application/Admin/Public/js/dist/jquery-migrate.min.map
INFO: [ app_init ] --START--
INFO: Run Behavior\BuildLiteBehavior [ RunTime:0.000039s ]
INFO: [ app_init ] --END-- [ RunTime:0.000219s ]
ERR: 无法加载模块:Application

[ 2017-09-06T15:36:23+08:00 ] ::1 /Application/Admin/Public/js/dist/jquery-migrate.min.map
INFO: [ app_init ] --START--
INFO: Run Behavior\BuildLiteBehavior [ RunTime:0.000038s ]
INFO: [ app_init ] --END-- [ RunTime:0.000229s ]
ERR: 无法加载模块:Application

[ 2017-09-06T15:36:25+08:00 ] ::1 /Application/Admin/Public/js/dist/jquery-migrate.min.map
INFO: [ app_init ] --START--
INFO: Run Behavior\BuildLiteBehavior [ RunTime:0.000024s ]
INFO: [ app_init ] --END-- [ RunTime:0.000147s ]
ERR: 无法加载模块:Application

[ 2017-09-06T15:36:27+08:00 ] ::1 /Application/Admin/Public/js/dist/jquery-migrate.min.map
INFO: [ app_init ] --START--
INFO: Run Behavior\BuildLiteBehavior [ RunTime:0.000039s ]
INFO: [ app_init ] --END-- [ RunTime:0.000255s ]
ERR: 无法加载模块:Application

[ 2017-09-06T15:36:36+08:00 ] ::1 /Application/Admin/Public/css/style.shinyblue.css
INFO: [ app_init ] --START--
INFO: Run Behavior\BuildLiteBehavior [ RunTime:0.000035s ]
INFO: [ app_init ] --END-- [ RunTime:0.000215s ]
ERR: 无法加载模块:Application

[ 2017-09-06T15:36:36+08:00 ] ::1 /Application/Admin/Public/js/new/user.js
INFO: [ app_init ] --START--
INFO: Run Behavior\BuildLiteBehavior [ RunTime:0.000034s ]
INFO: [ app_init ] --END-- [ RunTime:0.000215s ]
ERR: 无法加载模块:Application

[ 2017-09-06T15:36:36+08:00 ] ::1 /Application/Admin/Public/js/new/user.js
INFO: [ app_init ] --START--
INFO: Run Behavior\BuildLiteBehavior [ RunTime:0.000021s ]
INFO: [ app_init ] --END-- [ RunTime:0.000120s ]
ERR: 无法加载模块:Application

[ 2017-09-06T15:36:36+08:00 ] ::1 /Application/Admin/Public/js/dist/jquery-migrate.min.map
INFO: [ app_init ] --START--
INFO: Run Behavior\BuildLiteBehavior [ RunTime:0.000032s ]
INFO: [ app_init ] --END-- [ RunTime:0.000384s ]
ERR: 无法加载模块:Application

[ 2017-09-06T15:37:21+08:00 ] ::1 /Application/Admin/Public/js/dist/jquery-migrate.min.map
INFO: [ app_init ] --START--
INFO: Run Behavior\BuildLiteBehavior [ RunTime:0.000037s ]
INFO: [ app_init ] --END-- [ RunTime:0.000234s ]
ERR: 无法加载模块:Application

[ 2017-09-06T15:37:23+08:00 ] ::1 /Application/Admin/Public/js/dist/jquery-migrate.min.map
INFO: [ app_init ] --START--
INFO: Run Behavior\BuildLiteBehavior [ RunTime:0.000038s ]
INFO: [ app_init ] --END-- [ RunTime:0.000240s ]
ERR: 无法加载模块:Application

[ 2017-09-06T15:37:28+08:00 ] ::1 /Application/Admin/Public/js/dist/jquery-migrate.min.map
INFO: [ app_init ] --START--
INFO: Run Behavior\BuildLiteBehavior [ RunTime:0.000037s ]
INFO: [ app_init ] --END-- [ RunTime:0.000266s ]
ERR: 无法加载模块:Application

[ 2017-09-06T15:39:49+08:00 ] ::1 /Application/Admin/Public/js/dist/jquery-migrate.min.map
INFO: [ app_init ] --START--
INFO: Run Behavior\BuildLiteBehavior [ RunTime:0.000034s ]
INFO: [ app_init ] --END-- [ RunTime:0.000224s ]
ERR: 无法加载模块:Application

[ 2017-09-06T15:40:07+08:00 ] ::1 /Application/Admin/Public/js/dist/jquery-migrate.min.map
INFO: [ app_init ] --START--
INFO: Run Behavior\BuildLiteBehavior [ RunTime:0.000036s ]
INFO: [ app_init ] --END-- [ RunTime:0.000232s ]
ERR: 无法加载模块:Application

[ 2017-09-06T15:40:17+08:00 ] ::1 /Application/Admin/Public/js/dist/jquery-migrate.min.map
INFO: [ app_init ] --START--
INFO: Run Behavior\BuildLiteBehavior [ RunTime:0.000074s ]
INFO: [ app_init ] --END-- [ RunTime:0.000286s ]
ERR: 无法加载模块:Application

[ 2017-09-06T15:40:29+08:00 ] ::1 /Application/Admin/Public/js/new/user.js
INFO: [ app_init ] --START--
INFO: Run Behavior\BuildLiteBehavior [ RunTime:0.000030s ]
INFO: [ app_init ] --END-- [ RunTime:0.000193s ]
ERR: 无法加载模块:Application

[ 2017-09-06T15:40:29+08:00 ] ::1 /Application/Admin/Public/css/style.shinyblue.css
INFO: [ app_init ] --START--
INFO: Run Behavior\BuildLiteBehavior [ RunTime:0.000034s ]
INFO: [ app_init ] --END-- [ RunTime:0.000200s ]
ERR: 无法加载模块:Application

[ 2017-09-06T15:40:29+08:00 ] ::1 /Application/Admin/Public/js/new/user.js
INFO: [ app_init ] --START--
INFO: Run Behavior\BuildLiteBehavior [ RunTime:0.000021s ]
INFO: [ app_init ] --END-- [ RunTime:0.000129s ]
ERR: 无法加载模块:Application

[ 2017-09-06T15:40:56+08:00 ] ::1 /Application/Admin/Public/css/style.shinyblue.css
INFO: [ app_init ] --START--
INFO: Run Behavior\BuildLiteBehavior [ RunTime:0.000034s ]
INFO: [ app_init ] --END-- [ RunTime:0.000212s ]
ERR: 无法加载模块:Application

[ 2017-09-06T15:40:56+08:00 ] ::1 /Application/Admin/Public/js/new/user.js
INFO: [ app_init ] --START--
INFO: Run Behavior\BuildLiteBehavior [ RunTime:0.000035s ]
INFO: [ app_init ] --END-- [ RunTime:0.000228s ]
ERR: 无法加载模块:Application

[ 2017-09-06T15:40:56+08:00 ] ::1 /Application/Admin/Public/js/new/user.js
INFO: [ app_init ] --START--
INFO: Run Behavior\BuildLiteBehavior [ RunTime:0.000021s ]
INFO: [ app_init ] --END-- [ RunTime:0.000132s ]
ERR: 无法加载模块:Application

[ 2017-09-06T15:40:56+08:00 ] ::1 /Application/Admin/Public/js/dist/jquery-migrate.min.map
INFO: [ app_init ] --START--
INFO: Run Behavior\BuildLiteBehavior [ RunTime:0.000037s ]
INFO: [ app_init ] --END-- [ RunTime:0.000279s ]
ERR: 无法加载模块:Application

[ 2017-09-06T15:40:58+08:00 ] ::1 /Application/Admin/Public/js/dist/jquery-migrate.min.map
INFO: [ app_init ] --START--
INFO: Run Behavior\BuildLiteBehavior [ RunTime:0.000038s ]
INFO: [ app_init ] --END-- [ RunTime:0.000245s ]
ERR: 无法加载模块:Application

[ 2017-09-06T15:41:08+08:00 ] ::1 /Application/Admin/Public/js/dist/jquery-migrate.min.map
INFO: [ app_init ] --START--
INFO: Run Behavior\BuildLiteBehavior [ RunTime:0.000035s ]
INFO: [ app_init ] --END-- [ RunTime:0.000233s ]
ERR: 无法加载模块:Application

[ 2017-09-06T15:41:12+08:00 ] ::1 /Application/Admin/Public/js/dist/jquery-migrate.min.map
INFO: [ app_init ] --START--
INFO: Run Behavior\BuildLiteBehavior [ RunTime:0.000034s ]
INFO: [ app_init ] --END-- [ RunTime:0.000232s ]
ERR: 无法加载模块:Application

[ 2017-09-06T15:42:46+08:00 ] ::1 /Application/Admin/Public/css/style.shinyblue.css
INFO: [ app_init ] --START--
INFO: Run Behavior\BuildLiteBehavior [ RunTime:0.000034s ]
INFO: [ app_init ] --END-- [ RunTime:0.000219s ]
ERR: 无法加载模块:Application

[ 2017-09-06T15:42:46+08:00 ] ::1 /Application/Admin/Public/js/new/user.js
INFO: [ app_init ] --START--
INFO: Run Behavior\BuildLiteBehavior [ RunTime:0.000037s ]
INFO: [ app_init ] --END-- [ RunTime:0.000283s ]
ERR: 无法加载模块:Application

[ 2017-09-06T15:42:46+08:00 ] ::1 /Application/Admin/Public/js/new/user.js
INFO: [ app_init ] --START--
INFO: Run Behavior\BuildLiteBehavior [ RunTime:0.000023s ]
INFO: [ app_init ] --END-- [ RunTime:0.000128s ]
ERR: 无法加载模块:Application

[ 2017-09-06T15:42:46+08:00 ] ::1 /Application/Admin/Public/js/dist/jquery-migrate.min.map
INFO: [ app_init ] --START--
INFO: Run Behavior\BuildLiteBehavior [ RunTime:0.000036s ]
INFO: [ app_init ] --END-- [ RunTime:0.000227s ]
ERR: 无法加载模块:Application

[ 2017-09-06T15:43:13+08:00 ] ::1 /Application/Admin/Public/js/dist/jquery-migrate.min.map
INFO: [ app_init ] --START--
INFO: Run Behavior\BuildLiteBehavior [ RunTime:0.000034s ]
INFO: [ app_init ] --END-- [ RunTime:0.000215s ]
ERR: 无法加载模块:Application

[ 2017-09-06T15:43:15+08:00 ] ::1 /Application/Admin/Public/js/dist/jquery-migrate.min.map
INFO: [ app_init ] --START--
INFO: Run Behavior\BuildLiteBehavior [ RunTime:0.000022s ]
INFO: [ app_init ] --END-- [ RunTime:0.000134s ]
ERR: 无法加载模块:Application

[ 2017-09-06T15:43:22+08:00 ] ::1 /Application/Admin/Public/js/dist/jquery-migrate.min.map
INFO: [ app_init ] --START--
INFO: Run Behavior\BuildLiteBehavior [ RunTime:0.000035s ]
INFO: [ app_init ] --END-- [ RunTime:0.000204s ]
ERR: 无法加载模块:Application

[ 2017-09-06T15:48:55+08:00 ] ::1 /Application/Admin/Public/js/dist/jquery-migrate.min.map
INFO: [ app_init ] --START--
INFO: Run Behavior\BuildLiteBehavior [ RunTime:0.000022s ]
INFO: [ app_init ] --END-- [ RunTime:0.000148s ]
ERR: 无法加载模块:Application

[ 2017-09-06T15:50:06+08:00 ] ::1 /Application/Admin/Public/js/dist/jquery-migrate.min.map
INFO: [ app_init ] --START--
INFO: Run Behavior\BuildLiteBehavior [ RunTime:0.000037s ]
INFO: [ app_init ] --END-- [ RunTime:0.000219s ]
ERR: 无法加载模块:Application

[ 2017-09-06T15:51:22+08:00 ] ::1 /Application/Admin/Public/js/dist/jquery-migrate.min.map
INFO: [ app_init ] --START--
INFO: Run Behavior\BuildLiteBehavior [ RunTime:0.000037s ]
INFO: [ app_init ] --END-- [ RunTime:0.000236s ]
ERR: 无法加载模块:Application

[ 2017-09-06T15:51:26+08:00 ] ::1 /Application/Admin/Public/js/dist/jquery-migrate.min.map
INFO: [ app_init ] --START--
INFO: Run Behavior\BuildLiteBehavior [ RunTime:0.000023s ]
INFO: [ app_init ] --END-- [ RunTime:0.000132s ]
ERR: 无法加载模块:Application

[ 2017-09-06T15:52:22+08:00 ] ::1 /Application/Admin/Public/js/new/user.js
INFO: [ app_init ] --START--
INFO: Run Behavior\BuildLiteBehavior [ RunTime:0.000034s ]
INFO: [ app_init ] --END-- [ RunTime:0.000224s ]
ERR: 无法加载模块:Application

[ 2017-09-06T15:52:22+08:00 ] ::1 /Application/Admin/Public/css/style.shinyblue.css
INFO: [ app_init ] --START--
INFO: Run Behavior\BuildLiteBehavior [ RunTime:0.000036s ]
INFO: [ app_init ] --END-- [ RunTime:0.000211s ]
ERR: 无法加载模块:Application

[ 2017-09-06T15:52:22+08:00 ] ::1 /Application/Admin/Public/js/new/user.js
INFO: [ app_init ] --START--
INFO: Run Behavior\BuildLiteBehavior [ RunTime:0.000041s ]
INFO: [ app_init ] --END-- [ RunTime:0.000237s ]
ERR: 无法加载模块:Application

[ 2017-09-06T15:52:22+08:00 ] ::1 /Application/Admin/Public/js/dist/jquery-migrate.min.map
INFO: [ app_init ] --START--
INFO: Run Behavior\BuildLiteBehavior [ RunTime:0.000034s ]
INFO: [ app_init ] --END-- [ RunTime:0.000208s ]
ERR: 无法加载模块:Application

[ 2017-09-06T15:52:25+08:00 ] ::1 /Application/Admin/Public/js/dist/jquery-migrate.min.map
INFO: [ app_init ] --START--
INFO: Run Behavior\BuildLiteBehavior [ RunTime:0.000036s ]
INFO: [ app_init ] --END-- [ RunTime:0.000244s ]
ERR: 无法加载模块:Application

[ 2017-09-06T15:52:27+08:00 ] ::1 /Application/Admin/Public/js/dist/jquery-migrate.min.map
INFO: [ app_init ] --START--
INFO: Run Behavior\BuildLiteBehavior [ RunTime:0.000032s ]
INFO: [ app_init ] --END-- [ RunTime:0.000194s ]
ERR: 无法加载模块:Application

[ 2017-09-06T15:52:33+08:00 ] ::1 /Application/Admin/Public/js/dist/jquery-migrate.min.map
INFO: [ app_init ] --START--
INFO: Run Behavior\BuildLiteBehavior [ RunTime:0.000036s ]
INFO: [ app_init ] --END-- [ RunTime:0.000225s ]
ERR: 无法加载模块:Application

[ 2017-09-06T15:52:53+08:00 ] ::1 /Application/Admin/Public/js/dist/jquery-migrate.min.map
INFO: [ app_init ] --START--
INFO: Run Behavior\BuildLiteBehavior [ RunTime:0.000032s ]
INFO: [ app_init ] --END-- [ RunTime:0.000201s ]
ERR: 无法加载模块:Application

[ 2017-09-06T16:30:29+08:00 ] ::1 /Application/Admin/Public/js/dist/jquery-migrate.min.map
INFO: [ app_init ] --START--
INFO: Run Behavior\BuildLiteBehavior [ RunTime:0.000043s ]
INFO: [ app_init ] --END-- [ RunTime:0.000705s ]
ERR: 无法加载模块:Application

[ 2017-09-06T16:30:49+08:00 ] ::1 /Application/Admin/Public/js/dist/jquery-migrate.min.map
INFO: [ app_init ] --START--
INFO: Run Behavior\BuildLiteBehavior [ RunTime:0.000042s ]
INFO: [ app_init ] --END-- [ RunTime:0.000693s ]
ERR: 无法加载模块:Application

[ 2017-09-06T16:30:53+08:00 ] ::1 /Application/Admin/Public/js/dist/jquery-migrate.min.map
INFO: [ app_init ] --START--
INFO: Run Behavior\BuildLiteBehavior [ RunTime:0.000041s ]
INFO: [ app_init ] --END-- [ RunTime:0.000746s ]
ERR: 无法加载模块:Application

[ 2017-09-06T16:31:18+08:00 ] ::1 /Application/Admin/Public/js/dist/jquery-migrate.min.map
INFO: [ app_init ] --START--
INFO: Run Behavior\BuildLiteBehavior [ RunTime:0.000041s ]
INFO: [ app_init ] --END-- [ RunTime:0.000649s ]
ERR: 无法加载模块:Application

[ 2017-09-06T16:31:26+08:00 ] ::1 /Application/Admin/Public/js/dist/jquery-migrate.min.map
INFO: [ app_init ] --START--
INFO: Run Behavior\BuildLiteBehavior [ RunTime:0.000038s ]
INFO: [ app_init ] --END-- [ RunTime:0.000580s ]
ERR: 无法加载模块:Application

[ 2017-09-06T16:32:19+08:00 ] ::1 /Application/Admin/Public/js/dist/jquery-migrate.min.map
INFO: [ app_init ] --START--
INFO: Run Behavior\BuildLiteBehavior [ RunTime:0.000049s ]
INFO: [ app_init ] --END-- [ RunTime:0.000637s ]
ERR: 无法加载模块:Application

[ 2017-09-06T16:32:40+08:00 ] ::1 /Application/Admin/Public/js/new/user.js
INFO: [ app_init ] --START--
INFO: Run Behavior\BuildLiteBehavior [ RunTime:0.000039s ]
INFO: [ app_init ] --END-- [ RunTime:0.000584s ]
ERR: 无法加载模块:Application

[ 2017-09-06T16:32:40+08:00 ] ::1 /Application/Admin/Public/css/style.shinyblue.css
INFO: [ app_init ] --START--
INFO: Run Behavior\BuildLiteBehavior [ RunTime:0.000038s ]
INFO: [ app_init ] --END-- [ RunTime:0.000691s ]
ERR: 无法加载模块:Application

[ 2017-09-06T16:32:40+08:00 ] ::1 /Application/Admin/Public/js/new/user.js
INFO: [ app_init ] --START--
INFO: Run Behavior\BuildLiteBehavior [ RunTime:0.000022s ]
INFO: [ app_init ] --END-- [ RunTime:0.000339s ]
ERR: 无法加载模块:Application

[ 2017-09-06T16:40:00+08:00 ] ::1 /Application/Admin/Public/css/style.shinyblue.css
INFO: [ app_init ] --START--
INFO: Run Behavior\BuildLiteBehavior [ RunTime:0.000036s ]
INFO: [ app_init ] --END-- [ RunTime:0.000553s ]
ERR: 无法加载模块:Application

[ 2017-09-06T16:40:00+08:00 ] ::1 /Application/Admin/Public/js/new/user.js
INFO: [ app_init ] --START--
INFO: Run Behavior\BuildLiteBehavior [ RunTime:0.000036s ]
INFO: [ app_init ] --END-- [ RunTime:0.000772s ]
ERR: 无法加载模块:Application

[ 2017-09-06T16:40:00+08:00 ] ::1 /Application/Admin/Public/js/new/user.js
INFO: [ app_init ] --START--
INFO: Run Behavior\BuildLiteBehavior [ RunTime:0.000198s ]
INFO: [ app_init ] --END-- [ RunTime:0.002096s ]
ERR: 无法加载模块:Application

[ 2017-09-06T16:40:53+08:00 ] ::1 /Application/Admin/Public/css/style.shinyblue.css
INFO: [ app_init ] --START--
INFO: Run Behavior\BuildLiteBehavior [ RunTime:0.000022s ]
INFO: [ app_init ] --END-- [ RunTime:0.000381s ]
ERR: 无法加载模块:Application

[ 2017-09-06T16:40:53+08:00 ] ::1 /Application/Admin/Public/js/new/user.js
INFO: [ app_init ] --START--
INFO: Run Behavior\BuildLiteBehavior [ RunTime:0.000040s ]
INFO: [ app_init ] --END-- [ RunTime:0.000798s ]
ERR: 无法加载模块:Application

[ 2017-09-06T16:40:53+08:00 ] ::1 /Application/Admin/Public/js/new/user.js
INFO: [ app_init ] --START--
INFO: Run Behavior\BuildLiteBehavior [ RunTime:0.000022s ]
INFO: [ app_init ] --END-- [ RunTime:0.000459s ]
ERR: 无法加载模块:Application

[ 2017-09-06T16:41:54+08:00 ] ::1 /Application/Admin/Public/css/style.shinyblue.css
INFO: [ app_init ] --START--
INFO: Run Behavior\BuildLiteBehavior [ RunTime:0.000038s ]
INFO: [ app_init ] --END-- [ RunTime:0.000625s ]
ERR: 无法加载模块:Application

[ 2017-09-06T16:41:54+08:00 ] ::1 /Application/Admin/Public/js/new/user.js
INFO: [ app_init ] --START--
INFO: Run Behavior\BuildLiteBehavior [ RunTime:0.000023s ]
INFO: [ app_init ] --END-- [ RunTime:0.000492s ]
ERR: 无法加载模块:Application

[ 2017-09-06T16:41:54+08:00 ] ::1 /Application/Admin/Public/js/new/user.js
INFO: [ app_init ] --START--
INFO: Run Behavior\BuildLiteBehavior [ RunTime:0.000031s ]
INFO: [ app_init ] --END-- [ RunTime:0.001066s ]
ERR: 无法加载模块:Application

[ 2017-09-06T16:43:39+08:00 ] ::1 /Application/Admin/Public/css/style.shinyblue.css
INFO: [ app_init ] --START--
INFO: Run Behavior\BuildLiteBehavior [ RunTime:0.000026s ]
INFO: [ app_init ] --END-- [ RunTime:0.000610s ]
ERR: 无法加载模块:Application

[ 2017-09-06T16:43:39+08:00 ] ::1 /Application/Admin/Public/js/new/user.js
INFO: [ app_init ] --START--
INFO: Run Behavior\BuildLiteBehavior [ RunTime:0.000022s ]
INFO: [ app_init ] --END-- [ RunTime:0.000364s ]
ERR: 无法加载模块:Application

[ 2017-09-06T16:43:39+08:00 ] ::1 /Application/Admin/Public/js/new/user.js
INFO: [ app_init ] --START--
INFO: Run Behavior\BuildLiteBehavior [ RunTime:0.000022s ]
INFO: [ app_init ] --END-- [ RunTime:0.000382s ]
ERR: 无法加载模块:Application

[ 2017-09-06T16:43:49+08:00 ] ::1 /Application/Admin/Public/css/style.shinyblue.css
INFO: [ app_init ] --START--
INFO: Run Behavior\BuildLiteBehavior [ RunTime:0.000024s ]
INFO: [ app_init ] --END-- [ RunTime:0.000444s ]
ERR: 无法加载模块:Application

[ 2017-09-06T16:43:49+08:00 ] ::1 /Application/Admin/Public/js/new/user.js
INFO: [ app_init ] --START--
INFO: Run Behavior\BuildLiteBehavior [ RunTime:0.000023s ]
INFO: [ app_init ] --END-- [ RunTime:0.000399s ]
ERR: 无法加载模块:Application

[ 2017-09-06T16:43:49+08:00 ] ::1 /Application/Admin/Public/js/new/user.js
INFO: [ app_init ] --START--
INFO: Run Behavior\BuildLiteBehavior [ RunTime:0.000024s ]
INFO: [ app_init ] --END-- [ RunTime:0.000395s ]
ERR: 无法加载模块:Application

[ 2017-09-06T16:44:26+08:00 ] ::1 /Application/Admin/Public/css/style.shinyblue.css
INFO: [ app_init ] --START--
INFO: Run Behavior\BuildLiteBehavior [ RunTime:0.000033s ]
INFO: [ app_init ] --END-- [ RunTime:0.000555s ]
ERR: 无法加载模块:Application

[ 2017-09-06T16:44:26+08:00 ] ::1 /Application/Admin/Public/js/new/user.js
INFO: [ app_init ] --START--
INFO: Run Behavior\BuildLiteBehavior [ RunTime:0.000039s ]
INFO: [ app_init ] --END-- [ RunTime:0.000669s ]
ERR: 无法加载模块:Application

[ 2017-09-06T16:44:26+08:00 ] ::1 /Application/Admin/Public/js/new/user.js
INFO: [ app_init ] --START--
INFO: Run Behavior\BuildLiteBehavior [ RunTime:0.000022s ]
INFO: [ app_init ] --END-- [ RunTime:0.000358s ]
ERR: 无法加载模块:Application

[ 2017-09-06T16:48:42+08:00 ] ::1 /Application/Admin/Public/css/style.shinyblue.css
INFO: [ app_init ] --START--
INFO: Run Behavior\BuildLiteBehavior [ RunTime:0.000034s ]
INFO: [ app_init ] --END-- [ RunTime:0.000570s ]
ERR: 无法加载模块:Application

[ 2017-09-06T16:48:42+08:00 ] ::1 /Application/Admin/Public/js/new/user.js
INFO: [ app_init ] --START--
INFO: Run Behavior\BuildLiteBehavior [ RunTime:0.000035s ]
INFO: [ app_init ] --END-- [ RunTime:0.000582s ]
ERR: 无法加载模块:Application

[ 2017-09-06T16:48:43+08:00 ] ::1 /Application/Admin/Public/js/new/user.js
INFO: [ app_init ] --START--
INFO: Run Behavior\BuildLiteBehavior [ RunTime:0.000022s ]
INFO: [ app_init ] --END-- [ RunTime:0.000383s ]
ERR: 无法加载模块:Application

[ 2017-09-06T16:48:56+08:00 ] ::1 /Application/Admin/Public/css/style.shinyblue.css
INFO: [ app_init ] --START--
INFO: Run Behavior\BuildLiteBehavior [ RunTime:0.000037s ]
INFO: [ app_init ] --END-- [ RunTime:0.000617s ]
ERR: 无法加载模块:Application

[ 2017-09-06T16:48:56+08:00 ] ::1 /Application/Admin/Public/js/new/user.js
INFO: [ app_init ] --START--
INFO: Run Behavior\BuildLiteBehavior [ RunTime:0.000035s ]
INFO: [ app_init ] --END-- [ RunTime:0.000554s ]
ERR: 无法加载模块:Application

[ 2017-09-06T16:48:56+08:00 ] ::1 /Application/Admin/Public/js/new/user.js
INFO: [ app_init ] --START--
INFO: Run Behavior\BuildLiteBehavior [ RunTime:0.000021s ]
INFO: [ app_init ] --END-- [ RunTime:0.000373s ]
ERR: 无法加载模块:Application

[ 2017-09-06T16:49:32+08:00 ] ::1 /Application/Admin/Public/css/style.shinyblue.css
INFO: [ app_init ] --START--
INFO: Run Behavior\BuildLiteBehavior [ RunTime:0.000039s ]
INFO: [ app_init ] --END-- [ RunTime:0.000778s ]
ERR: 无法加载模块:Application

[ 2017-09-06T16:49:32+08:00 ] ::1 /Application/Admin/Public/js/new/user.js
INFO: [ app_init ] --START--
INFO: Run Behavior\BuildLiteBehavior [ RunTime:0.000073s ]
INFO: [ app_init ] --END-- [ RunTime:0.000945s ]
ERR: 无法加载模块:Application

[ 2017-09-06T16:49:32+08:00 ] ::1 /Application/Admin/Public/js/new/user.js
INFO: [ app_init ] --START--
INFO: Run Behavior\BuildLiteBehavior [ RunTime:0.000022s ]
INFO: [ app_init ] --END-- [ RunTime:0.000462s ]
ERR: 无法加载模块:Application

[ 2017-09-06T16:49:38+08:00 ] ::1 /Application/Admin/Public/css/style.shinyblue.css
INFO: [ app_init ] --START--
INFO: Run Behavior\BuildLiteBehavior [ RunTime:0.000030s ]
INFO: [ app_init ] --END-- [ RunTime:0.000493s ]
ERR: 无法加载模块:Application

[ 2017-09-06T16:49:38+08:00 ] ::1 /Application/Admin/Public/js/new/user.js
INFO: [ app_init ] --START--
INFO: Run Behavior\BuildLiteBehavior [ RunTime:0.000034s ]
INFO: [ app_init ] --END-- [ RunTime:0.000571s ]
ERR: 无法加载模块:Application

[ 2017-09-06T16:49:38+08:00 ] ::1 /Application/Admin/Public/js/new/user.js
INFO: [ app_init ] --START--
INFO: Run Behavior\BuildLiteBehavior [ RunTime:0.000022s ]
INFO: [ app_init ] --END-- [ RunTime:0.000360s ]
ERR: 无法加载模块:Application

[ 2017-09-06T16:53:52+08:00 ] ::1 /Application/Admin/Public/css/style.shinyblue.css
INFO: [ app_init ] --START--
INFO: Run Behavior\BuildLiteBehavior [ RunTime:0.000036s ]
INFO: [ app_init ] --END-- [ RunTime:0.000577s ]
ERR: 无法加载模块:Application

[ 2017-09-06T16:53:52+08:00 ] ::1 /Application/Admin/Public/js/new/user.js
INFO: [ app_init ] --START--
INFO: Run Behavior\BuildLiteBehavior [ RunTime:0.000037s ]
INFO: [ app_init ] --END-- [ RunTime:0.000658s ]
ERR: 无法加载模块:Application

[ 2017-09-06T16:53:52+08:00 ] ::1 /Application/Admin/Public/js/new/user.js
INFO: [ app_init ] --START--
INFO: Run Behavior\BuildLiteBehavior [ RunTime:0.000021s ]
INFO: [ app_init ] --END-- [ RunTime:0.000348s ]
ERR: 无法加载模块:Application

[ 2017-09-06T17:12:06+08:00 ] ::1 /index.php/favicon.ico
INFO: [ app_init ] --START--
INFO: Run Behavior\BuildLiteBehavior [ RunTime:0.000041s ]
INFO: [ app_init ] --END-- [ RunTime:0.000696s ]
ERR: 无法加载模块:Favicon

[ 2017-09-06T17:31:53+08:00 ] ::1 /Application/Admin/Public/js/new/user.js
INFO: [ app_init ] --START--
INFO: Run Behavior\BuildLiteBehavior [ RunTime:0.000036s ]
INFO: [ app_init ] --END-- [ RunTime:0.000628s ]
ERR: 无法加载模块:Application

[ 2017-09-06T17:31:53+08:00 ] ::1 /Application/Admin/Public/css/style.shinyblue.css
INFO: [ app_init ] --START--
INFO: Run Behavior\BuildLiteBehavior [ RunTime:0.000034s ]
INFO: [ app_init ] --END-- [ RunTime:0.000565s ]
ERR: 无法加载模块:Application

[ 2017-09-06T17:31:53+08:00 ] ::1 /Application/Admin/Public/js/new/user.js
INFO: [ app_init ] --START--
INFO: Run Behavior\BuildLiteBehavior [ RunTime:0.000024s ]
INFO: [ app_init ] --END-- [ RunTime:0.000375s ]
ERR: 无法加载模块:Application

[ 2017-09-06T17:44:29+08:00 ] ::1 /Application/Admin/Public/js/new/user.js
INFO: [ app_init ] --START--
INFO: Run Behavior\BuildLiteBehavior [ RunTime:0.000037s ]
INFO: [ app_init ] --END-- [ RunTime:0.001046s ]
ERR: 无法加载模块:Application

[ 2017-09-06T17:44:29+08:00 ] ::1 /Application/Admin/Public/css/style.shinyblue.css
INFO: [ app_init ] --START--
INFO: Run Behavior\BuildLiteBehavior [ RunTime:0.000234s ]
INFO: [ app_init ] --END-- [ RunTime:0.001120s ]
ERR: 无法加载模块:Application

[ 2017-09-06T17:44:29+08:00 ] ::1 /Application/Admin/Public/js/new/user.js
INFO: [ app_init ] --START--
INFO: Run Behavior\BuildLiteBehavior [ RunTime:0.000021s ]
INFO: [ app_init ] --END-- [ RunTime:0.000371s ]
ERR: 无法加载模块:Application

[ 2017-09-06T17:44:31+08:00 ] ::1 /Application/Admin/Public/js/new/user.js
INFO: [ app_init ] --START--
INFO: Run Behavior\BuildLiteBehavior [ RunTime:0.000038s ]
INFO: [ app_init ] --END-- [ RunTime:0.000616s ]
ERR: 无法加载模块:Application

[ 2017-09-06T17:44:31+08:00 ] ::1 /Application/Admin/Public/css/style.shinyblue.css
INFO: [ app_init ] --START--
INFO: Run Behavior\BuildLiteBehavior [ RunTime:0.000051s ]
INFO: [ app_init ] --END-- [ RunTime:0.000598s ]
ERR: 无法加载模块:Application

[ 2017-09-06T17:44:31+08:00 ] ::1 /Application/Admin/Public/js/new/user.js
INFO: [ app_init ] --START--
INFO: Run Behavior\BuildLiteBehavior [ RunTime:0.000021s ]
INFO: [ app_init ] --END-- [ RunTime:0.000348s ]
ERR: 无法加载模块:Application

[ 2017-09-06T17:44:48+08:00 ] ::1 /Application/Admin/Public/css/style.shinyblue.css
INFO: [ app_init ] --START--
INFO: Run Behavior\BuildLiteBehavior [ RunTime:0.000037s ]
INFO: [ app_init ] --END-- [ RunTime:0.000630s ]
ERR: 无法加载模块:Application

[ 2017-09-06T17:44:48+08:00 ] ::1 /Application/Admin/Public/js/new/user.js
INFO: [ app_init ] --START--
INFO: Run Behavior\BuildLiteBehavior [ RunTime:0.000035s ]
INFO: [ app_init ] --END-- [ RunTime:0.000563s ]
ERR: 无法加载模块:Application

[ 2017-09-06T17:44:48+08:00 ] ::1 /Application/Admin/Public/js/new/user.js
INFO: [ app_init ] --START--
INFO: Run Behavior\BuildLiteBehavior [ RunTime:0.000031s ]
INFO: [ app_init ] --END-- [ RunTime:0.000515s ]
ERR: 无法加载模块:Application

[ 2017-09-06T17:44:56+08:00 ] ::1 /Application/Admin/Public/css/style.shinyblue.css
INFO: [ app_init ] --START--
INFO: Run Behavior\BuildLiteBehavior [ RunTime:0.000037s ]
INFO: [ app_init ] --END-- [ RunTime:0.000682s ]
ERR: 无法加载模块:Application

[ 2017-09-06T17:44:56+08:00 ] ::1 /Application/Admin/Public/js/new/user.js
INFO: [ app_init ] --START--
INFO: Run Behavior\BuildLiteBehavior [ RunTime:0.000041s ]
INFO: [ app_init ] --END-- [ RunTime:0.001019s ]
ERR: 无法加载模块:Application

[ 2017-09-06T17:47:28+08:00 ] ::1 /Application/Admin/Public/js/new/user.js
INFO: [ app_init ] --START--
INFO: Run Behavior\BuildLiteBehavior [ RunTime:0.000040s ]
INFO: [ app_init ] --END-- [ RunTime:0.001726s ]
ERR: 无法加载模块:Application

[ 2017-09-06T17:47:28+08:00 ] ::1 /Application/Admin/Public/css/style.shinyblue.css
INFO: [ app_init ] --START--
INFO: Run Behavior\BuildLiteBehavior [ RunTime:0.000039s ]
INFO: [ app_init ] --END-- [ RunTime:0.001798s ]
ERR: 无法加载模块:Application

[ 2017-09-06T17:47:28+08:00 ] ::1 /Application/Admin/Public/js/new/user.js
INFO: [ app_init ] --START--
INFO: Run Behavior\BuildLiteBehavior [ RunTime:0.000022s ]
INFO: [ app_init ] --END-- [ RunTime:0.000351s ]
ERR: 无法加载模块:Application

[ 2017-09-06T17:50:09+08:00 ] ::1 /Application/Admin/Public/js/new/user.js
INFO: [ app_init ] --START--
INFO: Run Behavior\BuildLiteBehavior [ RunTime:0.000035s ]
INFO: [ app_init ] --END-- [ RunTime:0.000635s ]
ERR: 无法加载模块:Application

[ 2017-09-06T17:50:09+08:00 ] ::1 /Application/Admin/Public/css/style.shinyblue.css
INFO: [ app_init ] --START--
INFO: Run Behavior\BuildLiteBehavior [ RunTime:0.000040s ]
INFO: [ app_init ] --END-- [ RunTime:0.000699s ]
ERR: 无法加载模块:Application

[ 2017-09-06T17:50:09+08:00 ] ::1 /Application/Admin/Public/js/new/user.js
INFO: [ app_init ] --START--
INFO: Run Behavior\BuildLiteBehavior [ RunTime:0.000027s ]
INFO: [ app_init ] --END-- [ RunTime:0.000565s ]
ERR: 无法加载模块:Application

[ 2017-09-06T17:50:22+08:00 ] ::1 /Application/Admin/Public/js/new/user.js
INFO: [ app_init ] --START--
INFO: Run Behavior\BuildLiteBehavior [ RunTime:0.000022s ]
INFO: [ app_init ] --END-- [ RunTime:0.000399s ]
ERR: 无法加载模块:Application

[ 2017-09-06T17:50:22+08:00 ] ::1 /Application/Admin/Public/css/style.shinyblue.css
INFO: [ app_init ] --START--
INFO: Run Behavior\BuildLiteBehavior [ RunTime:0.000037s ]
INFO: [ app_init ] --END-- [ RunTime:0.000620s ]
ERR: 无法加载模块:Application

[ 2017-09-06T17:50:22+08:00 ] ::1 /Application/Admin/Public/js/new/user.js
INFO: [ app_init ] --START--
INFO: Run Behavior\BuildLiteBehavior [ RunTime:0.000021s ]
INFO: [ app_init ] --END-- [ RunTime:0.000348s ]
ERR: 无法加载模块:Application

[ 2017-09-06T17:50:38+08:00 ] ::1 /Application/Admin/Public/css/style.shinyblue.css
INFO: [ app_init ] --START--
INFO: Run Behavior\BuildLiteBehavior [ RunTime:0.000042s ]
INFO: [ app_init ] --END-- [ RunTime:0.000758s ]
ERR: 无法加载模块:Application

[ 2017-09-06T17:50:38+08:00 ] ::1 /Application/Admin/Public/js/new/user.js
INFO: [ app_init ] --START--
INFO: Run Behavior\BuildLiteBehavior [ RunTime:0.000039s ]
INFO: [ app_init ] --END-- [ RunTime:0.000880s ]
ERR: 无法加载模块:Application

[ 2017-09-06T17:50:38+08:00 ] ::1 /Application/Admin/Public/js/new/user.js
INFO: [ app_init ] --START--
INFO: Run Behavior\BuildLiteBehavior [ RunTime:0.000029s ]
INFO: [ app_init ] --END-- [ RunTime:0.000364s ]
ERR: 无法加载模块:Application

[ 2017-09-06T17:57:21+08:00 ] ::1 /Application/Admin/Public/js/new/user.js
INFO: [ app_init ] --START--
INFO: Run Behavior\BuildLiteBehavior [ RunTime:0.000040s ]
INFO: [ app_init ] --END-- [ RunTime:0.000701s ]
ERR: 无法加载模块:Application

[ 2017-09-06T17:57:21+08:00 ] ::1 /Application/Admin/Public/css/style.shinyblue.css
INFO: [ app_init ] --START--
INFO: Run Behavior\BuildLiteBehavior [ RunTime:0.000026s ]
INFO: [ app_init ] --END-- [ RunTime:0.000561s ]
ERR: 无法加载模块:Application

[ 2017-09-06T17:57:21+08:00 ] ::1 /Application/Admin/Public/js/new/user.js
INFO: [ app_init ] --START--
INFO: Run Behavior\BuildLiteBehavior [ RunTime:0.000039s ]
INFO: [ app_init ] --END-- [ RunTime:0.000551s ]
ERR: 无法加载模块:Application

[ 2017-09-06T17:59:12+08:00 ] ::1 /Application/Admin/Public/css/style.shinyblue.css
INFO: [ app_init ] --START--
INFO: Run Behavior\BuildLiteBehavior [ RunTime:0.000191s ]
INFO: [ app_init ] --END-- [ RunTime:0.001488s ]
ERR: 无法加载模块:Application

[ 2017-09-06T17:59:12+08:00 ] ::1 /Application/Admin/Public/js/new/user.js
INFO: [ app_init ] --START--
INFO: Run Behavior\BuildLiteBehavior [ RunTime:0.000040s ]
INFO: [ app_init ] --END-- [ RunTime:0.000707s ]
ERR: 无法加载模块:Application

[ 2017-09-06T17:59:12+08:00 ] ::1 /Application/Admin/Public/js/new/user.js
INFO: [ app_init ] --START--
INFO: Run Behavior\BuildLiteBehavior [ RunTime:0.000021s ]
INFO: [ app_init ] --END-- [ RunTime:0.000365s ]
ERR: 无法加载模块:Application

[ 2017-09-06T18:27:40+08:00 ] ::1 /assets/vendors/hackertyper/kernel.txt
INFO: [ app_init ] --START--
INFO: Run Behavior\BuildLiteBehavior [ RunTime:0.000038s ]
INFO: [ app_init ] --END-- [ RunTime:0.000598s ]
ERR: 无法加载模块:Assets

