[ 2017-08-24T08:59:34+08:00 ] ::1 /favicon.ico
INFO: [ app_init ] --START--
INFO: Run Behavior\BuildLiteBehavior [ RunTime:0.000035s ]
INFO: [ app_init ] --END-- [ RunTime:0.000612s ]
ERR: 无法加载模块:Favicon

[ 2017-08-24T09:00:46+08:00 ] ::1 /assets/vendors/hackertyper/kernel.txt
INFO: [ app_init ] --START--
INFO: Run Behavior\BuildLiteBehavior [ RunTime:0.000026s ]
INFO: [ app_init ] --END-- [ RunTime:0.000475s ]
ERR: 无法加载模块:Assets

[ 2017-08-24T09:00:48+08:00 ] ::1 /assets/vendors/hackertyper/kernel.txt
INFO: [ app_init ] --START--
INFO: Run Behavior\BuildLiteBehavior [ RunTime:0.000043s ]
INFO: [ app_init ] --END-- [ RunTime:0.000574s ]
ERR: 无法加载模块:Assets

[ 2017-08-24T09:00:51+08:00 ] ::1 /assets/vendors/hackertyper/kernel.txt
INFO: [ app_init ] --START--
INFO: Run Behavior\BuildLiteBehavior [ RunTime:0.000025s ]
INFO: [ app_init ] --END-- [ RunTime:0.000443s ]
ERR: 无法加载模块:Assets

[ 2017-08-24T09:00:52+08:00 ] ::1 /assets/vendors/hackertyper/kernel.txt
INFO: [ app_init ] --START--
INFO: Run Behavior\BuildLiteBehavior [ RunTime:0.000023s ]
INFO: [ app_init ] --END-- [ RunTime:0.000401s ]
ERR: 无法加载模块:Assets

[ 2017-08-24T09:00:54+08:00 ] ::1 /assets/vendors/hackertyper/kernel.txt
INFO: [ app_init ] --START--
INFO: Run Behavior\BuildLiteBehavior [ RunTime:0.000024s ]
INFO: [ app_init ] --END-- [ RunTime:0.000407s ]
ERR: 无法加载模块:Assets

[ 2017-08-24T09:01:09+08:00 ] ::1 /assets/vendors/hackertyper/kernel.txt
INFO: [ app_init ] --START--
INFO: Run Behavior\BuildLiteBehavior [ RunTime:0.000026s ]
INFO: [ app_init ] --END-- [ RunTime:0.000529s ]
ERR: 无法加载模块:Assets

[ 2017-08-24T09:01:11+08:00 ] ::1 /assets/vendors/hackertyper/kernel.txt
INFO: [ app_init ] --START--
INFO: Run Behavior\BuildLiteBehavior [ RunTime:0.000042s ]
INFO: [ app_init ] --END-- [ RunTime:0.000759s ]
ERR: 无法加载模块:Assets

[ 2017-08-24T09:46:34+08:00 ] 192.168.1.107 /favicon.ico
INFO: [ app_init ] --START--
INFO: Run Behavior\BuildLiteBehavior [ RunTime:0.000029s ]
INFO: [ app_init ] --END-- [ RunTime:0.001042s ]
ERR: 无法加载模块:Favicon

[ 2017-08-24T09:46:45+08:00 ] 192.168.1.107 /favicon.ico
INFO: [ app_init ] --START--
INFO: Run Behavior\BuildLiteBehavior [ RunTime:0.000026s ]
INFO: [ app_init ] --END-- [ RunTime:0.000457s ]
ERR: 无法加载模块:Favicon

[ 2017-08-24T09:48:08+08:00 ] 192.168.1.107 /favicon.ico
INFO: [ app_init ] --START--
INFO: Run Behavior\BuildLiteBehavior [ RunTime:0.000048s ]
INFO: [ app_init ] --END-- [ RunTime:0.000740s ]
ERR: 无法加载模块:Favicon

[ 2017-08-24T10:02:42+08:00 ] 127.0.0.1 /bick/public/static/index/style/style.css
INFO: [ app_init ] --START--
INFO: Run Behavior\BuildLiteBehavior [ RunTime:0.000040s ]
INFO: [ app_init ] --END-- [ RunTime:0.001009s ]
ERR: 无法加载模块:Bick

[ 2017-08-24T10:02:42+08:00 ] 127.0.0.1 /bick/public/static/index/style/jtemplates.js
INFO: [ app_init ] --START--
INFO: Run Behavior\BuildLiteBehavior [ RunTime:0.000041s ]
INFO: [ app_init ] --END-- [ RunTime:0.000628s ]
ERR: 无法加载模块:Bick

[ 2017-08-24T10:02:42+08:00 ] 127.0.0.1 /bick/public/static/index/style/jquery-1.4.1.min.js
INFO: [ app_init ] --START--
INFO: Run Behavior\BuildLiteBehavior [ RunTime:0.000040s ]
INFO: [ app_init ] --END-- [ RunTime:0.002179s ]
ERR: 无法加载模块:Bick

[ 2017-08-24T10:02:42+08:00 ] 127.0.0.1 /bick/public/static/index/style/jquery.js
INFO: [ app_init ] --START--
INFO: Run Behavior\BuildLiteBehavior [ RunTime:0.000070s ]
INFO: [ app_init ] --END-- [ RunTime:0.001502s ]
ERR: 无法加载模块:Bick

[ 2017-08-24T10:02:42+08:00 ] 127.0.0.1 /bick/public/static/index/style/jquery.error.js
INFO: [ app_init ] --START--
INFO: Run Behavior\BuildLiteBehavior [ RunTime:0.000039s ]
INFO: [ app_init ] --END-- [ RunTime:0.000638s ]
ERR: 无法加载模块:Bick

[ 2017-08-24T10:02:42+08:00 ] 127.0.0.1 /bick/public/static/index/style/pagenavi-css.css
INFO: [ app_init ] --START--
INFO: Run Behavior\BuildLiteBehavior [ RunTime:0.000043s ]
INFO: [ app_init ] --END-- [ RunTime:0.000818s ]
ERR: 无法加载模块:Bick

[ 2017-08-24T10:02:42+08:00 ] 127.0.0.1 /bick/public/static/index/style/votestyles.css
INFO: [ app_init ] --START--
INFO: Run Behavior\BuildLiteBehavior [ RunTime:0.000036s ]
INFO: [ app_init ] --END-- [ RunTime:0.000625s ]
ERR: 无法加载模块:Bick

[ 2017-08-24T10:02:42+08:00 ] 127.0.0.1 /bick/public/static/index/style/voteitup.css
INFO: [ app_init ] --START--
INFO: Run Behavior\BuildLiteBehavior [ RunTime:0.000042s ]
INFO: [ app_init ] --END-- [ RunTime:0.000718s ]
ERR: 无法加载模块:Bick

[ 2017-08-24T10:02:43+08:00 ] 127.0.0.1 /bick/public/static/index/style/jquery.form.js
INFO: [ app_init ] --START--
INFO: Run Behavior\BuildLiteBehavior [ RunTime:0.000055s ]
INFO: [ app_init ] --END-- [ RunTime:0.000723s ]
ERR: 无法加载模块:Bick

[ 2017-08-24T10:02:43+08:00 ] 127.0.0.1 /bick/public/static/index/style/wp-sns-share.js
INFO: [ app_init ] --START--
INFO: Run Behavior\BuildLiteBehavior [ RunTime:0.000037s ]
INFO: [ app_init ] --END-- [ RunTime:0.000658s ]
ERR: 无法加载模块:Bick

[ 2017-08-24T10:02:43+08:00 ] 127.0.0.1 /bick/public/static/index/style/lazy.js
INFO: [ app_init ] --START--
INFO: Run Behavior\BuildLiteBehavior [ RunTime:0.000042s ]
INFO: [ app_init ] --END-- [ RunTime:0.000751s ]
ERR: 无法加载模块:Bick

[ 2017-08-24T10:02:43+08:00 ] 127.0.0.1 /bick/public/static/index/style/voterajax.js
INFO: [ app_init ] --START--
INFO: Run Behavior\BuildLiteBehavior [ RunTime:0.000040s ]
INFO: [ app_init ] --END-- [ RunTime:0.000605s ]
ERR: 无法加载模块:Bick

[ 2017-08-24T10:02:43+08:00 ] 127.0.0.1 /bick/public/static/index/style/jtemplates.js
INFO: [ app_init ] --START--
INFO: Run Behavior\BuildLiteBehavior [ RunTime:0.000042s ]
INFO: [ app_init ] --END-- [ RunTime:0.000659s ]
ERR: 无法加载模块:Bick

[ 2017-08-24T10:02:43+08:00 ] 127.0.0.1 /bick/public/static/index/style/userregister.js
INFO: [ app_init ] --START--
INFO: Run Behavior\BuildLiteBehavior [ RunTime:0.000043s ]
INFO: [ app_init ] --END-- [ RunTime:0.000684s ]
ERR: 无法加载模块:Bick

[ 2017-08-24T10:02:43+08:00 ] 127.0.0.1 /bick/public/static/index/style/jquery.form.js
INFO: [ app_init ] --START--
INFO: Run Behavior\BuildLiteBehavior [ RunTime:0.000038s ]
INFO: [ app_init ] --END-- [ RunTime:0.000613s ]
ERR: 无法加载模块:Bick

[ 2017-08-24T10:02:43+08:00 ] 127.0.0.1 /bick/public/static/index/style/z700bike_global.js
INFO: [ app_init ] --START--
INFO: Run Behavior\BuildLiteBehavior [ RunTime:0.000041s ]
INFO: [ app_init ] --END-- [ RunTime:0.000708s ]
ERR: 无法加载模块:Bick

[ 2017-08-24T10:02:43+08:00 ] 127.0.0.1 /bick/public/static/index/style/lazy.js
INFO: [ app_init ] --START--
INFO: Run Behavior\BuildLiteBehavior [ RunTime:0.000040s ]
INFO: [ app_init ] --END-- [ RunTime:0.000604s ]
ERR: 无法加载模块:Bick

[ 2017-08-24T10:02:43+08:00 ] 127.0.0.1 /bick/public/static/index/images/search-new.png
INFO: [ app_init ] --START--
INFO: Run Behavior\BuildLiteBehavior [ RunTime:0.000027s ]
INFO: [ app_init ] --END-- [ RunTime:0.000464s ]
ERR: 无法加载模块:Bick

[ 2017-08-24T10:02:43+08:00 ] 127.0.0.1 /bick/public/static/index/style/wp-sns-share.js
INFO: [ app_init ] --START--
INFO: Run Behavior\BuildLiteBehavior [ RunTime:0.000041s ]
INFO: [ app_init ] --END-- [ RunTime:0.000645s ]
ERR: 无法加载模块:Bick

[ 2017-08-24T10:02:43+08:00 ] 127.0.0.1 /bick/public/static/index/style/voterajax.js
INFO: [ app_init ] --START--
INFO: Run Behavior\BuildLiteBehavior [ RunTime:0.000025s ]
INFO: [ app_init ] --END-- [ RunTime:0.000422s ]
ERR: 无法加载模块:Bick

[ 2017-08-24T10:02:43+08:00 ] 127.0.0.1 /bick/public/static/index/style/userregister.js
INFO: [ app_init ] --START--
INFO: Run Behavior\BuildLiteBehavior [ RunTime:0.000026s ]
INFO: [ app_init ] --END-- [ RunTime:0.000449s ]
ERR: 无法加载模块:Bick

[ 2017-08-24T10:02:43+08:00 ] 127.0.0.1 /bick/public/static/index/style/votestyles.css
INFO: [ app_init ] --START--
INFO: Run Behavior\BuildLiteBehavior [ RunTime:0.000040s ]
INFO: [ app_init ] --END-- [ RunTime:0.000607s ]
ERR: 无法加载模块:Bick

[ 2017-08-24T10:02:43+08:00 ] 127.0.0.1 /bick/public/static/index/style/pagenavi-css.css
INFO: [ app_init ] --START--
INFO: Run Behavior\BuildLiteBehavior [ RunTime:0.000043s ]
INFO: [ app_init ] --END-- [ RunTime:0.000647s ]
ERR: 无法加载模块:Bick

[ 2017-08-24T10:02:43+08:00 ] 127.0.0.1 /bick/public/static/index/style/voteitup.css
INFO: [ app_init ] --START--
INFO: Run Behavior\BuildLiteBehavior [ RunTime:0.000041s ]
INFO: [ app_init ] --END-- [ RunTime:0.000680s ]
ERR: 无法加载模块:Bick

[ 2017-08-24T10:02:43+08:00 ] 127.0.0.1 /bick/public/static/index/images/1-140206160415Y6.jpg
INFO: [ app_init ] --START--
INFO: Run Behavior\BuildLiteBehavior [ RunTime:0.000092s ]
INFO: [ app_init ] --END-- [ RunTime:0.000786s ]
ERR: 无法加载模块:Bick

[ 2017-08-24T10:02:43+08:00 ] 127.0.0.1 /bick/public/static/index/images/weixin.jpg
INFO: [ app_init ] --START--
INFO: Run Behavior\BuildLiteBehavior [ RunTime:0.000040s ]
INFO: [ app_init ] --END-- [ RunTime:0.000653s ]
ERR: 无法加载模块:Bick

[ 2017-08-24T10:02:43+08:00 ] 127.0.0.1 /bick/public/static/index/images/1-140206160415Y6.jpg
INFO: [ app_init ] --START--
INFO: Run Behavior\BuildLiteBehavior [ RunTime:0.000046s ]
INFO: [ app_init ] --END-- [ RunTime:0.000725s ]
ERR: 无法加载模块:Bick

[ 2017-08-24T10:02:43+08:00 ] 127.0.0.1 /bick/public/static/index/images/search-new.png
INFO: [ app_init ] --START--
INFO: Run Behavior\BuildLiteBehavior [ RunTime:0.000042s ]
INFO: [ app_init ] --END-- [ RunTime:0.000677s ]
ERR: 无法加载模块:Bick

[ 2017-08-24T10:02:43+08:00 ] 127.0.0.1 /bick/public/static/index/images/focus-left-bg.png
INFO: [ app_init ] --START--
INFO: Run Behavior\BuildLiteBehavior [ RunTime:0.000044s ]
INFO: [ app_init ] --END-- [ RunTime:0.000656s ]
ERR: 无法加载模块:Bick

[ 2017-08-24T10:02:43+08:00 ] 127.0.0.1 /bick/public/static/index/images/hots_bg.png
INFO: [ app_init ] --START--
INFO: Run Behavior\BuildLiteBehavior [ RunTime:0.000041s ]
INFO: [ app_init ] --END-- [ RunTime:0.000622s ]
ERR: 无法加载模块:Bick

[ 2017-08-24T10:02:43+08:00 ] 127.0.0.1 /bick/public/static/index/style/z700bike_global.js
INFO: [ app_init ] --START--
INFO: Run Behavior\BuildLiteBehavior [ RunTime:0.000066s ]
INFO: [ app_init ] --END-- [ RunTime:0.001290s ]
ERR: 无法加载模块:Bick

[ 2017-08-24T10:03:28+08:00 ] 127.0.0.1 /bick/public/static/index/style/style.css
INFO: [ app_init ] --START--
INFO: Run Behavior\BuildLiteBehavior [ RunTime:0.000038s ]
INFO: [ app_init ] --END-- [ RunTime:0.000671s ]
ERR: 无法加载模块:Bick

[ 2017-08-24T10:03:29+08:00 ] 127.0.0.1 /bick/public/static/index/style/jtemplates.js
INFO: [ app_init ] --START--
INFO: Run Behavior\BuildLiteBehavior [ RunTime:0.000040s ]
INFO: [ app_init ] --END-- [ RunTime:0.001021s ]
ERR: 无法加载模块:Bick

[ 2017-08-24T10:03:29+08:00 ] 127.0.0.1 /bick/public/static/index/style/jquery.error.js
INFO: [ app_init ] --START--
INFO: Run Behavior\BuildLiteBehavior [ RunTime:0.000040s ]
INFO: [ app_init ] --END-- [ RunTime:0.002062s ]
ERR: 无法加载模块:Bick

[ 2017-08-24T10:03:29+08:00 ] 127.0.0.1 /bick/public/static/index/style/jquery.js
INFO: [ app_init ] --START--
INFO: Run Behavior\BuildLiteBehavior [ RunTime:0.000052s ]
INFO: [ app_init ] --END-- [ RunTime:0.001493s ]
ERR: 无法加载模块:Bick

[ 2017-08-24T10:03:29+08:00 ] 127.0.0.1 /bick/public/static/index/style/jquery-1.4.1.min.js
INFO: [ app_init ] --START--
INFO: Run Behavior\BuildLiteBehavior [ RunTime:0.000040s ]
INFO: [ app_init ] --END-- [ RunTime:0.000839s ]
ERR: 无法加载模块:Bick

[ 2017-08-24T10:03:29+08:00 ] 127.0.0.1 /bick/public/static/index/style/jquery.form.js
INFO: [ app_init ] --START--
INFO: Run Behavior\BuildLiteBehavior [ RunTime:0.000040s ]
INFO: [ app_init ] --END-- [ RunTime:0.000705s ]
ERR: 无法加载模块:Bick

[ 2017-08-24T10:03:29+08:00 ] 127.0.0.1 /bick/public/static/index/style/lazy.js
INFO: [ app_init ] --START--
INFO: Run Behavior\BuildLiteBehavior [ RunTime:0.000053s ]
INFO: [ app_init ] --END-- [ RunTime:0.000572s ]
ERR: 无法加载模块:Bick

[ 2017-08-24T10:03:29+08:00 ] 127.0.0.1 /bick/public/static/index/style/wp-sns-share.js
INFO: [ app_init ] --START--
INFO: Run Behavior\BuildLiteBehavior [ RunTime:0.000047s ]
INFO: [ app_init ] --END-- [ RunTime:0.000566s ]
ERR: 无法加载模块:Bick

[ 2017-08-24T10:03:29+08:00 ] 127.0.0.1 /bick/public/static/index/style/votestyles.css
INFO: [ app_init ] --START--
INFO: Run Behavior\BuildLiteBehavior [ RunTime:0.000041s ]
INFO: [ app_init ] --END-- [ RunTime:0.000608s ]
ERR: 无法加载模块:Bick

[ 2017-08-24T10:03:29+08:00 ] 127.0.0.1 /bick/public/static/index/style/pagenavi-css.css
INFO: [ app_init ] --START--
INFO: Run Behavior\BuildLiteBehavior [ RunTime:0.000039s ]
INFO: [ app_init ] --END-- [ RunTime:0.000703s ]
ERR: 无法加载模块:Bick

[ 2017-08-24T10:03:29+08:00 ] 127.0.0.1 /bick/public/static/index/style/voteitup.css
INFO: [ app_init ] --START--
INFO: Run Behavior\BuildLiteBehavior [ RunTime:0.000051s ]
INFO: [ app_init ] --END-- [ RunTime:0.000628s ]
ERR: 无法加载模块:Bick

[ 2017-08-24T10:03:29+08:00 ] 127.0.0.1 /bick/public/static/index/style/voterajax.js
INFO: [ app_init ] --START--
INFO: Run Behavior\BuildLiteBehavior [ RunTime:0.000038s ]
INFO: [ app_init ] --END-- [ RunTime:0.000630s ]
ERR: 无法加载模块:Bick

[ 2017-08-24T10:03:29+08:00 ] 127.0.0.1 /bick/public/static/index/style/userregister.js
INFO: [ app_init ] --START--
INFO: Run Behavior\BuildLiteBehavior [ RunTime:0.000043s ]
INFO: [ app_init ] --END-- [ RunTime:0.000628s ]
ERR: 无法加载模块:Bick

[ 2017-08-24T10:03:29+08:00 ] 127.0.0.1 /bick/public/static/index/style/jquery.js
INFO: [ app_init ] --START--
INFO: Run Behavior\BuildLiteBehavior [ RunTime:0.000042s ]
INFO: [ app_init ] --END-- [ RunTime:0.000715s ]
ERR: 无法加载模块:Bick

[ 2017-08-24T10:03:29+08:00 ] 127.0.0.1 /bick/public/static/index/style/z700bike_global.js
INFO: [ app_init ] --START--
INFO: Run Behavior\BuildLiteBehavior [ RunTime:0.000044s ]
INFO: [ app_init ] --END-- [ RunTime:0.000602s ]
ERR: 无法加载模块:Bick

[ 2017-08-24T10:03:29+08:00 ] 127.0.0.1 /bick/public/static/index/style/jquery.error.js
INFO: [ app_init ] --START--
INFO: Run Behavior\BuildLiteBehavior [ RunTime:0.000030s ]
INFO: [ app_init ] --END-- [ RunTime:0.000509s ]
ERR: 无法加载模块:Bick

[ 2017-08-24T10:03:29+08:00 ] 127.0.0.1 /bick/public/static/index/style/jtemplates.js
INFO: [ app_init ] --START--
INFO: Run Behavior\BuildLiteBehavior [ RunTime:0.000026s ]
INFO: [ app_init ] --END-- [ RunTime:0.000489s ]
ERR: 无法加载模块:Bick

[ 2017-08-24T10:03:29+08:00 ] 127.0.0.1 /bick/public/static/index/images/search-new.png
INFO: [ app_init ] --START--
INFO: Run Behavior\BuildLiteBehavior [ RunTime:0.000034s ]
INFO: [ app_init ] --END-- [ RunTime:0.000397s ]
ERR: 无法加载模块:Bick

[ 2017-08-24T10:03:29+08:00 ] 127.0.0.1 /bick/public/static/index/style/jquery.form.js
INFO: [ app_init ] --START--
INFO: Run Behavior\BuildLiteBehavior [ RunTime:0.000024s ]
INFO: [ app_init ] --END-- [ RunTime:0.000393s ]
ERR: 无法加载模块:Bick

[ 2017-08-24T10:03:29+08:00 ] 127.0.0.1 /bick/public/static/index/style/lazy.js
INFO: [ app_init ] --START--
INFO: Run Behavior\BuildLiteBehavior [ RunTime:0.000039s ]
INFO: [ app_init ] --END-- [ RunTime:0.000706s ]
ERR: 无法加载模块:Bick

[ 2017-08-24T10:03:29+08:00 ] 127.0.0.1 /bick/public/static/index/style/wp-sns-share.js
INFO: [ app_init ] --START--
INFO: Run Behavior\BuildLiteBehavior [ RunTime:0.000044s ]
INFO: [ app_init ] --END-- [ RunTime:0.000540s ]
ERR: 无法加载模块:Bick

[ 2017-08-24T10:03:29+08:00 ] 127.0.0.1 /bick/public/static/index/style/voterajax.js
INFO: [ app_init ] --START--
INFO: Run Behavior\BuildLiteBehavior [ RunTime:0.000038s ]
INFO: [ app_init ] --END-- [ RunTime:0.000622s ]
ERR: 无法加载模块:Bick

[ 2017-08-24T10:03:29+08:00 ] 127.0.0.1 /bick/public/static/index/style/userregister.js
INFO: [ app_init ] --START--
INFO: Run Behavior\BuildLiteBehavior [ RunTime:0.000038s ]
INFO: [ app_init ] --END-- [ RunTime:0.000728s ]
ERR: 无法加载模块:Bick

[ 2017-08-24T10:03:29+08:00 ] 127.0.0.1 /bick/public/static/index/style/pagenavi-css.css
INFO: [ app_init ] --START--
INFO: Run Behavior\BuildLiteBehavior [ RunTime:0.000041s ]
INFO: [ app_init ] --END-- [ RunTime:0.000612s ]
ERR: 无法加载模块:Bick

[ 2017-08-24T10:03:29+08:00 ] 127.0.0.1 /bick/public/static/index/style/votestyles.css
INFO: [ app_init ] --START--
INFO: Run Behavior\BuildLiteBehavior [ RunTime:0.000040s ]
INFO: [ app_init ] --END-- [ RunTime:0.000618s ]
ERR: 无法加载模块:Bick

[ 2017-08-24T10:03:29+08:00 ] 127.0.0.1 /bick/public/static/index/style/voteitup.css
INFO: [ app_init ] --START--
INFO: Run Behavior\BuildLiteBehavior [ RunTime:0.000044s ]
INFO: [ app_init ] --END-- [ RunTime:0.000672s ]
ERR: 无法加载模块:Bick

[ 2017-08-24T10:03:29+08:00 ] 127.0.0.1 /bick/public/static/index/images/1-140206160415Y6.jpg
INFO: [ app_init ] --START--
INFO: Run Behavior\BuildLiteBehavior [ RunTime:0.000041s ]
INFO: [ app_init ] --END-- [ RunTime:0.000611s ]
ERR: 无法加载模块:Bick

[ 2017-08-24T10:03:29+08:00 ] 127.0.0.1 /bick/public/static/index/images/weixin.jpg
INFO: [ app_init ] --START--
INFO: Run Behavior\BuildLiteBehavior [ RunTime:0.000038s ]
INFO: [ app_init ] --END-- [ RunTime:0.000715s ]
ERR: 无法加载模块:Bick

[ 2017-08-24T10:03:29+08:00 ] 127.0.0.1 /bick/public/static/index/images/search-new.png
INFO: [ app_init ] --START--
INFO: Run Behavior\BuildLiteBehavior [ RunTime:0.000040s ]
INFO: [ app_init ] --END-- [ RunTime:0.000700s ]
ERR: 无法加载模块:Bick

[ 2017-08-24T10:03:29+08:00 ] 127.0.0.1 /bick/public/static/index/images/1-140206160415Y6.jpg
INFO: [ app_init ] --START--
INFO: Run Behavior\BuildLiteBehavior [ RunTime:0.000041s ]
INFO: [ app_init ] --END-- [ RunTime:0.000685s ]
ERR: 无法加载模块:Bick

[ 2017-08-24T10:03:29+08:00 ] 127.0.0.1 /bick/public/static/index/images/hots_bg.png
INFO: [ app_init ] --START--
INFO: Run Behavior\BuildLiteBehavior [ RunTime:0.000040s ]
INFO: [ app_init ] --END-- [ RunTime:0.000605s ]
ERR: 无法加载模块:Bick

[ 2017-08-24T10:03:29+08:00 ] 127.0.0.1 /bick/public/static/index/images/focus-left-bg.png
INFO: [ app_init ] --START--
INFO: Run Behavior\BuildLiteBehavior [ RunTime:0.000041s ]
INFO: [ app_init ] --END-- [ RunTime:0.000626s ]
ERR: 无法加载模块:Bick

[ 2017-08-24T10:03:29+08:00 ] 127.0.0.1 /bick/public/static/index/images/weixin.jpg
INFO: [ app_init ] --START--
INFO: Run Behavior\BuildLiteBehavior [ RunTime:0.000039s ]
INFO: [ app_init ] --END-- [ RunTime:0.000583s ]
ERR: 无法加载模块:Bick

[ 2017-08-24T10:03:29+08:00 ] 127.0.0.1 /bick/public/static/index/style/z700bike_global.js
INFO: [ app_init ] --START--
INFO: Run Behavior\BuildLiteBehavior [ RunTime:0.000045s ]
INFO: [ app_init ] --END-- [ RunTime:0.000663s ]
ERR: 无法加载模块:Bick

[ 2017-08-24T10:03:31+08:00 ] 127.0.0.1 /bick/public/static/index/style/style.css
INFO: [ app_init ] --START--
INFO: Run Behavior\BuildLiteBehavior [ RunTime:0.000041s ]
INFO: [ app_init ] --END-- [ RunTime:0.000759s ]
ERR: 无法加载模块:Bick

[ 2017-08-24T10:03:31+08:00 ] 127.0.0.1 /bick/public/static/index/style/pagenavi-css.css
INFO: [ app_init ] --START--
INFO: Run Behavior\BuildLiteBehavior [ RunTime:0.000041s ]
INFO: [ app_init ] --END-- [ RunTime:0.000686s ]
ERR: 无法加载模块:Bick

[ 2017-08-24T10:03:31+08:00 ] 127.0.0.1 /bick/public/static/index/style/votestyles.css
INFO: [ app_init ] --START--
INFO: Run Behavior\BuildLiteBehavior [ RunTime:0.000045s ]
INFO: [ app_init ] --END-- [ RunTime:0.000639s ]
ERR: 无法加载模块:Bick

[ 2017-08-24T10:03:31+08:00 ] 127.0.0.1 /bick/public/static/index/style/voteitup.css
INFO: [ app_init ] --START--
INFO: Run Behavior\BuildLiteBehavior [ RunTime:0.000065s ]
INFO: [ app_init ] --END-- [ RunTime:0.000797s ]
ERR: 无法加载模块:Bick

[ 2017-08-24T10:24:14+08:00 ] 127.0.0.1 /bick/public/static/index/style/style.css
INFO: [ app_init ] --START--
INFO: Run Behavior\BuildLiteBehavior [ RunTime:0.000035s ]
INFO: [ app_init ] --END-- [ RunTime:0.000539s ]
ERR: 无法加载模块:Bick

[ 2017-08-24T10:24:14+08:00 ] 127.0.0.1 /bick/public/static/index/style/jquery.js
INFO: [ app_init ] --START--
INFO: Run Behavior\BuildLiteBehavior [ RunTime:0.000033s ]
INFO: [ app_init ] --END-- [ RunTime:0.000544s ]
ERR: 无法加载模块:Bick

[ 2017-08-24T10:24:14+08:00 ] 127.0.0.1 /bick/public/static/index/style/jquery-1.4.1.min.js
INFO: [ app_init ] --START--
INFO: Run Behavior\BuildLiteBehavior [ RunTime:0.000035s ]
INFO: [ app_init ] --END-- [ RunTime:0.000660s ]
ERR: 无法加载模块:Bick

[ 2017-08-24T10:24:14+08:00 ] 127.0.0.1 /bick/public/static/index/style/jquery.error.js
INFO: [ app_init ] --START--
INFO: Run Behavior\BuildLiteBehavior [ RunTime:0.000039s ]
INFO: [ app_init ] --END-- [ RunTime:0.000649s ]
ERR: 无法加载模块:Bick

[ 2017-08-24T10:24:14+08:00 ] 127.0.0.1 /bick/public/static/index/style/jquery.form.js
INFO: [ app_init ] --START--
INFO: Run Behavior\BuildLiteBehavior [ RunTime:0.000035s ]
INFO: [ app_init ] --END-- [ RunTime:0.000589s ]
ERR: 无法加载模块:Bick

[ 2017-08-24T10:24:14+08:00 ] 127.0.0.1 /bick/public/static/index/style/jtemplates.js
INFO: [ app_init ] --START--
INFO: Run Behavior\BuildLiteBehavior [ RunTime:0.000031s ]
INFO: [ app_init ] --END-- [ RunTime:0.000514s ]
ERR: 无法加载模块:Bick

[ 2017-08-24T10:24:14+08:00 ] 127.0.0.1 /bick/public/static/index/style/votestyles.css
INFO: [ app_init ] --START--
INFO: Run Behavior\BuildLiteBehavior [ RunTime:0.000041s ]
INFO: [ app_init ] --END-- [ RunTime:0.000824s ]
ERR: 无法加载模块:Bick

[ 2017-08-24T10:24:14+08:00 ] 127.0.0.1 /bick/public/static/index/style/voteitup.css
INFO: [ app_init ] --START--
INFO: Run Behavior\BuildLiteBehavior [ RunTime:0.000936s ]
INFO: [ app_init ] --END-- [ RunTime:0.003025s ]
ERR: 无法加载模块:Bick

[ 2017-08-24T10:24:14+08:00 ] 127.0.0.1 /bick/public/static/index/style/pagenavi-css.css
INFO: [ app_init ] --START--
INFO: Run Behavior\BuildLiteBehavior [ RunTime:0.000038s ]
INFO: [ app_init ] --END-- [ RunTime:0.000543s ]
ERR: 无法加载模块:Bick

[ 2017-08-24T10:24:14+08:00 ] 127.0.0.1 /bick/public/static/index/style/lazy.js
INFO: [ app_init ] --START--
INFO: Run Behavior\BuildLiteBehavior [ RunTime:0.000038s ]
INFO: [ app_init ] --END-- [ RunTime:0.000600s ]
ERR: 无法加载模块:Bick

[ 2017-08-24T10:24:14+08:00 ] 127.0.0.1 /bick/public/static/index/style/wp-sns-share.js
INFO: [ app_init ] --START--
INFO: Run Behavior\BuildLiteBehavior [ RunTime:0.000035s ]
INFO: [ app_init ] --END-- [ RunTime:0.000594s ]
ERR: 无法加载模块:Bick

[ 2017-08-24T10:24:14+08:00 ] 127.0.0.1 /bick/public/static/index/style/voterajax.js
INFO: [ app_init ] --START--
INFO: Run Behavior\BuildLiteBehavior [ RunTime:0.000043s ]
INFO: [ app_init ] --END-- [ RunTime:0.000833s ]
ERR: 无法加载模块:Bick

[ 2017-08-24T10:24:14+08:00 ] 127.0.0.1 /bick/public/static/index/style/userregister.js
INFO: [ app_init ] --START--
INFO: Run Behavior\BuildLiteBehavior [ RunTime:0.000039s ]
INFO: [ app_init ] --END-- [ RunTime:0.000600s ]
ERR: 无法加载模块:Bick

[ 2017-08-24T10:24:14+08:00 ] 127.0.0.1 /bick/public/static/index/style/jquery.js
INFO: [ app_init ] --START--
INFO: Run Behavior\BuildLiteBehavior [ RunTime:0.000037s ]
INFO: [ app_init ] --END-- [ RunTime:0.000576s ]
ERR: 无法加载模块:Bick

[ 2017-08-24T10:24:14+08:00 ] 127.0.0.1 /bick/public/static/index/style/z700bike_global.js
INFO: [ app_init ] --START--
INFO: Run Behavior\BuildLiteBehavior [ RunTime:0.000041s ]
INFO: [ app_init ] --END-- [ RunTime:0.000584s ]
ERR: 无法加载模块:Bick

[ 2017-08-24T10:24:14+08:00 ] 127.0.0.1 /bick/public/static/index/style/jquery.error.js
INFO: [ app_init ] --START--
INFO: Run Behavior\BuildLiteBehavior [ RunTime:0.000153s ]
INFO: [ app_init ] --END-- [ RunTime:0.003901s ]
ERR: 无法加载模块:Bick

[ 2017-08-24T10:24:14+08:00 ] 127.0.0.1 /bick/public/static/index/style/jtemplates.js
INFO: [ app_init ] --START--
INFO: Run Behavior\BuildLiteBehavior [ RunTime:0.000040s ]
INFO: [ app_init ] --END-- [ RunTime:0.000620s ]
ERR: 无法加载模块:Bick

[ 2017-08-24T10:24:14+08:00 ] 127.0.0.1 /bick/public/static/index/images/search-new.png
INFO: [ app_init ] --START--
INFO: Run Behavior\BuildLiteBehavior [ RunTime:0.000038s ]
INFO: [ app_init ] --END-- [ RunTime:0.000631s ]
ERR: 无法加载模块:Bick

[ 2017-08-24T10:24:14+08:00 ] 127.0.0.1 /bick/public/static/index/style/jquery.form.js
INFO: [ app_init ] --START--
INFO: Run Behavior\BuildLiteBehavior [ RunTime:0.000039s ]
INFO: [ app_init ] --END-- [ RunTime:0.000644s ]
ERR: 无法加载模块:Bick

[ 2017-08-24T10:24:14+08:00 ] 127.0.0.1 /bick/public/static/index/style/lazy.js
INFO: [ app_init ] --START--
INFO: Run Behavior\BuildLiteBehavior [ RunTime:0.000084s ]
INFO: [ app_init ] --END-- [ RunTime:0.000867s ]
ERR: 无法加载模块:Bick

[ 2017-08-24T10:24:14+08:00 ] 127.0.0.1 /bick/public/static/index/style/wp-sns-share.js
INFO: [ app_init ] --START--
INFO: Run Behavior\BuildLiteBehavior [ RunTime:0.000040s ]
INFO: [ app_init ] --END-- [ RunTime:0.000869s ]
ERR: 无法加载模块:Bick

[ 2017-08-24T10:24:14+08:00 ] 127.0.0.1 /bick/public/static/index/style/voterajax.js
INFO: [ app_init ] --START--
INFO: Run Behavior\BuildLiteBehavior [ RunTime:0.000041s ]
INFO: [ app_init ] --END-- [ RunTime:0.000642s ]
ERR: 无法加载模块:Bick

[ 2017-08-24T10:24:14+08:00 ] 127.0.0.1 /bick/public/static/index/style/userregister.js
INFO: [ app_init ] --START--
INFO: Run Behavior\BuildLiteBehavior [ RunTime:0.000039s ]
INFO: [ app_init ] --END-- [ RunTime:0.000625s ]
ERR: 无法加载模块:Bick

[ 2017-08-24T10:24:14+08:00 ] 127.0.0.1 /bick/public/static/index/style/pagenavi-css.css
INFO: [ app_init ] --START--
INFO: Run Behavior\BuildLiteBehavior [ RunTime:0.000039s ]
INFO: [ app_init ] --END-- [ RunTime:0.000595s ]
ERR: 无法加载模块:Bick

[ 2017-08-24T10:24:14+08:00 ] 127.0.0.1 /bick/public/static/index/style/voteitup.css
INFO: [ app_init ] --START--
INFO: Run Behavior\BuildLiteBehavior [ RunTime:0.000038s ]
INFO: [ app_init ] --END-- [ RunTime:0.000589s ]
ERR: 无法加载模块:Bick

[ 2017-08-24T10:24:14+08:00 ] 127.0.0.1 /bick/public/static/index/style/votestyles.css
INFO: [ app_init ] --START--
INFO: Run Behavior\BuildLiteBehavior [ RunTime:0.000039s ]
INFO: [ app_init ] --END-- [ RunTime:0.000803s ]
ERR: 无法加载模块:Bick

[ 2017-08-24T10:24:15+08:00 ] 127.0.0.1 /bick/public/static/index/images/1-140206160415Y6.jpg
INFO: [ app_init ] --START--
INFO: Run Behavior\BuildLiteBehavior [ RunTime:0.000044s ]
INFO: [ app_init ] --END-- [ RunTime:0.000759s ]
ERR: 无法加载模块:Bick

[ 2017-08-24T10:24:15+08:00 ] 127.0.0.1 /bick/public/static/index/images/weixin.jpg
INFO: [ app_init ] --START--
INFO: Run Behavior\BuildLiteBehavior [ RunTime:0.000037s ]
INFO: [ app_init ] --END-- [ RunTime:0.000603s ]
ERR: 无法加载模块:Bick

[ 2017-08-24T10:24:15+08:00 ] 127.0.0.1 /bick/public/static/index/images/search-new.png
INFO: [ app_init ] --START--
INFO: Run Behavior\BuildLiteBehavior [ RunTime:0.000038s ]
INFO: [ app_init ] --END-- [ RunTime:0.000572s ]
ERR: 无法加载模块:Bick

[ 2017-08-24T10:24:15+08:00 ] 127.0.0.1 /bick/public/static/index/images/1-140206160415Y6.jpg
INFO: [ app_init ] --START--
INFO: Run Behavior\BuildLiteBehavior [ RunTime:0.000049s ]
INFO: [ app_init ] --END-- [ RunTime:0.000582s ]
ERR: 无法加载模块:Bick

[ 2017-08-24T10:24:15+08:00 ] 127.0.0.1 /bick/public/static/index/images/focus-left-bg.png
INFO: [ app_init ] --START--
INFO: Run Behavior\BuildLiteBehavior [ RunTime:0.000035s ]
INFO: [ app_init ] --END-- [ RunTime:0.000601s ]
ERR: 无法加载模块:Bick

[ 2017-08-24T10:24:15+08:00 ] 127.0.0.1 /bick/public/static/index/images/hots_bg.png
INFO: [ app_init ] --START--
INFO: Run Behavior\BuildLiteBehavior [ RunTime:0.000036s ]
INFO: [ app_init ] --END-- [ RunTime:0.000597s ]
ERR: 无法加载模块:Bick

[ 2017-08-24T10:24:15+08:00 ] 127.0.0.1 /bick/public/static/index/images/weixin.jpg
INFO: [ app_init ] --START--
INFO: Run Behavior\BuildLiteBehavior [ RunTime:0.000039s ]
INFO: [ app_init ] --END-- [ RunTime:0.000606s ]
ERR: 无法加载模块:Bick

[ 2017-08-24T10:24:15+08:00 ] 127.0.0.1 /bick/public/static/index/style/z700bike_global.js
INFO: [ app_init ] --START--
INFO: Run Behavior\BuildLiteBehavior [ RunTime:0.000040s ]
INFO: [ app_init ] --END-- [ RunTime:0.000692s ]
ERR: 无法加载模块:Bick

[ 2017-08-24T10:24:23+08:00 ] 127.0.0.1 /bick/public/static/index/style/style.css
INFO: [ app_init ] --START--
INFO: Run Behavior\BuildLiteBehavior [ RunTime:0.000036s ]
INFO: [ app_init ] --END-- [ RunTime:0.000559s ]
ERR: 无法加载模块:Bick

[ 2017-08-24T10:24:23+08:00 ] 127.0.0.1 /bick/public/static/index/style/jquery.js
INFO: [ app_init ] --START--
INFO: Run Behavior\BuildLiteBehavior [ RunTime:0.000030s ]
INFO: [ app_init ] --END-- [ RunTime:0.000509s ]
ERR: 无法加载模块:Bick

[ 2017-08-24T10:24:23+08:00 ] 127.0.0.1 /bick/public/static/index/style/jquery-1.4.1.min.js
INFO: [ app_init ] --START--
INFO: Run Behavior\BuildLiteBehavior [ RunTime:0.000037s ]
INFO: [ app_init ] --END-- [ RunTime:0.000577s ]
ERR: 无法加载模块:Bick

[ 2017-08-24T10:24:23+08:00 ] 127.0.0.1 /bick/public/static/index/style/jtemplates.js
INFO: [ app_init ] --START--
INFO: Run Behavior\BuildLiteBehavior [ RunTime:0.000033s ]
INFO: [ app_init ] --END-- [ RunTime:0.000563s ]
ERR: 无法加载模块:Bick

[ 2017-08-24T10:24:23+08:00 ] 127.0.0.1 /bick/public/static/index/style/jquery.error.js
INFO: [ app_init ] --START--
INFO: Run Behavior\BuildLiteBehavior [ RunTime:0.000143s ]
INFO: [ app_init ] --END-- [ RunTime:0.001590s ]
ERR: 无法加载模块:Bick

[ 2017-08-24T10:24:23+08:00 ] 127.0.0.1 /bick/public/static/index/style/votestyles.css
INFO: [ app_init ] --START--
INFO: Run Behavior\BuildLiteBehavior [ RunTime:0.000036s ]
INFO: [ app_init ] --END-- [ RunTime:0.000528s ]
ERR: 无法加载模块:Bick

[ 2017-08-24T10:24:23+08:00 ] 127.0.0.1 /bick/public/static/index/style/voteitup.css
INFO: [ app_init ] --START--
INFO: Run Behavior\BuildLiteBehavior [ RunTime:0.000037s ]
INFO: [ app_init ] --END-- [ RunTime:0.000565s ]
ERR: 无法加载模块:Bick

[ 2017-08-24T10:24:23+08:00 ] 127.0.0.1 /bick/public/static/index/style/lazy.js
INFO: [ app_init ] --START--
INFO: Run Behavior\BuildLiteBehavior [ RunTime:0.000036s ]
INFO: [ app_init ] --END-- [ RunTime:0.000550s ]
ERR: 无法加载模块:Bick

[ 2017-08-24T10:24:23+08:00 ] 127.0.0.1 /bick/public/static/index/style/pagenavi-css.css
INFO: [ app_init ] --START--
INFO: Run Behavior\BuildLiteBehavior [ RunTime:0.000036s ]
INFO: [ app_init ] --END-- [ RunTime:0.000559s ]
ERR: 无法加载模块:Bick

[ 2017-08-24T10:24:23+08:00 ] 127.0.0.1 /bick/public/static/index/style/jquery.form.js
INFO: [ app_init ] --START--
INFO: Run Behavior\BuildLiteBehavior [ RunTime:0.000047s ]
INFO: [ app_init ] --END-- [ RunTime:0.000844s ]
ERR: 无法加载模块:Bick

[ 2017-08-24T10:24:23+08:00 ] 127.0.0.1 /bick/public/static/index/style/wp-sns-share.js
INFO: [ app_init ] --START--
INFO: Run Behavior\BuildLiteBehavior [ RunTime:0.000037s ]
INFO: [ app_init ] --END-- [ RunTime:0.000973s ]
ERR: 无法加载模块:Bick

[ 2017-08-24T10:24:23+08:00 ] 127.0.0.1 /bick/public/static/index/style/voterajax.js
INFO: [ app_init ] --START--
INFO: Run Behavior\BuildLiteBehavior [ RunTime:0.000043s ]
INFO: [ app_init ] --END-- [ RunTime:0.000591s ]
ERR: 无法加载模块:Bick

[ 2017-08-24T10:24:23+08:00 ] 127.0.0.1 /bick/public/static/index/style/jquery.js
INFO: [ app_init ] --START--
INFO: Run Behavior\BuildLiteBehavior [ RunTime:0.000038s ]
INFO: [ app_init ] --END-- [ RunTime:0.000662s ]
ERR: 无法加载模块:Bick

[ 2017-08-24T10:24:23+08:00 ] 127.0.0.1 /bick/public/static/index/style/userregister.js
INFO: [ app_init ] --START--
INFO: Run Behavior\BuildLiteBehavior [ RunTime:0.000042s ]
INFO: [ app_init ] --END-- [ RunTime:0.000935s ]
ERR: 无法加载模块:Bick

[ 2017-08-24T10:24:23+08:00 ] 127.0.0.1 /bick/public/static/index/style/jquery.error.js
INFO: [ app_init ] --START--
INFO: Run Behavior\BuildLiteBehavior [ RunTime:0.000036s ]
INFO: [ app_init ] --END-- [ RunTime:0.000589s ]
ERR: 无法加载模块:Bick

[ 2017-08-24T10:24:23+08:00 ] 127.0.0.1 /bick/public/static/index/style/z700bike_global.js
INFO: [ app_init ] --START--
INFO: Run Behavior\BuildLiteBehavior [ RunTime:0.000037s ]
INFO: [ app_init ] --END-- [ RunTime:0.000584s ]
ERR: 无法加载模块:Bick

[ 2017-08-24T10:24:23+08:00 ] 127.0.0.1 /bick/public/static/index/style/jtemplates.js
INFO: [ app_init ] --START--
INFO: Run Behavior\BuildLiteBehavior [ RunTime:0.000035s ]
INFO: [ app_init ] --END-- [ RunTime:0.000522s ]
ERR: 无法加载模块:Bick

[ 2017-08-24T10:24:23+08:00 ] 127.0.0.1 /bick/public/static/index/images/search-new.png
INFO: [ app_init ] --START--
INFO: Run Behavior\BuildLiteBehavior [ RunTime:0.000025s ]
INFO: [ app_init ] --END-- [ RunTime:0.000702s ]
ERR: 无法加载模块:Bick

[ 2017-08-24T10:24:23+08:00 ] 127.0.0.1 /bick/public/static/index/style/jquery.form.js
INFO: [ app_init ] --START--
INFO: Run Behavior\BuildLiteBehavior [ RunTime:0.000038s ]
INFO: [ app_init ] --END-- [ RunTime:0.000507s ]
ERR: 无法加载模块:Bick

[ 2017-08-24T10:24:23+08:00 ] 127.0.0.1 /bick/public/static/index/style/lazy.js
INFO: [ app_init ] --START--
INFO: Run Behavior\BuildLiteBehavior [ RunTime:0.000022s ]
INFO: [ app_init ] --END-- [ RunTime:0.000361s ]
ERR: 无法加载模块:Bick

[ 2017-08-24T10:24:24+08:00 ] 127.0.0.1 /bick/public/static/index/style/wp-sns-share.js
INFO: [ app_init ] --START--
INFO: Run Behavior\BuildLiteBehavior [ RunTime:0.000022s ]
INFO: [ app_init ] --END-- [ RunTime:0.000353s ]
ERR: 无法加载模块:Bick

[ 2017-08-24T10:24:24+08:00 ] 127.0.0.1 /bick/public/static/index/style/voterajax.js
INFO: [ app_init ] --START--
INFO: Run Behavior\BuildLiteBehavior [ RunTime:0.000034s ]
INFO: [ app_init ] --END-- [ RunTime:0.000538s ]
ERR: 无法加载模块:Bick

[ 2017-08-24T10:24:24+08:00 ] 127.0.0.1 /bick/public/static/index/style/userregister.js
INFO: [ app_init ] --START--
INFO: Run Behavior\BuildLiteBehavior [ RunTime:0.000038s ]
INFO: [ app_init ] --END-- [ RunTime:0.000574s ]
ERR: 无法加载模块:Bick

[ 2017-08-24T10:24:24+08:00 ] 127.0.0.1 /bick/public/static/index/style/pagenavi-css.css
INFO: [ app_init ] --START--
INFO: Run Behavior\BuildLiteBehavior [ RunTime:0.000039s ]
INFO: [ app_init ] --END-- [ RunTime:0.000573s ]
ERR: 无法加载模块:Bick

[ 2017-08-24T10:24:24+08:00 ] 127.0.0.1 /bick/public/static/index/style/votestyles.css
INFO: [ app_init ] --START--
INFO: Run Behavior\BuildLiteBehavior [ RunTime:0.000038s ]
INFO: [ app_init ] --END-- [ RunTime:0.000552s ]
ERR: 无法加载模块:Bick

[ 2017-08-24T10:24:24+08:00 ] 127.0.0.1 /bick/public/static/index/style/voteitup.css
INFO: [ app_init ] --START--
INFO: Run Behavior\BuildLiteBehavior [ RunTime:0.000039s ]
INFO: [ app_init ] --END-- [ RunTime:0.000630s ]
ERR: 无法加载模块:Bick

[ 2017-08-24T10:24:24+08:00 ] 127.0.0.1 /bick/public/static/index/images/1-140206160415Y6.jpg
INFO: [ app_init ] --START--
INFO: Run Behavior\BuildLiteBehavior [ RunTime:0.000035s ]
INFO: [ app_init ] --END-- [ RunTime:0.000562s ]
ERR: 无法加载模块:Bick

[ 2017-08-24T10:24:24+08:00 ] 127.0.0.1 /bick/public/static/index/images/weixin.jpg
INFO: [ app_init ] --START--
INFO: Run Behavior\BuildLiteBehavior [ RunTime:0.000033s ]
INFO: [ app_init ] --END-- [ RunTime:0.000571s ]
ERR: 无法加载模块:Bick

[ 2017-08-24T10:24:24+08:00 ] 127.0.0.1 /bick/public/static/index/images/search-new.png
INFO: [ app_init ] --START--
INFO: Run Behavior\BuildLiteBehavior [ RunTime:0.000186s ]
INFO: [ app_init ] --END-- [ RunTime:0.001363s ]
ERR: 无法加载模块:Bick

[ 2017-08-24T10:24:24+08:00 ] 127.0.0.1 /bick/public/static/index/images/1-140206160415Y6.jpg
INFO: [ app_init ] --START--
INFO: Run Behavior\BuildLiteBehavior [ RunTime:0.000039s ]
INFO: [ app_init ] --END-- [ RunTime:0.000596s ]
ERR: 无法加载模块:Bick

[ 2017-08-24T10:24:24+08:00 ] 127.0.0.1 /bick/public/static/index/images/hots_bg.png
INFO: [ app_init ] --START--
INFO: Run Behavior\BuildLiteBehavior [ RunTime:0.000038s ]
INFO: [ app_init ] --END-- [ RunTime:0.000592s ]
ERR: 无法加载模块:Bick

[ 2017-08-24T10:24:24+08:00 ] 127.0.0.1 /bick/public/static/index/images/focus-left-bg.png
INFO: [ app_init ] --START--
INFO: Run Behavior\BuildLiteBehavior [ RunTime:0.000035s ]
INFO: [ app_init ] --END-- [ RunTime:0.000679s ]
ERR: 无法加载模块:Bick

[ 2017-08-24T10:24:24+08:00 ] 127.0.0.1 /bick/public/static/index/images/weixin.jpg
INFO: [ app_init ] --START--
INFO: Run Behavior\BuildLiteBehavior [ RunTime:0.000036s ]
INFO: [ app_init ] --END-- [ RunTime:0.000560s ]
ERR: 无法加载模块:Bick

[ 2017-08-24T10:24:24+08:00 ] 127.0.0.1 /bick/public/static/index/style/z700bike_global.js
INFO: [ app_init ] --START--
INFO: Run Behavior\BuildLiteBehavior [ RunTime:0.000038s ]
INFO: [ app_init ] --END-- [ RunTime:0.000591s ]
ERR: 无法加载模块:Bick

[ 2017-08-24T10:24:25+08:00 ] 127.0.0.1 /bick/public/index.php/index/artlist/index/cateid/27
INFO: [ app_init ] --START--
INFO: Run Behavior\BuildLiteBehavior [ RunTime:0.000035s ]
INFO: [ app_init ] --END-- [ RunTime:0.000562s ]
ERR: 无法加载模块:Bick

[ 2017-08-24T10:24:25+08:00 ] 127.0.0.1 /favicon.ico
INFO: [ app_init ] --START--
INFO: Run Behavior\BuildLiteBehavior [ RunTime:0.000022s ]
INFO: [ app_init ] --END-- [ RunTime:0.000355s ]
ERR: 无法加载模块:Favicon

[ 2017-08-24T10:27:23+08:00 ] 127.0.0.1 /bick/public/static/index/style/jquery.form.js
INFO: [ app_init ] --START--
INFO: Run Behavior\BuildLiteBehavior [ RunTime:0.000036s ]
INFO: [ app_init ] --END-- [ RunTime:0.000566s ]
ERR: 无法加载模块:Bick

[ 2017-08-24T10:27:23+08:00 ] 127.0.0.1 /bick/public/static/index/style/jquery.js
INFO: [ app_init ] --START--
INFO: Run Behavior\BuildLiteBehavior [ RunTime:0.000037s ]
INFO: [ app_init ] --END-- [ RunTime:0.000568s ]
ERR: 无法加载模块:Bick

[ 2017-08-24T10:27:23+08:00 ] 127.0.0.1 /bick/public/static/index/style/jtemplates.js
INFO: [ app_init ] --START--
INFO: Run Behavior\BuildLiteBehavior [ RunTime:0.000035s ]
INFO: [ app_init ] --END-- [ RunTime:0.001599s ]
ERR: 无法加载模块:Bick

[ 2017-08-24T10:27:23+08:00 ] 127.0.0.1 /bick/public/static/index/style/jquery.error.js
INFO: [ app_init ] --START--
INFO: Run Behavior\BuildLiteBehavior [ RunTime:0.000036s ]
INFO: [ app_init ] --END-- [ RunTime:0.000584s ]
ERR: 无法加载模块:Bick

[ 2017-08-24T10:27:23+08:00 ] 127.0.0.1 /bick/public/static/index/style/jquery-1.4.1.min.js
INFO: [ app_init ] --START--
INFO: Run Behavior\BuildLiteBehavior [ RunTime:0.000039s ]
INFO: [ app_init ] --END-- [ RunTime:0.000644s ]
ERR: 无法加载模块:Bick

[ 2017-08-24T10:27:23+08:00 ] 127.0.0.1 /bick/public/static/index/style/style.css
INFO: [ app_init ] --START--
INFO: Run Behavior\BuildLiteBehavior [ RunTime:0.000040s ]
INFO: [ app_init ] --END-- [ RunTime:0.000722s ]
ERR: 无法加载模块:Bick

[ 2017-08-24T10:27:23+08:00 ] 127.0.0.1 /bick/public/static/index/style/pagenavi-css.css
INFO: [ app_init ] --START--
INFO: Run Behavior\BuildLiteBehavior [ RunTime:0.000043s ]
INFO: [ app_init ] --END-- [ RunTime:0.000611s ]
ERR: 无法加载模块:Bick

[ 2017-08-24T10:27:23+08:00 ] 127.0.0.1 /bick/public/static/index/style/votestyles.css
INFO: [ app_init ] --START--
INFO: Run Behavior\BuildLiteBehavior [ RunTime:0.000038s ]
INFO: [ app_init ] --END-- [ RunTime:0.000499s ]
ERR: 无法加载模块:Bick

[ 2017-08-24T10:27:23+08:00 ] 127.0.0.1 /bick/public/static/index/style/userregister.js
INFO: [ app_init ] --START--
INFO: Run Behavior\BuildLiteBehavior [ RunTime:0.000037s ]
INFO: [ app_init ] --END-- [ RunTime:0.000569s ]
ERR: 无法加载模块:Bick

[ 2017-08-24T10:27:23+08:00 ] 127.0.0.1 /bick/public/static/index/style/wp-sns-share.js
INFO: [ app_init ] --START--
INFO: Run Behavior\BuildLiteBehavior [ RunTime:0.000034s ]
INFO: [ app_init ] --END-- [ RunTime:0.000499s ]
ERR: 无法加载模块:Bick

[ 2017-08-24T10:27:23+08:00 ] 127.0.0.1 /bick/public/static/index/style/lazy.js
INFO: [ app_init ] --START--
INFO: Run Behavior\BuildLiteBehavior [ RunTime:0.000039s ]
INFO: [ app_init ] --END-- [ RunTime:0.000553s ]
ERR: 无法加载模块:Bick

[ 2017-08-24T10:27:23+08:00 ] 127.0.0.1 /bick/public/static/index/style/voteitup.css
INFO: [ app_init ] --START--
INFO: Run Behavior\BuildLiteBehavior [ RunTime:0.000037s ]
INFO: [ app_init ] --END-- [ RunTime:0.000595s ]
ERR: 无法加载模块:Bick

[ 2017-08-24T10:27:23+08:00 ] 127.0.0.1 /bick/public/static/index/style/voterajax.js
INFO: [ app_init ] --START--
INFO: Run Behavior\BuildLiteBehavior [ RunTime:0.000037s ]
INFO: [ app_init ] --END-- [ RunTime:0.000935s ]
ERR: 无法加载模块:Bick

[ 2017-08-24T10:27:23+08:00 ] 127.0.0.1 /bick/public/static/index/style/jquery.js
INFO: [ app_init ] --START--
INFO: Run Behavior\BuildLiteBehavior [ RunTime:0.000041s ]
INFO: [ app_init ] --END-- [ RunTime:0.000735s ]
ERR: 无法加载模块:Bick

[ 2017-08-24T10:27:23+08:00 ] 127.0.0.1 /bick/public/static/index/style/z700bike_global.js
INFO: [ app_init ] --START--
INFO: Run Behavior\BuildLiteBehavior [ RunTime:0.000038s ]
INFO: [ app_init ] --END-- [ RunTime:0.000587s ]
ERR: 无法加载模块:Bick

[ 2017-08-24T10:27:23+08:00 ] 127.0.0.1 /bick/public/static/index/style/jquery.error.js
INFO: [ app_init ] --START--
INFO: Run Behavior\BuildLiteBehavior [ RunTime:0.000042s ]
INFO: [ app_init ] --END-- [ RunTime:0.000661s ]
ERR: 无法加载模块:Bick

[ 2017-08-24T10:27:23+08:00 ] 127.0.0.1 /bick/public/static/index/images/search-new.png
INFO: [ app_init ] --START--
INFO: Run Behavior\BuildLiteBehavior [ RunTime:0.000037s ]
INFO: [ app_init ] --END-- [ RunTime:0.000617s ]
ERR: 无法加载模块:Bick

[ 2017-08-24T10:27:23+08:00 ] 127.0.0.1 /bick/public/static/index/style/jtemplates.js
INFO: [ app_init ] --START--
INFO: Run Behavior\BuildLiteBehavior [ RunTime:0.000040s ]
INFO: [ app_init ] --END-- [ RunTime:0.000656s ]
ERR: 无法加载模块:Bick

[ 2017-08-24T10:27:23+08:00 ] 127.0.0.1 /bick/public/static/index/style/jquery.form.js
INFO: [ app_init ] --START--
INFO: Run Behavior\BuildLiteBehavior [ RunTime:0.000038s ]
INFO: [ app_init ] --END-- [ RunTime:0.000567s ]
ERR: 无法加载模块:Bick

[ 2017-08-24T10:27:23+08:00 ] 127.0.0.1 /bick/public/static/index/style/lazy.js
INFO: [ app_init ] --START--
INFO: Run Behavior\BuildLiteBehavior [ RunTime:0.000038s ]
INFO: [ app_init ] --END-- [ RunTime:0.000599s ]
ERR: 无法加载模块:Bick

[ 2017-08-24T10:27:23+08:00 ] 127.0.0.1 /bick/public/static/index/images/1-140206160415Y6.jpg
INFO: [ app_init ] --START--
INFO: Run Behavior\BuildLiteBehavior [ RunTime:0.000040s ]
INFO: [ app_init ] --END-- [ RunTime:0.000653s ]
ERR: 无法加载模块:Bick

[ 2017-08-24T10:27:23+08:00 ] 127.0.0.1 /bick/public/static/index/style/wp-sns-share.js
INFO: [ app_init ] --START--
INFO: Run Behavior\BuildLiteBehavior [ RunTime:0.000037s ]
INFO: [ app_init ] --END-- [ RunTime:0.000656s ]
ERR: 无法加载模块:Bick

[ 2017-08-24T10:27:23+08:00 ] 127.0.0.1 /bick/public/static/index/style/voterajax.js
INFO: [ app_init ] --START--
INFO: Run Behavior\BuildLiteBehavior [ RunTime:0.000039s ]
INFO: [ app_init ] --END-- [ RunTime:0.000596s ]
ERR: 无法加载模块:Bick

[ 2017-08-24T10:27:23+08:00 ] 127.0.0.1 /bick/public/static/index/style/userregister.js
INFO: [ app_init ] --START--
INFO: Run Behavior\BuildLiteBehavior [ RunTime:0.000038s ]
INFO: [ app_init ] --END-- [ RunTime:0.000590s ]
ERR: 无法加载模块:Bick

[ 2017-08-24T10:27:23+08:00 ] 127.0.0.1 /bick/public/static/index/style/pagenavi-css.css
INFO: [ app_init ] --START--
INFO: Run Behavior\BuildLiteBehavior [ RunTime:0.000039s ]
INFO: [ app_init ] --END-- [ RunTime:0.000602s ]
ERR: 无法加载模块:Bick

[ 2017-08-24T10:27:23+08:00 ] 127.0.0.1 /bick/public/static/index/style/votestyles.css
INFO: [ app_init ] --START--
INFO: Run Behavior\BuildLiteBehavior [ RunTime:0.000037s ]
INFO: [ app_init ] --END-- [ RunTime:0.000602s ]
ERR: 无法加载模块:Bick

[ 2017-08-24T10:27:23+08:00 ] 127.0.0.1 /bick/public/static/index/style/voteitup.css
INFO: [ app_init ] --START--
INFO: Run Behavior\BuildLiteBehavior [ RunTime:0.000039s ]
INFO: [ app_init ] --END-- [ RunTime:0.000613s ]
ERR: 无法加载模块:Bick

[ 2017-08-24T10:27:23+08:00 ] 127.0.0.1 /bick/public/static/index/images/weixin.jpg
INFO: [ app_init ] --START--
INFO: Run Behavior\BuildLiteBehavior [ RunTime:0.000041s ]
INFO: [ app_init ] --END-- [ RunTime:0.000501s ]
ERR: 无法加载模块:Bick

[ 2017-08-24T10:27:24+08:00 ] 127.0.0.1 /bick/public/static/index/images/search-new.png
INFO: [ app_init ] --START--
INFO: Run Behavior\BuildLiteBehavior [ RunTime:0.000037s ]
INFO: [ app_init ] --END-- [ RunTime:0.000569s ]
ERR: 无法加载模块:Bick

[ 2017-08-24T10:27:24+08:00 ] 127.0.0.1 /bick/public/static/index/style/z700bike_global.js
INFO: [ app_init ] --START--
INFO: Run Behavior\BuildLiteBehavior [ RunTime:0.000036s ]
INFO: [ app_init ] --END-- [ RunTime:0.000577s ]
ERR: 无法加载模块:Bick

[ 2017-08-24T10:27:24+08:00 ] 127.0.0.1 /bick/public/static/index/images/weixin.jpg
INFO: [ app_init ] --START--
INFO: Run Behavior\BuildLiteBehavior [ RunTime:0.000032s ]
INFO: [ app_init ] --END-- [ RunTime:0.000517s ]
ERR: 无法加载模块:Bick

[ 2017-08-24T10:27:24+08:00 ] 127.0.0.1 /bick/public/static/index/images/focus-left-bg.png
INFO: [ app_init ] --START--
INFO: Run Behavior\BuildLiteBehavior [ RunTime:0.000038s ]
INFO: [ app_init ] --END-- [ RunTime:0.003632s ]
ERR: 无法加载模块:Bick

[ 2017-08-24T10:27:24+08:00 ] 127.0.0.1 /bick/public/static/index/images/1-140206160415Y6.jpg
INFO: [ app_init ] --START--
INFO: Run Behavior\BuildLiteBehavior [ RunTime:0.000038s ]
INFO: [ app_init ] --END-- [ RunTime:0.000531s ]
ERR: 无法加载模块:Bick

[ 2017-08-24T10:27:24+08:00 ] 127.0.0.1 /bick/public/static/index/images/hots_bg.png
INFO: [ app_init ] --START--
INFO: Run Behavior\BuildLiteBehavior [ RunTime:0.000038s ]
INFO: [ app_init ] --END-- [ RunTime:0.000587s ]
ERR: 无法加载模块:Bick

[ 2017-08-24T10:27:31+08:00 ] ::1 /favicon.ico
INFO: [ app_init ] --START--
INFO: Run Behavior\BuildLiteBehavior [ RunTime:0.000026s ]
INFO: [ app_init ] --END-- [ RunTime:0.000459s ]
ERR: 无法加载模块:Favicon

[ 2017-08-24T10:34:28+08:00 ] ::1 /favicon.ico
INFO: [ app_init ] --START--
INFO: Run Behavior\BuildLiteBehavior [ RunTime:0.000037s ]
INFO: [ app_init ] --END-- [ RunTime:0.000579s ]
ERR: 无法加载模块:Favicon

[ 2017-08-24T10:40:34+08:00 ] ::1 /favicon.ico
INFO: [ app_init ] --START--
INFO: Run Behavior\BuildLiteBehavior [ RunTime:0.000038s ]
INFO: [ app_init ] --END-- [ RunTime:0.000576s ]
ERR: 无法加载模块:Favicon

[ 2017-08-24T11:01:40+08:00 ] ::1 /favicon.ico
INFO: [ app_init ] --START--
INFO: Run Behavior\BuildLiteBehavior [ RunTime:0.000032s ]
INFO: [ app_init ] --END-- [ RunTime:0.000489s ]
ERR: 无法加载模块:Favicon

[ 2017-08-24T11:03:40+08:00 ] ::1 /favicon.ico
INFO: [ app_init ] --START--
INFO: Run Behavior\BuildLiteBehavior [ RunTime:0.000041s ]
INFO: [ app_init ] --END-- [ RunTime:0.000644s ]
ERR: 无法加载模块:Favicon

[ 2017-08-24T11:05:31+08:00 ] ::1 /favicon.ico
INFO: [ app_init ] --START--
INFO: Run Behavior\BuildLiteBehavior [ RunTime:0.000029s ]
INFO: [ app_init ] --END-- [ RunTime:0.000452s ]
ERR: 无法加载模块:Favicon

[ 2017-08-24T11:44:13+08:00 ] ::1 /favicon.ico
INFO: [ app_init ] --START--
INFO: Run Behavior\BuildLiteBehavior [ RunTime:0.000045s ]
INFO: [ app_init ] --END-- [ RunTime:0.000701s ]
ERR: 无法加载模块:Favicon

[ 2017-08-24T11:59:14+08:00 ] ::1 /favicon.ico
INFO: [ app_init ] --START--
INFO: Run Behavior\BuildLiteBehavior [ RunTime:0.000050s ]
INFO: [ app_init ] --END-- [ RunTime:0.000531s ]
ERR: 无法加载模块:Favicon

[ 2017-08-24T12:46:22+08:00 ] ::1 /favicon.ico
INFO: [ app_init ] --START--
INFO: Run Behavior\BuildLiteBehavior [ RunTime:0.000049s ]
INFO: [ app_init ] --END-- [ RunTime:0.000588s ]
ERR: 无法加载模块:Favicon

[ 2017-08-24T12:55:27+08:00 ] ::1 /favicon.ico
INFO: [ app_init ] --START--
INFO: Run Behavior\BuildLiteBehavior [ RunTime:0.000037s ]
INFO: [ app_init ] --END-- [ RunTime:0.000613s ]
ERR: 无法加载模块:Favicon

[ 2017-08-24T12:55:50+08:00 ] 192.168.1.106 /favicon.ico
INFO: [ app_init ] --START--
INFO: Run Behavior\BuildLiteBehavior [ RunTime:0.000023s ]
INFO: [ app_init ] --END-- [ RunTime:0.000386s ]
ERR: 无法加载模块:Favicon

[ 2017-08-24T12:59:01+08:00 ] ::1 /favicon.ico
INFO: [ app_init ] --START--
INFO: Run Behavior\BuildLiteBehavior [ RunTime:0.000044s ]
INFO: [ app_init ] --END-- [ RunTime:0.000690s ]
ERR: 无法加载模块:Favicon

[ 2017-08-24T13:02:01+08:00 ] 127.0.0.1 http://idea.imsxm.com//rpc/releaseTicket.action?buildNumber=2016.2.1+Build+PS-162.1889.1&clientVersion=2&hostName=www.bick.com&machineId=3c7ade1a-e001-4f8e-a2df-66b433a171a4&productCode=0d85f2cc-b84f-44c7-b319-93997d080ac9&productFamilyId=0d85f2cc-b84f-44c7-b319-93997d080ac9&salt=1503550920955&secure=false&ticketId=1&userName=%E7%8E%8B%E5%B4%87
INFO: [ app_init ] --START--
INFO: Run Behavior\BuildLiteBehavior [ RunTime:0.000022s ]
INFO: [ app_init ] --END-- [ RunTime:0.000403s ]
ERR: 无法加载模块:Rpc

[ 2017-08-24T13:04:23+08:00 ] 127.0.0.1 http://idea.imsxm.com//rpc/releaseTicket.action?buildNumber=2016.2.1+Build+PS-162.1889.1&clientVersion=2&hostName=192.168.1.107&machineId=3c7ade1a-e001-4f8e-a2df-66b433a171a4&productCode=0d85f2cc-b84f-44c7-b319-93997d080ac9&productFamilyId=0d85f2cc-b84f-44c7-b319-93997d080ac9&salt=1503551063913&secure=false&ticketId=1&userName=%E7%8E%8B%E5%B4%87
INFO: [ app_init ] --START--
INFO: Run Behavior\BuildLiteBehavior [ RunTime:0.000023s ]
INFO: [ app_init ] --END-- [ RunTime:0.000423s ]
ERR: 无法加载模块:Rpc

[ 2017-08-24T13:12:16+08:00 ] ::1 /favicon.ico
INFO: [ app_init ] --START--
INFO: Run Behavior\BuildLiteBehavior [ RunTime:0.000023s ]
INFO: [ app_init ] --END-- [ RunTime:0.000376s ]
ERR: 无法加载模块:Favicon

[ 2017-08-24T13:15:33+08:00 ] ::1 /favicon.ico
INFO: [ app_init ] --START--
INFO: Run Behavior\BuildLiteBehavior [ RunTime:0.000023s ]
INFO: [ app_init ] --END-- [ RunTime:0.000366s ]
ERR: 无法加载模块:Favicon

[ 2017-08-24T13:15:39+08:00 ] ::1 /favicon.ico
INFO: [ app_init ] --START--
INFO: Run Behavior\BuildLiteBehavior [ RunTime:0.000041s ]
INFO: [ app_init ] --END-- [ RunTime:0.000701s ]
ERR: 无法加载模块:Favicon

[ 2017-08-24T13:18:37+08:00 ] ::1 /favicon.ico
INFO: [ app_init ] --START--
INFO: Run Behavior\BuildLiteBehavior [ RunTime:0.000293s ]
INFO: [ app_init ] --END-- [ RunTime:0.003291s ]
ERR: 无法加载模块:Favicon

[ 2017-08-24T13:30:28+08:00 ] ::1 /favicon.ico
INFO: [ app_init ] --START--
INFO: Run Behavior\BuildLiteBehavior [ RunTime:0.000033s ]
INFO: [ app_init ] --END-- [ RunTime:0.000586s ]
ERR: 无法加载模块:Favicon

[ 2017-08-24T15:11:24+08:00 ] 192.168.1.107 /favicon.ico
INFO: [ app_init ] --START--
INFO: Run Behavior\BuildLiteBehavior [ RunTime:0.000041s ]
INFO: [ app_init ] --END-- [ RunTime:0.000603s ]
ERR: 无法加载模块:Favicon

[ 2017-08-24T16:14:10+08:00 ] 192.168.1.113 /favicon.ico
INFO: [ app_init ] --START--
INFO: Run Behavior\BuildLiteBehavior [ RunTime:0.000020s ]
INFO: [ app_init ] --END-- [ RunTime:0.000340s ]
ERR: 无法加载模块:Favicon

[ 2017-08-24T17:37:33+08:00 ] ::1 /favicon.ico
INFO: [ app_init ] --START--
INFO: Run Behavior\BuildLiteBehavior [ RunTime:0.000041s ]
INFO: [ app_init ] --END-- [ RunTime:0.000759s ]
ERR: 无法加载模块:Favicon

[ 2017-08-24T17:39:31+08:00 ] ::1 /favicon.ico
INFO: [ app_init ] --START--
INFO: Run Behavior\BuildLiteBehavior [ RunTime:0.000026s ]
INFO: [ app_init ] --END-- [ RunTime:0.000425s ]
ERR: 无法加载模块:Favicon

[ 2017-08-24T18:27:45+08:00 ] ::1 /update/ertherhtyh
INFO: [ app_init ] --START--
INFO: Run Behavior\BuildLiteBehavior [ RunTime:0.000021s ]
INFO: [ app_init ] --END-- [ RunTime:0.000372s ]
ERR: 无法加载模块:Update

[ 2017-08-24T22:49:24+08:00 ] ::1 /favicon.ico
INFO: [ app_init ] --START--
INFO: Run Behavior\BuildLiteBehavior [ RunTime:0.000024s ]
INFO: [ app_init ] --END-- [ RunTime:0.000508s ]
ERR: 无法加载模块:Favicon

[ 2017-08-24T22:50:40+08:00 ] ::1 /app
INFO: [ app_init ] --START--
INFO: Run Behavior\BuildLiteBehavior [ RunTime:0.000025s ]
INFO: [ app_init ] --END-- [ RunTime:0.000438s ]
ERR: 无法加载模块:App

[ 2017-08-24T23:05:54+08:00 ] ::1 /public/Home/admin/validate
INFO: [ app_init ] --START--
INFO: Run Behavior\BuildLiteBehavior [ RunTime:0.000023s ]
INFO: [ app_init ] --END-- [ RunTime:0.000375s ]
ERR: 无法加载模块:Public

[ 2017-08-24T23:06:26+08:00 ] ::1 /applecation
INFO: [ app_init ] --START--
INFO: Run Behavior\BuildLiteBehavior [ RunTime:0.000035s ]
INFO: [ app_init ] --END-- [ RunTime:0.000551s ]
ERR: 无法加载模块:Applecation

[ 2017-08-24T23:15:01+08:00 ] ::1 /Uploads/%E5%8E%BB%E7%8E%A9%E5%84%BF%E5%8C%BA%E4%BD%8D%E5%9B%BE/2017-08-24/599eed5cbcb9a3.03408791.jpg
INFO: [ app_init ] --START--
INFO: Run Behavior\BuildLiteBehavior [ RunTime:0.000024s ]
INFO: [ app_init ] --END-- [ RunTime:0.000401s ]
ERR: 无法加载模块:Uploads

[ 2017-08-24T23:15:01+08:00 ] ::1 /Uploads/%E5%8E%BB%E7%8E%A9%E5%84%BF%E5%8C%BA%E4%BD%8D%E5%9B%BE/2017-08-24/599eed5cbdd260.02380902.jpg
INFO: [ app_init ] --START--
INFO: Run Behavior\BuildLiteBehavior [ RunTime:0.000047s ]
INFO: [ app_init ] --END-- [ RunTime:0.000675s ]
ERR: 无法加载模块:Uploads

[ 2017-08-24T23:15:01+08:00 ] ::1 /Uploads/%E5%8E%BB%E7%8E%A9%E5%84%BF%E5%8C%BA%E4%BD%8D%E5%9B%BE/2017-08-24/599eed5cbf61c0.48524478.jpg
INFO: [ app_init ] --START--
INFO: Run Behavior\BuildLiteBehavior [ RunTime:0.000040s ]
INFO: [ app_init ] --END-- [ RunTime:0.000617s ]
ERR: 无法加载模块:Uploads

[ 2017-08-24T23:15:01+08:00 ] ::1 /Uploads/%E5%8E%BB%E7%8E%A9%E5%84%BF%E5%8C%BA%E4%BD%8D%E5%9B%BE/2017-08-24/599eed5cc00395.67617141.jpg
INFO: [ app_init ] --START--
INFO: Run Behavior\BuildLiteBehavior [ RunTime:0.000052s ]
INFO: [ app_init ] --END-- [ RunTime:0.000628s ]
ERR: 无法加载模块:Uploads

[ 2017-08-24T23:15:01+08:00 ] ::1 /Uploads/%E5%8E%BB%E7%8E%A9%E5%84%BF%E5%8C%BA%E4%BD%8D%E5%9B%BE/2017-08-24/599eed5cbeba43.86003152.jpg
INFO: [ app_init ] --START--
INFO: Run Behavior\BuildLiteBehavior [ RunTime:0.000041s ]
INFO: [ app_init ] --END-- [ RunTime:0.000622s ]
ERR: 无法加载模块:Uploads

[ 2017-08-24T23:15:01+08:00 ] ::1 /Uploads/%E5%8E%BB%E7%8E%A9%E5%84%BF%E5%8C%BA%E4%BD%8D%E5%9B%BE/2017-08-24/599eed5cbcb9a3.03408791.jpg
INFO: [ app_init ] --START--
INFO: Run Behavior\BuildLiteBehavior [ RunTime:0.000042s ]
INFO: [ app_init ] --END-- [ RunTime:0.000880s ]
ERR: 无法加载模块:Uploads

[ 2017-08-24T23:15:04+08:00 ] ::1 /Uploads/%E5%8E%BB%E7%8E%A9%E5%84%BF%E5%8C%BA%E4%BD%8D%E5%9B%BE/2017-08-24/599eed5cbcb9a3.03408791.jpg
INFO: [ app_init ] --START--
INFO: Run Behavior\BuildLiteBehavior [ RunTime:0.000043s ]
INFO: [ app_init ] --END-- [ RunTime:0.000749s ]
ERR: 无法加载模块:Uploads

[ 2017-08-24T23:15:05+08:00 ] ::1 /Uploads/%E5%8E%BB%E7%8E%A9%E5%84%BF%E5%8C%BA%E4%BD%8D%E5%9B%BE/2017-08-24/599eed5cbdd260.02380902.jpg
INFO: [ app_init ] --START--
INFO: Run Behavior\BuildLiteBehavior [ RunTime:0.000067s ]
INFO: [ app_init ] --END-- [ RunTime:0.000607s ]
ERR: 无法加载模块:Uploads

[ 2017-08-24T23:15:06+08:00 ] ::1 /Uploads/%E5%8E%BB%E7%8E%A9%E5%84%BF%E5%8C%BA%E4%BD%8D%E5%9B%BE/2017-08-24/599eed5cbeba43.86003152.jpg
INFO: [ app_init ] --START--
INFO: Run Behavior\BuildLiteBehavior [ RunTime:0.000043s ]
INFO: [ app_init ] --END-- [ RunTime:0.000888s ]
ERR: 无法加载模块:Uploads

[ 2017-08-24T23:15:07+08:00 ] ::1 /Uploads/%E5%8E%BB%E7%8E%A9%E5%84%BF%E5%8C%BA%E4%BD%8D%E5%9B%BE/2017-08-24/599eed5cbf61c0.48524478.jpg
INFO: [ app_init ] --START--
INFO: Run Behavior\BuildLiteBehavior [ RunTime:0.000357s ]
INFO: [ app_init ] --END-- [ RunTime:0.004311s ]
ERR: 无法加载模块:Uploads

[ 2017-08-24T23:15:07+08:00 ] ::1 /Uploads/%E5%8E%BB%E7%8E%A9%E5%84%BF%E5%8C%BA%E4%BD%8D%E5%9B%BE/2017-08-24/599eed5cc00395.67617141.jpg
INFO: [ app_init ] --START--
INFO: Run Behavior\BuildLiteBehavior [ RunTime:0.000056s ]
INFO: [ app_init ] --END-- [ RunTime:0.001086s ]
ERR: 无法加载模块:Uploads

[ 2017-08-24T23:15:08+08:00 ] ::1 /Uploads/%E5%8E%BB%E7%8E%A9%E5%84%BF%E5%8C%BA%E4%BD%8D%E5%9B%BE/2017-08-24/599eed5cc00395.67617141.jpg
INFO: [ app_init ] --START--
INFO: Run Behavior\BuildLiteBehavior [ RunTime:0.000104s ]
INFO: [ app_init ] --END-- [ RunTime:0.001926s ]
ERR: 无法加载模块:Uploads

[ 2017-08-24T23:15:08+08:00 ] ::1 /Uploads/%E5%8E%BB%E7%8E%A9%E5%84%BF%E5%8C%BA%E4%BD%8D%E5%9B%BE/2017-08-24/599eed5cbf61c0.48524478.jpg
INFO: [ app_init ] --START--
INFO: Run Behavior\BuildLiteBehavior [ RunTime:0.000041s ]
INFO: [ app_init ] --END-- [ RunTime:0.000575s ]
ERR: 无法加载模块:Uploads

[ 2017-08-24T23:15:08+08:00 ] ::1 /Uploads/%E5%8E%BB%E7%8E%A9%E5%84%BF%E5%8C%BA%E4%BD%8D%E5%9B%BE/2017-08-24/599eed5cbeba43.86003152.jpg
INFO: [ app_init ] --START--
INFO: Run Behavior\BuildLiteBehavior [ RunTime:0.000026s ]
INFO: [ app_init ] --END-- [ RunTime:0.000620s ]
ERR: 无法加载模块:Uploads

[ 2017-08-24T23:15:08+08:00 ] ::1 /Uploads/%E5%8E%BB%E7%8E%A9%E5%84%BF%E5%8C%BA%E4%BD%8D%E5%9B%BE/2017-08-24/599eed5cbdd260.02380902.jpg
INFO: [ app_init ] --START--
INFO: Run Behavior\BuildLiteBehavior [ RunTime:0.000040s ]
INFO: [ app_init ] --END-- [ RunTime:0.000819s ]
ERR: 无法加载模块:Uploads

[ 2017-08-24T23:15:09+08:00 ] ::1 /Uploads/%E5%8E%BB%E7%8E%A9%E5%84%BF%E5%8C%BA%E4%BD%8D%E5%9B%BE/2017-08-24/599eed5cbcb9a3.03408791.jpg
INFO: [ app_init ] --START--
INFO: Run Behavior\BuildLiteBehavior [ RunTime:0.000037s ]
INFO: [ app_init ] --END-- [ RunTime:0.000638s ]
ERR: 无法加载模块:Uploads

[ 2017-08-24T23:15:09+08:00 ] ::1 /Uploads/%E5%8E%BB%E7%8E%A9%E5%84%BF%E5%8C%BA%E4%BD%8D%E5%9B%BE/2017-08-24/599eed5cbcb9a3.03408791.jpg
INFO: [ app_init ] --START--
INFO: Run Behavior\BuildLiteBehavior [ RunTime:0.000049s ]
INFO: [ app_init ] --END-- [ RunTime:0.000894s ]
ERR: 无法加载模块:Uploads

[ 2017-08-24T23:15:12+08:00 ] ::1 /Uploads/%E5%8E%BB%E7%8E%A9%E5%84%BF%E5%8C%BA%E4%BD%8D%E5%9B%BE/2017-08-24/599eed5cbcb9a3.03408791.jpg
INFO: [ app_init ] --START--
INFO: Run Behavior\BuildLiteBehavior [ RunTime:0.000052s ]
INFO: [ app_init ] --END-- [ RunTime:0.001016s ]
ERR: 无法加载模块:Uploads

[ 2017-08-24T23:15:15+08:00 ] ::1 /Uploads/%E5%8E%BB%E7%8E%A9%E5%84%BF%E5%8C%BA%E4%BD%8D%E5%9B%BE/2017-08-24/599eed5cbcb9a3.03408791.jpg
INFO: [ app_init ] --START--
INFO: Run Behavior\BuildLiteBehavior [ RunTime:0.000067s ]
INFO: [ app_init ] --END-- [ RunTime:0.000669s ]
ERR: 无法加载模块:Uploads

[ 2017-08-24T23:15:15+08:00 ] ::1 /Uploads/%E5%8E%BB%E7%8E%A9%E5%84%BF%E5%8C%BA%E4%BD%8D%E5%9B%BE/2017-08-24/599eed5cbdd260.02380902.jpg
INFO: [ app_init ] --START--
INFO: Run Behavior\BuildLiteBehavior [ RunTime:0.000065s ]
INFO: [ app_init ] --END-- [ RunTime:0.000850s ]
ERR: 无法加载模块:Uploads

[ 2017-08-24T23:15:18+08:00 ] ::1 /Uploads/%E5%8E%BB%E7%8E%A9%E5%84%BF%E5%8C%BA%E4%BD%8D%E5%9B%BE/2017-08-24/599eed5cbcb9a3.03408791.jpg
INFO: [ app_init ] --START--
INFO: Run Behavior\BuildLiteBehavior [ RunTime:0.000037s ]
INFO: [ app_init ] --END-- [ RunTime:0.000980s ]
ERR: 无法加载模块:Uploads

[ 2017-08-24T23:15:22+08:00 ] ::1 /Uploads/%E5%8E%BB%E7%8E%A9%E5%84%BF%E5%8C%BA%E4%BD%8D%E5%9B%BE/2017-08-24/599eed5cbcb9a3.03408791.jpg
INFO: [ app_init ] --START--
INFO: Run Behavior\BuildLiteBehavior [ RunTime:0.000024s ]
INFO: [ app_init ] --END-- [ RunTime:0.000434s ]
ERR: 无法加载模块:Uploads

[ 2017-08-24T23:15:23+08:00 ] ::1 /Uploads/%E5%8E%BB%E7%8E%A9%E5%84%BF%E5%8C%BA%E4%BD%8D%E5%9B%BE/2017-08-24/599eed5cbdd260.02380902.jpg
INFO: [ app_init ] --START--
INFO: Run Behavior\BuildLiteBehavior [ RunTime:0.000063s ]
INFO: [ app_init ] --END-- [ RunTime:0.000878s ]
ERR: 无法加载模块:Uploads

[ 2017-08-24T23:15:24+08:00 ] ::1 /Uploads/%E5%8E%BB%E7%8E%A9%E5%84%BF%E5%8C%BA%E4%BD%8D%E5%9B%BE/2017-08-24/599eed5cbeba43.86003152.jpg
INFO: [ app_init ] --START--
INFO: Run Behavior\BuildLiteBehavior [ RunTime:0.000046s ]
INFO: [ app_init ] --END-- [ RunTime:0.000916s ]
ERR: 无法加载模块:Uploads

[ 2017-08-24T23:15:32+08:00 ] ::1 /Uploads/%E5%8E%BB%E7%8E%A9%E5%84%BF%E5%8C%BA%E4%BD%8D%E5%9B%BE/2017-08-24/599eed5cbcb9a3.03408791.jpg
INFO: [ app_init ] --START--
INFO: Run Behavior\BuildLiteBehavior [ RunTime:0.000043s ]
INFO: [ app_init ] --END-- [ RunTime:0.000936s ]
ERR: 无法加载模块:Uploads

[ 2017-08-24T23:15:32+08:00 ] ::1 /Uploads/%E5%8E%BB%E7%8E%A9%E5%84%BF%E5%8C%BA%E4%BD%8D%E5%9B%BE/2017-08-24/599eed5cbcb9a3.03408791.jpg
INFO: [ app_init ] --START--
INFO: Run Behavior\BuildLiteBehavior [ RunTime:0.000034s ]
INFO: [ app_init ] --END-- [ RunTime:0.000550s ]
ERR: 无法加载模块:Uploads

[ 2017-08-24T23:16:50+08:00 ] ::1 /Uploads/%E5%8E%BB%E7%8E%A9%E5%84%BF%E5%8C%BA%E4%BD%8D%E5%9B%BE/2017-08-24/599eed5cbcb9a3.03408791.jpg
INFO: [ app_init ] --START--
INFO: Run Behavior\BuildLiteBehavior [ RunTime:0.000031s ]
INFO: [ app_init ] --END-- [ RunTime:0.000463s ]
ERR: 无法加载模块:Uploads

[ 2017-08-24T23:16:50+08:00 ] ::1 /Uploads/%E5%8E%BB%E7%8E%A9%E5%84%BF%E5%8C%BA%E4%BD%8D%E5%9B%BE/2017-08-24/599eed5cbdd260.02380902.jpg
INFO: [ app_init ] --START--
INFO: Run Behavior\BuildLiteBehavior [ RunTime:0.000035s ]
INFO: [ app_init ] --END-- [ RunTime:0.000558s ]
ERR: 无法加载模块:Uploads

[ 2017-08-24T23:16:50+08:00 ] ::1 /Uploads/%E5%8E%BB%E7%8E%A9%E5%84%BF%E5%8C%BA%E4%BD%8D%E5%9B%BE/2017-08-24/599eed5cbeba43.86003152.jpg
INFO: [ app_init ] --START--
INFO: Run Behavior\BuildLiteBehavior [ RunTime:0.000037s ]
INFO: [ app_init ] --END-- [ RunTime:0.000798s ]
ERR: 无法加载模块:Uploads

[ 2017-08-24T23:16:50+08:00 ] ::1 /Uploads/%E5%8E%BB%E7%8E%A9%E5%84%BF%E5%8C%BA%E4%BD%8D%E5%9B%BE/2017-08-24/599eed5cbf61c0.48524478.jpg
INFO: [ app_init ] --START--
INFO: Run Behavior\BuildLiteBehavior [ RunTime:0.000040s ]
INFO: [ app_init ] --END-- [ RunTime:0.000652s ]
ERR: 无法加载模块:Uploads

[ 2017-08-24T23:16:50+08:00 ] ::1 /Uploads/%E5%8E%BB%E7%8E%A9%E5%84%BF%E5%8C%BA%E4%BD%8D%E5%9B%BE/2017-08-24/599eed5cc00395.67617141.jpg
INFO: [ app_init ] --START--
INFO: Run Behavior\BuildLiteBehavior [ RunTime:0.000043s ]
INFO: [ app_init ] --END-- [ RunTime:0.000766s ]
ERR: 无法加载模块:Uploads

[ 2017-08-24T23:16:50+08:00 ] ::1 /Uploads/%E5%8E%BB%E7%8E%A9%E5%84%BF%E5%8C%BA%E4%BD%8D%E5%9B%BE/2017-08-24/599eed5cbcb9a3.03408791.jpg
INFO: [ app_init ] --START--
INFO: Run Behavior\BuildLiteBehavior [ RunTime:0.000039s ]
INFO: [ app_init ] --END-- [ RunTime:0.000586s ]
ERR: 无法加载模块:Uploads

[ 2017-08-24T23:16:50+08:00 ] ::1 /Uploads/%E5%8E%BB%E7%8E%A9%E5%84%BF%E5%8C%BA%E4%BD%8D%E5%9B%BE/2017-08-24/599eed5cbdd260.02380902.jpg
INFO: [ app_init ] --START--
INFO: Run Behavior\BuildLiteBehavior [ RunTime:0.000049s ]
INFO: [ app_init ] --END-- [ RunTime:0.000846s ]
ERR: 无法加载模块:Uploads

[ 2017-08-24T23:16:50+08:00 ] ::1 /Uploads/%E5%8E%BB%E7%8E%A9%E5%84%BF%E5%8C%BA%E4%BD%8D%E5%9B%BE/2017-08-24/599eed5cbeba43.86003152.jpg
INFO: [ app_init ] --START--
INFO: Run Behavior\BuildLiteBehavior [ RunTime:0.000040s ]
INFO: [ app_init ] --END-- [ RunTime:0.000609s ]
ERR: 无法加载模块:Uploads

[ 2017-08-24T23:16:50+08:00 ] ::1 /Uploads/%E5%8E%BB%E7%8E%A9%E5%84%BF%E5%8C%BA%E4%BD%8D%E5%9B%BE/2017-08-24/599eed5cbf61c0.48524478.jpg
INFO: [ app_init ] --START--
INFO: Run Behavior\BuildLiteBehavior [ RunTime:0.000046s ]
INFO: [ app_init ] --END-- [ RunTime:0.001784s ]
ERR: 无法加载模块:Uploads

[ 2017-08-24T23:16:50+08:00 ] ::1 /Uploads/%E5%8E%BB%E7%8E%A9%E5%84%BF%E5%8C%BA%E4%BD%8D%E5%9B%BE/2017-08-24/599eed5cc00395.67617141.jpg
INFO: [ app_init ] --START--
INFO: Run Behavior\BuildLiteBehavior [ RunTime:0.000038s ]
INFO: [ app_init ] --END-- [ RunTime:0.000670s ]
ERR: 无法加载模块:Uploads

[ 2017-08-24T23:16:57+08:00 ] ::1 /Uploads/%E5%8E%BB%E7%8E%A9%E5%84%BF%E5%8C%BA%E4%BD%8D%E5%9B%BE/2017-08-24/599eed5cbf61c0.48524478.jpg
INFO: [ app_init ] --START--
INFO: Run Behavior\BuildLiteBehavior [ RunTime:0.000075s ]
INFO: [ app_init ] --END-- [ RunTime:0.001829s ]
ERR: 无法加载模块:Uploads

[ 2017-08-24T23:17:08+08:00 ] ::1 /Uploads/%E5%8E%BB%E7%8E%A9%E5%84%BF%E5%8C%BA%E4%BD%8D%E5%9B%BE/2017-08-24/599eed5cbf61c0.48524478.jpg
INFO: [ app_init ] --START--
INFO: Run Behavior\BuildLiteBehavior [ RunTime:0.000049s ]
INFO: [ app_init ] --END-- [ RunTime:0.001135s ]
ERR: 无法加载模块:Uploads

[ 2017-08-24T23:17:08+08:00 ] ::1 /Uploads/%E5%8E%BB%E7%8E%A9%E5%84%BF%E5%8C%BA%E4%BD%8D%E5%9B%BE/2017-08-24/599eed5cbeba43.86003152.jpg
INFO: [ app_init ] --START--
INFO: Run Behavior\BuildLiteBehavior [ RunTime:0.000027s ]
INFO: [ app_init ] --END-- [ RunTime:0.000480s ]
ERR: 无法加载模块:Uploads

[ 2017-08-24T23:17:08+08:00 ] ::1 /Uploads/%E5%8E%BB%E7%8E%A9%E5%84%BF%E5%8C%BA%E4%BD%8D%E5%9B%BE/2017-08-24/599eed5cbdd260.02380902.jpg
INFO: [ app_init ] --START--
INFO: Run Behavior\BuildLiteBehavior [ RunTime:0.000044s ]
INFO: [ app_init ] --END-- [ RunTime:0.000908s ]
ERR: 无法加载模块:Uploads

[ 2017-08-24T23:17:14+08:00 ] ::1 /Uploads/%E5%8E%BB%E7%8E%A9%E5%84%BF%E5%8C%BA%E4%BD%8D%E5%9B%BE/2017-08-24/599eed5cbdd260.02380902.jpg
INFO: [ app_init ] --START--
INFO: Run Behavior\BuildLiteBehavior [ RunTime:0.000039s ]
INFO: [ app_init ] --END-- [ RunTime:0.000792s ]
ERR: 无法加载模块:Uploads

[ 2017-08-24T23:25:51+08:00 ] ::1 /favicon.ico
INFO: [ app_init ] --START--
INFO: Run Behavior\BuildLiteBehavior [ RunTime:0.000027s ]
INFO: [ app_init ] --END-- [ RunTime:0.000536s ]
ERR: 无法加载模块:Favicon

[ 2017-08-24T23:27:35+08:00 ] ::1 /Uploads/%E5%8E%BB%E7%8E%A9%E5%84%BF%E5%8C%BA%E4%BD%8D%E5%9B%BE/2017-08-24/599eed5cbcb9a3.03408791.jpg
INFO: [ app_init ] --START--
INFO: Run Behavior\BuildLiteBehavior [ RunTime:0.000045s ]
INFO: [ app_init ] --END-- [ RunTime:0.000768s ]
ERR: 无法加载模块:Uploads

[ 2017-08-24T23:27:35+08:00 ] ::1 /Uploads/%E5%8E%BB%E7%8E%A9%E5%84%BF%E5%8C%BA%E4%BD%8D%E5%9B%BE/2017-08-24/599eed5cbdd260.02380902.jpg
INFO: [ app_init ] --START--
INFO: Run Behavior\BuildLiteBehavior [ RunTime:0.000040s ]
INFO: [ app_init ] --END-- [ RunTime:0.000667s ]
ERR: 无法加载模块:Uploads

[ 2017-08-24T23:27:35+08:00 ] ::1 /Uploads/%E5%8E%BB%E7%8E%A9%E5%84%BF%E5%8C%BA%E4%BD%8D%E5%9B%BE/2017-08-24/599eed5cbeba43.86003152.jpg
INFO: [ app_init ] --START--
INFO: Run Behavior\BuildLiteBehavior [ RunTime:0.000053s ]
INFO: [ app_init ] --END-- [ RunTime:0.000709s ]
ERR: 无法加载模块:Uploads

[ 2017-08-24T23:27:35+08:00 ] ::1 /Uploads/%E5%8E%BB%E7%8E%A9%E5%84%BF%E5%8C%BA%E4%BD%8D%E5%9B%BE/2017-08-24/599eed5cc00395.67617141.jpg
INFO: [ app_init ] --START--
INFO: Run Behavior\BuildLiteBehavior [ RunTime:0.000041s ]
INFO: [ app_init ] --END-- [ RunTime:0.000666s ]
ERR: 无法加载模块:Uploads

[ 2017-08-24T23:27:35+08:00 ] ::1 /Uploads/hgjhg/2017-08-24/599ef03fa4b791.04897615.jpg
INFO: [ app_init ] --START--
INFO: Run Behavior\BuildLiteBehavior [ RunTime:0.000048s ]
INFO: [ app_init ] --END-- [ RunTime:0.000666s ]
ERR: 无法加载模块:Uploads

[ 2017-08-24T23:27:35+08:00 ] ::1 /Uploads/%E5%8E%BB%E7%8E%A9%E5%84%BF%E5%8C%BA%E4%BD%8D%E5%9B%BE/2017-08-24/599eed5cbf61c0.48524478.jpg
INFO: [ app_init ] --START--
INFO: Run Behavior\BuildLiteBehavior [ RunTime:0.000039s ]
INFO: [ app_init ] --END-- [ RunTime:0.000639s ]
ERR: 无法加载模块:Uploads

[ 2017-08-24T23:27:35+08:00 ] ::1 /Uploads/hgjhg/2017-08-24/599ef03fa56558.46902695.jpg
INFO: [ app_init ] --START--
INFO: Run Behavior\BuildLiteBehavior [ RunTime:0.000042s ]
INFO: [ app_init ] --END-- [ RunTime:0.000678s ]
ERR: 无法加载模块:Uploads

[ 2017-08-24T23:27:35+08:00 ] ::1 /Uploads/hgjhg/2017-08-24/599ef03fa3c8a4.55455794.jpg
INFO: [ app_init ] --START--
INFO: Run Behavior\BuildLiteBehavior [ RunTime:0.000042s ]
INFO: [ app_init ] --END-- [ RunTime:0.000596s ]
ERR: 无法加载模块:Uploads

[ 2017-08-24T23:27:35+08:00 ] ::1 /Uploads/hgjhg/2017-08-24/599ef03fa60fc0.67150618.jpg
INFO: [ app_init ] --START--
INFO: Run Behavior\BuildLiteBehavior [ RunTime:0.000040s ]
INFO: [ app_init ] --END-- [ RunTime:0.000645s ]
ERR: 无法加载模块:Uploads

[ 2017-08-24T23:27:35+08:00 ] ::1 /Uploads/hgjhg/2017-08-24/599ef03fa70af6.49197493.png
INFO: [ app_init ] --START--
INFO: Run Behavior\BuildLiteBehavior [ RunTime:0.000041s ]
INFO: [ app_init ] --END-- [ RunTime:0.000716s ]
ERR: 无法加载模块:Uploads

[ 2017-08-24T23:27:37+08:00 ] ::1 /Uploads/hgjhg/2017-08-24/599ef03fa4b791.04897615.jpg
INFO: [ app_init ] --START--
INFO: Run Behavior\BuildLiteBehavior [ RunTime:0.000071s ]
INFO: [ app_init ] --END-- [ RunTime:0.001322s ]
ERR: 无法加载模块:Uploads

[ 2017-08-24T23:27:37+08:00 ] ::1 /Uploads/hgjhg/2017-08-24/599ef03fa3c8a4.55455794.jpg
INFO: [ app_init ] --START--
INFO: Run Behavior\BuildLiteBehavior [ RunTime:0.000037s ]
INFO: [ app_init ] --END-- [ RunTime:0.000726s ]
ERR: 无法加载模块:Uploads

[ 2017-08-24T23:27:39+08:00 ] ::1 /Uploads/hgjhg/2017-08-24/599ef03fa4b791.04897615.jpg
INFO: [ app_init ] --START--
INFO: Run Behavior\BuildLiteBehavior [ RunTime:0.000041s ]
INFO: [ app_init ] --END-- [ RunTime:0.000423s ]
ERR: 无法加载模块:Uploads

[ 2017-08-24T23:27:40+08:00 ] ::1 /Uploads/hgjhg/2017-08-24/599ef03fa56558.46902695.jpg
INFO: [ app_init ] --START--
INFO: Run Behavior\BuildLiteBehavior [ RunTime:0.000063s ]
INFO: [ app_init ] --END-- [ RunTime:0.001177s ]
ERR: 无法加载模块:Uploads

[ 2017-08-24T23:27:40+08:00 ] ::1 /Uploads/hgjhg/2017-08-24/599ef03fa60fc0.67150618.jpg
INFO: [ app_init ] --START--
INFO: Run Behavior\BuildLiteBehavior [ RunTime:0.000212s ]
INFO: [ app_init ] --END-- [ RunTime:0.001310s ]
ERR: 无法加载模块:Uploads

[ 2017-08-24T23:27:41+08:00 ] ::1 /Uploads/hgjhg/2017-08-24/599ef03fa60fc0.67150618.jpg
INFO: [ app_init ] --START--
INFO: Run Behavior\BuildLiteBehavior [ RunTime:0.000081s ]
INFO: [ app_init ] --END-- [ RunTime:0.001461s ]
ERR: 无法加载模块:Uploads

[ 2017-08-24T23:27:41+08:00 ] ::1 /Uploads/hgjhg/2017-08-24/599ef03fa56558.46902695.jpg
INFO: [ app_init ] --START--
INFO: Run Behavior\BuildLiteBehavior [ RunTime:0.000049s ]
INFO: [ app_init ] --END-- [ RunTime:0.001191s ]
ERR: 无法加载模块:Uploads

[ 2017-08-24T23:27:41+08:00 ] ::1 /Uploads/hgjhg/2017-08-24/599ef03fa4b791.04897615.jpg
INFO: [ app_init ] --START--
INFO: Run Behavior\BuildLiteBehavior [ RunTime:0.000038s ]
INFO: [ app_init ] --END-- [ RunTime:0.000772s ]
ERR: 无法加载模块:Uploads

[ 2017-08-24T23:27:41+08:00 ] ::1 /Uploads/hgjhg/2017-08-24/599ef03fa3c8a4.55455794.jpg
INFO: [ app_init ] --START--
INFO: Run Behavior\BuildLiteBehavior [ RunTime:0.000060s ]
INFO: [ app_init ] --END-- [ RunTime:0.001118s ]
ERR: 无法加载模块:Uploads

[ 2017-08-24T23:27:43+08:00 ] ::1 /Uploads/hgjhg/2017-08-24/599ef03fa4b791.04897615.jpg
INFO: [ app_init ] --START--
INFO: Run Behavior\BuildLiteBehavior [ RunTime:0.000049s ]
INFO: [ app_init ] --END-- [ RunTime:0.000856s ]
ERR: 无法加载模块:Uploads

[ 2017-08-24T23:27:44+08:00 ] ::1 /Uploads/%E5%8E%BB%E7%8E%A9%E5%84%BF%E5%8C%BA%E4%BD%8D%E5%9B%BE/2017-08-24/599eed5cbeba43.86003152.jpg
INFO: [ app_init ] --START--
INFO: Run Behavior\BuildLiteBehavior [ RunTime:0.000039s ]
INFO: [ app_init ] --END-- [ RunTime:0.000775s ]
ERR: 无法加载模块:Uploads

[ 2017-08-24T23:27:46+08:00 ] ::1 /Uploads/%E5%8E%BB%E7%8E%A9%E5%84%BF%E5%8C%BA%E4%BD%8D%E5%9B%BE/2017-08-24/599eed5cbeba43.86003152.jpg
INFO: [ app_init ] --START--
INFO: Run Behavior\BuildLiteBehavior [ RunTime:0.000059s ]
INFO: [ app_init ] --END-- [ RunTime:0.000951s ]
ERR: 无法加载模块:Uploads

[ 2017-08-24T23:27:46+08:00 ] ::1 /Uploads/%E5%8E%BB%E7%8E%A9%E5%84%BF%E5%8C%BA%E4%BD%8D%E5%9B%BE/2017-08-24/599eed5cbdd260.02380902.jpg
INFO: [ app_init ] --START--
INFO: Run Behavior\BuildLiteBehavior [ RunTime:0.000041s ]
INFO: [ app_init ] --END-- [ RunTime:0.000710s ]
ERR: 无法加载模块:Uploads

[ 2017-08-24T23:27:46+08:00 ] ::1 /Uploads/%E5%8E%BB%E7%8E%A9%E5%84%BF%E5%8C%BA%E4%BD%8D%E5%9B%BE/2017-08-24/599eed5cbcb9a3.03408791.jpg
INFO: [ app_init ] --START--
INFO: Run Behavior\BuildLiteBehavior [ RunTime:0.000104s ]
INFO: [ app_init ] --END-- [ RunTime:0.002629s ]
ERR: 无法加载模块:Uploads

[ 2017-08-24T23:27:46+08:00 ] ::1 /Uploads/hgjhg/2017-08-24/599ef03fa3c8a4.55455794.jpg
INFO: [ app_init ] --START--
INFO: Run Behavior\BuildLiteBehavior [ RunTime:0.000105s ]
INFO: [ app_init ] --END-- [ RunTime:0.001217s ]
ERR: 无法加载模块:Uploads

[ 2017-08-24T23:28:19+08:00 ] ::1 /Uploads/%E5%8E%BB%E7%8E%A9%E5%84%BF%E5%8C%BA%E4%BD%8D%E5%9B%BE/2017-08-24/599eed5cbcb9a3.03408791.jpg
INFO: [ app_init ] --START--
INFO: Run Behavior\BuildLiteBehavior [ RunTime:0.000070s ]
INFO: [ app_init ] --END-- [ RunTime:0.000811s ]
ERR: 无法加载模块:Uploads

[ 2017-08-24T23:28:19+08:00 ] ::1 /Uploads/%E5%8E%BB%E7%8E%A9%E5%84%BF%E5%8C%BA%E4%BD%8D%E5%9B%BE/2017-08-24/599eed5cbdd260.02380902.jpg
INFO: [ app_init ] --START--
INFO: Run Behavior\BuildLiteBehavior [ RunTime:0.000024s ]
INFO: [ app_init ] --END-- [ RunTime:0.000421s ]
ERR: 无法加载模块:Uploads

[ 2017-08-24T23:28:19+08:00 ] ::1 /Uploads/%E5%8E%BB%E7%8E%A9%E5%84%BF%E5%8C%BA%E4%BD%8D%E5%9B%BE/2017-08-24/599eed5cbeba43.86003152.jpg
INFO: [ app_init ] --START--
INFO: Run Behavior\BuildLiteBehavior [ RunTime:0.000023s ]
INFO: [ app_init ] --END-- [ RunTime:0.000387s ]
ERR: 无法加载模块:Uploads

[ 2017-08-24T23:28:19+08:00 ] ::1 /Uploads/%E5%8E%BB%E7%8E%A9%E5%84%BF%E5%8C%BA%E4%BD%8D%E5%9B%BE/2017-08-24/599eed5cbf61c0.48524478.jpg
INFO: [ app_init ] --START--
INFO: Run Behavior\BuildLiteBehavior [ RunTime:0.000042s ]
INFO: [ app_init ] --END-- [ RunTime:0.001311s ]
ERR: 无法加载模块:Uploads

[ 2017-08-24T23:28:19+08:00 ] ::1 /Uploads/%E5%8E%BB%E7%8E%A9%E5%84%BF%E5%8C%BA%E4%BD%8D%E5%9B%BE/2017-08-24/599eed5cc00395.67617141.jpg
INFO: [ app_init ] --START--
INFO: Run Behavior\BuildLiteBehavior [ RunTime:0.000039s ]
INFO: [ app_init ] --END-- [ RunTime:0.000620s ]
ERR: 无法加载模块:Uploads

[ 2017-08-24T23:28:19+08:00 ] ::1 /Uploads/hgjhg/2017-08-24/599ef03fa3c8a4.55455794.jpg
INFO: [ app_init ] --START--
INFO: Run Behavior\BuildLiteBehavior [ RunTime:0.000038s ]
INFO: [ app_init ] --END-- [ RunTime:0.000613s ]
ERR: 无法加载模块:Uploads

[ 2017-08-24T23:28:19+08:00 ] ::1 /Uploads/hgjhg/2017-08-24/599ef03fa4b791.04897615.jpg
INFO: [ app_init ] --START--
INFO: Run Behavior\BuildLiteBehavior [ RunTime:0.000061s ]
INFO: [ app_init ] --END-- [ RunTime:0.000703s ]
ERR: 无法加载模块:Uploads

[ 2017-08-24T23:28:19+08:00 ] ::1 /Uploads/hgjhg/2017-08-24/599ef03fa56558.46902695.jpg
INFO: [ app_init ] --START--
INFO: Run Behavior\BuildLiteBehavior [ RunTime:0.000043s ]
INFO: [ app_init ] --END-- [ RunTime:0.000646s ]
ERR: 无法加载模块:Uploads

[ 2017-08-24T23:28:19+08:00 ] ::1 /Uploads/hgjhg/2017-08-24/599ef03fa60fc0.67150618.jpg
INFO: [ app_init ] --START--
INFO: Run Behavior\BuildLiteBehavior [ RunTime:0.000040s ]
INFO: [ app_init ] --END-- [ RunTime:0.000703s ]
ERR: 无法加载模块:Uploads

[ 2017-08-24T23:28:19+08:00 ] ::1 /Uploads/hgjhg/2017-08-24/599ef03fa70af6.49197493.png
INFO: [ app_init ] --START--
INFO: Run Behavior\BuildLiteBehavior [ RunTime:0.000037s ]
INFO: [ app_init ] --END-- [ RunTime:0.000670s ]
ERR: 无法加载模块:Uploads

[ 2017-08-24T23:28:19+08:00 ] ::1 /Uploads/%E5%8E%BB%E7%8E%A9%E5%84%BF%E5%8C%BA%E4%BD%8D%E5%9B%BE/2017-08-24/599eed5cbcb9a3.03408791.jpg
INFO: [ app_init ] --START--
INFO: Run Behavior\BuildLiteBehavior [ RunTime:0.000038s ]
INFO: [ app_init ] --END-- [ RunTime:0.000598s ]
ERR: 无法加载模块:Uploads

[ 2017-08-24T23:28:19+08:00 ] ::1 /Uploads/%E5%8E%BB%E7%8E%A9%E5%84%BF%E5%8C%BA%E4%BD%8D%E5%9B%BE/2017-08-24/599eed5cbdd260.02380902.jpg
INFO: [ app_init ] --START--
INFO: Run Behavior\BuildLiteBehavior [ RunTime:0.000037s ]
INFO: [ app_init ] --END-- [ RunTime:0.000577s ]
ERR: 无法加载模块:Uploads

[ 2017-08-24T23:28:19+08:00 ] ::1 /Uploads/%E5%8E%BB%E7%8E%A9%E5%84%BF%E5%8C%BA%E4%BD%8D%E5%9B%BE/2017-08-24/599eed5cbeba43.86003152.jpg
INFO: [ app_init ] --START--
INFO: Run Behavior\BuildLiteBehavior [ RunTime:0.000051s ]
INFO: [ app_init ] --END-- [ RunTime:0.000672s ]
ERR: 无法加载模块:Uploads

[ 2017-08-24T23:28:19+08:00 ] ::1 /Uploads/%E5%8E%BB%E7%8E%A9%E5%84%BF%E5%8C%BA%E4%BD%8D%E5%9B%BE/2017-08-24/599eed5cbf61c0.48524478.jpg
INFO: [ app_init ] --START--
INFO: Run Behavior\BuildLiteBehavior [ RunTime:0.000041s ]
INFO: [ app_init ] --END-- [ RunTime:0.000620s ]
ERR: 无法加载模块:Uploads

[ 2017-08-24T23:28:19+08:00 ] ::1 /Uploads/%E5%8E%BB%E7%8E%A9%E5%84%BF%E5%8C%BA%E4%BD%8D%E5%9B%BE/2017-08-24/599eed5cc00395.67617141.jpg
INFO: [ app_init ] --START--
INFO: Run Behavior\BuildLiteBehavior [ RunTime:0.000039s ]
INFO: [ app_init ] --END-- [ RunTime:0.000626s ]
ERR: 无法加载模块:Uploads

[ 2017-08-24T23:28:19+08:00 ] ::1 /Uploads/hgjhg/2017-08-24/599ef03fa3c8a4.55455794.jpg
INFO: [ app_init ] --START--
INFO: Run Behavior\BuildLiteBehavior [ RunTime:0.000038s ]
INFO: [ app_init ] --END-- [ RunTime:0.000626s ]
ERR: 无法加载模块:Uploads

[ 2017-08-24T23:28:20+08:00 ] ::1 /Uploads/hgjhg/2017-08-24/599ef03fa4b791.04897615.jpg
INFO: [ app_init ] --START--
INFO: Run Behavior\BuildLiteBehavior [ RunTime:0.000052s ]
INFO: [ app_init ] --END-- [ RunTime:0.000647s ]
ERR: 无法加载模块:Uploads

[ 2017-08-24T23:28:20+08:00 ] ::1 /Uploads/hgjhg/2017-08-24/599ef03fa56558.46902695.jpg
INFO: [ app_init ] --START--
INFO: Run Behavior\BuildLiteBehavior [ RunTime:0.000041s ]
INFO: [ app_init ] --END-- [ RunTime:0.000642s ]
ERR: 无法加载模块:Uploads

[ 2017-08-24T23:28:20+08:00 ] ::1 /Uploads/hgjhg/2017-08-24/599ef03fa60fc0.67150618.jpg
INFO: [ app_init ] --START--
INFO: Run Behavior\BuildLiteBehavior [ RunTime:0.000045s ]
INFO: [ app_init ] --END-- [ RunTime:0.000635s ]
ERR: 无法加载模块:Uploads

[ 2017-08-24T23:28:22+08:00 ] ::1 /Uploads/%E5%8E%BB%E7%8E%A9%E5%84%BF%E5%8C%BA%E4%BD%8D%E5%9B%BE/2017-08-24/599eed5cbcb9a3.03408791.jpg
INFO: [ app_init ] --START--
INFO: Run Behavior\BuildLiteBehavior [ RunTime:0.000101s ]
INFO: [ app_init ] --END-- [ RunTime:0.001691s ]
ERR: 无法加载模块:Uploads

[ 2017-08-24T23:28:26+08:00 ] ::1 /Uploads/%E5%8E%BB%E7%8E%A9%E5%84%BF%E5%8C%BA%E4%BD%8D%E5%9B%BE/2017-08-24/599eed5cbcb9a3.03408791.jpg
INFO: [ app_init ] --START--
INFO: Run Behavior\BuildLiteBehavior [ RunTime:0.000026s ]
INFO: [ app_init ] --END-- [ RunTime:0.000435s ]
ERR: 无法加载模块:Uploads

[ 2017-08-24T23:28:34+08:00 ] ::1 /Uploads/hgjhg/2017-08-24/599ef03fa3c8a4.55455794.jpg
INFO: [ app_init ] --START--
INFO: Run Behavior\BuildLiteBehavior [ RunTime:0.000040s ]
INFO: [ app_init ] --END-- [ RunTime:0.000811s ]
ERR: 无法加载模块:Uploads

[ 2017-08-24T23:29:20+08:00 ] ::1 /Uploads/hgjhg/2017-08-24/599ef03fa3c8a4.55455794.jpg
INFO: [ app_init ] --START--
INFO: Run Behavior\BuildLiteBehavior [ RunTime:0.000023s ]
INFO: [ app_init ] --END-- [ RunTime:0.000378s ]
ERR: 无法加载模块:Uploads

[ 2017-08-24T23:29:22+08:00 ] ::1 /Uploads/%E5%8E%BB%E7%8E%A9%E5%84%BF%E5%8C%BA%E4%BD%8D%E5%9B%BE/2017-08-24/599eed5cbcb9a3.03408791.jpg
INFO: [ app_init ] --START--
INFO: Run Behavior\BuildLiteBehavior [ RunTime:0.000033s ]
INFO: [ app_init ] --END-- [ RunTime:0.000587s ]
ERR: 无法加载模块:Uploads

[ 2017-08-24T23:29:22+08:00 ] ::1 /Uploads/%E5%8E%BB%E7%8E%A9%E5%84%BF%E5%8C%BA%E4%BD%8D%E5%9B%BE/2017-08-24/599eed5cbdd260.02380902.jpg
INFO: [ app_init ] --START--
INFO: Run Behavior\BuildLiteBehavior [ RunTime:0.000060s ]
INFO: [ app_init ] --END-- [ RunTime:0.000732s ]
ERR: 无法加载模块:Uploads

[ 2017-08-24T23:29:22+08:00 ] ::1 /Uploads/%E5%8E%BB%E7%8E%A9%E5%84%BF%E5%8C%BA%E4%BD%8D%E5%9B%BE/2017-08-24/599eed5cbeba43.86003152.jpg
INFO: [ app_init ] --START--
INFO: Run Behavior\BuildLiteBehavior [ RunTime:0.000025s ]
INFO: [ app_init ] --END-- [ RunTime:0.000431s ]
ERR: 无法加载模块:Uploads

[ 2017-08-24T23:29:22+08:00 ] ::1 /Uploads/%E5%8E%BB%E7%8E%A9%E5%84%BF%E5%8C%BA%E4%BD%8D%E5%9B%BE/2017-08-24/599eed5cbf61c0.48524478.jpg
INFO: [ app_init ] --START--
INFO: Run Behavior\BuildLiteBehavior [ RunTime:0.000044s ]
INFO: [ app_init ] --END-- [ RunTime:0.000632s ]
ERR: 无法加载模块:Uploads

[ 2017-08-24T23:29:22+08:00 ] ::1 /Uploads/hgjhg/2017-08-24/599ef03fa3c8a4.55455794.jpg
INFO: [ app_init ] --START--
INFO: Run Behavior\BuildLiteBehavior [ RunTime:0.000039s ]
INFO: [ app_init ] --END-- [ RunTime:0.000626s ]
ERR: 无法加载模块:Uploads

[ 2017-08-24T23:29:22+08:00 ] ::1 /Uploads/hgjhg/2017-08-24/599ef03fa4b791.04897615.jpg
INFO: [ app_init ] --START--
INFO: Run Behavior\BuildLiteBehavior [ RunTime:0.000037s ]
INFO: [ app_init ] --END-- [ RunTime:0.000631s ]
ERR: 无法加载模块:Uploads

[ 2017-08-24T23:29:22+08:00 ] ::1 /Uploads/%E5%8E%BB%E7%8E%A9%E5%84%BF%E5%8C%BA%E4%BD%8D%E5%9B%BE/2017-08-24/599eed5cc00395.67617141.jpg
INFO: [ app_init ] --START--
INFO: Run Behavior\BuildLiteBehavior [ RunTime:0.000038s ]
INFO: [ app_init ] --END-- [ RunTime:0.000649s ]
ERR: 无法加载模块:Uploads

[ 2017-08-24T23:29:22+08:00 ] ::1 /Uploads/hgjhg/2017-08-24/599ef03fa56558.46902695.jpg
INFO: [ app_init ] --START--
INFO: Run Behavior\BuildLiteBehavior [ RunTime:0.000038s ]
INFO: [ app_init ] --END-- [ RunTime:0.000655s ]
ERR: 无法加载模块:Uploads

[ 2017-08-24T23:29:22+08:00 ] ::1 /Uploads/hgjhg/2017-08-24/599ef03fa60fc0.67150618.jpg
INFO: [ app_init ] --START--
INFO: Run Behavior\BuildLiteBehavior [ RunTime:0.000041s ]
INFO: [ app_init ] --END-- [ RunTime:0.000681s ]
ERR: 无法加载模块:Uploads

[ 2017-08-24T23:29:22+08:00 ] ::1 /Uploads/hgjhg/2017-08-24/599ef03fa70af6.49197493.png
INFO: [ app_init ] --START--
INFO: Run Behavior\BuildLiteBehavior [ RunTime:0.000042s ]
INFO: [ app_init ] --END-- [ RunTime:0.001252s ]
ERR: 无法加载模块:Uploads

[ 2017-08-24T23:29:22+08:00 ] ::1 /Uploads/%E5%8E%BB%E7%8E%A9%E5%84%BF%E5%8C%BA%E4%BD%8D%E5%9B%BE/2017-08-24/599eed5cbcb9a3.03408791.jpg
INFO: [ app_init ] --START--
INFO: Run Behavior\BuildLiteBehavior [ RunTime:0.000037s ]
INFO: [ app_init ] --END-- [ RunTime:0.000633s ]
ERR: 无法加载模块:Uploads

[ 2017-08-24T23:29:22+08:00 ] ::1 /Uploads/%E5%8E%BB%E7%8E%A9%E5%84%BF%E5%8C%BA%E4%BD%8D%E5%9B%BE/2017-08-24/599eed5cbdd260.02380902.jpg
INFO: [ app_init ] --START--
INFO: Run Behavior\BuildLiteBehavior [ RunTime:0.000038s ]
INFO: [ app_init ] --END-- [ RunTime:0.000615s ]
ERR: 无法加载模块:Uploads

[ 2017-08-24T23:29:22+08:00 ] ::1 /Uploads/%E5%8E%BB%E7%8E%A9%E5%84%BF%E5%8C%BA%E4%BD%8D%E5%9B%BE/2017-08-24/599eed5cbeba43.86003152.jpg
INFO: [ app_init ] --START--
INFO: Run Behavior\BuildLiteBehavior [ RunTime:0.000043s ]
INFO: [ app_init ] --END-- [ RunTime:0.000640s ]
ERR: 无法加载模块:Uploads

[ 2017-08-24T23:29:22+08:00 ] ::1 /Uploads/%E5%8E%BB%E7%8E%A9%E5%84%BF%E5%8C%BA%E4%BD%8D%E5%9B%BE/2017-08-24/599eed5cbf61c0.48524478.jpg
INFO: [ app_init ] --START--
INFO: Run Behavior\BuildLiteBehavior [ RunTime:0.000052s ]
INFO: [ app_init ] --END-- [ RunTime:0.000679s ]
ERR: 无法加载模块:Uploads

[ 2017-08-24T23:29:25+08:00 ] ::1 /Application/Home/Uploads/erhterhterht/2017-08-24/599ea9b548c5f2.19429186.jpg
INFO: [ app_init ] --START--
INFO: Run Behavior\BuildLiteBehavior [ RunTime:0.000057s ]
INFO: [ app_init ] --END-- [ RunTime:0.000994s ]
ERR: 无法加载模块:Application

[ 2017-08-24T23:29:25+08:00 ] ::1 /Application/Home/Uploads/%E5%8E%BB%E7%8E%A9%E5%84%BF%E5%8C%BA%E4%BD%8D%E5%9B%BE/2017-08-24/599eed5cbcb9a3.03408791.jpg
INFO: [ app_init ] --START--
INFO: Run Behavior\BuildLiteBehavior [ RunTime:0.000042s ]
INFO: [ app_init ] --END-- [ RunTime:0.000783s ]
ERR: 无法加载模块:Application

[ 2017-08-24T23:29:25+08:00 ] ::1 /Application/Home/Uploads/%E5%8E%BB%E7%8E%A9%E5%84%BF%E5%8C%BA%E4%BD%8D%E5%9B%BE/2017-08-24/599eed5cbcb9a3.03408791.jpg
INFO: [ app_init ] --START--
INFO: Run Behavior\BuildLiteBehavior [ RunTime:0.000024s ]
INFO: [ app_init ] --END-- [ RunTime:0.000527s ]
ERR: 无法加载模块:Application

[ 2017-08-24T23:29:26+08:00 ] ::1 /Application/Home/Uploads/erhterhterht/2017-08-24/599ea9b548c5f2.19429186.jpg
INFO: [ app_init ] --START--
INFO: Run Behavior\BuildLiteBehavior [ RunTime:0.000023s ]
INFO: [ app_init ] --END-- [ RunTime:0.000363s ]
ERR: 无法加载模块:Application

[ 2017-08-24T23:29:27+08:00 ] ::1 /Application/Home/Uploads/%E5%8E%BB%E7%8E%A9%E5%84%BF%E5%8C%BA%E4%BD%8D%E5%9B%BE/2017-08-24/599eed5cbcb9a3.03408791.jpg
INFO: [ app_init ] --START--
INFO: Run Behavior\BuildLiteBehavior [ RunTime:0.000038s ]
INFO: [ app_init ] --END-- [ RunTime:0.000748s ]
ERR: 无法加载模块:Application

[ 2017-08-24T23:29:28+08:00 ] ::1 /Application/Home/Uploads/%E5%8E%BB%E7%8E%A9%E5%84%BF%E5%8C%BA%E4%BD%8D%E5%9B%BE/2017-08-24/599eed5cbcb9a3.03408791.jpg
INFO: [ app_init ] --START--
INFO: Run Behavior\BuildLiteBehavior [ RunTime:0.000060s ]
INFO: [ app_init ] --END-- [ RunTime:0.001055s ]
ERR: 无法加载模块:Application

[ 2017-08-24T23:29:32+08:00 ] ::1 /Application/Home/Uploads/%E5%8E%BB%E7%8E%A9%E5%84%BF%E5%8C%BA%E4%BD%8D%E5%9B%BE/2017-08-24/599eed5cbcb9a3.03408791.jpg
INFO: [ app_init ] --START--
INFO: Run Behavior\BuildLiteBehavior [ RunTime:0.000045s ]
INFO: [ app_init ] --END-- [ RunTime:0.000726s ]
ERR: 无法加载模块:Application

[ 2017-08-24T23:29:32+08:00 ] ::1 /Uploads/%E5%8E%BB%E7%8E%A9%E5%84%BF%E5%8C%BA%E4%BD%8D%E5%9B%BE/2017-08-24/599eed5cbdd260.02380902.jpg
INFO: [ app_init ] --START--
INFO: Run Behavior\BuildLiteBehavior [ RunTime:0.000042s ]
INFO: [ app_init ] --END-- [ RunTime:0.000740s ]
ERR: 无法加载模块:Uploads

[ 2017-08-24T23:29:32+08:00 ] ::1 /Uploads/%E5%8E%BB%E7%8E%A9%E5%84%BF%E5%8C%BA%E4%BD%8D%E5%9B%BE/2017-08-24/599eed5cbdd260.02380902.jpg
INFO: [ app_init ] --START--
INFO: Run Behavior\BuildLiteBehavior [ RunTime:0.000149s ]
INFO: [ app_init ] --END-- [ RunTime:0.002957s ]
ERR: 无法加载模块:Uploads

[ 2017-08-24T23:29:32+08:00 ] ::1 /Uploads/hgjhg/2017-08-24/599ef03fa4b791.04897615.jpg
INFO: [ app_init ] --START--
INFO: Run Behavior\BuildLiteBehavior [ RunTime:0.000025s ]
INFO: [ app_init ] --END-- [ RunTime:0.000476s ]
ERR: 无法加载模块:Uploads

[ 2017-08-24T23:29:33+08:00 ] ::1 /Uploads/hgjhg/2017-08-24/599ef03fa56558.46902695.jpg
INFO: [ app_init ] --START--
INFO: Run Behavior\BuildLiteBehavior [ RunTime:0.000042s ]
INFO: [ app_init ] --END-- [ RunTime:0.000711s ]
ERR: 无法加载模块:Uploads

[ 2017-08-24T23:29:34+08:00 ] ::1 /Uploads/hgjhg/2017-08-24/599ef03fa4b791.04897615.jpg
INFO: [ app_init ] --START--
INFO: Run Behavior\BuildLiteBehavior [ RunTime:0.000122s ]
INFO: [ app_init ] --END-- [ RunTime:0.001111s ]
ERR: 无法加载模块:Uploads

[ 2017-08-24T23:29:36+08:00 ] ::1 /Uploads/hgjhg/2017-08-24/599ef03fa3c8a4.55455794.jpg
INFO: [ app_init ] --START--
INFO: Run Behavior\BuildLiteBehavior [ RunTime:0.000032s ]
INFO: [ app_init ] --END-- [ RunTime:0.000474s ]
ERR: 无法加载模块:Uploads

[ 2017-08-24T23:29:57+08:00 ] ::1 /Uploads/%E5%8E%BB%E7%8E%A9%E5%84%BF%E5%8C%BA%E4%BD%8D%E5%9B%BE/2017-08-24/599eed5cbcb9a3.03408791.jpg
INFO: [ app_init ] --START--
INFO: Run Behavior\BuildLiteBehavior [ RunTime:0.000052s ]
INFO: [ app_init ] --END-- [ RunTime:0.000846s ]
ERR: 无法加载模块:Uploads

[ 2017-08-24T23:29:57+08:00 ] ::1 /Uploads/%E5%8E%BB%E7%8E%A9%E5%84%BF%E5%8C%BA%E4%BD%8D%E5%9B%BE/2017-08-24/599eed5cbdd260.02380902.jpg
INFO: [ app_init ] --START--
INFO: Run Behavior\BuildLiteBehavior [ RunTime:0.000057s ]
INFO: [ app_init ] --END-- [ RunTime:0.000913s ]
ERR: 无法加载模块:Uploads

[ 2017-08-24T23:29:57+08:00 ] ::1 /Uploads/%E5%8E%BB%E7%8E%A9%E5%84%BF%E5%8C%BA%E4%BD%8D%E5%9B%BE/2017-08-24/599eed5cbeba43.86003152.jpg
INFO: [ app_init ] --START--
INFO: Run Behavior\BuildLiteBehavior [ RunTime:0.000039s ]
INFO: [ app_init ] --END-- [ RunTime:0.000631s ]
ERR: 无法加载模块:Uploads

[ 2017-08-24T23:29:57+08:00 ] ::1 /Uploads/%E5%8E%BB%E7%8E%A9%E5%84%BF%E5%8C%BA%E4%BD%8D%E5%9B%BE/2017-08-24/599eed5cbf61c0.48524478.jpg
INFO: [ app_init ] --START--
INFO: Run Behavior\BuildLiteBehavior [ RunTime:0.000023s ]
INFO: [ app_init ] --END-- [ RunTime:0.000419s ]
ERR: 无法加载模块:Uploads

[ 2017-08-24T23:29:57+08:00 ] ::1 /Uploads/%E5%8E%BB%E7%8E%A9%E5%84%BF%E5%8C%BA%E4%BD%8D%E5%9B%BE/2017-08-24/599eed5cc00395.67617141.jpg
INFO: [ app_init ] --START--
INFO: Run Behavior\BuildLiteBehavior [ RunTime:0.000043s ]
INFO: [ app_init ] --END-- [ RunTime:0.003762s ]
ERR: 无法加载模块:Uploads

[ 2017-08-24T23:29:57+08:00 ] ::1 /Uploads/hgjhg/2017-08-24/599ef03fa3c8a4.55455794.jpg
INFO: [ app_init ] --START--
INFO: Run Behavior\BuildLiteBehavior [ RunTime:0.000040s ]
INFO: [ app_init ] --END-- [ RunTime:0.000629s ]
ERR: 无法加载模块:Uploads

[ 2017-08-24T23:29:57+08:00 ] ::1 /Uploads/hgjhg/2017-08-24/599ef03fa60fc0.67150618.jpg
INFO: [ app_init ] --START--
INFO: Run Behavior\BuildLiteBehavior [ RunTime:0.000041s ]
INFO: [ app_init ] --END-- [ RunTime:0.000613s ]
ERR: 无法加载模块:Uploads

[ 2017-08-24T23:29:57+08:00 ] ::1 /Uploads/hgjhg/2017-08-24/599ef03fa4b791.04897615.jpg
INFO: [ app_init ] --START--
INFO: Run Behavior\BuildLiteBehavior [ RunTime:0.000056s ]
INFO: [ app_init ] --END-- [ RunTime:0.000659s ]
ERR: 无法加载模块:Uploads

[ 2017-08-24T23:29:57+08:00 ] ::1 /Uploads/hgjhg/2017-08-24/599ef03fa56558.46902695.jpg
INFO: [ app_init ] --START--
INFO: Run Behavior\BuildLiteBehavior [ RunTime:0.000037s ]
INFO: [ app_init ] --END-- [ RunTime:0.000617s ]
ERR: 无法加载模块:Uploads

[ 2017-08-24T23:29:57+08:00 ] ::1 /Uploads/hgjhg/2017-08-24/599ef03fa70af6.49197493.png
INFO: [ app_init ] --START--
INFO: Run Behavior\BuildLiteBehavior [ RunTime:0.000040s ]
INFO: [ app_init ] --END-- [ RunTime:0.000691s ]
ERR: 无法加载模块:Uploads

[ 2017-08-24T23:29:57+08:00 ] ::1 /Uploads/%E5%8E%BB%E7%8E%A9%E5%84%BF%E5%8C%BA%E4%BD%8D%E5%9B%BE/2017-08-24/599eed5cbcb9a3.03408791.jpg
INFO: [ app_init ] --START--
INFO: Run Behavior\BuildLiteBehavior [ RunTime:0.000153s ]
INFO: [ app_init ] --END-- [ RunTime:0.001731s ]
ERR: 无法加载模块:Uploads

[ 2017-08-24T23:29:57+08:00 ] ::1 /Uploads/%E5%8E%BB%E7%8E%A9%E5%84%BF%E5%8C%BA%E4%BD%8D%E5%9B%BE/2017-08-24/599eed5cbdd260.02380902.jpg
INFO: [ app_init ] --START--
INFO: Run Behavior\BuildLiteBehavior [ RunTime:0.000052s ]
INFO: [ app_init ] --END-- [ RunTime:0.001850s ]
ERR: 无法加载模块:Uploads

[ 2017-08-24T23:29:57+08:00 ] ::1 /Uploads/%E5%8E%BB%E7%8E%A9%E5%84%BF%E5%8C%BA%E4%BD%8D%E5%9B%BE/2017-08-24/599eed5cbf61c0.48524478.jpg
INFO: [ app_init ] --START--
INFO: Run Behavior\BuildLiteBehavior [ RunTime:0.000042s ]
INFO: [ app_init ] --END-- [ RunTime:0.000702s ]
ERR: 无法加载模块:Uploads

[ 2017-08-24T23:29:57+08:00 ] ::1 /Uploads/%E5%8E%BB%E7%8E%A9%E5%84%BF%E5%8C%BA%E4%BD%8D%E5%9B%BE/2017-08-24/599eed5cbeba43.86003152.jpg
INFO: [ app_init ] --START--
INFO: Run Behavior\BuildLiteBehavior [ RunTime:0.000040s ]
INFO: [ app_init ] --END-- [ RunTime:0.000685s ]
ERR: 无法加载模块:Uploads

[ 2017-08-24T23:29:58+08:00 ] ::1 /Application/Home/Uploads/erhterhterht/2017-08-24/599ea9b548c5f2.19429186.jpg
INFO: [ app_init ] --START--
INFO: Run Behavior\BuildLiteBehavior [ RunTime:0.000050s ]
INFO: [ app_init ] --END-- [ RunTime:0.000967s ]
ERR: 无法加载模块:Application

[ 2017-08-24T23:29:58+08:00 ] ::1 /Application/Home/Uploads/%E5%8E%BB%E7%8E%A9%E5%84%BF%E5%8C%BA%E4%BD%8D%E5%9B%BE/2017-08-24/599eed5cbcb9a3.03408791.jpg
INFO: [ app_init ] --START--
INFO: Run Behavior\BuildLiteBehavior [ RunTime:0.000042s ]
INFO: [ app_init ] --END-- [ RunTime:0.000637s ]
ERR: 无法加载模块:Application

[ 2017-08-24T23:29:58+08:00 ] ::1 /Uploads/%E5%8E%BB%E7%8E%A9%E5%84%BF%E5%8C%BA%E4%BD%8D%E5%9B%BE/2017-08-24/599eed5cbdd260.02380902.jpg
INFO: [ app_init ] --START--
INFO: Run Behavior\BuildLiteBehavior [ RunTime:0.000047s ]
INFO: [ app_init ] --END-- [ RunTime:0.002585s ]
ERR: 无法加载模块:Uploads

[ 2017-08-24T23:29:58+08:00 ] ::1 /Application/Home/Uploads/%E5%8E%BB%E7%8E%A9%E5%84%BF%E5%8C%BA%E4%BD%8D%E5%9B%BE/2017-08-24/599eed5cbcb9a3.03408791.jpg
INFO: [ app_init ] --START--
INFO: Run Behavior\BuildLiteBehavior [ RunTime:0.000041s ]
INFO: [ app_init ] --END-- [ RunTime:0.000753s ]
ERR: 无法加载模块:Application

[ 2017-08-24T23:30:30+08:00 ] ::1 /Application/Home/Uploads/12341324/2017-08-24/599e7a960bc025.45416299.jpg
INFO: [ app_init ] --START--
INFO: Run Behavior\BuildLiteBehavior [ RunTime:0.000024s ]
INFO: [ app_init ] --END-- [ RunTime:0.000408s ]
ERR: 无法加载模块:Application

[ 2017-08-24T23:30:30+08:00 ] ::1 /Application/Home/Uploads/qdvqwvd/2017-08-24/599ea8178c7b22.75703780.jpg
INFO: [ app_init ] --START--
INFO: Run Behavior\BuildLiteBehavior [ RunTime:0.001366s ]
INFO: [ app_init ] --END-- [ RunTime:0.003120s ]
ERR: 无法加载模块:Application

[ 2017-08-24T23:30:30+08:00 ] ::1 /Application/Home/Uploads/erhterhterht/2017-08-24/599ea9b548c5f2.19429186.jpg
INFO: [ app_init ] --START--
INFO: Run Behavior\BuildLiteBehavior [ RunTime:0.000024s ]
INFO: [ app_init ] --END-- [ RunTime:0.000427s ]
ERR: 无法加载模块:Application

[ 2017-08-24T23:30:30+08:00 ] ::1 /Application/Home/Uploads/%E5%8E%BB%E7%8E%A9%E5%84%BF%E5%8C%BA%E4%BD%8D%E5%9B%BE/2017-08-24/599eed5cbcb9a3.03408791.jpg
INFO: [ app_init ] --START--
INFO: Run Behavior\BuildLiteBehavior [ RunTime:0.000038s ]
INFO: [ app_init ] --END-- [ RunTime:0.000696s ]
ERR: 无法加载模块:Application

[ 2017-08-24T23:30:30+08:00 ] ::1 /Uploads/%E5%8E%BB%E7%8E%A9%E5%84%BF%E5%8C%BA%E4%BD%8D%E5%9B%BE/2017-08-24/599eed5cbdd260.02380902.jpg
INFO: [ app_init ] --START--
INFO: Run Behavior\BuildLiteBehavior [ RunTime:0.000042s ]
INFO: [ app_init ] --END-- [ RunTime:0.000704s ]
ERR: 无法加载模块:Uploads

[ 2017-08-24T23:30:30+08:00 ] ::1 /Uploads/%E5%8E%BB%E7%8E%A9%E5%84%BF%E5%8C%BA%E4%BD%8D%E5%9B%BE/2017-08-24/599eed5cbeba43.86003152.jpg
INFO: [ app_init ] --START--
INFO: Run Behavior\BuildLiteBehavior [ RunTime:0.000041s ]
INFO: [ app_init ] --END-- [ RunTime:0.000574s ]
ERR: 无法加载模块:Uploads

[ 2017-08-24T23:30:30+08:00 ] ::1 /Uploads/%E5%8E%BB%E7%8E%A9%E5%84%BF%E5%8C%BA%E4%BD%8D%E5%9B%BE/2017-08-24/599eed5cbf61c0.48524478.jpg
INFO: [ app_init ] --START--
INFO: Run Behavior\BuildLiteBehavior [ RunTime:0.000043s ]
INFO: [ app_init ] --END-- [ RunTime:0.000643s ]
ERR: 无法加载模块:Uploads

[ 2017-08-24T23:30:30+08:00 ] ::1 /Uploads/hgjhg/2017-08-24/599ef03fa4b791.04897615.jpg
INFO: [ app_init ] --START--
INFO: Run Behavior\BuildLiteBehavior [ RunTime:0.000040s ]
INFO: [ app_init ] --END-- [ RunTime:0.000608s ]
ERR: 无法加载模块:Uploads

[ 2017-08-24T23:30:30+08:00 ] ::1 /Uploads/%E5%8E%BB%E7%8E%A9%E5%84%BF%E5%8C%BA%E4%BD%8D%E5%9B%BE/2017-08-24/599eed5cc00395.67617141.jpg
INFO: [ app_init ] --START--
INFO: Run Behavior\BuildLiteBehavior [ RunTime:0.000040s ]
INFO: [ app_init ] --END-- [ RunTime:0.000905s ]
ERR: 无法加载模块:Uploads

[ 2017-08-24T23:30:30+08:00 ] ::1 /Uploads/hgjhg/2017-08-24/599ef03fa56558.46902695.jpg
INFO: [ app_init ] --START--
INFO: Run Behavior\BuildLiteBehavior [ RunTime:0.000041s ]
INFO: [ app_init ] --END-- [ RunTime:0.000623s ]
ERR: 无法加载模块:Uploads

[ 2017-08-24T23:30:30+08:00 ] ::1 /Uploads/hgjhg/2017-08-24/599ef03fa60fc0.67150618.jpg
INFO: [ app_init ] --START--
INFO: Run Behavior\BuildLiteBehavior [ RunTime:0.000040s ]
INFO: [ app_init ] --END-- [ RunTime:0.000631s ]
ERR: 无法加载模块:Uploads

[ 2017-08-24T23:30:30+08:00 ] ::1 /Uploads/hgjhg/2017-08-24/599ef03fa70af6.49197493.png
INFO: [ app_init ] --START--
INFO: Run Behavior\BuildLiteBehavior [ RunTime:0.000038s ]
INFO: [ app_init ] --END-- [ RunTime:0.000673s ]
ERR: 无法加载模块:Uploads

[ 2017-08-24T23:30:30+08:00 ] ::1 /Application/Home/Uploads/12341324/2017-08-24/599e7a960bc025.45416299.jpg
INFO: [ app_init ] --START--
INFO: Run Behavior\BuildLiteBehavior [ RunTime:0.000045s ]
INFO: [ app_init ] --END-- [ RunTime:0.000855s ]
ERR: 无法加载模块:Application

[ 2017-08-24T23:30:30+08:00 ] ::1 /Application/Home/Uploads/qdvqwvd/2017-08-24/599ea8178c7b22.75703780.jpg
INFO: [ app_init ] --START--
INFO: Run Behavior\BuildLiteBehavior [ RunTime:0.000039s ]
INFO: [ app_init ] --END-- [ RunTime:0.000650s ]
ERR: 无法加载模块:Application

[ 2017-08-24T23:30:30+08:00 ] ::1 /Application/Home/Uploads/erhterhterht/2017-08-24/599ea9b548c5f2.19429186.jpg
INFO: [ app_init ] --START--
INFO: Run Behavior\BuildLiteBehavior [ RunTime:0.000039s ]
INFO: [ app_init ] --END-- [ RunTime:0.000619s ]
ERR: 无法加载模块:Application

[ 2017-08-24T23:33:07+08:00 ] ::1 /favicon.ico
INFO: [ app_init ] --START--
INFO: Run Behavior\BuildLiteBehavior [ RunTime:0.000051s ]
INFO: [ app_init ] --END-- [ RunTime:0.002849s ]
ERR: 无法加载模块:Favicon

[ 2017-08-24T23:33:30+08:00 ] ::1 /Uploads/%E5%8E%BB%E7%8E%A9%E5%84%BF%E5%8C%BA%E4%BD%8D%E5%9B%BE/2017-08-24/599eed5cbcb9a3.03408791.jpg
INFO: [ app_init ] --START--
INFO: Run Behavior\BuildLiteBehavior [ RunTime:0.000024s ]
INFO: [ app_init ] --END-- [ RunTime:0.000397s ]
ERR: 无法加载模块:Uploads

[ 2017-08-24T23:33:30+08:00 ] ::1 /Uploads/%E5%8E%BB%E7%8E%A9%E5%84%BF%E5%8C%BA%E4%BD%8D%E5%9B%BE/2017-08-24/599eed5cbdd260.02380902.jpg
INFO: [ app_init ] --START--
INFO: Run Behavior\BuildLiteBehavior [ RunTime:0.000059s ]
INFO: [ app_init ] --END-- [ RunTime:0.000667s ]
ERR: 无法加载模块:Uploads

[ 2017-08-24T23:33:30+08:00 ] ::1 /Uploads/%E5%8E%BB%E7%8E%A9%E5%84%BF%E5%8C%BA%E4%BD%8D%E5%9B%BE/2017-08-24/599eed5cbeba43.86003152.jpg
INFO: [ app_init ] --START--
INFO: Run Behavior\BuildLiteBehavior [ RunTime:0.000041s ]
INFO: [ app_init ] --END-- [ RunTime:0.000875s ]
ERR: 无法加载模块:Uploads

[ 2017-08-24T23:33:30+08:00 ] ::1 /Uploads/hgjhg/2017-08-24/599ef03fa3c8a4.55455794.jpg
INFO: [ app_init ] --START--
INFO: Run Behavior\BuildLiteBehavior [ RunTime:0.000038s ]
INFO: [ app_init ] --END-- [ RunTime:0.000621s ]
ERR: 无法加载模块:Uploads

[ 2017-08-24T23:33:30+08:00 ] ::1 /Uploads/%E5%8E%BB%E7%8E%A9%E5%84%BF%E5%8C%BA%E4%BD%8D%E5%9B%BE/2017-08-24/599eed5cc00395.67617141.jpg
INFO: [ app_init ] --START--
INFO: Run Behavior\BuildLiteBehavior [ RunTime:0.000033s ]
INFO: [ app_init ] --END-- [ RunTime:0.000618s ]
ERR: 无法加载模块:Uploads

[ 2017-08-24T23:33:30+08:00 ] ::1 /Uploads/%E5%8E%BB%E7%8E%A9%E5%84%BF%E5%8C%BA%E4%BD%8D%E5%9B%BE/2017-08-24/599eed5cbf61c0.48524478.jpg
INFO: [ app_init ] --START--
INFO: Run Behavior\BuildLiteBehavior [ RunTime:0.000045s ]
INFO: [ app_init ] --END-- [ RunTime:0.000704s ]
ERR: 无法加载模块:Uploads

[ 2017-08-24T23:33:30+08:00 ] ::1 /Uploads/hgjhg/2017-08-24/599ef03fa4b791.04897615.jpg
INFO: [ app_init ] --START--
INFO: Run Behavior\BuildLiteBehavior [ RunTime:0.000044s ]
INFO: [ app_init ] --END-- [ RunTime:0.000885s ]
ERR: 无法加载模块:Uploads

[ 2017-08-24T23:33:30+08:00 ] ::1 /Uploads/hgjhg/2017-08-24/599ef03fa56558.46902695.jpg
INFO: [ app_init ] --START--
INFO: Run Behavior\BuildLiteBehavior [ RunTime:0.000047s ]
INFO: [ app_init ] --END-- [ RunTime:0.000637s ]
ERR: 无法加载模块:Uploads

[ 2017-08-24T23:33:30+08:00 ] ::1 /Uploads/hgjhg/2017-08-24/599ef03fa60fc0.67150618.jpg
INFO: [ app_init ] --START--
INFO: Run Behavior\BuildLiteBehavior [ RunTime:0.000042s ]
INFO: [ app_init ] --END-- [ RunTime:0.000640s ]
ERR: 无法加载模块:Uploads

[ 2017-08-24T23:33:30+08:00 ] ::1 /Uploads/%E5%8E%BB%E7%8E%A9%E5%84%BF%E5%8C%BA%E4%BD%8D%E5%9B%BE/2017-08-24/599eed5cbcb9a3.03408791.jpg
INFO: [ app_init ] --START--
INFO: Run Behavior\BuildLiteBehavior [ RunTime:0.000038s ]
INFO: [ app_init ] --END-- [ RunTime:0.000695s ]
ERR: 无法加载模块:Uploads

[ 2017-08-24T23:33:30+08:00 ] ::1 /Uploads/hgjhg/2017-08-24/599ef03fa70af6.49197493.png
INFO: [ app_init ] --START--
INFO: Run Behavior\BuildLiteBehavior [ RunTime:0.000040s ]
INFO: [ app_init ] --END-- [ RunTime:0.000615s ]
ERR: 无法加载模块:Uploads

[ 2017-08-24T23:33:32+08:00 ] ::1 /Uploads/%E5%8E%BB%E7%8E%A9%E5%84%BF%E5%8C%BA%E4%BD%8D%E5%9B%BE/2017-08-24/599eed5cbdd260.02380902.jpg
INFO: [ app_init ] --START--
INFO: Run Behavior\BuildLiteBehavior [ RunTime:0.000052s ]
INFO: [ app_init ] --END-- [ RunTime:0.001717s ]
ERR: 无法加载模块:Uploads

[ 2017-08-24T23:33:32+08:00 ] ::1 /Uploads/%E5%8E%BB%E7%8E%A9%E5%84%BF%E5%8C%BA%E4%BD%8D%E5%9B%BE/2017-08-24/599eed5cbcb9a3.03408791.jpg
INFO: [ app_init ] --START--
INFO: Run Behavior\BuildLiteBehavior [ RunTime:0.000075s ]
INFO: [ app_init ] --END-- [ RunTime:0.000947s ]
ERR: 无法加载模块:Uploads

[ 2017-08-24T23:33:32+08:00 ] ::1 /Uploads/%E5%8E%BB%E7%8E%A9%E5%84%BF%E5%8C%BA%E4%BD%8D%E5%9B%BE/2017-08-24/599eed5cbcb9a3.03408791.jpg
INFO: [ app_init ] --START--
INFO: Run Behavior\BuildLiteBehavior [ RunTime:0.000041s ]
INFO: [ app_init ] --END-- [ RunTime:0.001380s ]
ERR: 无法加载模块:Uploads

[ 2017-08-24T23:33:33+08:00 ] ::1 /Uploads/hgjhg/2017-08-24/599ef03fa3c8a4.55455794.jpg
INFO: [ app_init ] --START--
INFO: Run Behavior\BuildLiteBehavior [ RunTime:0.000184s ]
INFO: [ app_init ] --END-- [ RunTime:0.001534s ]
ERR: 无法加载模块:Uploads

[ 2017-08-24T23:33:33+08:00 ] ::1 /Uploads/%E5%8E%BB%E7%8E%A9%E5%84%BF%E5%8C%BA%E4%BD%8D%E5%9B%BE/2017-08-24/599eed5cbcb9a3.03408791.jpg
INFO: [ app_init ] --START--
INFO: Run Behavior\BuildLiteBehavior [ RunTime:0.000059s ]
INFO: [ app_init ] --END-- [ RunTime:0.001963s ]
ERR: 无法加载模块:Uploads

[ 2017-08-24T23:33:34+08:00 ] ::1 /Uploads/%E5%8E%BB%E7%8E%A9%E5%84%BF%E5%8C%BA%E4%BD%8D%E5%9B%BE/2017-08-24/599eed5cbdd260.02380902.jpg
INFO: [ app_init ] --START--
INFO: Run Behavior\BuildLiteBehavior [ RunTime:0.000025s ]
INFO: [ app_init ] --END-- [ RunTime:0.000510s ]
ERR: 无法加载模块:Uploads

[ 2017-08-24T23:33:35+08:00 ] ::1 /Uploads/%E5%8E%BB%E7%8E%A9%E5%84%BF%E5%8C%BA%E4%BD%8D%E5%9B%BE/2017-08-24/599eed5cbdd260.02380902.jpg
INFO: [ app_init ] --START--
INFO: Run Behavior\BuildLiteBehavior [ RunTime:0.000090s ]
INFO: [ app_init ] --END-- [ RunTime:0.001093s ]
ERR: 无法加载模块:Uploads

[ 2017-08-24T23:33:39+08:00 ] ::1 /Uploads/%E5%8E%BB%E7%8E%A9%E5%84%BF%E5%8C%BA%E4%BD%8D%E5%9B%BE/2017-08-24/599eed5cbcb9a3.03408791.jpg
INFO: [ app_init ] --START--
INFO: Run Behavior\BuildLiteBehavior [ RunTime:0.000088s ]
INFO: [ app_init ] --END-- [ RunTime:0.001793s ]
ERR: 无法加载模块:Uploads

