[ 2017-09-07T12:31:25+08:00 ] ::1 /index.php/admin/Console/dashboard.html
INFO: [ app_init ] --START--
INFO: Run Behavior\BuildLiteBehavior [ RunTime:0.000024s ]
INFO: [ app_init ] --END-- [ RunTime:0.000346s ]
INFO: [ app_begin ] --START--
INFO: Run Behavior\ReadHtmlCacheBehavior [ RunTime:0.000599s ]
INFO: [ app_begin ] --END-- [ RunTime:0.000807s ]
NOTIC: [8] A session had already been started - ignoring session_start() D:\PHP\hy\Application\Admin\Controller\CommonController.class.php 第 11 行.
SQL: SHOW COLUMNS FROM `t_user` [ RunTime:0.0010s ]
SQL: SELECT * FROM `t_user` WHERE ( userid='tk10001' ) LIMIT 1   [ RunTime:0.0004s ]
INFO: [ view_parse ] --START--
INFO: [ template_filter ] --START--
INFO: Run Behavior\ContentReplaceBehavior [ RunTime:0.000141s ]
INFO: [ template_filter ] --END-- [ RunTime:0.000328s ]
NOTIC: [8] Undefined variable: data D:\PHP\hy\Application\Runtime\Cache\Admin\b0e9c6931c19340796d70a9c1d47f240.php 第 64 行.
NOTIC: [8] Undefined variable: data D:\PHP\hy\Application\Runtime\Cache\Admin\b0e9c6931c19340796d70a9c1d47f240.php 第 68 行.
NOTIC: [8] Undefined variable: data D:\PHP\hy\Application\Runtime\Cache\Admin\b0e9c6931c19340796d70a9c1d47f240.php 第 125 行.
NOTIC: [8] Undefined variable: data D:\PHP\hy\Application\Runtime\Cache\Admin\b0e9c6931c19340796d70a9c1d47f240.php 第 126 行.
NOTIC: [8] Undefined variable: data D:\PHP\hy\Application\Runtime\Cache\Admin\b0e9c6931c19340796d70a9c1d47f240.php 第 127 行.
NOTIC: [8] Undefined variable: data D:\PHP\hy\Application\Runtime\Cache\Admin\b0e9c6931c19340796d70a9c1d47f240.php 第 128 行.
NOTIC: [8] Undefined variable: data D:\PHP\hy\Application\Runtime\Cache\Admin\b0e9c6931c19340796d70a9c1d47f240.php 第 129 行.
INFO: Run Behavior\ParseTemplateBehavior [ RunTime:0.131979s ]
INFO: [ view_parse ] --END-- [ RunTime:0.132092s ]
INFO: [ view_filter ] --START--
INFO: Run Behavior\WriteHtmlCacheBehavior [ RunTime:0.000336s ]
INFO: Run Behavior\TokenBuildBehavior [ RunTime:0.000617s ]
INFO: [ view_filter ] --END-- [ RunTime:0.001107s ]
INFO: [ app_end ] --START--
INFO: Run Behavior\ShowPageTraceBehavior [ RunTime:0.001124s ]
INFO: [ app_end ] --END-- [ RunTime:0.001640s ]

[ 2017-09-07T12:31:28+08:00 ] ::1 /index.php/Admin/Client/forms.html
INFO: [ app_init ] --START--
INFO: Run Behavior\BuildLiteBehavior [ RunTime:0.000033s ]
INFO: [ app_init ] --END-- [ RunTime:0.000515s ]
INFO: [ app_begin ] --START--
INFO: Run Behavior\ReadHtmlCacheBehavior [ RunTime:0.000422s ]
INFO: [ app_begin ] --END-- [ RunTime:0.000529s ]
NOTIC: [8] A session had already been started - ignoring session_start() D:\PHP\hy\Application\Admin\Controller\CommonController.class.php 第 11 行.
SQL: SHOW COLUMNS FROM `t_user` [ RunTime:0.0035s ]
SQL: SELECT * FROM `t_user` WHERE ( userid='tk10001' ) LIMIT 1   [ RunTime:0.0005s ]
SQL: SHOW COLUMNS FROM `t_time` [ RunTime:0.0154s ]
SQL: SELECT * FROM `t_time` LIMIT 1   [ RunTime:0.0004s ]
INFO: [ view_parse ] --START--
INFO: [ template_filter ] --START--
INFO: Run Behavior\ContentReplaceBehavior [ RunTime:0.000122s ]
INFO: [ template_filter ] --END-- [ RunTime:0.000241s ]
NOTIC: [8] Undefined index: limits D:\PHP\hy\Application\Runtime\Cache\Admin\bd9c8a7610ec5883783cff8c31d04c8c.php 第 71 行.
NOTIC: [8] Undefined index: limits D:\PHP\hy\Application\Runtime\Cache\Admin\bd9c8a7610ec5883783cff8c31d04c8c.php 第 75 行.
NOTIC: [8] Undefined variable: set D:\PHP\hy\Application\Runtime\Cache\Admin\bd9c8a7610ec5883783cff8c31d04c8c.php 第 131 行.
NOTIC: [8] Undefined index: case D:\PHP\hy\Application\Runtime\Cache\Admin\bd9c8a7610ec5883783cff8c31d04c8c.php 第 133 行.
NOTIC: [8] Undefined index: case D:\PHP\hy\Application\Runtime\Cache\Admin\bd9c8a7610ec5883783cff8c31d04c8c.php 第 134 行.
NOTIC: [8] Undefined index: case D:\PHP\hy\Application\Runtime\Cache\Admin\bd9c8a7610ec5883783cff8c31d04c8c.php 第 135 行.
NOTIC: [8] Undefined index: case D:\PHP\hy\Application\Runtime\Cache\Admin\bd9c8a7610ec5883783cff8c31d04c8c.php 第 136 行.
NOTIC: [8] Undefined variable: list D:\PHP\hy\Application\Runtime\Cache\Admin\bd9c8a7610ec5883783cff8c31d04c8c.php 第 174 行.
NOTIC: [8] Undefined variable: list D:\PHP\hy\Application\Runtime\Cache\Admin\bd9c8a7610ec5883783cff8c31d04c8c.php 第 175 行.
NOTIC: [8] Undefined variable: list D:\PHP\hy\Application\Runtime\Cache\Admin\bd9c8a7610ec5883783cff8c31d04c8c.php 第 178 行.
NOTIC: [8] Undefined variable: list D:\PHP\hy\Application\Runtime\Cache\Admin\bd9c8a7610ec5883783cff8c31d04c8c.php 第 224 行.
NOTIC: [8] Undefined variable: ok D:\PHP\hy\Application\Runtime\Cache\Admin\bd9c8a7610ec5883783cff8c31d04c8c.php 第 236 行.
INFO: Run Behavior\ParseTemplateBehavior [ RunTime:0.143424s ]
INFO: [ view_parse ] --END-- [ RunTime:0.143557s ]
INFO: [ view_filter ] --START--
INFO: Run Behavior\WriteHtmlCacheBehavior [ RunTime:0.000349s ]
INFO: Run Behavior\TokenBuildBehavior [ RunTime:0.000778s ]
INFO: [ view_filter ] --END-- [ RunTime:0.001293s ]
INFO: [ app_end ] --START--
INFO: Run Behavior\ShowPageTraceBehavior [ RunTime:0.001475s ]
INFO: [ app_end ] --END-- [ RunTime:0.001752s ]

[ 2017-09-07T12:31:32+08:00 ] ::1 /index.php/Admin/Client/forms.html
INFO: [ app_init ] --START--
INFO: Run Behavior\BuildLiteBehavior [ RunTime:0.000021s ]
INFO: [ app_init ] --END-- [ RunTime:0.000318s ]
INFO: [ app_begin ] --START--
INFO: Run Behavior\ReadHtmlCacheBehavior [ RunTime:0.000395s ]
INFO: [ app_begin ] --END-- [ RunTime:0.000505s ]
NOTIC: [8] A session had already been started - ignoring session_start() D:\PHP\hy\Application\Admin\Controller\CommonController.class.php 第 11 行.
SQL: SHOW COLUMNS FROM `t_user` [ RunTime:0.0011s ]
SQL: SELECT * FROM `t_user` WHERE ( userid='tk10001' ) LIMIT 1   [ RunTime:0.0004s ]
SQL: SHOW COLUMNS FROM `t_time` [ RunTime:0.0008s ]
SQL: SELECT * FROM `t_time` LIMIT 1   [ RunTime:0.0003s ]
SQL: SHOW COLUMNS FROM `t_work` [ RunTime:0.0172s ]
SQL: INSERT INTO `t_work` (`title`,`issue`,`sc_file`,`puddate`,`wc_sataus`,`uid`) VALUES ('fgh','<p>dfg</p>','','1504758692','1','3') [ RunTime:0.0005s ]
SQL: SHOW COLUMNS FROM `t_user` [ RunTime:0.0006s ]
SQL: SHOW COLUMNS FROM `t_user` [ RunTime:0.0005s ]
SQL: SELECT u.uname u_name,u.phone u_phone,u.email u_email,s.uname s_name,s.phone s_phone,s.email s_email,s.id s_id FROM t_user u,t_service s WHERE ( u.sid=s.id and u.id=3 ) LIMIT 1   [ RunTime:0.0118s ]

[ 2017-09-07T12:31:36+08:00 ] ::1 /index.php/admin/Client/forms
INFO: [ app_init ] --START--
INFO: Run Behavior\BuildLiteBehavior [ RunTime:0.000021s ]
INFO: [ app_init ] --END-- [ RunTime:0.000322s ]
INFO: [ app_begin ] --START--
INFO: Run Behavior\ReadHtmlCacheBehavior [ RunTime:0.000348s ]
INFO: [ app_begin ] --END-- [ RunTime:0.000457s ]
NOTIC: [8] A session had already been started - ignoring session_start() D:\PHP\hy\Application\Admin\Controller\CommonController.class.php 第 11 行.
SQL: SHOW COLUMNS FROM `t_user` [ RunTime:0.0010s ]
SQL: SELECT * FROM `t_user` WHERE ( userid='tk10001' ) LIMIT 1   [ RunTime:0.0004s ]
SQL: SHOW COLUMNS FROM `t_time` [ RunTime:0.0008s ]
SQL: SELECT * FROM `t_time` LIMIT 1   [ RunTime:0.0003s ]
INFO: [ view_parse ] --START--
INFO: [ template_filter ] --START--
INFO: Run Behavior\ContentReplaceBehavior [ RunTime:0.000125s ]
INFO: [ template_filter ] --END-- [ RunTime:0.000228s ]
NOTIC: [8] Undefined index: limits D:\PHP\hy\Application\Runtime\Cache\Admin\bd9c8a7610ec5883783cff8c31d04c8c.php 第 71 行.
NOTIC: [8] Undefined index: limits D:\PHP\hy\Application\Runtime\Cache\Admin\bd9c8a7610ec5883783cff8c31d04c8c.php 第 75 行.
NOTIC: [8] Undefined variable: set D:\PHP\hy\Application\Runtime\Cache\Admin\bd9c8a7610ec5883783cff8c31d04c8c.php 第 131 行.
NOTIC: [8] Undefined index: case D:\PHP\hy\Application\Runtime\Cache\Admin\bd9c8a7610ec5883783cff8c31d04c8c.php 第 133 行.
NOTIC: [8] Undefined index: case D:\PHP\hy\Application\Runtime\Cache\Admin\bd9c8a7610ec5883783cff8c31d04c8c.php 第 134 行.
NOTIC: [8] Undefined index: case D:\PHP\hy\Application\Runtime\Cache\Admin\bd9c8a7610ec5883783cff8c31d04c8c.php 第 135 行.
NOTIC: [8] Undefined index: case D:\PHP\hy\Application\Runtime\Cache\Admin\bd9c8a7610ec5883783cff8c31d04c8c.php 第 136 行.
NOTIC: [8] Undefined variable: list D:\PHP\hy\Application\Runtime\Cache\Admin\bd9c8a7610ec5883783cff8c31d04c8c.php 第 174 行.
NOTIC: [8] Undefined variable: list D:\PHP\hy\Application\Runtime\Cache\Admin\bd9c8a7610ec5883783cff8c31d04c8c.php 第 175 行.
NOTIC: [8] Undefined variable: list D:\PHP\hy\Application\Runtime\Cache\Admin\bd9c8a7610ec5883783cff8c31d04c8c.php 第 178 行.
NOTIC: [8] Undefined variable: list D:\PHP\hy\Application\Runtime\Cache\Admin\bd9c8a7610ec5883783cff8c31d04c8c.php 第 224 行.
NOTIC: [8] Undefined variable: ok D:\PHP\hy\Application\Runtime\Cache\Admin\bd9c8a7610ec5883783cff8c31d04c8c.php 第 236 行.
INFO: Run Behavior\ParseTemplateBehavior [ RunTime:0.111364s ]
INFO: [ view_parse ] --END-- [ RunTime:0.111465s ]
INFO: [ view_filter ] --START--
INFO: Run Behavior\WriteHtmlCacheBehavior [ RunTime:0.000238s ]
INFO: Run Behavior\TokenBuildBehavior [ RunTime:0.000660s ]
INFO: [ view_filter ] --END-- [ RunTime:0.001039s ]
INFO: [ app_end ] --START--
INFO: Run Behavior\ShowPageTraceBehavior [ RunTime:0.001537s ]
INFO: [ app_end ] --END-- [ RunTime:0.001717s ]

[ 2017-09-07T12:33:19+08:00 ] ::1 /index.php/Admin/Index/exit_t.html
INFO: [ app_init ] --START--
INFO: Run Behavior\BuildLiteBehavior [ RunTime:0.000022s ]
INFO: [ app_init ] --END-- [ RunTime:0.000333s ]
INFO: [ app_begin ] --START--
INFO: Run Behavior\ReadHtmlCacheBehavior [ RunTime:0.000359s ]
INFO: [ app_begin ] --END-- [ RunTime:0.000486s ]
NOTIC: [8] A session had already been started - ignoring session_start() D:\PHP\hy\Application\Admin\Controller\IndexController.class.php 第 55 行.

[ 2017-09-07T12:33:26+08:00 ] ::1 /index.php/admin/Console/dashboard.html
INFO: [ app_init ] --START--
INFO: Run Behavior\BuildLiteBehavior [ RunTime:0.000023s ]
INFO: [ app_init ] --END-- [ RunTime:0.000397s ]
INFO: [ app_begin ] --START--
INFO: Run Behavior\ReadHtmlCacheBehavior [ RunTime:0.000731s ]
INFO: [ app_begin ] --END-- [ RunTime:0.000878s ]
NOTIC: [8] A session had already been started - ignoring session_start() D:\PHP\hy\Application\Admin\Controller\CommonController.class.php 第 11 行.
SQL: SHOW COLUMNS FROM `t_user` [ RunTime:0.0012s ]
SQL: SELECT * FROM `t_user` WHERE ( userid='tk10001' ) LIMIT 1   [ RunTime:0.0008s ]
INFO: [ view_parse ] --START--
INFO: [ template_filter ] --START--
INFO: Run Behavior\ContentReplaceBehavior [ RunTime:0.000103s ]
INFO: [ template_filter ] --END-- [ RunTime:0.000235s ]
NOTIC: [8] Undefined variable: data D:\PHP\hy\Application\Runtime\Cache\Admin\b0e9c6931c19340796d70a9c1d47f240.php 第 64 行.
NOTIC: [8] Undefined variable: data D:\PHP\hy\Application\Runtime\Cache\Admin\b0e9c6931c19340796d70a9c1d47f240.php 第 68 行.
NOTIC: [8] Undefined variable: data D:\PHP\hy\Application\Runtime\Cache\Admin\b0e9c6931c19340796d70a9c1d47f240.php 第 125 行.
NOTIC: [8] Undefined variable: data D:\PHP\hy\Application\Runtime\Cache\Admin\b0e9c6931c19340796d70a9c1d47f240.php 第 126 行.
NOTIC: [8] Undefined variable: data D:\PHP\hy\Application\Runtime\Cache\Admin\b0e9c6931c19340796d70a9c1d47f240.php 第 127 行.
NOTIC: [8] Undefined variable: data D:\PHP\hy\Application\Runtime\Cache\Admin\b0e9c6931c19340796d70a9c1d47f240.php 第 128 行.
NOTIC: [8] Undefined variable: data D:\PHP\hy\Application\Runtime\Cache\Admin\b0e9c6931c19340796d70a9c1d47f240.php 第 129 行.
INFO: Run Behavior\ParseTemplateBehavior [ RunTime:0.109140s ]
INFO: [ view_parse ] --END-- [ RunTime:0.109250s ]
INFO: [ view_filter ] --START--
INFO: Run Behavior\WriteHtmlCacheBehavior [ RunTime:0.000241s ]
INFO: Run Behavior\TokenBuildBehavior [ RunTime:0.000563s ]
INFO: [ view_filter ] --END-- [ RunTime:0.000975s ]
INFO: [ app_end ] --START--
INFO: Run Behavior\ShowPageTraceBehavior [ RunTime:0.000745s ]
INFO: [ app_end ] --END-- [ RunTime:0.000946s ]

[ 2017-09-07T12:33:27+08:00 ] ::1 /index.php/Admin/Index/exit_t.html
INFO: [ app_init ] --START--
INFO: Run Behavior\BuildLiteBehavior [ RunTime:0.000022s ]
INFO: [ app_init ] --END-- [ RunTime:0.000320s ]
INFO: [ app_begin ] --START--
INFO: Run Behavior\ReadHtmlCacheBehavior [ RunTime:0.000328s ]
INFO: [ app_begin ] --END-- [ RunTime:0.000425s ]
NOTIC: [8] A session had already been started - ignoring session_start() D:\PHP\hy\Application\Admin\Controller\IndexController.class.php 第 55 行.

